#
# A fatal error has been detected by the Java Runtime Environment:
#
#  EXCEPTION_ACCESS_VIOLATION (0xc0000005) at pc=0x00007ffaa11266f0, pid=24380, tid=14396
#
# JRE version: Java(TM) SE Runtime Environment (14.0.2+12) (build 14.0.2+12-46)
# Java VM: Java HotSpot(TM) 64-Bit Server VM (14.0.2+12-46, mixed mode, sharing, tiered, compressed oops, g1 gc, windows-amd64)
# Problematic frame:
# C  [glass.dll+0x266f0]
#
# No core dump will be written. Minidumps are not enabled by default on client versions of Windows
#
# If you would like to submit a bug report, please visit:
#   https://bugreport.java.com/bugreport/crash.jsp
#

---------------  S U M M A R Y ------------

Command Line: -javaagent:C:\Program Files\JetBrains\IntelliJ IDEA 2022.1\lib\idea_rt.jar=59359:C:\Program Files\JetBrains\IntelliJ IDEA 2022.1\bin -Dfile.encoding=windows-1251 --module-path=C:\Users\Andrew\.m2\repository\com\gluonhq\attach\audio\4.0.9\audio-4.0.9.jar;C:\Users\Andrew\.m2\repository\org\postgresql\postgresql\42.4.0\postgresql-42.4.0.jar;C:\Users\Andrew\.m2\repository\com\fasterxml\jackson\core\jackson-core\2.12.1\jackson-core-2.12.1.jar;C:\Users\Andrew\.m2\repository\com\gluonhq\attach\util\4.0.9\util-4.0.9.jar;C:\Users\Andrew\.m2\repository\net\synedra\validatorfx\0.2.1\validatorfx-0.2.1.jar;C:\Users\Andrew\.m2\repository\com\gluonhq\attach\lifecycle\4.0.9\lifecycle-4.0.9.jar;C:\Users\Andrew\.m2\repository\com\fasterxml\jackson\core\jackson-annotations\2.12.1\jackson-annotations-2.12.1.jar;C:\Users\Andrew\.m2\repository\org\springframework\spring-jdbc\5.3.18\spring-jdbc-5.3.18.jar;C:\Users\Andrew\.m2\repository\com\dlsc\formsfx\formsfx-core\11.3.2\formsfx-core-11.3.2.jar;C:\Users\Andrew\IdeaProjects\oopKursach\target\classes;C:\Users\Andrew\.m2\repository\com\gluonhq\attach\storage\4.0.9\storage-4.0.9.jar;C:\Users\Andrew\.m2\repository\org\openjfx\javafx-media\14.0.2.1\javafx-media-14.0.2.1-win.jar;C:\Users\Andrew\.m2\repository\eu\hansolo\tilesfx\11.48\tilesfx-11.48.jar;C:\Users\Andrew\.m2\repository\com\github\almasb\fxgl-gameplay\11.17\fxgl-gameplay-11.17.jar;C:\Users\Andrew\.m2\repository\org\openjfx\javafx-base\14.0.2.1\javafx-base-14.0.2.1-win.jar;C:\Users\Andrew\.m2\repository\org\openjfx\javafx-controls\14.0.2.1\javafx-controls-14.0.2.1-win.jar;C:\Users\Andrew\.m2\repository\com\github\almasb\fxgl-io\11.17\fxgl-io-11.17.jar;C:\Users\Andrew\.m2\repository\org\openjfx\javafx-web\14.0.2.1\javafx-web-14.0.2.1-win.jar;C:\Users\Andrew\.m2\repository\org\kordamp\ikonli\ikonli-javafx\12.3.0\ikonli-javafx-12.3.0.jar;C:\Users\Andrew\.m2\repository\org\kordamp\ikonli\ikonli-core\12.3.0\ikonli-core-12.3.0.jar;C:\Users\Andrew\.m2\repository\org\jetbrains\kotlin\kotlin-stdlib\1.5.10\kotlin-stdlib-1.5.10-modular.jar;C:\Users\Andrew\.m2\repository\com\github\almasb\fxgl-core\11.17\fxgl-core-11.17.jar;C:\Users\Andrew\.m2\repositor-Djdk.module.main=com.example.oopkursach com.example.oopkursach/com.example.oopkursach.HelloApplication

Host: Intel(R) Core(TM) i5-1035G1 CPU @ 1.00GHz, 8 cores, 7G,  Windows 10 , 64 bit Build 19041 (10.0.19041.1566)
Time: Fri Dec  9 01:51:07 2022 RTZ 2 (зима) elapsed time: 38 seconds (0d 0h 0m 38s)

---------------  T H R E A D  ---------------

Current thread (0x000002411f690800):  VMThread "VM Thread" [stack: 0x00000065e2000000,0x00000065e2100000] [id=14396]

Stack: [0x00000065e2000000,0x00000065e2100000],  sp=0x00000065e20fee20,  free space=1019k
Native frames: (J=compiled Java code, j=interpreted, Vv=VM code, C=native code)
C  [glass.dll+0x266f0]


siginfo: EXCEPTION_ACCESS_VIOLATION (0xc0000005), reading address 0x0000000000000000


Register to memory mapping:

RIP=0x00007ffaa11266f0 glass.dll
RAX=0x0 is NULL
RBX=0x000002411f69feb8 is a global jni handle
RCX=0x000002411f690800 points into unknown readable memory: c0 a7 20 91 fa 7f 00 00
RDX=0x00000065e20fee20 points into unknown readable memory: 00 00 00 00 00 00 00 00
RSP=0x00000065e20fee20 points into unknown readable memory: 00 00 00 00 00 00 00 00
RBP=0x0000024120222198 points into unknown readable memory: 7b 0e 50 bb a3 11 00 00
RSI=0x0000024120222170 points into unknown readable memory: c8 9f 58 6e 5c 12 00 60
RDI=0x000011a3bb500e7b is an unknown value
R8 =0x0000000000010002 is an unknown value
R9 =0x000011a3bb500e7b is an unknown value
R10=0x0000000000008000 is an unknown value
R11=0x00000065e20fedc0 points into unknown readable memory: 70 21 22 20 41 02 00 00
R12=0x00007ffaa1123b84 glass.dll
R13=0x000002417a4b8148 points into unknown readable memory: 00 08 69 1f 41 02 00 00
R14=0x00000065e20fef28 points into unknown readable memory: 10 ef 0f e2 65 00 00 00
R15=0x0000024120222170 points into unknown readable memory: c8 9f 58 6e 5c 12 00 60


Registers:
RAX=0x0000000000000000, RBX=0x000002411f69feb8, RCX=0x000002411f690800, RDX=0x00000065e20fee20
RSP=0x00000065e20fee20, RBP=0x0000024120222198, RSI=0x0000024120222170, RDI=0x000011a3bb500e7b
R8 =0x0000000000010002, R9 =0x000011a3bb500e7b, R10=0x0000000000008000, R11=0x00000065e20fedc0
R12=0x00007ffaa1123b84, R13=0x000002417a4b8148, R14=0x00000065e20fef28, R15=0x0000024120222170
RIP=0x00007ffaa11266f0, EFLAGS=0x0000000000010206

Top of Stack: (sp=0x00000065e20fee20)
0x00000065e20fee20:   0000000000000000 00007ffad53bf05b
0x00000065e20fee30:   0000024120222180 0000024120222170
0x00000065e20fee40:   fffffffffffffffe 00007ffaa1123b84
0x00000065e20fee50:   0000024120222178 00007ffad53c42d6
0x00000065e20fee60:   0000024120222180 0000024100000000
0x00000065e20fee70:   0000024120222198 0000024120222170
0x00000065e20fee80:   fffffffffffffffe 0000000000000000
0x00000065e20fee90:   0000000000000001 00007ffaa1100000
0x00000065e20feea0:   00000065e20fef18 00007ffad53c41fb
0x00000065e20feeb0:   0000000000000000 00000065e20fef28
0x00000065e20feec0:   00000065e20ff1e0 00007ffad54a0e40
0x00000065e20feed0:   0000000000000000 00007ffad53c41b4
0x00000065e20feee0:   0000000000000000 0000000000000001
0x00000065e20feef0:   00007ffa0000000d 00000065e20fef18
0x00000065e20fef00:   0000000000000000 00007ffaa1123a12
0x00000065e20fef10:   00007ffaa113d118 0000006500000002 

Instructions: (pc=0x00007ffaa11266f0)
0x00007ffaa11265f0:   8b 4d 60 e8 98 c9 ff ff 48 8b 55 68 48 8b 8d 08
0x00007ffaa1126600:   01 00 00 e8 49 be ff ff 33 d2 33 c9 e8 49 de ff
0x00007ffaa1126610:   ff 90 cc cc cc cc cc cc cc cc cc cc cc cc cc cc
0x00007ffaa1126620:   48 8d 8a 80 00 00 00 e9 14 e9 fe ff 48 89 54 24
0x00007ffaa1126630:   10 55 48 83 ec 20 48 8b ea 48 8d 05 dd ca ff ff
0x00007ffaa1126640:   48 83 c4 20 5d c3 cc 40 55 48 8b ea 48 8b 01 33
0x00007ffaa1126650:   c9 81 38 05 00 00 c0 0f 94 c1 8b c1 5d c3 cc 40
0x00007ffaa1126660:   55 48 83 ec 20 48 8b ea 8a 4d 40 48 83 c4 20 5d
0x00007ffaa1126670:   e9 df cd ff ff cc 40 55 48 83 ec 20 48 8b ea e8
0x00007ffaa1126680:   fc cb ff ff 8a 4d 38 48 83 c4 20 5d e9 c3 cd ff
0x00007ffaa1126690:   ff cc 40 55 48 83 ec 30 48 8b ea 48 8b 01 8b 10
0x00007ffaa11266a0:   48 89 4c 24 28 89 54 24 20 4c 8d 0d a4 d1 ff ff
0x00007ffaa11266b0:   4c 8b 45 70 8b 55 68 48 8b 4d 60 e8 30 cb ff ff
0x00007ffaa11266c0:   90 48 83 c4 30 5d c3 cc cc cc cc cc cc cc cc cc
0x00007ffaa11266d0:   40 53 48 83 ec 30 48 c7 44 24 20 fe ff ff ff 48
0x00007ffaa11266e0:   8b 1d 2a 64 01 00 48 85 db 74 16 e8 90 85 ff ff
0x00007ffaa11266f0:   4c 8b 00 48 8b d3 48 8b c8 41 ff 90 b0 00 00 00
0x00007ffaa1126700:   90 48 83 c4 30 5b c3 cc cc cc cc cc cc cc cc cc
0x00007ffaa1126710:   40 53 48 83 ec 20 48 8b 1d 9b 65 01 00 48 85 db
0x00007ffaa1126720:   74 57 b8 ff ff ff ff f0 0f c1 43 10 83 f8 01 75
0x00007ffaa1126730:   3d 48 85 db 74 38 48 8b 0b 48 85 c9 74 0d ff 15
0x00007ffaa1126740:   64 0b 00 00 48 c7 03 00 00 00 00 48 8b 4b 08 48
0x00007ffaa1126750:   85 c9 74 0d e8 37 c8 ff ff 48 c7 43 08 00 00 00
0x00007ffaa1126760:   00 ba 18 00 00 00 48 8b cb e8 22 c8 ff ff 48 c7
0x00007ffaa1126770:   05 3f 65 01 00 00 00 00 00 48 83 c4 20 5b c3 cc
0x00007ffaa1126780:   40 53 48 83 ec 20 48 8b 1d 0b 65 01 00 48 85 db
0x00007ffaa1126790:   74 57 b8 ff ff ff ff f0 0f c1 43 10 83 f8 01 75
0x00007ffaa11267a0:   3d 48 85 db 74 38 48 8b 0b 48 85 c9 74 0d ff 15
0x00007ffaa11267b0:   f4 0a 00 00 48 c7 03 00 00 00 00 48 8b 4b 08 48
0x00007ffaa11267c0:   85 c9 74 0d e8 c7 c7 ff ff 48 c7 43 08 00 00 00
0x00007ffaa11267d0:   00 ba 18 00 00 00 48 8b cb e8 b2 c7 ff ff 48 c7
0x00007ffaa11267e0:   05 af 64 01 00 00 00 00 00 48 83 c4 20 5b c3 cc 


Stack slot to memory mapping:
stack at sp + 0 slots: 0x0 is NULL
stack at sp + 1 slots: 0x00007ffad53bf05b ucrtbase.dll
stack at sp + 2 slots: 0x0000024120222180 points into unknown readable memory: 7b 0e 50 bb a3 11 00 00
stack at sp + 3 slots: 0x0000024120222170 points into unknown readable memory: c8 9f 58 6e 5c 12 00 60
stack at sp + 4 slots: 0xfffffffffffffffe is an unknown value
stack at sp + 5 slots: 0x00007ffaa1123b84 glass.dll
stack at sp + 6 slots: 0x0000024120222178 points into unknown readable memory: 7b 0e 50 bb a3 11 00 00
stack at sp + 7 slots: 0x00007ffad53c42d6 ucrtbase.dll

VM_Operation (0x00000065e37fefc0): Exit, mode: safepoint, requested by thread 0x0000024121310800


---------------  P R O C E S S  ---------------

Threads class SMR info:
_java_thread_list=0x00000241281ca360, length=19, elements={
0x000002417a449800, 0x000002411f691800, 0x000002411f694800, 0x000002411ffd6800,
0x000002411ffd9000, 0x000002411ffda000, 0x000002411ffe8800, 0x000002411fff1800,
0x000002411f677800, 0x0000024120d5d800, 0x0000024120836800, 0x0000024120d34000,
0x0000024120d91800, 0x0000024120e09800, 0x0000024120fd7800, 0x0000024120fed000,
0x0000024127e70800, 0x00000241287e0000, 0x0000024121310800
}

Java Threads: ( => current thread )
  0x000002417a449800 JavaThread "main" [_thread_blocked, id=11144, stack(0x00000065e1a00000,0x00000065e1b00000)]
  0x000002411f691800 JavaThread "Reference Handler" daemon [_thread_blocked, id=24212, stack(0x00000065e2100000,0x00000065e2200000)]
  0x000002411f694800 JavaThread "Finalizer" daemon [_thread_blocked, id=3108, stack(0x00000065e2200000,0x00000065e2300000)]
  0x000002411ffd6800 JavaThread "Attach Listener" daemon [_thread_blocked, id=18236, stack(0x00000065e2400000,0x00000065e2500000)]
  0x000002411ffd9000 JavaThread "Service Thread" daemon [_thread_blocked, id=18584, stack(0x00000065e2500000,0x00000065e2600000)]
  0x000002411ffda000 JavaThread "C2 CompilerThread0" daemon [_thread_blocked, id=24024, stack(0x00000065e2600000,0x00000065e2700000)]
  0x000002411ffe8800 JavaThread "C1 CompilerThread0" daemon [_thread_blocked, id=1864, stack(0x00000065e2700000,0x00000065e2800000)]
  0x000002411fff1800 JavaThread "Sweeper thread" daemon [_thread_blocked, id=15676, stack(0x00000065e2800000,0x00000065e2900000)]
  0x000002411f677800 JavaThread "Common-Cleaner" daemon [_thread_blocked, id=21804, stack(0x00000065e2900000,0x00000065e2a00000)]
  0x0000024120d5d800 JavaThread "Monitor Ctrl-Break" daemon [_thread_in_native, id=13220, stack(0x00000065e2c00000,0x00000065e2d00000)]
  0x0000024120836800 JavaThread "Notification Thread" daemon [_thread_blocked, id=9132, stack(0x00000065e2d00000,0x00000065e2e00000)]
  0x0000024120d34000 JavaThread "QuantumRenderer-0" daemon [_thread_blocked, id=18136, stack(0x00000065e2f00000,0x00000065e3000000)]
  0x0000024120d91800 JavaThread "InvokeLaterDispatcher" daemon [_thread_blocked, id=4468, stack(0x00000065e3000000,0x00000065e3100000)]
  0x0000024120e09800 JavaThread "JavaFX Application Thread" [_thread_in_native, id=23692, stack(0x00000065e3100000,0x00000065e3200000)]
  0x0000024120fd7800 JavaThread "Thread-1" daemon [_thread_in_native, id=15132, stack(0x00000065e3500000,0x00000065e3600000)]
  0x0000024120fed000 JavaThread "JavaFX-Launcher" [_thread_blocked, id=9840, stack(0x00000065e3600000,0x00000065e3700000)]
  0x0000024127e70800 JavaThread "Prism Font Disposer" daemon [_thread_blocked, id=11992, stack(0x00000065e3e00000,0x00000065e3f00000)]
  0x00000241287e0000 JavaThread "Cleaner-0" daemon [_thread_blocked, id=18152, stack(0x00000065e3f00000,0x00000065e4000000)]
  0x0000024121310800 JavaThread "SIGINT handler" daemon [_thread_blocked, id=12820, stack(0x00000065e3700000,0x00000065e3800000)]

Other Threads:
=>0x000002411f690800 VMThread "VM Thread" [stack: 0x00000065e2000000,0x00000065e2100000] [id=14396]
  0x000002417a48b000 GCTaskThread "GC Thread#0" [stack: 0x00000065e1b00000,0x00000065e1c00000] [id=6472]
  0x0000024120bce800 GCTaskThread "GC Thread#1" [stack: 0x00000065e2a00000,0x00000065e2b00000] [id=16836]
  0x0000024120658800 GCTaskThread "GC Thread#2" [stack: 0x00000065e2b00000,0x00000065e2c00000] [id=23556]
  0x000002412135e800 GCTaskThread "GC Thread#3" [stack: 0x00000065e3b00000,0x00000065e3c00000] [id=22472]
  0x00000241212f8000 GCTaskThread "GC Thread#4" [stack: 0x00000065e3c00000,0x00000065e3d00000] [id=24028]
  0x0000024128196000 GCTaskThread "GC Thread#5" [stack: 0x00000065e3d00000,0x00000065e3e00000] [id=3180]
  0x000002417a49c000 ConcurrentGCThread "G1 Main Marker" [stack: 0x00000065e1c00000,0x00000065e1d00000] [id=17684]
  0x000002417a49d800 ConcurrentGCThread "G1 Conc#0" [stack: 0x00000065e1d00000,0x00000065e1e00000] [id=7676]
  0x000002411f504800 ConcurrentGCThread "G1 Refine#0" [stack: 0x00000065e1e00000,0x00000065e1f00000] [id=21484]
  0x000002411f505000 ConcurrentGCThread "G1 Young RemSet Sampling" [stack: 0x00000065e1f00000,0x00000065e2000000] [id=11588]

Threads with active compile tasks:
C2 CompilerThread0    38916 2788   !   4       java.lang.ref.ReferenceQueue::poll (28 bytes)

VM state:at safepoint (shutting down)

VM Mutex/Monitor currently owned by a thread:  ([mutex/lock_event])
[0x000002417a444e40] Threads_lock - owner thread: 0x000002411f690800
[0x000002417a444ed0] Heap_lock - owner thread: 0x0000024121310800

Heap address: 0x0000000083400000, size: 1996 MB, Compressed Oops mode: 32-bit
Narrow klass base: 0x0000000800000000, Narrow klass shift: 3
Compressed class space size: 1073741824 Address: 0x0000000800b30000

Heap:
 garbage-first heap   total 129024K, used 33853K [0x0000000083400000, 0x0000000100000000)
  region size 1024K, 27 young (27648K), 5 survivors (5120K)
 Metaspace       used 16983K, capacity 17818K, committed 17920K, reserved 1064960K
  class space    used 2440K, capacity 2738K, committed 2816K, reserved 1048576K
Heap Regions: E=young(eden), S=young(survivor), O=old, HS=humongous(starts), HC=humongous(continues), CS=collection set, F=free, OA=open archive, CA=closed archive, TAMS=top-at-mark-start (previous, next)
|   0|0x0000000083400000, 0x0000000083500000, 0x0000000083500000|100%|HS|  |TAMS 0x0000000083400000, 0x0000000083400000| Complete 
|   1|0x0000000083500000, 0x0000000083600000, 0x0000000083600000|100%| O|  |TAMS 0x0000000083500000, 0x0000000083500000| Untracked 
|   2|0x0000000083600000, 0x0000000083700000, 0x0000000083700000|100%| O|  |TAMS 0x0000000083600000, 0x0000000083600000| Untracked 
|   3|0x0000000083700000, 0x0000000083800000, 0x0000000083800000|100%| O|  |TAMS 0x0000000083700000, 0x0000000083700000| Untracked 
|   4|0x0000000083800000, 0x0000000083900000, 0x0000000083900000|100%| O|  |TAMS 0x0000000083800000, 0x0000000083800000| Untracked 
|   5|0x0000000083900000, 0x000000008390f400, 0x0000000083a00000|  5%| O|  |TAMS 0x0000000083900000, 0x0000000083900000| Untracked 
|   6|0x0000000083a00000, 0x0000000083b00000, 0x0000000083b00000|100%|HS|  |TAMS 0x0000000083a00000, 0x0000000083a00000| Complete 
|   7|0x0000000083b00000, 0x0000000083c00000, 0x0000000083c00000|100%|HC|  |TAMS 0x0000000083b00000, 0x0000000083b00000| Complete 
|   8|0x0000000083c00000, 0x0000000083c00000, 0x0000000083d00000|  0%| F|  |TAMS 0x0000000083c00000, 0x0000000083c00000| Untracked 
|   9|0x0000000083d00000, 0x0000000083d00000, 0x0000000083e00000|  0%| F|  |TAMS 0x0000000083d00000, 0x0000000083d00000| Untracked 
|  10|0x0000000083e00000, 0x0000000083e00000, 0x0000000083f00000|  0%| F|  |TAMS 0x0000000083e00000, 0x0000000083e00000| Untracked 
|  11|0x0000000083f00000, 0x0000000083f00000, 0x0000000084000000|  0%| F|  |TAMS 0x0000000083f00000, 0x0000000083f00000| Untracked 
|  12|0x0000000084000000, 0x0000000084000000, 0x0000000084100000|  0%| F|  |TAMS 0x0000000084000000, 0x0000000084000000| Untracked 
|  13|0x0000000084100000, 0x0000000084100000, 0x0000000084200000|  0%| F|  |TAMS 0x0000000084100000, 0x0000000084100000| Untracked 
|  14|0x0000000084200000, 0x0000000084200000, 0x0000000084300000|  0%| F|  |TAMS 0x0000000084200000, 0x0000000084200000| Untracked 
|  15|0x0000000084300000, 0x0000000084300000, 0x0000000084400000|  0%| F|  |TAMS 0x0000000084300000, 0x0000000084300000| Untracked 
|  16|0x0000000084400000, 0x0000000084400000, 0x0000000084500000|  0%| F|  |TAMS 0x0000000084400000, 0x0000000084400000| Untracked 
|  17|0x0000000084500000, 0x0000000084500000, 0x0000000084600000|  0%| F|  |TAMS 0x0000000084500000, 0x0000000084500000| Untracked 
|  18|0x0000000084600000, 0x0000000084600000, 0x0000000084700000|  0%| F|  |TAMS 0x0000000084600000, 0x0000000084600000| Untracked 
|  19|0x0000000084700000, 0x0000000084700000, 0x0000000084800000|  0%| F|  |TAMS 0x0000000084700000, 0x0000000084700000| Untracked 
|  20|0x0000000084800000, 0x0000000084800000, 0x0000000084900000|  0%| F|  |TAMS 0x0000000084800000, 0x0000000084800000| Untracked 
|  21|0x0000000084900000, 0x0000000084900000, 0x0000000084a00000|  0%| F|  |TAMS 0x0000000084900000, 0x0000000084900000| Untracked 
|  22|0x0000000084a00000, 0x0000000084a00000, 0x0000000084b00000|  0%| F|  |TAMS 0x0000000084a00000, 0x0000000084a00000| Untracked 
|  23|0x0000000084b00000, 0x0000000084b00000, 0x0000000084c00000|  0%| F|  |TAMS 0x0000000084b00000, 0x0000000084b00000| Untracked 
|  24|0x0000000084c00000, 0x0000000084c00000, 0x0000000084d00000|  0%| F|  |TAMS 0x0000000084c00000, 0x0000000084c00000| Untracked 
|  25|0x0000000084d00000, 0x0000000084d00000, 0x0000000084e00000|  0%| F|  |TAMS 0x0000000084d00000, 0x0000000084d00000| Untracked 
|  26|0x0000000084e00000, 0x0000000084e00000, 0x0000000084f00000|  0%| F|  |TAMS 0x0000000084e00000, 0x0000000084e00000| Untracked 
|  27|0x0000000084f00000, 0x0000000084f00000, 0x0000000085000000|  0%| F|  |TAMS 0x0000000084f00000, 0x0000000084f00000| Untracked 
|  28|0x0000000085000000, 0x0000000085000000, 0x0000000085100000|  0%| F|  |TAMS 0x0000000085000000, 0x0000000085000000| Untracked 
|  29|0x0000000085100000, 0x0000000085100000, 0x0000000085200000|  0%| F|  |TAMS 0x0000000085100000, 0x0000000085100000| Untracked 
|  30|0x0000000085200000, 0x0000000085200000, 0x0000000085300000|  0%| F|  |TAMS 0x0000000085200000, 0x0000000085200000| Untracked 
|  31|0x0000000085300000, 0x0000000085300000, 0x0000000085400000|  0%| F|  |TAMS 0x0000000085300000, 0x0000000085300000| Untracked 
|  32|0x0000000085400000, 0x0000000085400000, 0x0000000085500000|  0%| F|  |TAMS 0x0000000085400000, 0x0000000085400000| Untracked 
|  33|0x0000000085500000, 0x0000000085500000, 0x0000000085600000|  0%| F|  |TAMS 0x0000000085500000, 0x0000000085500000| Untracked 
|  34|0x0000000085600000, 0x0000000085600000, 0x0000000085700000|  0%| F|  |TAMS 0x0000000085600000, 0x0000000085600000| Untracked 
|  35|0x0000000085700000, 0x0000000085700000, 0x0000000085800000|  0%| F|  |TAMS 0x0000000085700000, 0x0000000085700000| Untracked 
|  36|0x0000000085800000, 0x0000000085800000, 0x0000000085900000|  0%| F|  |TAMS 0x0000000085800000, 0x0000000085800000| Untracked 
|  37|0x0000000085900000, 0x0000000085900000, 0x0000000085a00000|  0%| F|  |TAMS 0x0000000085900000, 0x0000000085900000| Untracked 
|  38|0x0000000085a00000, 0x0000000085a00000, 0x0000000085b00000|  0%| F|  |TAMS 0x0000000085a00000, 0x0000000085a00000| Untracked 
|  39|0x0000000085b00000, 0x0000000085b00000, 0x0000000085c00000|  0%| F|  |TAMS 0x0000000085b00000, 0x0000000085b00000| Untracked 
|  40|0x0000000085c00000, 0x0000000085c00000, 0x0000000085d00000|  0%| F|  |TAMS 0x0000000085c00000, 0x0000000085c00000| Untracked 
|  41|0x0000000085d00000, 0x0000000085d00000, 0x0000000085e00000|  0%| F|  |TAMS 0x0000000085d00000, 0x0000000085d00000| Untracked 
|  42|0x0000000085e00000, 0x0000000085e00000, 0x0000000085f00000|  0%| F|  |TAMS 0x0000000085e00000, 0x0000000085e00000| Untracked 
|  43|0x0000000085f00000, 0x0000000085f00000, 0x0000000086000000|  0%| F|  |TAMS 0x0000000085f00000, 0x0000000085f00000| Untracked 
|  44|0x0000000086000000, 0x0000000086000000, 0x0000000086100000|  0%| F|  |TAMS 0x0000000086000000, 0x0000000086000000| Untracked 
|  45|0x0000000086100000, 0x0000000086100000, 0x0000000086200000|  0%| F|  |TAMS 0x0000000086100000, 0x0000000086100000| Untracked 
|  46|0x0000000086200000, 0x0000000086200000, 0x0000000086300000|  0%| F|  |TAMS 0x0000000086200000, 0x0000000086200000| Untracked 
|  47|0x0000000086300000, 0x0000000086300000, 0x0000000086400000|  0%| F|  |TAMS 0x0000000086300000, 0x0000000086300000| Untracked 
|  48|0x0000000086400000, 0x0000000086400000, 0x0000000086500000|  0%| F|  |TAMS 0x0000000086400000, 0x0000000086400000| Untracked 
|  49|0x0000000086500000, 0x0000000086500000, 0x0000000086600000|  0%| F|  |TAMS 0x0000000086500000, 0x0000000086500000| Untracked 
|  50|0x0000000086600000, 0x0000000086600000, 0x0000000086700000|  0%| F|  |TAMS 0x0000000086600000, 0x0000000086600000| Untracked 
|  51|0x0000000086700000, 0x0000000086700000, 0x0000000086800000|  0%| F|  |TAMS 0x0000000086700000, 0x0000000086700000| Untracked 
|  52|0x0000000086800000, 0x0000000086800000, 0x0000000086900000|  0%| F|  |TAMS 0x0000000086800000, 0x0000000086800000| Untracked 
|  53|0x0000000086900000, 0x0000000086900000, 0x0000000086a00000|  0%| F|  |TAMS 0x0000000086900000, 0x0000000086900000| Untracked 
|  54|0x0000000086a00000, 0x0000000086a00000, 0x0000000086b00000|  0%| F|  |TAMS 0x0000000086a00000, 0x0000000086a00000| Untracked 
|  55|0x0000000086b00000, 0x0000000086b00000, 0x0000000086c00000|  0%| F|  |TAMS 0x0000000086b00000, 0x0000000086b00000| Untracked 
|  56|0x0000000086c00000, 0x0000000086c00000, 0x0000000086d00000|  0%| F|  |TAMS 0x0000000086c00000, 0x0000000086c00000| Untracked 
|  57|0x0000000086d00000, 0x0000000086d00000, 0x0000000086e00000|  0%| F|  |TAMS 0x0000000086d00000, 0x0000000086d00000| Untracked 
|  58|0x0000000086e00000, 0x0000000086e00000, 0x0000000086f00000|  0%| F|  |TAMS 0x0000000086e00000, 0x0000000086e00000| Untracked 
|  59|0x0000000086f00000, 0x0000000086f00000, 0x0000000087000000|  0%| F|  |TAMS 0x0000000086f00000, 0x0000000086f00000| Untracked 
|  60|0x0000000087000000, 0x0000000087000000, 0x0000000087100000|  0%| F|  |TAMS 0x0000000087000000, 0x0000000087000000| Untracked 
|  61|0x0000000087100000, 0x0000000087100000, 0x0000000087200000|  0%| F|  |TAMS 0x0000000087100000, 0x0000000087100000| Untracked 
|  62|0x0000000087200000, 0x0000000087200000, 0x0000000087300000|  0%| F|  |TAMS 0x0000000087200000, 0x0000000087200000| Untracked 
|  63|0x0000000087300000, 0x0000000087300000, 0x0000000087400000|  0%| F|  |TAMS 0x0000000087300000, 0x0000000087300000| Untracked 
|  64|0x0000000087400000, 0x0000000087400000, 0x0000000087500000|  0%| F|  |TAMS 0x0000000087400000, 0x0000000087400000| Untracked 
|  65|0x0000000087500000, 0x0000000087500000, 0x0000000087600000|  0%| F|  |TAMS 0x0000000087500000, 0x0000000087500000| Untracked 
|  66|0x0000000087600000, 0x0000000087600000, 0x0000000087700000|  0%| F|  |TAMS 0x0000000087600000, 0x0000000087600000| Untracked 
|  67|0x0000000087700000, 0x0000000087700000, 0x0000000087800000|  0%| F|  |TAMS 0x0000000087700000, 0x0000000087700000| Untracked 
|  68|0x0000000087800000, 0x0000000087800000, 0x0000000087900000|  0%| F|  |TAMS 0x0000000087800000, 0x0000000087800000| Untracked 
|  69|0x0000000087900000, 0x0000000087900000, 0x0000000087a00000|  0%| F|  |TAMS 0x0000000087900000, 0x0000000087900000| Untracked 
|  70|0x0000000087a00000, 0x0000000087a00000, 0x0000000087b00000|  0%| F|  |TAMS 0x0000000087a00000, 0x0000000087a00000| Untracked 
|  71|0x0000000087b00000, 0x0000000087b00000, 0x0000000087c00000|  0%| F|  |TAMS 0x0000000087b00000, 0x0000000087b00000| Untracked 
|  72|0x0000000087c00000, 0x0000000087c00000, 0x0000000087d00000|  0%| F|  |TAMS 0x0000000087c00000, 0x0000000087c00000| Untracked 
|  73|0x0000000087d00000, 0x0000000087d00000, 0x0000000087e00000|  0%| F|  |TAMS 0x0000000087d00000, 0x0000000087d00000| Untracked 
|  74|0x0000000087e00000, 0x0000000087e00000, 0x0000000087f00000|  0%| F|  |TAMS 0x0000000087e00000, 0x0000000087e00000| Untracked 
|  75|0x0000000087f00000, 0x0000000087f00000, 0x0000000088000000|  0%| F|  |TAMS 0x0000000087f00000, 0x0000000087f00000| Untracked 
|  76|0x0000000088000000, 0x0000000088000000, 0x0000000088100000|  0%| F|  |TAMS 0x0000000088000000, 0x0000000088000000| Untracked 
|  77|0x0000000088100000, 0x0000000088100000, 0x0000000088200000|  0%| F|  |TAMS 0x0000000088100000, 0x0000000088100000| Untracked 
|  78|0x0000000088200000, 0x0000000088200000, 0x0000000088300000|  0%| F|  |TAMS 0x0000000088200000, 0x0000000088200000| Untracked 
|  79|0x0000000088300000, 0x0000000088300000, 0x0000000088400000|  0%| F|  |TAMS 0x0000000088300000, 0x0000000088300000| Untracked 
|  80|0x0000000088400000, 0x0000000088400000, 0x0000000088500000|  0%| F|  |TAMS 0x0000000088400000, 0x0000000088400000| Untracked 
|  81|0x0000000088500000, 0x0000000088500000, 0x0000000088600000|  0%| F|  |TAMS 0x0000000088500000, 0x0000000088500000| Untracked 
|  82|0x0000000088600000, 0x0000000088600000, 0x0000000088700000|  0%| F|  |TAMS 0x0000000088600000, 0x0000000088600000| Untracked 
|  83|0x0000000088700000, 0x0000000088700000, 0x0000000088800000|  0%| F|  |TAMS 0x0000000088700000, 0x0000000088700000| Untracked 
|  84|0x0000000088800000, 0x0000000088800000, 0x0000000088900000|  0%| F|  |TAMS 0x0000000088800000, 0x0000000088800000| Untracked 
|  85|0x0000000088900000, 0x0000000088900000, 0x0000000088a00000|  0%| F|  |TAMS 0x0000000088900000, 0x0000000088900000| Untracked 
|  86|0x0000000088a00000, 0x0000000088a00000, 0x0000000088b00000|  0%| F|  |TAMS 0x0000000088a00000, 0x0000000088a00000| Untracked 
|  87|0x0000000088b00000, 0x0000000088b00000, 0x0000000088c00000|  0%| F|  |TAMS 0x0000000088b00000, 0x0000000088b00000| Untracked 
|  88|0x0000000088c00000, 0x0000000088d00000, 0x0000000088d00000|100%| S|CS|TAMS 0x0000000088c00000, 0x0000000088c00000| Complete 
|  89|0x0000000088d00000, 0x0000000088e00000, 0x0000000088e00000|100%| S|CS|TAMS 0x0000000088d00000, 0x0000000088d00000| Complete 
|  90|0x0000000088e00000, 0x0000000088f00000, 0x0000000088f00000|100%| S|CS|TAMS 0x0000000088e00000, 0x0000000088e00000| Complete 
|  91|0x0000000088f00000, 0x0000000089000000, 0x0000000089000000|100%| S|CS|TAMS 0x0000000088f00000, 0x0000000088f00000| Complete 
|  92|0x0000000089000000, 0x0000000089100000, 0x0000000089100000|100%| S|CS|TAMS 0x0000000089000000, 0x0000000089000000| Complete 
|  93|0x0000000089100000, 0x0000000089100000, 0x0000000089200000|  0%| F|  |TAMS 0x0000000089100000, 0x0000000089100000| Untracked 
|  94|0x0000000089200000, 0x0000000089200000, 0x0000000089300000|  0%| F|  |TAMS 0x0000000089200000, 0x0000000089200000| Untracked 
|  95|0x0000000089300000, 0x0000000089300000, 0x0000000089400000|  0%| F|  |TAMS 0x0000000089300000, 0x0000000089300000| Untracked 
|  96|0x0000000089400000, 0x0000000089400000, 0x0000000089500000|  0%| F|  |TAMS 0x0000000089400000, 0x0000000089400000| Untracked 
|  97|0x0000000089500000, 0x0000000089500000, 0x0000000089600000|  0%| F|  |TAMS 0x0000000089500000, 0x0000000089500000| Untracked 
|  98|0x0000000089600000, 0x0000000089600000, 0x0000000089700000|  0%| F|  |TAMS 0x0000000089600000, 0x0000000089600000| Untracked 
|  99|0x0000000089700000, 0x0000000089700000, 0x0000000089800000|  0%| F|  |TAMS 0x0000000089700000, 0x0000000089700000| Untracked 
| 100|0x0000000089800000, 0x0000000089800000, 0x0000000089900000|  0%| F|  |TAMS 0x0000000089800000, 0x0000000089800000| Untracked 
| 101|0x0000000089900000, 0x0000000089900000, 0x0000000089a00000|  0%| F|  |TAMS 0x0000000089900000, 0x0000000089900000| Untracked 
| 102|0x0000000089a00000, 0x0000000089a00000, 0x0000000089b00000|  0%| F|  |TAMS 0x0000000089a00000, 0x0000000089a00000| Untracked 
| 103|0x0000000089b00000, 0x0000000089b00000, 0x0000000089c00000|  0%| F|  |TAMS 0x0000000089b00000, 0x0000000089b00000| Untracked 
| 104|0x0000000089c00000, 0x0000000089c8fe10, 0x0000000089d00000| 56%| E|  |TAMS 0x0000000089c00000, 0x0000000089c00000| Complete 
| 105|0x0000000089d00000, 0x0000000089e00000, 0x0000000089e00000|100%| E|CS|TAMS 0x0000000089d00000, 0x0000000089d00000| Complete 
| 106|0x0000000089e00000, 0x0000000089f00000, 0x0000000089f00000|100%| E|CS|TAMS 0x0000000089e00000, 0x0000000089e00000| Complete 
| 107|0x0000000089f00000, 0x000000008a000000, 0x000000008a000000|100%| E|CS|TAMS 0x0000000089f00000, 0x0000000089f00000| Complete 
| 108|0x000000008a000000, 0x000000008a100000, 0x000000008a100000|100%| E|CS|TAMS 0x000000008a000000, 0x000000008a000000| Complete 
| 109|0x000000008a100000, 0x000000008a200000, 0x000000008a200000|100%| E|CS|TAMS 0x000000008a100000, 0x000000008a100000| Complete 
| 110|0x000000008a200000, 0x000000008a300000, 0x000000008a300000|100%| E|CS|TAMS 0x000000008a200000, 0x000000008a200000| Complete 
| 111|0x000000008a300000, 0x000000008a400000, 0x000000008a400000|100%| E|CS|TAMS 0x000000008a300000, 0x000000008a300000| Complete 
| 112|0x000000008a400000, 0x000000008a500000, 0x000000008a500000|100%| E|CS|TAMS 0x000000008a400000, 0x000000008a400000| Complete 
| 113|0x000000008a500000, 0x000000008a600000, 0x000000008a600000|100%| E|CS|TAMS 0x000000008a500000, 0x000000008a500000| Complete 
| 114|0x000000008a600000, 0x000000008a700000, 0x000000008a700000|100%| E|CS|TAMS 0x000000008a600000, 0x000000008a600000| Complete 
| 115|0x000000008a700000, 0x000000008a800000, 0x000000008a800000|100%| E|CS|TAMS 0x000000008a700000, 0x000000008a700000| Complete 
| 116|0x000000008a800000, 0x000000008a900000, 0x000000008a900000|100%| E|CS|TAMS 0x000000008a800000, 0x000000008a800000| Complete 
| 117|0x000000008a900000, 0x000000008aa00000, 0x000000008aa00000|100%| E|CS|TAMS 0x000000008a900000, 0x000000008a900000| Complete 
| 118|0x000000008aa00000, 0x000000008ab00000, 0x000000008ab00000|100%| E|CS|TAMS 0x000000008aa00000, 0x000000008aa00000| Complete 
| 119|0x000000008ab00000, 0x000000008ac00000, 0x000000008ac00000|100%| E|CS|TAMS 0x000000008ab00000, 0x000000008ab00000| Complete 
| 120|0x000000008ac00000, 0x000000008ad00000, 0x000000008ad00000|100%| E|CS|TAMS 0x000000008ac00000, 0x000000008ac00000| Complete 
| 121|0x000000008ad00000, 0x000000008ae00000, 0x000000008ae00000|100%| E|CS|TAMS 0x000000008ad00000, 0x000000008ad00000| Complete 
| 122|0x000000008ae00000, 0x000000008af00000, 0x000000008af00000|100%| E|CS|TAMS 0x000000008ae00000, 0x000000008ae00000| Complete 
| 123|0x000000008af00000, 0x000000008b000000, 0x000000008b000000|100%| E|CS|TAMS 0x000000008af00000, 0x000000008af00000| Complete 
| 124|0x000000008b000000, 0x000000008b100000, 0x000000008b100000|100%| E|CS|TAMS 0x000000008b000000, 0x000000008b000000| Complete 
| 125|0x000000008b100000, 0x000000008b200000, 0x000000008b200000|100%| E|CS|TAMS 0x000000008b100000, 0x000000008b100000| Complete 

Card table byte_map: [0x0000024118550000,0x0000024118940000] _byte_map_base: 0x0000024118136000

Marking Bits (Prev, Next): (CMBitMap*) 0x000002417a48bdb8, (CMBitMap*) 0x000002417a48bdf8
 Prev Bits: [0x0000024118d30000, 0x000002411ac60000)
 Next Bits: [0x000002411ac60000, 0x000002411cb90000)

Polling page: 0x0000024100000000

Metaspace:

Usage:
  Non-class:     14.73 MB capacity,    14.20 MB ( 96%) used,   455.79 KB (  3%) free+waste,    81.50 KB ( <1%) overhead. 
      Class:      2.67 MB capacity,     2.38 MB ( 89%) used,   253.73 KB (  9%) free+waste,    43.81 KB (  2%) overhead. 
       Both:     17.40 MB capacity,    16.59 MB ( 95%) used,   709.52 KB (  4%) free+waste,   125.31 KB ( <1%) overhead. 

Virtual space:
  Non-class space:       16.00 MB reserved,      14.75 MB ( 92%) committed 
      Class space:        1.00 GB reserved,       2.75 MB ( <1%) committed 
             Both:        1.02 GB reserved,      17.50 MB (  2%) committed 

Chunk freelists:
   Non-Class:  24.00 KB
       Class:  0 bytes
        Both:  24.00 KB

MaxMetaspaceSize: 17179869184.00 GB
CompressedClassSpaceSize: 1.00 GB

CodeHeap 'non-profiled nmethods': size=120000Kb used=1126Kb max_used=1126Kb free=118873Kb
 bounds [0x00000241101c0000, 0x0000024110430000, 0x00000241176f0000]
CodeHeap 'profiled nmethods': size=120000Kb used=5197Kb max_used=5197Kb free=114802Kb
 bounds [0x0000024108c90000, 0x00000241091b0000, 0x00000241101c0000]
CodeHeap 'non-nmethods': size=5760Kb used=1469Kb max_used=1519Kb free=4290Kb
 bounds [0x00000241086f0000, 0x0000024108960000, 0x0000024108c90000]
 total_blobs=3580 nmethods=2787 adapters=704
 compilation: enabled
              stopped_count=0, restarted_count=0
 full_count=0

Compilation events (20 events):
Event: 9.217 Thread 0x000002411ffe8800 nmethod 2778 0x000002410919d190 code [0x000002410919d480, 0x000002410919e938]
Event: 9.218 Thread 0x000002411ffe8800 2779       3       javafx.scene.Scene$TargetWrapper::clear (12 bytes)
Event: 9.218 Thread 0x000002411ffe8800 nmethod 2779 0x000002410919ee90 code [0x000002410919f040, 0x000002410919f258]
Event: 9.218 Thread 0x000002411ffe8800 2780       3       com.sun.javafx.collections.VetoableListDecorator$VetoableIteratorDecorator::next (31 bytes)
Event: 9.218 Thread 0x000002411ffe8800 nmethod 2780 0x000002410919f310 code [0x000002410919f4e0, 0x000002410919f918]
Event: 9.222 Thread 0x000002411ffe8800 2781       3       javafx.scene.Scene$MouseHandler::clearPDREventTargets (46 bytes)
Event: 9.222 Thread 0x000002411ffe8800 nmethod 2781 0x000002410919fb10 code [0x000002410919fd00, 0x00000241091a0318]
Event: 9.258 Thread 0x000002411ffe8800 2782       3       com.sun.javafx.tk.quantum.GlassViewEventHandler::handleMouseEvent (108 bytes)
Event: 9.259 Thread 0x000002411ffe8800 nmethod 2782 0x00000241091a0490 code [0x00000241091a0680, 0x00000241091a0ca8]
Event: 9.259 Thread 0x000002411ffe8800 2783       3       com.sun.javafx.tk.quantum.GlassViewEventHandler$$Lambda$329/0x0000000800cfe040::get$Lambda (9 bytes)
Event: 9.259 Thread 0x000002411ffe8800 nmethod 2783 0x00000241091a0f10 code [0x00000241091a10c0, 0x00000241091a1318]
Event: 9.259 Thread 0x000002411ffe8800 2784       3       com.sun.javafx.tk.quantum.GlassViewEventHandler$$Lambda$329/0x0000000800cfe040::<init> (10 bytes)
Event: 9.259 Thread 0x000002411ffe8800 nmethod 2784 0x00000241091a1410 code [0x00000241091a15a0, 0x00000241091a1778]
Event: 9.259 Thread 0x000002411ffe8800 2785       3       com.sun.javafx.tk.quantum.GlassViewEventHandler$$Lambda$329/0x0000000800cfe040::get (8 bytes)
Event: 9.260 Thread 0x000002411ffe8800 nmethod 2785 0x00000241091a1810 code [0x00000241091a1a40, 0x00000241091a2068]
Event: 9.260 Thread 0x000002411ffe8800 2786       3       com.sun.javafx.tk.quantum.GlassViewEventHandler::lambda$handleMouseEvent$2 (18 bytes)
Event: 9.260 Thread 0x000002411ffe8800 nmethod 2786 0x00000241091a2390 code [0x00000241091a25c0, 0x00000241091a2b88]
Event: 9.260 Thread 0x000002411ffe8800 2787       3       java.util.EnumMap$Values::iterator (12 bytes)
Event: 9.260 Thread 0x000002411ffe8800 nmethod 2787 0x00000241091a2e90 code [0x00000241091a3040, 0x00000241091a33b8]
Event: 38.310 Thread 0x000002411ffda000 2788   !   4       java.lang.ref.ReferenceQueue::poll (28 bytes)

GC Heap History (4 events):
Event: 0.672 GC heap before
{Heap before GC invocations=0 (full 0):
 garbage-first heap   total 129024K, used 24576K [0x0000000083400000, 0x0000000100000000)
  region size 1024K, 23 young (23552K), 0 survivors (0K)
 Metaspace       used 2906K, capacity 5334K, committed 5504K, reserved 1056768K
  class space    used 326K, capacity 568K, committed 640K, reserved 1048576K
}
Event: 0.676 GC heap after
{Heap after GC invocations=1 (full 0):
 garbage-first heap   total 129024K, used 4982K [0x0000000083400000, 0x0000000100000000)
  region size 1024K, 3 young (3072K), 3 survivors (3072K)
 Metaspace       used 2906K, capacity 5334K, committed 5504K, reserved 1056768K
  class space    used 326K, capacity 568K, committed 640K, reserved 1048576K
}
Event: 1.367 GC heap before
{Heap before GC invocations=1 (full 0):
 garbage-first heap   total 129024K, used 34678K [0x0000000083400000, 0x0000000100000000)
  region size 1024K, 33 young (33792K), 3 survivors (3072K)
 Metaspace       used 11447K, capacity 11982K, committed 12288K, reserved 1060864K
  class space    used 1513K, capacity 1703K, committed 1792K, reserved 1048576K
}
Event: 1.372 GC heap after
{Heap after GC invocations=2 (full 0):
 garbage-first heap   total 129024K, used 10301K [0x0000000083400000, 0x0000000100000000)
  region size 1024K, 5 young (5120K), 5 survivors (5120K)
 Metaspace       used 11447K, capacity 11982K, committed 12288K, reserved 1060864K
  class space    used 1513K, capacity 1703K, committed 1792K, reserved 1048576K
}

Deoptimization events (20 events):
Event: 2.397 Thread 0x0000024120d34000 DEOPT PACKING pc=0x0000024108fb8bf4 sp=0x00000065e2ffde90
Event: 2.397 Thread 0x0000024120d34000 DEOPT UNPACKING pc=0x00000241087383de sp=0x00000065e2ffd2f8 mode 0
Event: 2.410 Thread 0x0000024120d34000 DEOPT PACKING pc=0x0000024108fb8b37 sp=0x00000065e2ffde90
Event: 2.410 Thread 0x0000024120d34000 DEOPT UNPACKING pc=0x00000241087383de sp=0x00000065e2ffd2e8 mode 0
Event: 2.411 Thread 0x0000024120d34000 DEOPT PACKING pc=0x0000024108fb8bf4 sp=0x00000065e2ffde90
Event: 2.411 Thread 0x0000024120d34000 DEOPT UNPACKING pc=0x00000241087383de sp=0x00000065e2ffd2f8 mode 0
Event: 6.335 Thread 0x0000024120e09800 Uncommon trap: trap_request=0xffffff45 fr.pc=0x0000024110206d50 relative=0x00000000000003d0
Event: 6.335 Thread 0x0000024120e09800 Uncommon trap: reason=unstable_if action=reinterpret pc=0x0000024110206d50 method=java.lang.StringLatin1.canEncode(I)Z @ 4 c2
Event: 6.335 Thread 0x0000024120e09800 DEOPT PACKING pc=0x0000024110206d50 sp=0x00000065e31fa180
Event: 6.336 Thread 0x0000024120e09800 DEOPT UNPACKING pc=0x00000241086f852f sp=0x00000065e31fa0a8 mode 2
Event: 6.472 Thread 0x0000024120e09800 Uncommon trap: trap_request=0xffffff45 fr.pc=0x00000241102236cc relative=0x00000000000003cc
Event: 6.472 Thread 0x0000024120e09800 Uncommon trap: reason=unstable_if action=reinterpret pc=0x00000241102236cc method=java.lang.StringLatin1.canEncode(I)Z @ 4 c2
Event: 6.472 Thread 0x0000024120e09800 DEOPT PACKING pc=0x00000241102236cc sp=0x00000065e31fa110
Event: 6.472 Thread 0x0000024120e09800 DEOPT UNPACKING pc=0x00000241086f852f sp=0x00000065e31fa0a0 mode 2
Event: 7.662 Thread 0x0000024120d34000 DEOPT PACKING pc=0x00000241090a3d1c sp=0x00000065e2ffe1e0
Event: 7.662 Thread 0x0000024120d34000 DEOPT UNPACKING pc=0x00000241087383de sp=0x00000065e2ffd600 mode 0
Event: 7.694 Thread 0x0000024120d34000 DEOPT PACKING pc=0x00000241090de68f sp=0x00000065e2ffdf80
Event: 7.694 Thread 0x0000024120d34000 DEOPT UNPACKING pc=0x00000241087383de sp=0x00000065e2ffd3b8 mode 0
Event: 7.935 Thread 0x0000024120d34000 DEOPT PACKING pc=0x0000024109083bbf sp=0x00000065e2ffdea0
Event: 7.936 Thread 0x0000024120d34000 DEOPT UNPACKING pc=0x00000241087383de sp=0x00000065e2ffd330 mode 0

Classes unloaded (0 events):
No events

Classes redefined (0 events):
No events

Internal exceptions (20 events):
Event: 1.033 Thread 0x0000024120e09800 Exception <a 'java/lang/ClassNotFoundException'{0x000000008a3ed660}: sun/util/logging/resources/spi/loggingProvider> (0x000000008a3ed660) 
thrown [./open/src/hotspot/share/classfile/systemDictionary.cpp, line 226]
Event: 1.145 Thread 0x0000024120e09800 Exception <a 'java/lang/NoSuchMethodError'{0x0000000089b463c0}: 'void java.lang.invoke.DirectMethodHandle$Holder.invokeStaticInit(java.lang.Object, java.lang.Object)'> (0x0000000089b463c0) 
thrown [./open/src/hotspot/share/interpreter/linkResolver.cpp, line 766]
Event: 1.178 Thread 0x0000024120e09800 Exception <a 'sun/nio/fs/WindowsException'{0x000000008979ec78}> (0x000000008979ec78) 
thrown [./open/src/hotspot/share/prims/jni.cpp, line 599]
Event: 1.199 Thread 0x0000024120e09800 Exception <a 'java/lang/NoSuchMethodError'{0x000000008960da68}: 'java.lang.Object java.lang.invoke.Invokers$Holder.linkToTargetMethod(java.lang.Object, int, java.lang.Object)'> (0x000000008960da68) 
thrown [./open/src/hotspot/share/interpreter/linkResolver.cpp, line 766]
Event: 1.257 Thread 0x0000024120e09800 Implicit null exception at 0x0000024110254925 to 0x0000024110254e44
Event: 1.257 Thread 0x0000024120e09800 Implicit null exception at 0x0000024110201e68 to 0x0000024110201efa
Event: 1.292 Thread 0x0000024120e09800 Implicit null exception at 0x00000241101f91af to 0x00000241101f922d
Event: 1.406 Thread 0x0000024120e09800 Exception <a 'java/lang/NoSuchMethodError'{0x000000008b0cfc00}: 'java.lang.Object java.lang.invoke.DirectMethodHandle$Holder.invokeInterface(java.lang.Object, java.lang.Object, java.lang.Object)'> (0x000000008b0cfc00) 
thrown [./open/src/hotspot/share/interpreter/linkResolver.cpp, line 766]
Event: 1.406 Thread 0x0000024120e09800 Exception <a 'java/lang/IncompatibleClassChangeError'{0x000000008b0d2860}: Found class java.lang.Object, but interface was expected> (0x000000008b0d2860) 
thrown [./open/src/hotspot/share/interpreter/linkResolver.cpp, line 832]
Event: 1.504 Thread 0x0000024120d34000 Exception <a 'java/lang/NoSuchMethodError'{0x000000008ad9b598}: 'int java.lang.invoke.DirectMethodHandle$Holder.invokeStaticInit(java.lang.Object, java.lang.Object)'> (0x000000008ad9b598) 
thrown [./open/src/hotspot/share/interpreter/linkResolver.cpp, line 766]
Event: 2.142 Thread 0x0000024120e09800 Exception <a 'java/lang/NoSuchMethodError'{0x000000008aaf3ed0}: 'long java.lang.invoke.DirectMethodHandle$Holder.invokeStatic(java.lang.Object, java.lang.Object, java.lang.Object)'> (0x000000008aaf3ed0) 
thrown [./open/src/hotspot/share/interpreter/linkResolver.cpp, line 766]
Event: 2.142 Thread 0x0000024120e09800 Exception <a 'java/lang/NoSuchMethodError'{0x000000008aaf6b78}: 'long java.lang.invoke.DirectMethodHandle$Holder.invokeStaticInit(java.lang.Object, java.lang.Object, java.lang.Object)'> (0x000000008aaf6b78) 
thrown [./open/src/hotspot/share/interpreter/linkResolver.cpp, line 766]
Event: 2.143 Thread 0x0000024120e09800 Exception <a 'java/lang/NoSuchMethodError'{0x000000008a90b2c8}: 'java.lang.Object java.lang.invoke.Invokers$Holder.linkToTargetMethod(java.lang.Object, long, java.lang.Object)'> (0x000000008a90b2c8) 
thrown [./open/src/hotspot/share/interpreter/linkResolver.cpp, line 766]
Event: 2.312 Thread 0x0000024120e09800 Exception <a 'java/lang/ClassNotFoundException'{0x000000008a7cfd30}: com/sun/javafx/scene/control/skin/resources/controls> (0x000000008a7cfd30) 
thrown [./open/src/hotspot/share/prims/jni.cpp, line 620]
Event: 2.313 Thread 0x0000024120e09800 Exception <a 'java/lang/ClassNotFoundException'{0x000000008a7ddaf8}: com/sun/javafx/scene/control/skin/resources/controls_ru> (0x000000008a7ddaf8) 
thrown [./open/src/hotspot/share/prims/jni.cpp, line 620]
Event: 2.313 Thread 0x0000024120e09800 Exception <a 'java/lang/ClassNotFoundException'{0x000000008a7e9040}: com/sun/javafx/scene/control/skin/resources/controls_ru_RU> (0x000000008a7e9040) 
thrown [./open/src/hotspot/share/prims/jni.cpp, line 620]
Event: 2.336 Thread 0x0000024120e09800 Exception <a 'java/lang/NoSuchMethodError'{0x000000008a559868}: 'void java.lang.invoke.DirectMethodHandle$Holder.invokeSpecial(java.lang.Object, java.lang.Object, java.lang.Object, java.lang.Object, java.lang.Object, java.lang.Object)'> (0x000000008a559868) 
thrown [./open/src/hotspot/share/interpreter/linkResolver.cpp, line 766]
Event: 2.862 Thread 0x0000024120e09800 Exception <a 'java/lang/NoSuchMethodError'{0x000000008a2173f8}: 'java.lang.Object java.lang.invoke.DirectMethodHandle$Holder.invokeStatic(java.lang.Object, java.lang.Object, int, int, int, int, int, java.lang.Object)'> (0x000000008a2173f8) 
thrown [./open/src/hotspot/share/interpreter/linkResolver.cpp, line 766]
Event: 2.864 Thread 0x0000024120e09800 Exception <a 'java/lang/NoSuchMethodError'{0x000000008a226e58}: 'java.lang.Object java.lang.invoke.DirectMethodHandle$Holder.invokeStatic(java.lang.Object, java.lang.Object, java.lang.Object, int, int, int, int, int)'> (0x000000008a226e58) 
thrown [./open/src/hotspot/share/interpreter/linkResolver.cpp, line 766]
Event: 2.864 Thread 0x0000024120e09800 Exception <a 'java/lang/NoSuchMethodError'{0x000000008a22d220}: 'java.lang.Object java.lang.invoke.Invokers$Holder.linkToTargetMethod(java.lang.Object, java.lang.Object, int, int, int, int, int, java.lang.Object)'> (0x000000008a22d220) 
thrown [./open/src/hotspot/share/interpreter/linkResolver.cpp, line 766]

Events (20 events):
Event: 38.308 Executing VM operation: HandshakeOneThread
Event: 38.308 Executing VM operation: HandshakeOneThread done
Event: 38.309 Thread 0x0000024121312800 Thread added: 0x0000024121312800
Event: 38.309 Thread 0x000002412130d800 Thread added: 0x000002412130d800
Event: 38.309 Executing VM operation: HandshakeOneThread
Event: 38.309 Executing VM operation: HandshakeOneThread done
Event: 38.309 Executing VM operation: HandshakeOneThread
Event: 38.309 Executing VM operation: HandshakeOneThread done
Event: 38.309 Executing VM operation: HandshakeOneThread
Event: 38.309 Executing VM operation: HandshakeOneThread done
Event: 38.309 Executing VM operation: HandshakeOneThread
Event: 38.310 Executing VM operation: HandshakeOneThread done
Event: 38.310 Executing VM operation: HandshakeOneThread
Event: 38.310 Executing VM operation: HandshakeOneThread done
Event: 38.310 Executing VM operation: HandshakeOneThread
Event: 38.310 Executing VM operation: HandshakeOneThread done
Event: 38.310 Thread 0x0000024121312800 Thread exited: 0x0000024121312800
Event: 38.310 Thread 0x000002412130d800 Thread exited: 0x000002412130d800
Event: 38.310 Executing VM operation: Exit
Event: 38.310 Thread 0x000002411ffd3800 Thread exited: 0x000002411ffd3800


Dynamic libraries:
0x00007ff71c490000 - 0x00007ff71c49f000 	C:\Program Files\Java\jdk-14.0.2\bin\java.exe
0x00007ffad7830000 - 0x00007ffad7a25000 	C:\WINDOWS\SYSTEM32\ntdll.dll
0x00007ffad5980000 - 0x00007ffad5a3e000 	C:\WINDOWS\System32\KERNEL32.DLL
0x00007ffad5060000 - 0x00007ffad5328000 	C:\WINDOWS\System32\KERNELBASE.dll
0x00007ffad53b0000 - 0x00007ffad54b0000 	C:\WINDOWS\System32\ucrtbase.dll
0x00007ffac38e0000 - 0x00007ffac38f5000 	C:\Program Files\Java\jdk-14.0.2\bin\VCRUNTIME140.dll
0x00007ffac79f0000 - 0x00007ffac7a08000 	C:\Program Files\Java\jdk-14.0.2\bin\jli.dll
0x00007ffad63a0000 - 0x00007ffad644e000 	C:\WINDOWS\System32\ADVAPI32.dll
0x00007ffad5bd0000 - 0x00007ffad5c6e000 	C:\WINDOWS\System32\msvcrt.dll
0x00007ffad6450000 - 0x00007ffad64ec000 	C:\WINDOWS\System32\sechost.dll
0x00007ffad5a40000 - 0x00007ffad5b65000 	C:\WINDOWS\System32\RPCRT4.dll
0x00007ffad64f0000 - 0x00007ffad6690000 	C:\WINDOWS\System32\USER32.dll
0x00007ffac1210000 - 0x00007ffac14aa000 	C:\WINDOWS\WinSxS\amd64_microsoft.windows.common-controls_6595b64144ccf1df_6.0.19041.1110_none_60b5254171f9507e\COMCTL32.dll
0x00007ffad5380000 - 0x00007ffad53a2000 	C:\WINDOWS\System32\win32u.dll
0x00007ffad6e10000 - 0x00007ffad6e3b000 	C:\WINDOWS\System32\GDI32.dll
0x00007ffad4f50000 - 0x00007ffad505b000 	C:\WINDOWS\System32\gdi32full.dll
0x00007ffad5760000 - 0x00007ffad57fd000 	C:\WINDOWS\System32\msvcp_win.dll
0x00007ffacd7f0000 - 0x00007ffacd7fa000 	C:\WINDOWS\SYSTEM32\VERSION.dll
0x00007ffad5c70000 - 0x00007ffad5ca0000 	C:\WINDOWS\System32\IMM32.DLL
0x00007ffa9f3e0000 - 0x00007ffa9f47b000 	C:\Program Files\Java\jdk-14.0.2\bin\msvcp140.dll
0x00007ffa90940000 - 0x00007ffa9145e000 	C:\Program Files\Java\jdk-14.0.2\bin\server\jvm.dll
0x00007ffad5890000 - 0x00007ffad5898000 	C:\WINDOWS\System32\PSAPI.DLL
0x00007ffabb9a0000 - 0x00007ffabb9a9000 	C:\WINDOWS\SYSTEM32\WSOCK32.dll
0x00007ffad6ad0000 - 0x00007ffad6b3b000 	C:\WINDOWS\System32\WS2_32.dll
0x00007ffaba330000 - 0x00007ffaba357000 	C:\WINDOWS\SYSTEM32\WINMM.dll
0x00007ffad2e60000 - 0x00007ffad2e72000 	C:\WINDOWS\SYSTEM32\kernel.appcore.dll
0x00007ffacd930000 - 0x00007ffacd93a000 	C:\Program Files\Java\jdk-14.0.2\bin\jimage.dll
0x00007ffac09c0000 - 0x00007ffac0ba4000 	C:\WINDOWS\SYSTEM32\DBGHELP.DLL
0x00007ffabe6a0000 - 0x00007ffabe6cc000 	C:\WINDOWS\SYSTEM32\dbgcore.DLL
0x00007ffad5800000 - 0x00007ffad5882000 	C:\WINDOWS\System32\bcryptPrimitives.dll
0x00007ffacac90000 - 0x00007ffacac9e000 	C:\Program Files\Java\jdk-14.0.2\bin\instrument.dll
0x00007ffab5a80000 - 0x00007ffab5aa5000 	C:\Program Files\Java\jdk-14.0.2\bin\java.dll
0x00007ffabc060000 - 0x00007ffabc076000 	C:\Program Files\Java\jdk-14.0.2\bin\zip.dll
0x00007ffad6e40000 - 0x00007ffad7584000 	C:\WINDOWS\System32\SHELL32.dll
0x00007ffad3060000 - 0x00007ffad37f4000 	C:\WINDOWS\SYSTEM32\windows.storage.dll
0x00007ffad6770000 - 0x00007ffad6ac4000 	C:\WINDOWS\System32\combase.dll
0x00007ffad48e0000 - 0x00007ffad490c000 	C:\WINDOWS\SYSTEM32\Wldp.dll
0x00007ffad5ca0000 - 0x00007ffad5d4d000 	C:\WINDOWS\System32\SHCORE.dll
0x00007ffad62d0000 - 0x00007ffad6325000 	C:\WINDOWS\System32\shlwapi.dll
0x00007ffad4e90000 - 0x00007ffad4eaf000 	C:\WINDOWS\SYSTEM32\profapi.dll
0x00007ffabb7b0000 - 0x00007ffabb7c9000 	C:\Program Files\Java\jdk-14.0.2\bin\net.dll
0x00007ffac2d60000 - 0x00007ffac2e69000 	C:\WINDOWS\SYSTEM32\WINHTTP.dll
0x00007ffad4640000 - 0x00007ffad46aa000 	C:\WINDOWS\system32\mswsock.dll
0x00007ffab9230000 - 0x00007ffab9242000 	C:\Program Files\Java\jdk-14.0.2\bin\nio.dll
0x00007ffab92b0000 - 0x00007ffab92ca000 	C:\Program Files\JetBrains\IntelliJ IDEA 2022.1\bin\breakgen64.dll
0x0000024121bb0000 - 0x0000024121bb3000 	C:\Users\Andrew\.openjfx\cache\14.0.2.1\api-ms-win-core-console-l1-1-0.dll
0x0000024121bc0000 - 0x0000024121bc3000 	C:\Users\Andrew\.openjfx\cache\14.0.2.1\api-ms-win-core-datetime-l1-1-0.dll
0x0000024121bd0000 - 0x0000024121bd3000 	C:\Users\Andrew\.openjfx\cache\14.0.2.1\api-ms-win-core-debug-l1-1-0.dll
0x0000024121be0000 - 0x0000024121be3000 	C:\Users\Andrew\.openjfx\cache\14.0.2.1\api-ms-win-core-errorhandling-l1-1-0.dll
0x0000024121bf0000 - 0x0000024121bf4000 	C:\Users\Andrew\.openjfx\cache\14.0.2.1\api-ms-win-core-file-l1-1-0.dll
0x0000024121c00000 - 0x0000024121c03000 	C:\Users\Andrew\.openjfx\cache\14.0.2.1\api-ms-win-core-file-l1-2-0.dll
0x0000024121c10000 - 0x0000024121c13000 	C:\Users\Andrew\.openjfx\cache\14.0.2.1\api-ms-win-core-file-l2-1-0.dll
0x0000024121c20000 - 0x0000024121c23000 	C:\Users\Andrew\.openjfx\cache\14.0.2.1\api-ms-win-core-handle-l1-1-0.dll
0x0000024121c30000 - 0x0000024121c33000 	C:\Users\Andrew\.openjfx\cache\14.0.2.1\api-ms-win-core-heap-l1-1-0.dll
0x0000024121c40000 - 0x0000024121c43000 	C:\Users\Andrew\.openjfx\cache\14.0.2.1\api-ms-win-core-interlocked-l1-1-0.dll
0x0000024121c50000 - 0x0000024121c53000 	C:\Users\Andrew\.openjfx\cache\14.0.2.1\api-ms-win-core-libraryloader-l1-1-0.dll
0x0000024121c60000 - 0x0000024121c63000 	C:\Users\Andrew\.openjfx\cache\14.0.2.1\api-ms-win-core-localization-l1-2-0.dll
0x0000024121c70000 - 0x0000024121c73000 	C:\Users\Andrew\.openjfx\cache\14.0.2.1\api-ms-win-core-memory-l1-1-0.dll
0x0000024121c80000 - 0x0000024121c83000 	C:\Users\Andrew\.openjfx\cache\14.0.2.1\api-ms-win-core-namedpipe-l1-1-0.dll
0x0000024121c90000 - 0x0000024121c93000 	C:\Users\Andrew\.openjfx\cache\14.0.2.1\api-ms-win-core-processenvironment-l1-1-0.dll
0x0000024121ca0000 - 0x0000024121ca3000 	C:\Users\Andrew\.openjfx\cache\14.0.2.1\api-ms-win-core-processthreads-l1-1-0.dll
0x0000024121cb0000 - 0x0000024121cb3000 	C:\Users\Andrew\.openjfx\cache\14.0.2.1\api-ms-win-core-processthreads-l1-1-1.dll
0x0000024121cc0000 - 0x0000024121cc3000 	C:\Users\Andrew\.openjfx\cache\14.0.2.1\api-ms-win-core-profile-l1-1-0.dll
0x0000024121cd0000 - 0x0000024121cd3000 	C:\Users\Andrew\.openjfx\cache\14.0.2.1\api-ms-win-core-rtlsupport-l1-1-0.dll
0x0000024121ce0000 - 0x0000024121ce3000 	C:\Users\Andrew\.openjfx\cache\14.0.2.1\api-ms-win-core-string-l1-1-0.dll
0x0000024121cf0000 - 0x0000024121cf3000 	C:\Users\Andrew\.openjfx\cache\14.0.2.1\api-ms-win-core-synch-l1-1-0.dll
0x0000024121d00000 - 0x0000024121d03000 	C:\Users\Andrew\.openjfx\cache\14.0.2.1\api-ms-win-core-synch-l1-2-0.dll
0x0000024121d10000 - 0x0000024121d13000 	C:\Users\Andrew\.openjfx\cache\14.0.2.1\api-ms-win-core-sysinfo-l1-1-0.dll
0x0000024121d20000 - 0x0000024121d23000 	C:\Users\Andrew\.openjfx\cache\14.0.2.1\api-ms-win-core-timezone-l1-1-0.dll
0x0000024121d30000 - 0x0000024121d33000 	C:\Users\Andrew\.openjfx\cache\14.0.2.1\api-ms-win-core-util-l1-1-0.dll
0x0000024121d40000 - 0x0000024121d43000 	C:\Users\Andrew\.openjfx\cache\14.0.2.1\api-ms-win-crt-conio-l1-1-0.dll
0x0000024121d50000 - 0x0000024121d54000 	C:\Users\Andrew\.openjfx\cache\14.0.2.1\api-ms-win-crt-convert-l1-1-0.dll
0x0000024121d60000 - 0x0000024121d63000 	C:\Users\Andrew\.openjfx\cache\14.0.2.1\api-ms-win-crt-environment-l1-1-0.dll
0x0000024121d70000 - 0x0000024121d73000 	C:\Users\Andrew\.openjfx\cache\14.0.2.1\api-ms-win-crt-filesystem-l1-1-0.dll
0x0000024121d80000 - 0x0000024121d83000 	C:\Users\Andrew\.openjfx\cache\14.0.2.1\api-ms-win-crt-heap-l1-1-0.dll
0x0000024121d90000 - 0x0000024121d93000 	C:\Users\Andrew\.openjfx\cache\14.0.2.1\api-ms-win-crt-locale-l1-1-0.dll
0x0000024121da0000 - 0x0000024121da5000 	C:\Users\Andrew\.openjfx\cache\14.0.2.1\api-ms-win-crt-math-l1-1-0.dll
0x0000024121db0000 - 0x0000024121db5000 	C:\Users\Andrew\.openjfx\cache\14.0.2.1\api-ms-win-crt-multibyte-l1-1-0.dll
0x0000024121dc0000 - 0x0000024121dd0000 	C:\Users\Andrew\.openjfx\cache\14.0.2.1\api-ms-win-crt-private-l1-1-0.dll
0x0000024121dd0000 - 0x0000024121dd3000 	C:\Users\Andrew\.openjfx\cache\14.0.2.1\api-ms-win-crt-process-l1-1-0.dll
0x0000024121de0000 - 0x0000024121de4000 	C:\Users\Andrew\.openjfx\cache\14.0.2.1\api-ms-win-crt-runtime-l1-1-0.dll
0x0000024121df0000 - 0x0000024121df4000 	C:\Users\Andrew\.openjfx\cache\14.0.2.1\api-ms-win-crt-stdio-l1-1-0.dll
0x0000024121e00000 - 0x0000024121e04000 	C:\Users\Andrew\.openjfx\cache\14.0.2.1\api-ms-win-crt-string-l1-1-0.dll
0x0000024121e10000 - 0x0000024121e13000 	C:\Users\Andrew\.openjfx\cache\14.0.2.1\api-ms-win-crt-time-l1-1-0.dll
0x0000024121e20000 - 0x0000024121e23000 	C:\Users\Andrew\.openjfx\cache\14.0.2.1\api-ms-win-crt-utility-l1-1-0.dll
0x00007ffa99760000 - 0x00007ffa9985c000 	C:\Users\Andrew\.openjfx\cache\14.0.2.1\ucrtbase.dll
0x00007ffab24f0000 - 0x00007ffab2505000 	C:\Users\Andrew\.openjfx\cache\14.0.2.1\vcruntime140.dll
0x00007ffa971b0000 - 0x00007ffa9724b000 	C:\Users\Andrew\.openjfx\cache\14.0.2.1\msvcp140.dll
0x00007ffa9ffd0000 - 0x00007ffaa0021000 	C:\Users\Andrew\.openjfx\cache\14.0.2.1\concrt140.dll
0x00007ffaa11e0000 - 0x00007ffaa1203000 	C:\Users\Andrew\.openjfx\cache\14.0.2.1\prism_d3d.dll
0x00007ffab2620000 - 0x00007ffab27ef000 	C:\WINDOWS\system32\d3d9.dll
0x00007ffad2b70000 - 0x00007ffad2b9f000 	C:\WINDOWS\SYSTEM32\dwmapi.dll
0x00007ffad2980000 - 0x00007ffad2a1e000 	C:\WINDOWS\system32\uxtheme.dll
0x00007ffad7590000 - 0x00007ffad76ba000 	C:\WINDOWS\System32\ole32.dll
0x00007ffad58b0000 - 0x00007ffad597d000 	C:\WINDOWS\System32\OLEAUT32.dll
0x00007ffad5330000 - 0x00007ffad537e000 	C:\WINDOWS\System32\cfgmgr32.dll
0x00007ffad54b0000 - 0x00007ffad54d7000 	C:\WINDOWS\System32\bcrypt.dll
0x00007ffaa1100000 - 0x00007ffaa1145000 	C:\Users\Andrew\.openjfx\cache\14.0.2.1\glass.dll
0x00007ffad6690000 - 0x00007ffad676b000 	C:\WINDOWS\System32\COMDLG32.dll
0x00007ffad6b40000 - 0x00007ffad6c56000 	C:\WINDOWS\System32\MSCTF.dll
0x00007ffacfa30000 - 0x00007ffacfa6b000 	C:\WINDOWS\SYSTEM32\dxcore.dll
0x00007ffaa1860000 - 0x00007ffaa1874000 	C:\Users\Andrew\.openjfx\cache\14.0.2.1\javafx_font.dll
0x00007ffabbc40000 - 0x00007ffabbebf000 	C:\WINDOWS\SYSTEM32\dwrite.dll
0x00007ffad61c0000 - 0x00007ffad6269000 	C:\WINDOWS\System32\clbcatq.dll
0x00007fface990000 - 0x00007ffaceb44000 	C:\WINDOWS\SYSTEM32\WindowsCodecs.dll
0x00007ffabe6d0000 - 0x00007ffabe70e000 	C:\WINDOWS\system32\dataexchange.dll
0x00007ffad0c80000 - 0x00007ffad0ee4000 	C:\WINDOWS\system32\d3d11.dll
0x00007ffad1bb0000 - 0x00007ffad1d95000 	C:\WINDOWS\system32\dcomp.dll
0x00007ffad3860000 - 0x00007ffad3953000 	C:\WINDOWS\system32\dxgi.dll
0x00007ffacde50000 - 0x00007fface051000 	C:\WINDOWS\system32\twinapi.appcore.dll
0x00007ffaa1880000 - 0x00007ffaa18b4000 	C:\Program Files\Common Files\Microsoft Shared\Ink\rtscom.dll
0x00007ffac6eb0000 - 0x00007ffac6fa9000 	C:\WINDOWS\SYSTEM32\textinputframework.dll
0x00007ffad2480000 - 0x00007ffad2572000 	C:\WINDOWS\System32\CoreMessaging.dll
0x00007ffad2120000 - 0x00007ffad247e000 	C:\WINDOWS\System32\CoreUIComponents.dll
0x00007ffad3c50000 - 0x00007ffad3c83000 	C:\WINDOWS\SYSTEM32\ntmarta.dll
0x00007ffad1a50000 - 0x00007ffad1ba4000 	C:\WINDOWS\SYSTEM32\wintypes.dll
0x00007ffaa05c0000 - 0x00007ffaa05ec000 	C:\Users\Andrew\.openjfx\cache\14.0.2.1\javafx_iio.dll

dbghelp: loaded successfully - version: 4.0.5 - missing functions: none
symbol engine: initialized successfully - sym options: 0x614 - pdb path: .;C:\Program Files\Java\jdk-14.0.2\bin;C:\WINDOWS\SYSTEM32;C:\WINDOWS\WinSxS\amd64_microsoft.windows.common-controls_6595b64144ccf1df_6.0.19041.1110_none_60b5254171f9507e;C:\Program Files\Java\jdk-14.0.2\bin\server;C:\Program Files\JetBrains\IntelliJ IDEA 2022.1\bin;C:\Users\Andrew\.openjfx\cache\14.0.2.1;C:\WINDOWS\System32\DriverStore\FileRepository\iigd_dch.inf_amd64_1405215c1cf67526;C:\Program Files\Common Files\Microsoft Shared\Ink

VM Arguments:
jvm_args: -javaagent:C:\Program Files\JetBrains\IntelliJ IDEA 2022.1\lib\idea_rt.jar=59359:C:\Program Files\JetBrains\IntelliJ IDEA 2022.1\bin -Dfile.encoding=windows-1251 --module-path=C:\Users\Andrew\.m2\repository\com\gluonhq\attach\audio\4.0.9\audio-4.0.9.jar;C:\Users\Andrew\.m2\repository\org\postgresql\postgresql\42.4.0\postgresql-42.4.0.jar;C:\Users\Andrew\.m2\repository\com\fasterxml\jackson\core\jackson-core\2.12.1\jackson-core-2.12.1.jar;C:\Users\Andrew\.m2\repository\com\gluonhq\attach\util\4.0.9\util-4.0.9.jar;C:\Users\Andrew\.m2\repository\net\synedra\validatorfx\0.2.1\validatorfx-0.2.1.jar;C:\Users\Andrew\.m2\repository\com\gluonhq\attach\lifecycle\4.0.9\lifecycle-4.0.9.jar;C:\Users\Andrew\.m2\repository\com\fasterxml\jackson\core\jackson-annotations\2.12.1\jackson-annotations-2.12.1.jar;C:\Users\Andrew\.m2\repository\org\springframework\spring-jdbc\5.3.18\spring-jdbc-5.3.18.jar;C:\Users\Andrew\.m2\repository\com\dlsc\formsfx\formsfx-core\11.3.2\formsfx-core-11.3.2.jar;C:\Users\Andrew\IdeaProjects\oopKursach\target\classes;C:\Users\Andrew\.m2\repository\com\gluonhq\attach\storage\4.0.9\storage-4.0.9.jar;C:\Users\Andrew\.m2\repository\org\openjfx\javafx-media\14.0.2.1\javafx-media-14.0.2.1-win.jar;C:\Users\Andrew\.m2\repository\eu\hansolo\tilesfx\11.48\tilesfx-11.48.jar;C:\Users\Andrew\.m2\repository\com\github\almasb\fxgl-gameplay\11.17\fxgl-gameplay-11.17.jar;C:\Users\Andrew\.m2\repository\org\openjfx\javafx-base\14.0.2.1\javafx-base-14.0.2.1-win.jar;C:\Users\Andrew\.m2\repository\org\openjfx\javafx-controls\14.0.2.1\javafx-controls-14.0.2.1-win.jar;C:\Users\Andrew\.m2\repository\com\github\almasb\fxgl-io\11.17\fxgl-io-11.17.jar;C:\Users\Andrew\.m2\repository\org\openjfx\javafx-web\14.0.2.1\javafx-web-14.0.2.1-win.jar;C:\Users\Andrew\.m2\repository\org\kordamp\ikonli\ikonli-javafx\12.3.0\ikonli-javafx-12.3.0.jar;C:\Users\Andrew\.m2\repository\org\kordamp\ikonli\ikonli-core\12.3.0\ikonli-core-12.3.0.jar;C:\Users\Andrew\.m2\repository\org\jetbrains\kotlin\kotlin-stdlib\1.5.10\kotlin-stdlib-1.5.10-modular.jar;C:\Users\Andrew\.m2\repository\com\github\almasb\fxgl-core\11.17\fxgl-core-11.17.jar;C:\Users\Andrew\.m2\repositor-Djdk.module.main=com.example.oopkursach 
java_command: com.example.oopkursach/com.example.oopkursach.HelloApplication
java_class_path (initial): C:\Users\Andrew\.m2\repository\org\openjfx\javafx-controls\14.0.2.1\javafx-controls-14.0.2.1.jar;C:\Users\Andrew\.m2\repository\org\openjfx\javafx-graphics\14.0.2.1\javafx-graphics-14.0.2.1.jar;C:\Users\Andrew\.m2\repository\org\openjfx\javafx-base\14.0.2.1\javafx-base-14.0.2.1.jar;C:\Users\Andrew\.m2\repository\org\openjfx\javafx-fxml\14.0.2.1\javafx-fxml-14.0.2.1.jar;C:\Users\Andrew\.m2\repository\org\openjfx\javafx-web\14.0.2.1\javafx-web-14.0.2.1.jar;C:\Users\Andrew\.m2\repository\org\openjfx\javafx-media\14.0.2.1\javafx-media-14.0.2.1.jar;C:\Users\Andrew\.m2\repository\org\jetbrains\annotations\13.0\annotations-13.0.jar;C:\Users\Andrew\.m2\repository\org\jetbrains\kotlin\kotlin-stdlib-common\1.5.10\kotlin-stdlib-common-1.5.10.jar;C:\Users\Andrew\.m2\repository\org\springframework\spring-core\5.3.18\spring-core-5.3.18.jar;C:\Users\Andrew\.m2\repository\org\springframework\spring-jcl\5.3.18\spring-jcl-5.3.18.jar;C:\Users\Andrew\.m2\repository\org\springframework\spring-context\5.3.18\spring-context-5.3.18.jar;C:\Users\Andrew\.m2\repository\org\springframework\spring-aop\5.3.18\spring-aop-5.3.18.jar;C:\Users\Andrew\.m2\repository\org\springframework\spring-expression\5.3.18\spring-expression-5.3.18.jar;C:\Users\Andrew\.m2\repository\org\springframework\spring-tx\5.3.18\spring-tx-5.3.18.jar;C:\Users\Andrew\.m2\repository\org\springframework\boot\spring-boot-starter-data-jpa\3.0.0\spring-boot-starter-data-jpa-3.0.0.jar;C:\Users\Andrew\.m2\repository\org\springframework\boot\spring-boot-starter-aop\3.0.0\spring-boot-starter-aop-3.0.0.jar;C:\Users\Andrew\.m2\repository\org\springframework\boot\spring-boot-starter\3.0.0\spring-boot-starter-3.0.0.jar;C:\Users\Andrew\.m2\repository\org\springframework\boot\spring-boot\3.0.0\spring-boot-3.0.0.jar;C:\Users\Andrew\.m2\repository\org\springframework\boot\spring-boot-autoconfigure\3.0.0\spring-boot-autoconfigure-3.0.0.jar;C:\Users\Andrew\.m2\repository\org\springframework\boot\spring-boot-starter-
Launcher Type: SUN_STANDARD

[Global flags]
     intx CICompilerCount                          = 4                                         {product} {ergonomic}
     uint ConcGCThreads                            = 2                                         {product} {ergonomic}
     uint G1ConcRefinementThreads                  = 8                                         {product} {ergonomic}
   size_t G1HeapRegionSize                         = 1048576                                   {product} {ergonomic}
    uintx GCDrainStackTargetSize                   = 64                                        {product} {ergonomic}
   size_t InitialHeapSize                          = 132120576                                 {product} {ergonomic}
   size_t MarkStackSize                            = 4194304                                   {product} {ergonomic}
   size_t MaxHeapSize                              = 2092957696                                {product} {ergonomic}
   size_t MaxNewSize                               = 1255145472                                {product} {ergonomic}
   size_t MinHeapDeltaBytes                        = 1048576                                   {product} {ergonomic}
   size_t MinHeapSize                              = 8388608                                   {product} {ergonomic}
    uintx NonNMethodCodeHeapSize                   = 5839372                                {pd product} {ergonomic}
    uintx NonProfiledCodeHeapSize                  = 122909434                              {pd product} {ergonomic}
    uintx ProfiledCodeHeapSize                     = 122909434                              {pd product} {ergonomic}
    uintx ReservedCodeCacheSize                    = 251658240                              {pd product} {ergonomic}
     bool SegmentedCodeCache                       = true                                      {product} {ergonomic}
   size_t SoftMaxHeapSize                          = 2092957696                             {manageable} {ergonomic}
     bool UseCompressedClassPointers               = true                                 {lp64_product} {ergonomic}
     bool UseCompressedOops                        = true                                 {lp64_product} {ergonomic}
     bool UseG1GC                                  = true                                      {product} {ergonomic}
     bool UseLargePagesIndividualAllocation        = false                                  {pd product} {ergonomic}

Logging:
Log output configuration:
 #0: stdout all=off uptime,level,tags
 #1: stderr all=off uptime,level,tags

Environment Variables:
PATH=C:\Program Files\Common Files\Oracle\Java\javapath;C:/Program Files (x86)/Texas Instruments/xdctools_3_20_08_88;C:\Program Files (x86)\Common Files\Oracle\Java\javapath;"C:\MinGW\bin;C:\Users\Андрей\Downloads\openjdk-14.0.2_windows-x64_bin\jdk-14.0.2";C:\WINDOWS\system32;C:\WINDOWS;C:\WINDOWS\System32\Wbem;C:\WINDOWS\System32\WindowsPowerShell\v1.0\;C:\WINDOWS\System32\OpenSSH\;C:\runtime\win64;C:\bin;C:\polyspace\bin;C:\TDM-GCC-64\bin;C:\Users\Андрей\Downloads\minGW\MinGW\bin;C:\Program Files\Git\cmd;C:\ProgramData\chocolatey\bin;C:\Program Files\PuTTY\;C:\Program Files\MySQL\MySQL Shell 8.0\bin\;C:/Program Files (x86)/Texas Instruments/xdctools_3_20_08_88;C:\Users\Andrew\AppData\Local\Microsoft\WindowsApps
USERNAME=Andrew
OS=Windows_NT
PROCESSOR_IDENTIFIER=Intel64 Family 6 Model 126 Stepping 5, GenuineIntel



---------------  S Y S T E M  ---------------

OS: Windows 10 , 64 bit Build 19041 (10.0.19041.1566)
OS uptime: 8 days 12:42 hours

CPU:total 8 (initial active 8) (4 cores per cpu, 2 threads per core) family 6 model 126 stepping 5, cmov, cx8, fxsr, mmx, sse, sse2, sse3, ssse3, sse4.1, sse4.2, popcnt, avx, avx2, aes, clmul, erms, 3dnowpref, lzcnt, ht, tsc, tscinvbit, bmi1, bmi2, adx, evex, sha, fma

Memory: 4k page, system-wide physical 7981M (1149M free)
TotalPageFile size 21907M (AvailPageFile size 3447M)
current process WorkingSet (physical memory assigned to process): 144M, peak: 187M
current process commit charge ("private bytes"): 267M, peak: 308M

vm_info: Java HotSpot(TM) 64-Bit Server VM (14.0.2+12-46) for windows-amd64 JRE (14.0.2+12-46), built on Jul  9 2020 00:35:52 by "mach5one" with MS VC++ 15.9 (VS2017)

END.
