#
# A fatal error has been detected by the Java Runtime Environment:
#
#  EXCEPTION_ACCESS_VIOLATION (0xc0000005) at pc=0x00007ff861e766f0, pid=7932, tid=12816
#
# JRE version: Java(TM) SE Runtime Environment (14.0.2+12) (build 14.0.2+12-46)
# Java VM: Java HotSpot(TM) 64-Bit Server VM (14.0.2+12-46, mixed mode, sharing, tiered, compressed oops, g1 gc, windows-amd64)
# Problematic frame:
# C  [glass.dll+0x266f0]
#
# No core dump will be written. Minidumps are not enabled by default on client versions of Windows
#
# If you would like to submit a bug report, please visit:
#   https://bugreport.java.com/bugreport/crash.jsp
#

---------------  S U M M A R Y ------------

Command Line: -javaagent:C:\Program Files\JetBrains\IntelliJ IDEA 2022.1\lib\idea_rt.jar=51954:C:\Program Files\JetBrains\IntelliJ IDEA 2022.1\bin -Dfile.encoding=UTF-8 --module-path=C:\Users\Andrew\.m2\repository\eu\hansolo\tilesfx\11.48\tilesfx-11.48.jar;C:\Users\Andrew\.m2\repository\com\github\almasb\fxgl-gameplay\11.17\fxgl-gameplay-11.17.jar;C:\Users\Andrew\.m2\repository\com\fasterxml\jackson\core\jackson-annotations\2.12.1\jackson-annotations-2.12.1.jar;C:\Users\Andrew\.m2\repository\org\openjfx\javafx-graphics\14.0.2.1\javafx-graphics-14.0.2.1-win.jar;C:\Users\Andrew\.m2\repository\com\gluonhq\attach\lifecycle\4.0.9\lifecycle-4.0.9.jar;C:\Users\Andrew\.m2\repository\com\gluonhq\attach\audio\4.0.9\audio-4.0.9.jar;C:\Users\Andrew\.m2\repository\com\gluonhq\attach\util\4.0.9\util-4.0.9.jar;C:\Users\Andrew\.m2\repository\org\openjfx\javafx-base\14.0.2.1\javafx-base-14.0.2.1-win.jar;C:\Users\Andrew\.m2\repository\org\postgresql\postgresql\42.4.0\postgresql-42.4.0.jar;C:\Users\Andrew\.m2\repository\net\synedra\validatorfx\0.2.1\validatorfx-0.2.1.jar;C:\Users\Andrew\.m2\repository\com\dlsc\formsfx\formsfx-core\11.3.2\formsfx-core-11.3.2.jar;C:\Users\Andrew\.m2\repository\org\controlsfx\controlsfx\11.1.1\controlsfx-11.1.1.jar;C:\Users\Andrew\.m2\repository\org\openjfx\javafx-web\14.0.2.1\javafx-web-14.0.2.1-win.jar;C:\Users\Andrew\.m2\repository\org\springframework\spring-jdbc\5.3.18\spring-jdbc-5.3.18.jar;C:\Users\Andrew\.m2\repository\org\kordamp\ikonli\ikonli-javafx\12.3.0\ikonli-javafx-12.3.0.jar;C:\Users\Andrew\.m2\repository\org\kordamp\ikonli\ikonli-core\12.3.0\ikonli-core-12.3.0.jar;C:\Users\Andrew\.m2\repository\com\fasterxml\jackson\core\jackson-core\2.12.1\jackson-core-2.12.1.jar;C:\Users\Andrew\.m2\repository\org\openjfx\javafx-controls\14.0.2.1\javafx-controls-14.0.2.1-win.jar;C:\Users\Andrew\.m2\repository\org\kordamp\bootstrapfx\bootstrapfx-core\0.4.0\bootstrapfx-core-0.4.0.jar;C:\Users\Andrew\.m2\repository\com\github\almasb\fxgl\11.17\fxgl-11.17.jar;C:\Users\Andrew\.m2\repository\com\github\almasb\fxgl-entity\11.17\fxgl-entity-11.17.jar;C:\Users\Andrew\IdeaProjects\oopKursach\target\classes;C:\Users\Andrew\.m2\re-Djdk.module.main=com.example.oopkursach com.example.oopkursach/com.example.oopkursach.HelloApplication

Host: Intel(R) Core(TM) i5-1035G1 CPU @ 1.00GHz, 8 cores, 7G,  Windows 10 , 64 bit Build 19041 (10.0.19041.1566)
Time: Sat Dec 10 16:27:30 2022 RTZ 2 (зима) elapsed time: 1034 seconds (0d 0h 17m 14s)

---------------  T H R E A D  ---------------

Current thread (0x0000017fd8a9d000):  VMThread "VM Thread" [stack: 0x000000595b700000,0x000000595b800000] [id=12816]

Stack: [0x000000595b700000,0x000000595b800000],  sp=0x000000595b7fed30,  free space=1019k
Native frames: (J=compiled Java code, j=interpreted, Vv=VM code, C=native code)
C  [glass.dll+0x266f0]


siginfo: EXCEPTION_ACCESS_VIOLATION (0xc0000005), reading address 0x0000000000000000


Register to memory mapping:

RIP=0x00007ff861e766f0 glass.dll
RAX=0x0 is NULL
RBX=0x0000017fd8aaae38 is a global jni handle
RCX=0x0000017fd8a9d000 points into unknown readable memory: c0 a7 ec 42 f8 7f 00 00
RDX=0x000000595b7fed30 points into unknown readable memory: 00 00 00 00 00 00 00 00
RSP=0x000000595b7fed30 points into unknown readable memory: 00 00 00 00 00 00 00 00
RBP=0x0000017fd9c69588 points into unknown readable memory: d8 12 23 fb 3f ab 00 00
RSI=0x0000017fd9c69560 points into unknown readable memory: a7 12 23 97 09 4c 61 f8
RDI=0x0000ab3ffb2312d8 is an unknown value
R8 =0x0000000000010002 is an unknown value
R9 =0x0000ab3ffb2312d8 is an unknown value
R10=0x0000000000008000 is an unknown value
R11=0x000000595b7fecd0 points into unknown readable memory: 60 95 c6 d9 7f 01 00 00
R12=0x00007ff861e73b84 glass.dll
R13=0x0000017fb9be2d68 points into unknown readable memory: 00 d0 a9 d8 7f 01 00 00
R14=0x000000595b7fee38 points into unknown readable memory: 20 ee 7f 5b 59 00 00 00
R15=0x0000017fd9c69560 points into unknown readable memory: a7 12 23 97 09 4c 61 f8


Registers:
RAX=0x0000000000000000, RBX=0x0000017fd8aaae38, RCX=0x0000017fd8a9d000, RDX=0x000000595b7fed30
RSP=0x000000595b7fed30, RBP=0x0000017fd9c69588, RSI=0x0000017fd9c69560, RDI=0x0000ab3ffb2312d8
R8 =0x0000000000010002, R9 =0x0000ab3ffb2312d8, R10=0x0000000000008000, R11=0x000000595b7fecd0
R12=0x00007ff861e73b84, R13=0x0000017fb9be2d68, R14=0x000000595b7fee38, R15=0x0000017fd9c69560
RIP=0x00007ff861e766f0, EFLAGS=0x0000000000010206

Top of Stack: (sp=0x000000595b7fed30)
0x000000595b7fed30:   0000000000000000 00007ff87b4df05b
0x000000595b7fed40:   0000017fd9c69570 0000017fd9c69560
0x000000595b7fed50:   fffffffffffffffe 00007ff861e73b84
0x000000595b7fed60:   0000017fd9c69568 00007ff87b4e42d6
0x000000595b7fed70:   0000017fd9c69570 0000017f00000000
0x000000595b7fed80:   0000017fd9c69588 0000017fd9c69560
0x000000595b7fed90:   fffffffffffffffe 0000000000000000
0x000000595b7feda0:   0000000000000001 00007ff861e50000
0x000000595b7fedb0:   000000595b7fee28 00007ff87b4e41fb
0x000000595b7fedc0:   0000000000000000 000000595b7fee38
0x000000595b7fedd0:   000000595b7ff0f0 00007ff87b5c0e40
0x000000595b7fede0:   0000000000000000 00007ff87b4e41b4
0x000000595b7fedf0:   0000000000000000 0000000000000001
0x000000595b7fee00:   00007ff80000000d 000000595b7fee28
0x000000595b7fee10:   0000000000000000 00007ff861e73a12
0x000000595b7fee20:   00007ff861e8d118 0000005900000002 

Instructions: (pc=0x00007ff861e766f0)
0x00007ff861e765f0:   8b 4d 60 e8 98 c9 ff ff 48 8b 55 68 48 8b 8d 08
0x00007ff861e76600:   01 00 00 e8 49 be ff ff 33 d2 33 c9 e8 49 de ff
0x00007ff861e76610:   ff 90 cc cc cc cc cc cc cc cc cc cc cc cc cc cc
0x00007ff861e76620:   48 8d 8a 80 00 00 00 e9 14 e9 fe ff 48 89 54 24
0x00007ff861e76630:   10 55 48 83 ec 20 48 8b ea 48 8d 05 dd ca ff ff
0x00007ff861e76640:   48 83 c4 20 5d c3 cc 40 55 48 8b ea 48 8b 01 33
0x00007ff861e76650:   c9 81 38 05 00 00 c0 0f 94 c1 8b c1 5d c3 cc 40
0x00007ff861e76660:   55 48 83 ec 20 48 8b ea 8a 4d 40 48 83 c4 20 5d
0x00007ff861e76670:   e9 df cd ff ff cc 40 55 48 83 ec 20 48 8b ea e8
0x00007ff861e76680:   fc cb ff ff 8a 4d 38 48 83 c4 20 5d e9 c3 cd ff
0x00007ff861e76690:   ff cc 40 55 48 83 ec 30 48 8b ea 48 8b 01 8b 10
0x00007ff861e766a0:   48 89 4c 24 28 89 54 24 20 4c 8d 0d a4 d1 ff ff
0x00007ff861e766b0:   4c 8b 45 70 8b 55 68 48 8b 4d 60 e8 30 cb ff ff
0x00007ff861e766c0:   90 48 83 c4 30 5d c3 cc cc cc cc cc cc cc cc cc
0x00007ff861e766d0:   40 53 48 83 ec 30 48 c7 44 24 20 fe ff ff ff 48
0x00007ff861e766e0:   8b 1d 2a 64 01 00 48 85 db 74 16 e8 90 85 ff ff
0x00007ff861e766f0:   4c 8b 00 48 8b d3 48 8b c8 41 ff 90 b0 00 00 00
0x00007ff861e76700:   90 48 83 c4 30 5b c3 cc cc cc cc cc cc cc cc cc
0x00007ff861e76710:   40 53 48 83 ec 20 48 8b 1d 9b 65 01 00 48 85 db
0x00007ff861e76720:   74 57 b8 ff ff ff ff f0 0f c1 43 10 83 f8 01 75
0x00007ff861e76730:   3d 48 85 db 74 38 48 8b 0b 48 85 c9 74 0d ff 15
0x00007ff861e76740:   64 0b 00 00 48 c7 03 00 00 00 00 48 8b 4b 08 48
0x00007ff861e76750:   85 c9 74 0d e8 37 c8 ff ff 48 c7 43 08 00 00 00
0x00007ff861e76760:   00 ba 18 00 00 00 48 8b cb e8 22 c8 ff ff 48 c7
0x00007ff861e76770:   05 3f 65 01 00 00 00 00 00 48 83 c4 20 5b c3 cc
0x00007ff861e76780:   40 53 48 83 ec 20 48 8b 1d 0b 65 01 00 48 85 db
0x00007ff861e76790:   74 57 b8 ff ff ff ff f0 0f c1 43 10 83 f8 01 75
0x00007ff861e767a0:   3d 48 85 db 74 38 48 8b 0b 48 85 c9 74 0d ff 15
0x00007ff861e767b0:   f4 0a 00 00 48 c7 03 00 00 00 00 48 8b 4b 08 48
0x00007ff861e767c0:   85 c9 74 0d e8 c7 c7 ff ff 48 c7 43 08 00 00 00
0x00007ff861e767d0:   00 ba 18 00 00 00 48 8b cb e8 b2 c7 ff ff 48 c7
0x00007ff861e767e0:   05 af 64 01 00 00 00 00 00 48 83 c4 20 5b c3 cc 


Stack slot to memory mapping:
stack at sp + 0 slots: 0x0 is NULL
stack at sp + 1 slots: 0x00007ff87b4df05b ucrtbase.dll
stack at sp + 2 slots: 0x0000017fd9c69570 points into unknown readable memory: d8 12 23 fb 3f ab 00 00
stack at sp + 3 slots: 0x0000017fd9c69560 points into unknown readable memory: a7 12 23 97 09 4c 61 f8
stack at sp + 4 slots: 0xfffffffffffffffe is an unknown value
stack at sp + 5 slots: 0x00007ff861e73b84 glass.dll
stack at sp + 6 slots: 0x0000017fd9c69568 points into unknown readable memory: d8 12 23 fb 3f ab 00 00
stack at sp + 7 slots: 0x00007ff87b4e42d6 ucrtbase.dll

VM_Operation (0x000000595b0fed40): Exit, mode: safepoint, requested by thread 0x0000017fe078d000


---------------  P R O C E S S  ---------------

Threads class SMR info:
_java_thread_list=0x0000017fdaf5a7f0, length=19, elements={
0x0000017fb9b69800, 0x0000017fd8a9e800, 0x0000017fd8aa2000, 0x0000017fd8abe800,
0x0000017fd8ac0800, 0x0000017fd8ac2000, 0x0000017fd8ac6000, 0x0000017fd8ad2800,
0x0000017fd8a83800, 0x0000017fda9bb000, 0x0000017fd9a2c000, 0x0000017fda240000,
0x0000017fda4d2800, 0x0000017fda152000, 0x0000017fdabed800, 0x0000017fdac5f000,
0x0000017fe0151000, 0x0000017fdffb6800, 0x0000017fe078d000
}

Java Threads: ( => current thread )
  0x0000017fb9b69800 JavaThread "main" [_thread_blocked, id=1316, stack(0x000000595b100000,0x000000595b200000)]
  0x0000017fd8a9e800 JavaThread "Reference Handler" daemon [_thread_blocked, id=6412, stack(0x000000595b800000,0x000000595b900000)]
  0x0000017fd8aa2000 JavaThread "Finalizer" daemon [_thread_blocked, id=7576, stack(0x000000595b900000,0x000000595ba00000)]
  0x0000017fd8abe800 JavaThread "Attach Listener" daemon [_thread_blocked, id=2364, stack(0x000000595bb00000,0x000000595bc00000)]
  0x0000017fd8ac0800 JavaThread "Service Thread" daemon [_thread_blocked, id=3436, stack(0x000000595bc00000,0x000000595bd00000)]
  0x0000017fd8ac2000 JavaThread "C2 CompilerThread0" daemon [_thread_blocked, id=6820, stack(0x000000595bd00000,0x000000595be00000)]
  0x0000017fd8ac6000 JavaThread "C1 CompilerThread0" daemon [_thread_blocked, id=9408, stack(0x000000595be00000,0x000000595bf00000)]
  0x0000017fd8ad2800 JavaThread "Sweeper thread" daemon [_thread_blocked, id=13168, stack(0x000000595bf00000,0x000000595c000000)]
  0x0000017fd8a83800 JavaThread "Common-Cleaner" daemon [_thread_blocked, id=13648, stack(0x000000595c000000,0x000000595c100000)]
  0x0000017fda9bb000 JavaThread "Monitor Ctrl-Break" daemon [_thread_in_native, id=7440, stack(0x000000595c300000,0x000000595c400000)]
  0x0000017fd9a2c000 JavaThread "Notification Thread" daemon [_thread_blocked, id=4736, stack(0x000000595c400000,0x000000595c500000)]
  0x0000017fda240000 JavaThread "QuantumRenderer-0" daemon [_thread_blocked, id=10468, stack(0x000000595c700000,0x000000595c800000)]
  0x0000017fda4d2800 JavaThread "InvokeLaterDispatcher" daemon [_thread_blocked, id=2388, stack(0x000000595c800000,0x000000595c900000)]
  0x0000017fda152000 JavaThread "JavaFX Application Thread" [_thread_in_native, id=11636, stack(0x000000595c900000,0x000000595ca00000)]
  0x0000017fdabed800 JavaThread "JavaFX-Launcher" [_thread_blocked, id=6768, stack(0x000000595ce00000,0x000000595cf00000)]
  0x0000017fdac5f000 JavaThread "Thread-2" daemon [_thread_in_native, id=7588, stack(0x000000595cd00000,0x000000595ce00000)]
  0x0000017fe0151000 JavaThread "Prism Font Disposer" daemon [_thread_blocked, id=14756, stack(0x000000595d500000,0x000000595d600000)]
  0x0000017fdffb6800 JavaThread "Cleaner-0" daemon [_thread_blocked, id=2836, stack(0x000000595d600000,0x000000595d700000)]
  0x0000017fe078d000 JavaThread "SIGINT handler" daemon [_thread_blocked, id=10980, stack(0x000000595b000000,0x000000595b100000)]

Other Threads:
=>0x0000017fd8a9d000 VMThread "VM Thread" [stack: 0x000000595b700000,0x000000595b800000] [id=12816]
  0x0000017fb9baa800 GCTaskThread "GC Thread#0" [stack: 0x000000595b200000,0x000000595b300000] [id=9512]
  0x0000017fda8be800 GCTaskThread "GC Thread#1" [stack: 0x000000595c200000,0x000000595c300000] [id=11448]
  0x0000017fda8bf800 GCTaskThread "GC Thread#2" [stack: 0x000000595c600000,0x000000595c700000] [id=2472]
  0x0000017fda8c0800 GCTaskThread "GC Thread#3" [stack: 0x000000595d200000,0x000000595d300000] [id=8308]
  0x0000017fda8be000 GCTaskThread "GC Thread#4" [stack: 0x000000595d300000,0x000000595d400000] [id=1664]
  0x0000017fda8bc000 GCTaskThread "GC Thread#5" [stack: 0x000000595d400000,0x000000595d500000] [id=7568]
  0x0000017fb9bbb800 ConcurrentGCThread "G1 Main Marker" [stack: 0x000000595b300000,0x000000595b400000] [id=14420]
  0x0000017fb9bbe000 ConcurrentGCThread "G1 Conc#0" [stack: 0x000000595b400000,0x000000595b500000] [id=4664]
  0x0000017fb9c3e000 ConcurrentGCThread "G1 Refine#0" [stack: 0x000000595b500000,0x000000595b600000] [id=5088]
  0x0000017fd8911800 ConcurrentGCThread "G1 Young RemSet Sampling" [stack: 0x000000595b600000,0x000000595b700000] [id=920]

Threads with active compile tasks:

VM state:at safepoint (shutting down)

VM Mutex/Monitor currently owned by a thread:  ([mutex/lock_event])
[0x0000017fb9b63610] Threads_lock - owner thread: 0x0000017fd8a9d000
[0x0000017fb9b63190] Heap_lock - owner thread: 0x0000017fe078d000

Heap address: 0x0000000083400000, size: 1996 MB, Compressed Oops mode: 32-bit
Narrow klass base: 0x0000000800000000, Narrow klass shift: 3
Compressed class space size: 1073741824 Address: 0x0000000800b30000

Heap:
 garbage-first heap   total 129024K, used 39894K [0x0000000083400000, 0x0000000100000000)
  region size 1024K, 33 young (33792K), 5 survivors (5120K)
 Metaspace       used 17617K, capacity 18440K, committed 18688K, reserved 1064960K
  class space    used 2497K, capacity 2809K, committed 2816K, reserved 1048576K
Heap Regions: E=young(eden), S=young(survivor), O=old, HS=humongous(starts), HC=humongous(continues), CS=collection set, F=free, OA=open archive, CA=closed archive, TAMS=top-at-mark-start (previous, next)
|   0|0x0000000083400000, 0x0000000083500000, 0x0000000083500000|100%|HS|  |TAMS 0x0000000083400000, 0x0000000083400000| Complete 
|   1|0x0000000083500000, 0x0000000083600000, 0x0000000083600000|100%| O|  |TAMS 0x0000000083500000, 0x0000000083500000| Untracked 
|   2|0x0000000083600000, 0x0000000083700000, 0x0000000083700000|100%| O|  |TAMS 0x0000000083600000, 0x0000000083600000| Untracked 
|   3|0x0000000083700000, 0x0000000083800000, 0x0000000083800000|100%| O|  |TAMS 0x0000000083700000, 0x0000000083700000| Untracked 
|   4|0x0000000083800000, 0x00000000838f5800, 0x0000000083900000| 95%| O|  |TAMS 0x0000000083800000, 0x0000000083800000| Untracked 
|   5|0x0000000083900000, 0x0000000083a00000, 0x0000000083a00000|100%|HS|  |TAMS 0x0000000083900000, 0x0000000083900000| Complete 
|   6|0x0000000083a00000, 0x0000000083b00000, 0x0000000083b00000|100%|HC|  |TAMS 0x0000000083a00000, 0x0000000083a00000| Complete 
|   7|0x0000000083b00000, 0x0000000083b00000, 0x0000000083c00000|  0%| F|  |TAMS 0x0000000083b00000, 0x0000000083b00000| Untracked 
|   8|0x0000000083c00000, 0x0000000083c00000, 0x0000000083d00000|  0%| F|  |TAMS 0x0000000083c00000, 0x0000000083c00000| Untracked 
|   9|0x0000000083d00000, 0x0000000083d00000, 0x0000000083e00000|  0%| F|  |TAMS 0x0000000083d00000, 0x0000000083d00000| Untracked 
|  10|0x0000000083e00000, 0x0000000083e00000, 0x0000000083f00000|  0%| F|  |TAMS 0x0000000083e00000, 0x0000000083e00000| Untracked 
|  11|0x0000000083f00000, 0x0000000083f00000, 0x0000000084000000|  0%| F|  |TAMS 0x0000000083f00000, 0x0000000083f00000| Untracked 
|  12|0x0000000084000000, 0x0000000084000000, 0x0000000084100000|  0%| F|  |TAMS 0x0000000084000000, 0x0000000084000000| Untracked 
|  13|0x0000000084100000, 0x0000000084100000, 0x0000000084200000|  0%| F|  |TAMS 0x0000000084100000, 0x0000000084100000| Untracked 
|  14|0x0000000084200000, 0x0000000084200000, 0x0000000084300000|  0%| F|  |TAMS 0x0000000084200000, 0x0000000084200000| Untracked 
|  15|0x0000000084300000, 0x0000000084300000, 0x0000000084400000|  0%| F|  |TAMS 0x0000000084300000, 0x0000000084300000| Untracked 
|  16|0x0000000084400000, 0x0000000084400000, 0x0000000084500000|  0%| F|  |TAMS 0x0000000084400000, 0x0000000084400000| Untracked 
|  17|0x0000000084500000, 0x0000000084500000, 0x0000000084600000|  0%| F|  |TAMS 0x0000000084500000, 0x0000000084500000| Untracked 
|  18|0x0000000084600000, 0x0000000084600000, 0x0000000084700000|  0%| F|  |TAMS 0x0000000084600000, 0x0000000084600000| Untracked 
|  19|0x0000000084700000, 0x0000000084700000, 0x0000000084800000|  0%| F|  |TAMS 0x0000000084700000, 0x0000000084700000| Untracked 
|  20|0x0000000084800000, 0x0000000084800000, 0x0000000084900000|  0%| F|  |TAMS 0x0000000084800000, 0x0000000084800000| Untracked 
|  21|0x0000000084900000, 0x0000000084900000, 0x0000000084a00000|  0%| F|  |TAMS 0x0000000084900000, 0x0000000084900000| Untracked 
|  22|0x0000000084a00000, 0x0000000084a00000, 0x0000000084b00000|  0%| F|  |TAMS 0x0000000084a00000, 0x0000000084a00000| Untracked 
|  23|0x0000000084b00000, 0x0000000084b00000, 0x0000000084c00000|  0%| F|  |TAMS 0x0000000084b00000, 0x0000000084b00000| Untracked 
|  24|0x0000000084c00000, 0x0000000084c00000, 0x0000000084d00000|  0%| F|  |TAMS 0x0000000084c00000, 0x0000000084c00000| Untracked 
|  25|0x0000000084d00000, 0x0000000084d00000, 0x0000000084e00000|  0%| F|  |TAMS 0x0000000084d00000, 0x0000000084d00000| Untracked 
|  26|0x0000000084e00000, 0x0000000084e00000, 0x0000000084f00000|  0%| F|  |TAMS 0x0000000084e00000, 0x0000000084e00000| Untracked 
|  27|0x0000000084f00000, 0x0000000084f00000, 0x0000000085000000|  0%| F|  |TAMS 0x0000000084f00000, 0x0000000084f00000| Untracked 
|  28|0x0000000085000000, 0x0000000085000000, 0x0000000085100000|  0%| F|  |TAMS 0x0000000085000000, 0x0000000085000000| Untracked 
|  29|0x0000000085100000, 0x0000000085100000, 0x0000000085200000|  0%| F|  |TAMS 0x0000000085100000, 0x0000000085100000| Untracked 
|  30|0x0000000085200000, 0x0000000085200000, 0x0000000085300000|  0%| F|  |TAMS 0x0000000085200000, 0x0000000085200000| Untracked 
|  31|0x0000000085300000, 0x0000000085300000, 0x0000000085400000|  0%| F|  |TAMS 0x0000000085300000, 0x0000000085300000| Untracked 
|  32|0x0000000085400000, 0x0000000085400000, 0x0000000085500000|  0%| F|  |TAMS 0x0000000085400000, 0x0000000085400000| Untracked 
|  33|0x0000000085500000, 0x0000000085500000, 0x0000000085600000|  0%| F|  |TAMS 0x0000000085500000, 0x0000000085500000| Untracked 
|  34|0x0000000085600000, 0x0000000085600000, 0x0000000085700000|  0%| F|  |TAMS 0x0000000085600000, 0x0000000085600000| Untracked 
|  35|0x0000000085700000, 0x0000000085700000, 0x0000000085800000|  0%| F|  |TAMS 0x0000000085700000, 0x0000000085700000| Untracked 
|  36|0x0000000085800000, 0x0000000085800000, 0x0000000085900000|  0%| F|  |TAMS 0x0000000085800000, 0x0000000085800000| Untracked 
|  37|0x0000000085900000, 0x0000000085900000, 0x0000000085a00000|  0%| F|  |TAMS 0x0000000085900000, 0x0000000085900000| Untracked 
|  38|0x0000000085a00000, 0x0000000085a00000, 0x0000000085b00000|  0%| F|  |TAMS 0x0000000085a00000, 0x0000000085a00000| Untracked 
|  39|0x0000000085b00000, 0x0000000085b00000, 0x0000000085c00000|  0%| F|  |TAMS 0x0000000085b00000, 0x0000000085b00000| Untracked 
|  40|0x0000000085c00000, 0x0000000085c00000, 0x0000000085d00000|  0%| F|  |TAMS 0x0000000085c00000, 0x0000000085c00000| Untracked 
|  41|0x0000000085d00000, 0x0000000085d00000, 0x0000000085e00000|  0%| F|  |TAMS 0x0000000085d00000, 0x0000000085d00000| Untracked 
|  42|0x0000000085e00000, 0x0000000085e00000, 0x0000000085f00000|  0%| F|  |TAMS 0x0000000085e00000, 0x0000000085e00000| Untracked 
|  43|0x0000000085f00000, 0x0000000085f00000, 0x0000000086000000|  0%| F|  |TAMS 0x0000000085f00000, 0x0000000085f00000| Untracked 
|  44|0x0000000086000000, 0x0000000086000000, 0x0000000086100000|  0%| F|  |TAMS 0x0000000086000000, 0x0000000086000000| Untracked 
|  45|0x0000000086100000, 0x0000000086100000, 0x0000000086200000|  0%| F|  |TAMS 0x0000000086100000, 0x0000000086100000| Untracked 
|  46|0x0000000086200000, 0x0000000086200000, 0x0000000086300000|  0%| F|  |TAMS 0x0000000086200000, 0x0000000086200000| Untracked 
|  47|0x0000000086300000, 0x0000000086300000, 0x0000000086400000|  0%| F|  |TAMS 0x0000000086300000, 0x0000000086300000| Untracked 
|  48|0x0000000086400000, 0x0000000086400000, 0x0000000086500000|  0%| F|  |TAMS 0x0000000086400000, 0x0000000086400000| Untracked 
|  49|0x0000000086500000, 0x0000000086500000, 0x0000000086600000|  0%| F|  |TAMS 0x0000000086500000, 0x0000000086500000| Untracked 
|  50|0x0000000086600000, 0x0000000086600000, 0x0000000086700000|  0%| F|  |TAMS 0x0000000086600000, 0x0000000086600000| Untracked 
|  51|0x0000000086700000, 0x0000000086700000, 0x0000000086800000|  0%| F|  |TAMS 0x0000000086700000, 0x0000000086700000| Untracked 
|  52|0x0000000086800000, 0x0000000086800000, 0x0000000086900000|  0%| F|  |TAMS 0x0000000086800000, 0x0000000086800000| Untracked 
|  53|0x0000000086900000, 0x0000000086900000, 0x0000000086a00000|  0%| F|  |TAMS 0x0000000086900000, 0x0000000086900000| Untracked 
|  54|0x0000000086a00000, 0x0000000086a00000, 0x0000000086b00000|  0%| F|  |TAMS 0x0000000086a00000, 0x0000000086a00000| Untracked 
|  55|0x0000000086b00000, 0x0000000086b00000, 0x0000000086c00000|  0%| F|  |TAMS 0x0000000086b00000, 0x0000000086b00000| Untracked 
|  56|0x0000000086c00000, 0x0000000086c00000, 0x0000000086d00000|  0%| F|  |TAMS 0x0000000086c00000, 0x0000000086c00000| Untracked 
|  57|0x0000000086d00000, 0x0000000086d00000, 0x0000000086e00000|  0%| F|  |TAMS 0x0000000086d00000, 0x0000000086d00000| Untracked 
|  58|0x0000000086e00000, 0x0000000086e00000, 0x0000000086f00000|  0%| F|  |TAMS 0x0000000086e00000, 0x0000000086e00000| Untracked 
|  59|0x0000000086f00000, 0x0000000086f00000, 0x0000000087000000|  0%| F|  |TAMS 0x0000000086f00000, 0x0000000086f00000| Untracked 
|  60|0x0000000087000000, 0x0000000087000000, 0x0000000087100000|  0%| F|  |TAMS 0x0000000087000000, 0x0000000087000000| Untracked 
|  61|0x0000000087100000, 0x0000000087100000, 0x0000000087200000|  0%| F|  |TAMS 0x0000000087100000, 0x0000000087100000| Untracked 
|  62|0x0000000087200000, 0x0000000087200000, 0x0000000087300000|  0%| F|  |TAMS 0x0000000087200000, 0x0000000087200000| Untracked 
|  63|0x0000000087300000, 0x0000000087300000, 0x0000000087400000|  0%| F|  |TAMS 0x0000000087300000, 0x0000000087300000| Untracked 
|  64|0x0000000087400000, 0x0000000087400000, 0x0000000087500000|  0%| F|  |TAMS 0x0000000087400000, 0x0000000087400000| Untracked 
|  65|0x0000000087500000, 0x0000000087500000, 0x0000000087600000|  0%| F|  |TAMS 0x0000000087500000, 0x0000000087500000| Untracked 
|  66|0x0000000087600000, 0x0000000087600000, 0x0000000087700000|  0%| F|  |TAMS 0x0000000087600000, 0x0000000087600000| Untracked 
|  67|0x0000000087700000, 0x0000000087700000, 0x0000000087800000|  0%| F|  |TAMS 0x0000000087700000, 0x0000000087700000| Untracked 
|  68|0x0000000087800000, 0x0000000087800000, 0x0000000087900000|  0%| F|  |TAMS 0x0000000087800000, 0x0000000087800000| Untracked 
|  69|0x0000000087900000, 0x0000000087900000, 0x0000000087a00000|  0%| F|  |TAMS 0x0000000087900000, 0x0000000087900000| Untracked 
|  70|0x0000000087a00000, 0x0000000087a00000, 0x0000000087b00000|  0%| F|  |TAMS 0x0000000087a00000, 0x0000000087a00000| Untracked 
|  71|0x0000000087b00000, 0x0000000087b00000, 0x0000000087c00000|  0%| F|  |TAMS 0x0000000087b00000, 0x0000000087b00000| Untracked 
|  72|0x0000000087c00000, 0x0000000087c00000, 0x0000000087d00000|  0%| F|  |TAMS 0x0000000087c00000, 0x0000000087c00000| Untracked 
|  73|0x0000000087d00000, 0x0000000087d00000, 0x0000000087e00000|  0%| F|  |TAMS 0x0000000087d00000, 0x0000000087d00000| Untracked 
|  74|0x0000000087e00000, 0x0000000087e00000, 0x0000000087f00000|  0%| F|  |TAMS 0x0000000087e00000, 0x0000000087e00000| Untracked 
|  75|0x0000000087f00000, 0x0000000087f00000, 0x0000000088000000|  0%| F|  |TAMS 0x0000000087f00000, 0x0000000087f00000| Untracked 
|  76|0x0000000088000000, 0x0000000088000000, 0x0000000088100000|  0%| F|  |TAMS 0x0000000088000000, 0x0000000088000000| Untracked 
|  77|0x0000000088100000, 0x0000000088100000, 0x0000000088200000|  0%| F|  |TAMS 0x0000000088100000, 0x0000000088100000| Untracked 
|  78|0x0000000088200000, 0x0000000088200000, 0x0000000088300000|  0%| F|  |TAMS 0x0000000088200000, 0x0000000088200000| Untracked 
|  79|0x0000000088300000, 0x0000000088300000, 0x0000000088400000|  0%| F|  |TAMS 0x0000000088300000, 0x0000000088300000| Untracked 
|  80|0x0000000088400000, 0x0000000088400000, 0x0000000088500000|  0%| F|  |TAMS 0x0000000088400000, 0x0000000088400000| Untracked 
|  81|0x0000000088500000, 0x0000000088500000, 0x0000000088600000|  0%| F|  |TAMS 0x0000000088500000, 0x0000000088500000| Untracked 
|  82|0x0000000088600000, 0x0000000088600000, 0x0000000088700000|  0%| F|  |TAMS 0x0000000088600000, 0x0000000088600000| Untracked 
|  83|0x0000000088700000, 0x0000000088700000, 0x0000000088800000|  0%| F|  |TAMS 0x0000000088700000, 0x0000000088700000| Untracked 
|  84|0x0000000088800000, 0x0000000088800000, 0x0000000088900000|  0%| F|  |TAMS 0x0000000088800000, 0x0000000088800000| Untracked 
|  85|0x0000000088900000, 0x0000000088900000, 0x0000000088a00000|  0%| F|  |TAMS 0x0000000088900000, 0x0000000088900000| Untracked 
|  86|0x0000000088a00000, 0x0000000088a00000, 0x0000000088b00000|  0%| F|  |TAMS 0x0000000088a00000, 0x0000000088a00000| Untracked 
|  87|0x0000000088b00000, 0x0000000088b00000, 0x0000000088c00000|  0%| F|  |TAMS 0x0000000088b00000, 0x0000000088b00000| Untracked 
|  88|0x0000000088c00000, 0x0000000088d00000, 0x0000000088d00000|100%| S|CS|TAMS 0x0000000088c00000, 0x0000000088c00000| Complete 
|  89|0x0000000088d00000, 0x0000000088e00000, 0x0000000088e00000|100%| S|CS|TAMS 0x0000000088d00000, 0x0000000088d00000| Complete 
|  90|0x0000000088e00000, 0x0000000088f00000, 0x0000000088f00000|100%| S|CS|TAMS 0x0000000088e00000, 0x0000000088e00000| Complete 
|  91|0x0000000088f00000, 0x0000000089000000, 0x0000000089000000|100%| S|CS|TAMS 0x0000000088f00000, 0x0000000088f00000| Complete 
|  92|0x0000000089000000, 0x0000000089100000, 0x0000000089100000|100%| S|CS|TAMS 0x0000000089000000, 0x0000000089000000| Complete 
|  93|0x0000000089100000, 0x0000000089100000, 0x0000000089200000|  0%| F|  |TAMS 0x0000000089100000, 0x0000000089100000| Untracked 
|  94|0x0000000089200000, 0x0000000089200000, 0x0000000089300000|  0%| F|  |TAMS 0x0000000089200000, 0x0000000089200000| Untracked 
|  95|0x0000000089300000, 0x0000000089300000, 0x0000000089400000|  0%| F|  |TAMS 0x0000000089300000, 0x0000000089300000| Untracked 
|  96|0x0000000089400000, 0x0000000089400000, 0x0000000089500000|  0%| F|  |TAMS 0x0000000089400000, 0x0000000089400000| Untracked 
|  97|0x0000000089500000, 0x0000000089500000, 0x0000000089600000|  0%| F|  |TAMS 0x0000000089500000, 0x0000000089500000| Untracked 
|  98|0x0000000089600000, 0x000000008968fe10, 0x0000000089700000| 56%| E|  |TAMS 0x0000000089600000, 0x0000000089600000| Complete 
|  99|0x0000000089700000, 0x0000000089800000, 0x0000000089800000|100%| E|CS|TAMS 0x0000000089700000, 0x0000000089700000| Complete 
| 100|0x0000000089800000, 0x0000000089900000, 0x0000000089900000|100%| E|CS|TAMS 0x0000000089800000, 0x0000000089800000| Complete 
| 101|0x0000000089900000, 0x0000000089a00000, 0x0000000089a00000|100%| E|CS|TAMS 0x0000000089900000, 0x0000000089900000| Complete 
| 102|0x0000000089a00000, 0x0000000089b00000, 0x0000000089b00000|100%| E|CS|TAMS 0x0000000089a00000, 0x0000000089a00000| Complete 
| 103|0x0000000089b00000, 0x0000000089c00000, 0x0000000089c00000|100%| E|CS|TAMS 0x0000000089b00000, 0x0000000089b00000| Complete 
| 104|0x0000000089c00000, 0x0000000089d00000, 0x0000000089d00000|100%| E|CS|TAMS 0x0000000089c00000, 0x0000000089c00000| Complete 
| 105|0x0000000089d00000, 0x0000000089e00000, 0x0000000089e00000|100%| E|CS|TAMS 0x0000000089d00000, 0x0000000089d00000| Complete 
| 106|0x0000000089e00000, 0x0000000089f00000, 0x0000000089f00000|100%| E|CS|TAMS 0x0000000089e00000, 0x0000000089e00000| Complete 
| 107|0x0000000089f00000, 0x000000008a000000, 0x000000008a000000|100%| E|CS|TAMS 0x0000000089f00000, 0x0000000089f00000| Complete 
| 108|0x000000008a000000, 0x000000008a100000, 0x000000008a100000|100%| E|CS|TAMS 0x000000008a000000, 0x000000008a000000| Complete 
| 109|0x000000008a100000, 0x000000008a200000, 0x000000008a200000|100%| E|CS|TAMS 0x000000008a100000, 0x000000008a100000| Complete 
| 110|0x000000008a200000, 0x000000008a300000, 0x000000008a300000|100%| E|CS|TAMS 0x000000008a200000, 0x000000008a200000| Complete 
| 111|0x000000008a300000, 0x000000008a400000, 0x000000008a400000|100%| E|CS|TAMS 0x000000008a300000, 0x000000008a300000| Complete 
| 112|0x000000008a400000, 0x000000008a500000, 0x000000008a500000|100%| E|CS|TAMS 0x000000008a400000, 0x000000008a400000| Complete 
| 113|0x000000008a500000, 0x000000008a600000, 0x000000008a600000|100%| E|CS|TAMS 0x000000008a500000, 0x000000008a500000| Complete 
| 114|0x000000008a600000, 0x000000008a700000, 0x000000008a700000|100%| E|CS|TAMS 0x000000008a600000, 0x000000008a600000| Complete 
| 115|0x000000008a700000, 0x000000008a800000, 0x000000008a800000|100%| E|CS|TAMS 0x000000008a700000, 0x000000008a700000| Complete 
| 116|0x000000008a800000, 0x000000008a900000, 0x000000008a900000|100%| E|CS|TAMS 0x000000008a800000, 0x000000008a800000| Complete 
| 117|0x000000008a900000, 0x000000008aa00000, 0x000000008aa00000|100%| E|CS|TAMS 0x000000008a900000, 0x000000008a900000| Complete 
| 118|0x000000008aa00000, 0x000000008ab00000, 0x000000008ab00000|100%| E|CS|TAMS 0x000000008aa00000, 0x000000008aa00000| Complete 
| 119|0x000000008ab00000, 0x000000008ac00000, 0x000000008ac00000|100%| E|CS|TAMS 0x000000008ab00000, 0x000000008ab00000| Complete 
| 120|0x000000008ac00000, 0x000000008ad00000, 0x000000008ad00000|100%| E|CS|TAMS 0x000000008ac00000, 0x000000008ac00000| Complete 
| 121|0x000000008ad00000, 0x000000008ae00000, 0x000000008ae00000|100%| E|CS|TAMS 0x000000008ad00000, 0x000000008ad00000| Complete 
| 122|0x000000008ae00000, 0x000000008af00000, 0x000000008af00000|100%| E|CS|TAMS 0x000000008ae00000, 0x000000008ae00000| Complete 
| 123|0x000000008af00000, 0x000000008b000000, 0x000000008b000000|100%| E|CS|TAMS 0x000000008af00000, 0x000000008af00000| Complete 
| 124|0x000000008b000000, 0x000000008b100000, 0x000000008b100000|100%| E|CS|TAMS 0x000000008b000000, 0x000000008b000000| Complete 
| 125|0x000000008b100000, 0x000000008b200000, 0x000000008b200000|100%| E|CS|TAMS 0x000000008b100000, 0x000000008b100000| Complete 

Card table byte_map: [0x0000017fd1a30000,0x0000017fd1e20000] _byte_map_base: 0x0000017fd1616000

Marking Bits (Prev, Next): (CMBitMap*) 0x0000017fb9bab4a8, (CMBitMap*) 0x0000017fb9bab4e8
 Prev Bits: [0x0000017fd2210000, 0x0000017fd4140000)
 Next Bits: [0x0000017fd4140000, 0x0000017fd6070000)

Polling page: 0x0000017fb7a70000

Metaspace:

Usage:
  Non-class:     15.26 MB capacity,    14.77 MB ( 97%) used,   427.86 KB (  3%) free+waste,    83.31 KB ( <1%) overhead. 
      Class:      2.74 MB capacity,     2.44 MB ( 89%) used,   267.44 KB ( 10%) free+waste,    44.38 KB (  2%) overhead. 
       Both:     18.01 MB capacity,    17.20 MB ( 96%) used,   695.30 KB (  4%) free+waste,   127.69 KB ( <1%) overhead. 

Virtual space:
  Non-class space:       16.00 MB reserved,      15.50 MB ( 97%) committed 
      Class space:        1.00 GB reserved,       2.75 MB ( <1%) committed 
             Both:        1.02 GB reserved,      18.25 MB (  2%) committed 

Chunk freelists:
   Non-Class:  0 bytes
       Class:  7.00 KB
        Both:  7.00 KB

MaxMetaspaceSize: 17179869184.00 GB
CompressedClassSpaceSize: 1.00 GB

CodeHeap 'non-profiled nmethods': size=120000Kb used=1292Kb max_used=1292Kb free=118707Kb
 bounds [0x0000017fc9de0000, 0x0000017fca050000, 0x0000017fd1310000]
CodeHeap 'profiled nmethods': size=120000Kb used=6031Kb max_used=6031Kb free=113968Kb
 bounds [0x0000017fc28b0000, 0x0000017fc2ea0000, 0x0000017fc9de0000]
CodeHeap 'non-nmethods': size=5760Kb used=1470Kb max_used=1492Kb free=4289Kb
 bounds [0x0000017fc2310000, 0x0000017fc2580000, 0x0000017fc28b0000]
 total_blobs=3934 nmethods=3137 adapters=708
 compilation: enabled
              stopped_count=0, restarted_count=0
 full_count=0

Compilation events (20 events):
Event: 345.317 Thread 0x0000017fd8ac6000 3126       3       jdk.internal.org.objectweb.asm.Type::getDescriptor (90 bytes)
Event: 345.318 Thread 0x0000017fd8ac6000 nmethod 3126 0x0000017fc2e8e110 code [0x0000017fc2e8e380, 0x0000017fc2e8ecf8]
Event: 345.318 Thread 0x0000017fd8ac6000 3129       3       java.lang.invoke.InvokerBytecodeGenerator::emitStaticInvoke (258 bytes)
Event: 345.319 Thread 0x0000017fd8ac6000 nmethod 3129 0x0000017fc2e8f010 code [0x0000017fc2e8f300, 0x0000017fc2e90188]
Event: 345.319 Thread 0x0000017fd8ac6000 3130       3       java.lang.invoke.InvokerBytecodeGenerator::refKindOpcode (112 bytes)
Event: 345.319 Thread 0x0000017fd8ac6000 nmethod 3130 0x0000017fc2e90710 code [0x0000017fc2e90960, 0x0000017fc2e91398]
Event: 345.319 Thread 0x0000017fd8ac6000 3128       3       java.util.Arrays::copyOfRange (90 bytes)
Event: 345.320 Thread 0x0000017fd8ac6000 nmethod 3128 0x0000017fc2e91690 code [0x0000017fc2e91960, 0x0000017fc2e928d8]
Event: 522.981 Thread 0x0000017fd8ac2000 3134  s!   4       com.sun.javafx.tk.Toolkit::getToolkit (226 bytes)
Event: 522.983 Thread 0x0000017fd8ac2000 nmethod 3134 0x0000017fc9f20510 code [0x0000017fc9f206a0, 0x0000017fc9f208f8]
Event: 523.066 Thread 0x0000017fd8ac2000 3135   !   4       javafx.scene.Node::intersectsBounds (1005 bytes)
Event: 523.078 Thread 0x0000017fd8ac2000 nmethod 3135 0x0000017fc9f20a10 code [0x0000017fc9f20e00, 0x0000017fc9f21d30]
Event: 523.154 Thread 0x0000017fd8ac6000 3136       3       com.sun.javafx.util.Logging::getInputLogger (18 bytes)
Event: 523.154 Thread 0x0000017fd8ac6000 nmethod 3136 0x0000017fc2e92e10 code [0x0000017fc2e92fc0, 0x0000017fc2e93188]
Event: 784.774 Thread 0x0000017fd8ac6000 3137       3       java.util.ArrayDeque::remove (5 bytes)
Event: 784.774 Thread 0x0000017fd8ac6000 nmethod 3137 0x0000017fc2e93210 code [0x0000017fc2e933e0, 0x0000017fc2e936b8]
Event: 785.768 Thread 0x0000017fd8ac6000 3138       3       com.sun.glass.ui.Application::invokeLater (13 bytes)
Event: 785.769 Thread 0x0000017fd8ac6000 nmethod 3138 0x0000017fc2e93810 code [0x0000017fc2e939c0, 0x0000017fc2e93c28]
Event: 785.816 Thread 0x0000017fd8ac6000 3139       1       com.sun.javafx.scene.control.behavior.BehaviorBase::getNode (5 bytes)
Event: 785.816 Thread 0x0000017fd8ac6000 nmethod 3139 0x0000017fc9f22e90 code [0x0000017fc9f23020, 0x0000017fc9f230f8]

GC Heap History (4 events):
Event: 0.703 GC heap before
{Heap before GC invocations=0 (full 0):
 garbage-first heap   total 129024K, used 23552K [0x0000000083400000, 0x0000000100000000)
  region size 1024K, 23 young (23552K), 0 survivors (0K)
 Metaspace       used 2923K, capacity 5335K, committed 5504K, reserved 1056768K
  class space    used 325K, capacity 568K, committed 640K, reserved 1048576K
}
Event: 0.706 GC heap after
{Heap after GC invocations=1 (full 0):
 garbage-first heap   total 129024K, used 4941K [0x0000000083400000, 0x0000000100000000)
  region size 1024K, 3 young (3072K), 3 survivors (3072K)
 Metaspace       used 2923K, capacity 5335K, committed 5504K, reserved 1056768K
  class space    used 325K, capacity 568K, committed 640K, reserved 1048576K
}
Event: 1.347 GC heap before
{Heap before GC invocations=1 (full 0):
 garbage-first heap   total 129024K, used 34637K [0x0000000083400000, 0x0000000100000000)
  region size 1024K, 33 young (33792K), 3 survivors (3072K)
 Metaspace       used 11270K, capacity 11808K, committed 12032K, reserved 1058816K
  class space    used 1494K, capacity 1666K, committed 1792K, reserved 1048576K
}
Event: 1.353 GC heap after
{Heap after GC invocations=2 (full 0):
 garbage-first heap   total 129024K, used 10198K [0x0000000083400000, 0x0000000100000000)
  region size 1024K, 5 young (5120K), 5 survivors (5120K)
 Metaspace       used 11270K, capacity 11808K, committed 12032K, reserved 1058816K
  class space    used 1494K, capacity 1666K, committed 1792K, reserved 1048576K
}

Deoptimization events (20 events):
Event: 11.929 Thread 0x0000017fda152000 Uncommon trap: trap_request=0xffffff45 fr.pc=0x0000017fc9e4214c relative=0x00000000000003cc
Event: 11.929 Thread 0x0000017fda152000 Uncommon trap: reason=unstable_if action=reinterpret pc=0x0000017fc9e4214c method=java.lang.StringLatin1.canEncode(I)Z @ 4 c2
Event: 11.929 Thread 0x0000017fda152000 DEOPT PACKING pc=0x0000017fc9e4214c sp=0x000000595c9fa470
Event: 11.929 Thread 0x0000017fda152000 DEOPT UNPACKING pc=0x0000017fc231852f sp=0x000000595c9fa400 mode 2
Event: 11.944 Thread 0x0000017fda240000 DEOPT PACKING pc=0x0000017fc2d48edf sp=0x000000595c7fdd70
Event: 11.944 Thread 0x0000017fda240000 DEOPT UNPACKING pc=0x0000017fc23583de sp=0x000000595c7fd1a8 mode 0
Event: 13.783 Thread 0x0000017fda152000 DEOPT PACKING pc=0x0000017fc2de786c sp=0x000000595c9f9e90
Event: 13.783 Thread 0x0000017fda152000 DEOPT UNPACKING pc=0x0000017fc23583de sp=0x000000595c9f9338 mode 0
Event: 13.784 Thread 0x0000017fda152000 DEOPT PACKING pc=0x0000017fc2de786c sp=0x000000595c9f9e90
Event: 13.784 Thread 0x0000017fda152000 DEOPT UNPACKING pc=0x0000017fc23583de sp=0x000000595c9f9338 mode 0
Event: 13.784 Thread 0x0000017fda152000 DEOPT PACKING pc=0x0000017fc2de786c sp=0x000000595c9f9e90
Event: 13.784 Thread 0x0000017fda152000 DEOPT UNPACKING pc=0x0000017fc23583de sp=0x000000595c9f9338 mode 0
Event: 19.349 Thread 0x0000017fda152000 Uncommon trap: trap_request=0xffffff45 fr.pc=0x0000017fc9f082a8 relative=0x0000000000000468
Event: 19.349 Thread 0x0000017fda152000 Uncommon trap: reason=unstable_if action=reinterpret pc=0x0000017fc9f082a8 method=com.sun.javafx.event.EventHandlerManager.dispatchCapturingEvent(Ljavafx/event/EventType;Ljavafx/event/Event;)Ljavafx/event/Event; @ 22 c2
Event: 19.349 Thread 0x0000017fda152000 DEOPT PACKING pc=0x0000017fc9f082a8 sp=0x000000595c9f8eb0
Event: 19.349 Thread 0x0000017fda152000 DEOPT UNPACKING pc=0x0000017fc231852f sp=0x000000595c9f8e60 mode 2
Event: 227.632 Thread 0x0000017fda152000 Uncommon trap: trap_request=0xffffff45 fr.pc=0x0000017fc9f0ccbc relative=0x000000000000083c
Event: 227.632 Thread 0x0000017fda152000 Uncommon trap: reason=unstable_if action=reinterpret pc=0x0000017fc9f0ccbc method=javafx.scene.Node.intersectsBounds(Lcom/sun/javafx/geom/PickRay;)D @ 95 c2
Event: 227.632 Thread 0x0000017fda152000 DEOPT PACKING pc=0x0000017fc9f0ccbc sp=0x000000595c9f8f30
Event: 227.632 Thread 0x0000017fda152000 DEOPT UNPACKING pc=0x0000017fc231852f sp=0x000000595c9f8e08 mode 2

Classes unloaded (0 events):
No events

Classes redefined (0 events):
No events

Internal exceptions (20 events):
Event: 0.956 Thread 0x0000017fda152000 Exception <a 'sun/nio/fs/WindowsException'{0x000000008a3c7f78}> (0x000000008a3c7f78) 
thrown [./open/src/hotspot/share/prims/jni.cpp, line 599]
Event: 0.962 Thread 0x0000017fda152000 Exception <a 'java/lang/ClassNotFoundException'{0x000000008a3e4df0}: sun/util/logging/resources/spi/loggingProvider> (0x000000008a3e4df0) 
thrown [./open/src/hotspot/share/classfile/systemDictionary.cpp, line 226]
Event: 1.082 Thread 0x0000017fda152000 Exception <a 'java/lang/NoSuchMethodError'{0x0000000089b808c0}: 'void java.lang.invoke.DirectMethodHandle$Holder.invokeStaticInit(java.lang.Object, java.lang.Object)'> (0x0000000089b808c0) 
thrown [./open/src/hotspot/share/interpreter/linkResolver.cpp, line 766]
Event: 1.135 Thread 0x0000017fda152000 Exception <a 'sun/nio/fs/WindowsException'{0x000000008960bf08}> (0x000000008960bf08) 
thrown [./open/src/hotspot/share/prims/jni.cpp, line 599]
Event: 1.154 Thread 0x0000017fda152000 Exception <a 'java/lang/NoSuchMethodError'{0x000000008967a528}: 'java.lang.Object java.lang.invoke.Invokers$Holder.linkToTargetMethod(java.lang.Object, int, java.lang.Object)'> (0x000000008967a528) 
thrown [./open/src/hotspot/share/interpreter/linkResolver.cpp, line 766]
Event: 1.222 Thread 0x0000017fda152000 Implicit null exception at 0x0000017fc9e6c9a5 to 0x0000017fc9e6cf04
Event: 1.405 Thread 0x0000017fda152000 Exception <a 'java/lang/NoSuchMethodError'{0x000000008af3c270}: 'java.lang.Object java.lang.invoke.DirectMethodHandle$Holder.invokeInterface(java.lang.Object, java.lang.Object, java.lang.Object)'> (0x000000008af3c270) 
thrown [./open/src/hotspot/share/interpreter/linkResolver.cpp, line 766]
Event: 1.405 Thread 0x0000017fda152000 Exception <a 'java/lang/IncompatibleClassChangeError'{0x000000008af3eed0}: Found class java.lang.Object, but interface was expected> (0x000000008af3eed0) 
thrown [./open/src/hotspot/share/interpreter/linkResolver.cpp, line 832]
Event: 1.476 Thread 0x0000017fda240000 Exception <a 'java/lang/NoSuchMethodError'{0x000000008adf3730}: 'int java.lang.invoke.DirectMethodHandle$Holder.invokeStaticInit(java.lang.Object, java.lang.Object)'> (0x000000008adf3730) 
thrown [./open/src/hotspot/share/interpreter/linkResolver.cpp, line 766]
Event: 2.471 Thread 0x0000017fda152000 Exception <a 'java/lang/NoSuchMethodError'{0x000000008a94bf00}: 'long java.lang.invoke.DirectMethodHandle$Holder.invokeStatic(java.lang.Object, java.lang.Object, java.lang.Object)'> (0x000000008a94bf00) 
thrown [./open/src/hotspot/share/interpreter/linkResolver.cpp, line 766]
Event: 2.472 Thread 0x0000017fda152000 Exception <a 'java/lang/NoSuchMethodError'{0x000000008a94eba8}: 'long java.lang.invoke.DirectMethodHandle$Holder.invokeStaticInit(java.lang.Object, java.lang.Object, java.lang.Object)'> (0x000000008a94eba8) 
thrown [./open/src/hotspot/share/interpreter/linkResolver.cpp, line 766]
Event: 2.474 Thread 0x0000017fda152000 Exception <a 'java/lang/NoSuchMethodError'{0x000000008a962e78}: 'java.lang.Object java.lang.invoke.Invokers$Holder.linkToTargetMethod(java.lang.Object, long, java.lang.Object)'> (0x000000008a962e78) 
thrown [./open/src/hotspot/share/interpreter/linkResolver.cpp, line 766]
Event: 2.741 Thread 0x0000017fda152000 Exception <a 'java/lang/ClassNotFoundException'{0x000000008a7e0ee8}: com/sun/javafx/scene/control/skin/resources/controls> (0x000000008a7e0ee8) 
thrown [./open/src/hotspot/share/prims/jni.cpp, line 620]
Event: 2.743 Thread 0x0000017fda152000 Exception <a 'java/lang/ClassNotFoundException'{0x000000008a7eecb0}: com/sun/javafx/scene/control/skin/resources/controls_ru> (0x000000008a7eecb0) 
thrown [./open/src/hotspot/share/prims/jni.cpp, line 620]
Event: 2.743 Thread 0x0000017fda152000 Exception <a 'java/lang/ClassNotFoundException'{0x000000008a7fa1f8}: com/sun/javafx/scene/control/skin/resources/controls_ru_RU> (0x000000008a7fa1f8) 
thrown [./open/src/hotspot/share/prims/jni.cpp, line 620]
Event: 2.772 Thread 0x0000017fda152000 Exception <a 'java/lang/NoSuchMethodError'{0x000000008a56a978}: 'void java.lang.invoke.DirectMethodHandle$Holder.invokeSpecial(java.lang.Object, java.lang.Object, java.lang.Object, java.lang.Object, java.lang.Object, java.lang.Object)'> (0x000000008a56a978) 
thrown [./open/src/hotspot/share/interpreter/linkResolver.cpp, line 766]
Event: 13.865 Thread 0x0000017fda152000 Exception <a 'java/lang/ClassCastException'{0x0000000089cda448}: class java.lang.Double cannot be cast to class javafx.scene.paint.Paint (java.lang.Double is in module java.base of loader 'bootstrap'; javafx.scene.paint.Paint is in module javafx.graphics of loader 'app')> (0x0000000089cda448) 
thrown [./open/src/hotspot/share/interpreter/interpreterRuntime.cpp, line 474]
Event: 345.317 Thread 0x0000017fda152000 Exception <a 'java/lang/NoSuchMethodError'{0x000000008988d2e0}: 'java.lang.Object java.lang.invoke.DirectMethodHandle$Holder.invokeStatic(java.lang.Object, java.lang.Object, int, int, int, int, int, java.lang.Object)'> (0x000000008988d2e0) 
thrown [./open/src/hotspot/share/interpreter/linkResolver.cpp, line 766]
Event: 345.318 Thread 0x0000017fda152000 Exception <a 'java/lang/NoSuchMethodError'{0x000000008989cfe8}: 'java.lang.Object java.lang.invoke.DirectMethodHandle$Holder.invokeStatic(java.lang.Object, java.lang.Object, java.lang.Object, int, int, int, int, int)'> (0x000000008989cfe8) 
thrown [./open/src/hotspot/share/interpreter/linkResolver.cpp, line 766]
Event: 345.318 Thread 0x0000017fda152000 Exception <a 'java/lang/NoSuchMethodError'{0x00000000898a3900}: 'java.lang.Object java.lang.invoke.Invokers$Holder.linkToTargetMethod(java.lang.Object, java.lang.Object, int, int, int, int, int, java.lang.Object)'> (0x00000000898a3900) 
thrown [./open/src/hotspot/share/interpreter/linkResolver.cpp, line 766]

Events (20 events):
Event: 1034.123 Executing VM operation: HandshakeOneThread
Event: 1034.124 Executing VM operation: HandshakeOneThread done
Event: 1034.124 Thread 0x0000017fe078d800 Thread added: 0x0000017fe078d800
Event: 1034.124 Thread 0x0000017fe078c000 Thread added: 0x0000017fe078c000
Event: 1034.124 Executing VM operation: HandshakeOneThread
Event: 1034.125 Executing VM operation: HandshakeOneThread done
Event: 1034.125 Executing VM operation: HandshakeOneThread
Event: 1034.125 Executing VM operation: HandshakeOneThread done
Event: 1034.125 Executing VM operation: HandshakeOneThread
Event: 1034.125 Executing VM operation: HandshakeOneThread done
Event: 1034.125 Executing VM operation: HandshakeOneThread
Event: 1034.125 Executing VM operation: HandshakeOneThread done
Event: 1034.125 Executing VM operation: HandshakeOneThread
Event: 1034.125 Executing VM operation: HandshakeOneThread done
Event: 1034.125 Executing VM operation: HandshakeOneThread
Event: 1034.126 Executing VM operation: HandshakeOneThread done
Event: 1034.126 Thread 0x0000017fe078d800 Thread exited: 0x0000017fe078d800
Event: 1034.126 Thread 0x0000017fe078c000 Thread exited: 0x0000017fe078c000
Event: 1034.126 Thread 0x0000017fd8abd800 Thread exited: 0x0000017fd8abd800
Event: 1034.127 Executing VM operation: Exit


Dynamic libraries:
0x00007ff7fdb80000 - 0x00007ff7fdb8f000 	C:\Program Files\Java\jdk-14.0.2\bin\java.exe
0x00007ff87d570000 - 0x00007ff87d765000 	C:\WINDOWS\SYSTEM32\ntdll.dll
0x00007ff87c750000 - 0x00007ff87c80e000 	C:\WINDOWS\System32\KERNEL32.DLL
0x00007ff87b190000 - 0x00007ff87b458000 	C:\WINDOWS\System32\KERNELBASE.dll
0x00007ff87b4d0000 - 0x00007ff87b5d0000 	C:\WINDOWS\System32\ucrtbase.dll
0x00007ff874110000 - 0x00007ff874128000 	C:\Program Files\Java\jdk-14.0.2\bin\jli.dll
0x00007ff8740f0000 - 0x00007ff874105000 	C:\Program Files\Java\jdk-14.0.2\bin\VCRUNTIME140.dll
0x00007ff87c9d0000 - 0x00007ff87ca7e000 	C:\WINDOWS\System32\ADVAPI32.dll
0x00007ff87b720000 - 0x00007ff87b7be000 	C:\WINDOWS\System32\msvcrt.dll
0x00007ff87b5d0000 - 0x00007ff87b66c000 	C:\WINDOWS\System32\sechost.dll
0x00007ff87b910000 - 0x00007ff87ba35000 	C:\WINDOWS\System32\RPCRT4.dll
0x00007ff87c550000 - 0x00007ff87c6f0000 	C:\WINDOWS\System32\USER32.dll
0x00007ff87af70000 - 0x00007ff87af92000 	C:\WINDOWS\System32\win32u.dll
0x00007ff87c710000 - 0x00007ff87c73b000 	C:\WINDOWS\System32\GDI32.dll
0x00007ff87ae60000 - 0x00007ff87af6b000 	C:\WINDOWS\System32\gdi32full.dll
0x00007ff87ac90000 - 0x00007ff87ad2d000 	C:\WINDOWS\System32\msvcp_win.dll
0x00007ff866f00000 - 0x00007ff86719a000 	C:\WINDOWS\WinSxS\amd64_microsoft.windows.common-controls_6595b64144ccf1df_6.0.19041.1110_none_60b5254171f9507e\COMCTL32.dll
0x00007ff873870000 - 0x00007ff87387a000 	C:\WINDOWS\SYSTEM32\VERSION.dll
0x00007ff87b820000 - 0x00007ff87b850000 	C:\WINDOWS\System32\IMM32.DLL
0x00007ff862270000 - 0x00007ff86230b000 	C:\Program Files\Java\jdk-14.0.2\bin\msvcp140.dll
0x00007ff842600000 - 0x00007ff84311e000 	C:\Program Files\Java\jdk-14.0.2\bin\server\jvm.dll
0x00007ff87c9c0000 - 0x00007ff87c9c8000 	C:\WINDOWS\System32\PSAPI.DLL
0x00007ff860450000 - 0x00007ff860477000 	C:\WINDOWS\SYSTEM32\WINMM.dll
0x00007ff860760000 - 0x00007ff860769000 	C:\WINDOWS\SYSTEM32\WSOCK32.dll
0x00007ff87d4c0000 - 0x00007ff87d52b000 	C:\WINDOWS\System32\WS2_32.dll
0x00007ff878ba0000 - 0x00007ff878bb2000 	C:\WINDOWS\SYSTEM32\kernel.appcore.dll
0x00007ff8740e0000 - 0x00007ff8740ea000 	C:\Program Files\Java\jdk-14.0.2\bin\jimage.dll
0x00007ff866380000 - 0x00007ff866564000 	C:\WINDOWS\SYSTEM32\DBGHELP.DLL
0x00007ff8651c0000 - 0x00007ff8651ec000 	C:\WINDOWS\SYSTEM32\dbgcore.DLL
0x00007ff87b100000 - 0x00007ff87b182000 	C:\WINDOWS\System32\bcryptPrimitives.dll
0x00007ff8767c0000 - 0x00007ff8767ce000 	C:\Program Files\Java\jdk-14.0.2\bin\instrument.dll
0x00007ff8672e0000 - 0x00007ff867305000 	C:\Program Files\Java\jdk-14.0.2\bin\java.dll
0x00007ff8672c0000 - 0x00007ff8672d6000 	C:\Program Files\Java\jdk-14.0.2\bin\zip.dll
0x00007ff87cc30000 - 0x00007ff87d374000 	C:\WINDOWS\System32\SHELL32.dll
0x00007ff878da0000 - 0x00007ff879534000 	C:\WINDOWS\SYSTEM32\windows.storage.dll
0x00007ff87bd80000 - 0x00007ff87c0d4000 	C:\WINDOWS\System32\combase.dll
0x00007ff87a620000 - 0x00007ff87a64c000 	C:\WINDOWS\SYSTEM32\Wldp.dll
0x00007ff87d410000 - 0x00007ff87d4bd000 	C:\WINDOWS\System32\SHCORE.dll
0x00007ff87b7c0000 - 0x00007ff87b815000 	C:\WINDOWS\System32\shlwapi.dll
0x00007ff87abd0000 - 0x00007ff87abef000 	C:\WINDOWS\SYSTEM32\profapi.dll
0x00007ff867270000 - 0x00007ff867289000 	C:\Program Files\Java\jdk-14.0.2\bin\net.dll
0x00007ff868bc0000 - 0x00007ff868cc9000 	C:\WINDOWS\SYSTEM32\WINHTTP.dll
0x00007ff87a380000 - 0x00007ff87a3ea000 	C:\WINDOWS\system32\mswsock.dll
0x00007ff867250000 - 0x00007ff867262000 	C:\Program Files\Java\jdk-14.0.2\bin\nio.dll
0x00007ff8766a0000 - 0x00007ff8766ba000 	C:\Program Files\JetBrains\IntelliJ IDEA 2022.1\bin\breakgen64.dll
0x0000017fb9b20000 - 0x0000017fb9b23000 	C:\Users\Andrew\.openjfx\cache\14.0.2.1\api-ms-win-core-console-l1-1-0.dll
0x0000017fb9b30000 - 0x0000017fb9b33000 	C:\Users\Andrew\.openjfx\cache\14.0.2.1\api-ms-win-core-datetime-l1-1-0.dll
0x0000017fdafd0000 - 0x0000017fdafd3000 	C:\Users\Andrew\.openjfx\cache\14.0.2.1\api-ms-win-core-debug-l1-1-0.dll
0x0000017fdafe0000 - 0x0000017fdafe3000 	C:\Users\Andrew\.openjfx\cache\14.0.2.1\api-ms-win-core-errorhandling-l1-1-0.dll
0x0000017fdaff0000 - 0x0000017fdaff4000 	C:\Users\Andrew\.openjfx\cache\14.0.2.1\api-ms-win-core-file-l1-1-0.dll
0x0000017fdb000000 - 0x0000017fdb003000 	C:\Users\Andrew\.openjfx\cache\14.0.2.1\api-ms-win-core-file-l1-2-0.dll
0x0000017fdb010000 - 0x0000017fdb013000 	C:\Users\Andrew\.openjfx\cache\14.0.2.1\api-ms-win-core-file-l2-1-0.dll
0x0000017fdb020000 - 0x0000017fdb023000 	C:\Users\Andrew\.openjfx\cache\14.0.2.1\api-ms-win-core-handle-l1-1-0.dll
0x0000017fdb030000 - 0x0000017fdb033000 	C:\Users\Andrew\.openjfx\cache\14.0.2.1\api-ms-win-core-heap-l1-1-0.dll
0x0000017fdb040000 - 0x0000017fdb043000 	C:\Users\Andrew\.openjfx\cache\14.0.2.1\api-ms-win-core-interlocked-l1-1-0.dll
0x0000017fdb050000 - 0x0000017fdb053000 	C:\Users\Andrew\.openjfx\cache\14.0.2.1\api-ms-win-core-libraryloader-l1-1-0.dll
0x0000017fdb060000 - 0x0000017fdb063000 	C:\Users\Andrew\.openjfx\cache\14.0.2.1\api-ms-win-core-localization-l1-2-0.dll
0x0000017fdb070000 - 0x0000017fdb073000 	C:\Users\Andrew\.openjfx\cache\14.0.2.1\api-ms-win-core-memory-l1-1-0.dll
0x0000017fdb080000 - 0x0000017fdb083000 	C:\Users\Andrew\.openjfx\cache\14.0.2.1\api-ms-win-core-namedpipe-l1-1-0.dll
0x0000017fdb090000 - 0x0000017fdb093000 	C:\Users\Andrew\.openjfx\cache\14.0.2.1\api-ms-win-core-processenvironment-l1-1-0.dll
0x0000017fdb0a0000 - 0x0000017fdb0a3000 	C:\Users\Andrew\.openjfx\cache\14.0.2.1\api-ms-win-core-processthreads-l1-1-0.dll
0x0000017fdb0b0000 - 0x0000017fdb0b3000 	C:\Users\Andrew\.openjfx\cache\14.0.2.1\api-ms-win-core-processthreads-l1-1-1.dll
0x0000017fdb0c0000 - 0x0000017fdb0c3000 	C:\Users\Andrew\.openjfx\cache\14.0.2.1\api-ms-win-core-profile-l1-1-0.dll
0x0000017fdb0d0000 - 0x0000017fdb0d3000 	C:\Users\Andrew\.openjfx\cache\14.0.2.1\api-ms-win-core-rtlsupport-l1-1-0.dll
0x0000017fdb0e0000 - 0x0000017fdb0e3000 	C:\Users\Andrew\.openjfx\cache\14.0.2.1\api-ms-win-core-string-l1-1-0.dll
0x0000017fdb0f0000 - 0x0000017fdb0f3000 	C:\Users\Andrew\.openjfx\cache\14.0.2.1\api-ms-win-core-synch-l1-1-0.dll
0x0000017fdb100000 - 0x0000017fdb103000 	C:\Users\Andrew\.openjfx\cache\14.0.2.1\api-ms-win-core-synch-l1-2-0.dll
0x0000017fdb110000 - 0x0000017fdb113000 	C:\Users\Andrew\.openjfx\cache\14.0.2.1\api-ms-win-core-sysinfo-l1-1-0.dll
0x0000017fdb120000 - 0x0000017fdb123000 	C:\Users\Andrew\.openjfx\cache\14.0.2.1\api-ms-win-core-timezone-l1-1-0.dll
0x0000017fdb130000 - 0x0000017fdb133000 	C:\Users\Andrew\.openjfx\cache\14.0.2.1\api-ms-win-core-util-l1-1-0.dll
0x0000017fdb140000 - 0x0000017fdb143000 	C:\Users\Andrew\.openjfx\cache\14.0.2.1\api-ms-win-crt-conio-l1-1-0.dll
0x0000017fdb150000 - 0x0000017fdb154000 	C:\Users\Andrew\.openjfx\cache\14.0.2.1\api-ms-win-crt-convert-l1-1-0.dll
0x0000017fdb160000 - 0x0000017fdb163000 	C:\Users\Andrew\.openjfx\cache\14.0.2.1\api-ms-win-crt-environment-l1-1-0.dll
0x0000017fdb170000 - 0x0000017fdb173000 	C:\Users\Andrew\.openjfx\cache\14.0.2.1\api-ms-win-crt-filesystem-l1-1-0.dll
0x0000017fdb180000 - 0x0000017fdb183000 	C:\Users\Andrew\.openjfx\cache\14.0.2.1\api-ms-win-crt-heap-l1-1-0.dll
0x0000017fdb190000 - 0x0000017fdb193000 	C:\Users\Andrew\.openjfx\cache\14.0.2.1\api-ms-win-crt-locale-l1-1-0.dll
0x0000017fdb1a0000 - 0x0000017fdb1a5000 	C:\Users\Andrew\.openjfx\cache\14.0.2.1\api-ms-win-crt-math-l1-1-0.dll
0x0000017fdb1b0000 - 0x0000017fdb1b5000 	C:\Users\Andrew\.openjfx\cache\14.0.2.1\api-ms-win-crt-multibyte-l1-1-0.dll
0x0000017fdb1c0000 - 0x0000017fdb1d0000 	C:\Users\Andrew\.openjfx\cache\14.0.2.1\api-ms-win-crt-private-l1-1-0.dll
0x0000017fdb1d0000 - 0x0000017fdb1d3000 	C:\Users\Andrew\.openjfx\cache\14.0.2.1\api-ms-win-crt-process-l1-1-0.dll
0x0000017fdb1e0000 - 0x0000017fdb1e4000 	C:\Users\Andrew\.openjfx\cache\14.0.2.1\api-ms-win-crt-runtime-l1-1-0.dll
0x0000017fdb1f0000 - 0x0000017fdb1f4000 	C:\Users\Andrew\.openjfx\cache\14.0.2.1\api-ms-win-crt-stdio-l1-1-0.dll
0x0000017fdb200000 - 0x0000017fdb204000 	C:\Users\Andrew\.openjfx\cache\14.0.2.1\api-ms-win-crt-string-l1-1-0.dll
0x0000017fdb210000 - 0x0000017fdb213000 	C:\Users\Andrew\.openjfx\cache\14.0.2.1\api-ms-win-crt-time-l1-1-0.dll
0x0000017fdb220000 - 0x0000017fdb223000 	C:\Users\Andrew\.openjfx\cache\14.0.2.1\api-ms-win-crt-utility-l1-1-0.dll
0x00007ff859ec0000 - 0x00007ff859fbc000 	C:\Users\Andrew\.openjfx\cache\14.0.2.1\ucrtbase.dll
0x00007ff874580000 - 0x00007ff874595000 	C:\Users\Andrew\.openjfx\cache\14.0.2.1\vcruntime140.dll
0x00007ff859e20000 - 0x00007ff859ebb000 	C:\Users\Andrew\.openjfx\cache\14.0.2.1\msvcp140.dll
0x00007ff859dc0000 - 0x00007ff859e11000 	C:\Users\Andrew\.openjfx\cache\14.0.2.1\concrt140.dll
0x00007ff8647e0000 - 0x00007ff864803000 	C:\Users\Andrew\.openjfx\cache\14.0.2.1\prism_d3d.dll
0x00007ff842430000 - 0x00007ff8425ff000 	C:\WINDOWS\system32\d3d9.dll
0x00007ff8788b0000 - 0x00007ff8788df000 	C:\WINDOWS\SYSTEM32\dwmapi.dll
0x00007ff8786c0000 - 0x00007ff87875e000 	C:\WINDOWS\system32\uxtheme.dll
0x00007ff87bc50000 - 0x00007ff87bd7a000 	C:\WINDOWS\System32\ole32.dll
0x00007ff87ca80000 - 0x00007ff87cb4d000 	C:\WINDOWS\System32\OLEAUT32.dll
0x00007ff87ad30000 - 0x00007ff87ad7e000 	C:\WINDOWS\System32\cfgmgr32.dll
0x00007ff87ae30000 - 0x00007ff87ae57000 	C:\WINDOWS\System32\bcrypt.dll
0x00007ff861e50000 - 0x00007ff861e95000 	C:\Users\Andrew\.openjfx\cache\14.0.2.1\glass.dll
0x00007ff87cb50000 - 0x00007ff87cc2b000 	C:\WINDOWS\System32\COMDLG32.dll
0x00007ff87c8a0000 - 0x00007ff87c9b6000 	C:\WINDOWS\System32\MSCTF.dll
0x00007ff875720000 - 0x00007ff87575b000 	C:\WINDOWS\SYSTEM32\dxcore.dll
0x00007ff867220000 - 0x00007ff867234000 	C:\Users\Andrew\.openjfx\cache\14.0.2.1\javafx_font.dll
0x00007ff8696a0000 - 0x00007ff86991f000 	C:\WINDOWS\SYSTEM32\dwrite.dll
0x00007ff87b670000 - 0x00007ff87b719000 	C:\WINDOWS\System32\clbcatq.dll
0x00007ff873d80000 - 0x00007ff873f34000 	C:\WINDOWS\SYSTEM32\WindowsCodecs.dll
0x00007ff84ea00000 - 0x00007ff84ea3e000 	C:\WINDOWS\system32\dataexchange.dll
0x00007ff8769c0000 - 0x00007ff876c24000 	C:\WINDOWS\system32\d3d11.dll
0x00007ff8778f0000 - 0x00007ff877ad5000 	C:\WINDOWS\system32\dcomp.dll
0x00007ff8795a0000 - 0x00007ff879693000 	C:\WINDOWS\system32\dxgi.dll
0x00007ff874660000 - 0x00007ff874861000 	C:\WINDOWS\system32\twinapi.appcore.dll
0x00007ff860030000 - 0x00007ff860064000 	C:\Program Files\Common Files\Microsoft Shared\Ink\rtscom.dll
0x00007ff86f870000 - 0x00007ff86f969000 	C:\WINDOWS\SYSTEM32\textinputframework.dll
0x00007ff8781c0000 - 0x00007ff8782b2000 	C:\WINDOWS\System32\CoreMessaging.dll
0x00007ff877e60000 - 0x00007ff8781be000 	C:\WINDOWS\System32\CoreUIComponents.dll
0x00007ff879990000 - 0x00007ff8799c3000 	C:\WINDOWS\SYSTEM32\ntmarta.dll
0x00007ff877790000 - 0x00007ff8778e4000 	C:\WINDOWS\SYSTEM32\wintypes.dll

dbghelp: loaded successfully - version: 4.0.5 - missing functions: none
symbol engine: initialized successfully - sym options: 0x614 - pdb path: .;C:\Program Files\Java\jdk-14.0.2\bin;C:\WINDOWS\SYSTEM32;C:\WINDOWS\WinSxS\amd64_microsoft.windows.common-controls_6595b64144ccf1df_6.0.19041.1110_none_60b5254171f9507e;C:\Program Files\Java\jdk-14.0.2\bin\server;C:\Program Files\JetBrains\IntelliJ IDEA 2022.1\bin;C:\Users\Andrew\.openjfx\cache\14.0.2.1;C:\WINDOWS\System32\DriverStore\FileRepository\iigd_dch.inf_amd64_1405215c1cf67526;C:\Program Files\Common Files\Microsoft Shared\Ink

VM Arguments:
jvm_args: -javaagent:C:\Program Files\JetBrains\IntelliJ IDEA 2022.1\lib\idea_rt.jar=51954:C:\Program Files\JetBrains\IntelliJ IDEA 2022.1\bin -Dfile.encoding=UTF-8 --module-path=C:\Users\Andrew\.m2\repository\eu\hansolo\tilesfx\11.48\tilesfx-11.48.jar;C:\Users\Andrew\.m2\repository\com\github\almasb\fxgl-gameplay\11.17\fxgl-gameplay-11.17.jar;C:\Users\Andrew\.m2\repository\com\fasterxml\jackson\core\jackson-annotations\2.12.1\jackson-annotations-2.12.1.jar;C:\Users\Andrew\.m2\repository\org\openjfx\javafx-graphics\14.0.2.1\javafx-graphics-14.0.2.1-win.jar;C:\Users\Andrew\.m2\repository\com\gluonhq\attach\lifecycle\4.0.9\lifecycle-4.0.9.jar;C:\Users\Andrew\.m2\repository\com\gluonhq\attach\audio\4.0.9\audio-4.0.9.jar;C:\Users\Andrew\.m2\repository\com\gluonhq\attach\util\4.0.9\util-4.0.9.jar;C:\Users\Andrew\.m2\repository\org\openjfx\javafx-base\14.0.2.1\javafx-base-14.0.2.1-win.jar;C:\Users\Andrew\.m2\repository\org\postgresql\postgresql\42.4.0\postgresql-42.4.0.jar;C:\Users\Andrew\.m2\repository\net\synedra\validatorfx\0.2.1\validatorfx-0.2.1.jar;C:\Users\Andrew\.m2\repository\com\dlsc\formsfx\formsfx-core\11.3.2\formsfx-core-11.3.2.jar;C:\Users\Andrew\.m2\repository\org\controlsfx\controlsfx\11.1.1\controlsfx-11.1.1.jar;C:\Users\Andrew\.m2\repository\org\openjfx\javafx-web\14.0.2.1\javafx-web-14.0.2.1-win.jar;C:\Users\Andrew\.m2\repository\org\springframework\spring-jdbc\5.3.18\spring-jdbc-5.3.18.jar;C:\Users\Andrew\.m2\repository\org\kordamp\ikonli\ikonli-javafx\12.3.0\ikonli-javafx-12.3.0.jar;C:\Users\Andrew\.m2\repository\org\kordamp\ikonli\ikonli-core\12.3.0\ikonli-core-12.3.0.jar;C:\Users\Andrew\.m2\repository\com\fasterxml\jackson\core\jackson-core\2.12.1\jackson-core-2.12.1.jar;C:\Users\Andrew\.m2\repository\org\openjfx\javafx-controls\14.0.2.1\javafx-controls-14.0.2.1-win.jar;C:\Users\Andrew\.m2\repository\org\kordamp\bootstrapfx\bootstrapfx-core\0.4.0\bootstrapfx-core-0.4.0.jar;C:\Users\Andrew\.m2\repository\com\github\almasb\fxgl\11.17\fxgl-11.17.jar;C:\Users\Andrew\.m2\repository\com\github\almasb\fxgl-entity\11.17\fxgl-entity-11.17.jar;C:\Users\Andrew\IdeaProjects\oopKursach\target\classes;C:\Users\Andrew\.m2\re-Djdk.module.main=com.example.oopkursach 
java_command: com.example.oopkursach/com.example.oopkursach.HelloApplication
java_class_path (initial): C:\Users\Andrew\.m2\repository\org\openjfx\javafx-controls\14.0.2.1\javafx-controls-14.0.2.1.jar;C:\Users\Andrew\.m2\repository\org\openjfx\javafx-graphics\14.0.2.1\javafx-graphics-14.0.2.1.jar;C:\Users\Andrew\.m2\repository\org\openjfx\javafx-base\14.0.2.1\javafx-base-14.0.2.1.jar;C:\Users\Andrew\.m2\repository\org\openjfx\javafx-fxml\14.0.2.1\javafx-fxml-14.0.2.1.jar;C:\Users\Andrew\.m2\repository\org\openjfx\javafx-web\14.0.2.1\javafx-web-14.0.2.1.jar;C:\Users\Andrew\.m2\repository\org\openjfx\javafx-media\14.0.2.1\javafx-media-14.0.2.1.jar;C:\Users\Andrew\.m2\repository\org\jetbrains\annotations\13.0\annotations-13.0.jar;C:\Users\Andrew\.m2\repository\org\jetbrains\kotlin\kotlin-stdlib-common\1.5.10\kotlin-stdlib-common-1.5.10.jar;C:\Users\Andrew\.m2\repository\org\springframework\spring-core\5.3.18\spring-core-5.3.18.jar;C:\Users\Andrew\.m2\repository\org\springframework\spring-jcl\5.3.18\spring-jcl-5.3.18.jar;C:\Users\Andrew\.m2\repository\org\springframework\spring-context\5.3.18\spring-context-5.3.18.jar;C:\Users\Andrew\.m2\repository\org\springframework\spring-aop\5.3.18\spring-aop-5.3.18.jar;C:\Users\Andrew\.m2\repository\org\springframework\spring-expression\5.3.18\spring-expression-5.3.18.jar;C:\Users\Andrew\.m2\repository\org\springframework\spring-tx\5.3.18\spring-tx-5.3.18.jar;C:\Users\Andrew\.m2\repository\org\springframework\boot\spring-boot-starter-data-jpa\3.0.0\spring-boot-starter-data-jpa-3.0.0.jar;C:\Users\Andrew\.m2\repository\org\springframework\boot\spring-boot-starter-aop\3.0.0\spring-boot-starter-aop-3.0.0.jar;C:\Users\Andrew\.m2\repository\org\springframework\boot\spring-boot-starter\3.0.0\spring-boot-starter-3.0.0.jar;C:\Users\Andrew\.m2\repository\org\springframework\boot\spring-boot\3.0.0\spring-boot-3.0.0.jar;C:\Users\Andrew\.m2\repository\org\springframework\boot\spring-boot-autoconfigure\3.0.0\spring-boot-autoconfigure-3.0.0.jar;C:\Users\Andrew\.m2\repository\org\springframework\boot\spring-boot-starter-
Launcher Type: SUN_STANDARD

[Global flags]
     intx CICompilerCount                          = 4                                         {product} {ergonomic}
     uint ConcGCThreads                            = 2                                         {product} {ergonomic}
     uint G1ConcRefinementThreads                  = 8                                         {product} {ergonomic}
   size_t G1HeapRegionSize                         = 1048576                                   {product} {ergonomic}
    uintx GCDrainStackTargetSize                   = 64                                        {product} {ergonomic}
   size_t InitialHeapSize                          = 132120576                                 {product} {ergonomic}
   size_t MarkStackSize                            = 4194304                                   {product} {ergonomic}
   size_t MaxHeapSize                              = 2092957696                                {product} {ergonomic}
   size_t MaxNewSize                               = 1255145472                                {product} {ergonomic}
   size_t MinHeapDeltaBytes                        = 1048576                                   {product} {ergonomic}
   size_t MinHeapSize                              = 8388608                                   {product} {ergonomic}
    uintx NonNMethodCodeHeapSize                   = 5839372                                {pd product} {ergonomic}
    uintx NonProfiledCodeHeapSize                  = 122909434                              {pd product} {ergonomic}
    uintx ProfiledCodeHeapSize                     = 122909434                              {pd product} {ergonomic}
    uintx ReservedCodeCacheSize                    = 251658240                              {pd product} {ergonomic}
     bool SegmentedCodeCache                       = true                                      {product} {ergonomic}
   size_t SoftMaxHeapSize                          = 2092957696                             {manageable} {ergonomic}
     bool UseCompressedClassPointers               = true                                 {lp64_product} {ergonomic}
     bool UseCompressedOops                        = true                                 {lp64_product} {ergonomic}
     bool UseG1GC                                  = true                                      {product} {ergonomic}
     bool UseLargePagesIndividualAllocation        = false                                  {pd product} {ergonomic}

Logging:
Log output configuration:
 #0: stdout all=off uptime,level,tags
 #1: stderr all=off uptime,level,tags

Environment Variables:
PATH=C:\Program Files\Common Files\Oracle\Java\javapath;C:/Program Files (x86)/Texas Instruments/xdctools_3_20_08_88;C:\Program Files (x86)\Common Files\Oracle\Java\javapath;"C:\MinGW\bin;C:\Users\Андрей\Downloads\openjdk-14.0.2_windows-x64_bin\jdk-14.0.2";C:\WINDOWS\system32;C:\WINDOWS;C:\WINDOWS\System32\Wbem;C:\WINDOWS\System32\WindowsPowerShell\v1.0\;C:\WINDOWS\System32\OpenSSH\;C:\runtime\win64;C:\bin;C:\polyspace\bin;C:\TDM-GCC-64\bin;C:\Users\Андрей\Downloads\minGW\MinGW\bin;C:\Program Files\Git\cmd;C:\ProgramData\chocolatey\bin;C:\Program Files\PuTTY\;C:\Program Files\MySQL\MySQL Shell 8.0\bin\;C:/Program Files (x86)/Texas Instruments/xdctools_3_20_08_88;C:\Users\Andrew\AppData\Local\Microsoft\WindowsApps
USERNAME=Andrew
OS=Windows_NT
PROCESSOR_IDENTIFIER=Intel64 Family 6 Model 126 Stepping 5, GenuineIntel



---------------  S Y S T E M  ---------------

OS: Windows 10 , 64 bit Build 19041 (10.0.19041.1566)
OS uptime: 0 days 22:22 hours

CPU:total 8 (initial active 8) (4 cores per cpu, 2 threads per core) family 6 model 126 stepping 5, cmov, cx8, fxsr, mmx, sse, sse2, sse3, ssse3, sse4.1, sse4.2, popcnt, avx, avx2, aes, clmul, erms, 3dnowpref, lzcnt, ht, tsc, tscinvbit, bmi1, bmi2, adx, evex, sha, fma

Memory: 4k page, system-wide physical 7981M (535M free)
TotalPageFile size 15962M (AvailPageFile size 5077M)
current process WorkingSet (physical memory assigned to process): 148M, peak: 185M
current process commit charge ("private bytes"): 271M, peak: 305M

vm_info: Java HotSpot(TM) 64-Bit Server VM (14.0.2+12-46) for windows-amd64 JRE (14.0.2+12-46), built on Jul  9 2020 00:35:52 by "mach5one" with MS VC++ 15.9 (VS2017)

END.
