#
# A fatal error has been detected by the Java Runtime Environment:
#
#  EXCEPTION_ACCESS_VIOLATION (0xc0000005) at pc=0x00007ff8620966f0, pid=12640, tid=640
#
# JRE version: Java(TM) SE Runtime Environment (14.0.2+12) (build 14.0.2+12-46)
# Java VM: Java HotSpot(TM) 64-Bit Server VM (14.0.2+12-46, mixed mode, sharing, tiered, compressed oops, g1 gc, windows-amd64)
# Problematic frame:
# C  [glass.dll+0x266f0]
#
# No core dump will be written. Minidumps are not enabled by default on client versions of Windows
#
# If you would like to submit a bug report, please visit:
#   https://bugreport.java.com/bugreport/crash.jsp
#

---------------  S U M M A R Y ------------

Command Line: -javaagent:C:\Program Files\JetBrains\IntelliJ IDEA 2022.1\lib\idea_rt.jar=51890:C:\Program Files\JetBrains\IntelliJ IDEA 2022.1\bin -Dfile.encoding=UTF-8 --module-path=C:\Users\Andrew\IdeaProjects\oopKursach\target\classes;C:\Users\Andrew\.m2\repository\com\github\almasb\fxgl-entity\11.17\fxgl-entity-11.17.jar;C:\Users\Andrew\.m2\repository\org\kordamp\ikonli\ikonli-javafx\12.3.0\ikonli-javafx-12.3.0.jar;C:\Users\Andrew\.m2\repository\com\fasterxml\jackson\core\jackson-core\2.12.1\jackson-core-2.12.1.jar;C:\Users\Andrew\.m2\repository\org\kordamp\bootstrapfx\bootstrapfx-core\0.4.0\bootstrapfx-core-0.4.0.jar;C:\Users\Andrew\.m2\repository\com\github\almasb\fxgl-gameplay\11.17\fxgl-gameplay-11.17.jar;C:\Users\Andrew\.m2\repository\org\openjfx\javafx-base\14.0.2.1\javafx-base-14.0.2.1-win.jar;C:\Users\Andrew\.m2\repository\com\github\almasb\fxgl-core\11.17\fxgl-core-11.17.jar;C:\Users\Andrew\.m2\repository\com\github\almasb\fxgl-scene\11.17\fxgl-scene-11.17.jar;C:\Users\Andrew\.m2\repository\com\gluonhq\attach\lifecycle\4.0.9\lifecycle-4.0.9.jar;C:\Users\Andrew\.m2\repository\com\github\almasb\fxgl-io\11.17\fxgl-io-11.17.jar;C:\Users\Andrew\.m2\repository\com\dlsc\formsfx\formsfx-core\11.3.2\formsfx-core-11.3.2.jar;C:\Users\Andrew\.m2\repository\org\openjfx\javafx-web\14.0.2.1\javafx-web-14.0.2.1-win.jar;C:\Users\Andrew\.m2\repository\org\controlsfx\controlsfx\11.1.1\controlsfx-11.1.1.jar;C:\Users\Andrew\.m2\repository\org\openjfx\javafx-graphics\14.0.2.1\javafx-graphics-14.0.2.1-win.jar;C:\Users\Andrew\.m2\repository\org\postgresql\postgresql\42.4.0\postgresql-42.4.0.jar;C:\Users\Andrew\.m2\repository\net\synedra\validatorfx\0.2.1\validatorfx-0.2.1.jar;C:\Users\Andrew\.m2\repository\org\springframework\spring-jdbc\5.3.18\spring-jdbc-5.3.18.jar;C:\Users\Andrew\.m2\repository\org\openjfx\javafx-controls\14.0.2.1\javafx-controls-14.0.2.1-win.jar;C:\Users\Andrew\.m2\repository\org\openjfx\javafx-fxml\14.0.2.1\javafx-fxml-14.0.2.1-win.jar;C:\Users\Andrew\.m2\repository\eu\hansolo\tilesfx\11.48\tilesfx-11.48.jar;C:\Users\Andrew\.m2\repository\org\kordamp\ikonli\ikonli-core\12.3.0\ikonli-core-12.3.0.jar;C:\Users\Andrew\.m2\r-Djdk.module.main=com.example.oopkursach com.example.oopkursach/com.example.oopkursach.HelloApplication

Host: Intel(R) Core(TM) i5-1035G1 CPU @ 1.00GHz, 8 cores, 7G,  Windows 10 , 64 bit Build 19041 (10.0.19041.1566)
Time: Sat Dec 10 16:06:35 2022 RTZ 2 (зима) elapsed time: 203 seconds (0d 0h 3m 23s)

---------------  T H R E A D  ---------------

Current thread (0x00000212e92c7000):  VMThread "VM Thread" [stack: 0x0000007d92f00000,0x0000007d93000000] [id=640]

Stack: [0x0000007d92f00000,0x0000007d93000000],  sp=0x0000007d92ffee90,  free space=1019k
Native frames: (J=compiled Java code, j=interpreted, Vv=VM code, C=native code)
C  [glass.dll+0x266f0]


siginfo: EXCEPTION_ACCESS_VIOLATION (0xc0000005), reading address 0x0000000000000000


Register to memory mapping:

RIP=0x00007ff8620966f0 glass.dll
RAX=0x0 is NULL
RBX=0x00000212e92d7f78 is a global jni handle
RCX=0x00000212e92c7000 points into unknown readable memory: c0 a7 ec 42 f8 7f 00 00
RDX=0x0000007d92ffee90 points into unknown readable memory: 00 00 00 00 00 00 00 00
RSP=0x0000007d92ffee90 points into unknown readable memory: 00 00 00 00 00 00 00 00
RBP=0x00000212eb0cb168 points into unknown readable memory: c1 ff f7 7a 96 d4 00 00
RSI=0x00000212eb0cb140 points into unknown readable memory: 19 93 e5 be 66 2b 00 00
RDI=0x0000d4967af7ffc1 is an unknown value
R8 =0x0000000000010002 is an unknown value
R9 =0x0000d4967af7ffc1 is an unknown value
R10=0x0000000000008000 is an unknown value
R11=0x0000007d92ffee30 points into unknown readable memory: 40 b1 0c eb 12 02 00 00
R12=0x00007ff862093b84 glass.dll
R13=0x00000212c8455c88 points into unknown readable memory: 00 70 2c e9 12 02 00 00
R14=0x0000007d92ffef98 points into unknown readable memory: 80 ef ff 92 7d 00 00 00
R15=0x00000212eb0cb140 points into unknown readable memory: 19 93 e5 be 66 2b 00 00


Registers:
RAX=0x0000000000000000, RBX=0x00000212e92d7f78, RCX=0x00000212e92c7000, RDX=0x0000007d92ffee90
RSP=0x0000007d92ffee90, RBP=0x00000212eb0cb168, RSI=0x00000212eb0cb140, RDI=0x0000d4967af7ffc1
R8 =0x0000000000010002, R9 =0x0000d4967af7ffc1, R10=0x0000000000008000, R11=0x0000007d92ffee30
R12=0x00007ff862093b84, R13=0x00000212c8455c88, R14=0x0000007d92ffef98, R15=0x00000212eb0cb140
RIP=0x00007ff8620966f0, EFLAGS=0x0000000000010206

Top of Stack: (sp=0x0000007d92ffee90)
0x0000007d92ffee90:   0000000000000000 00007ff87b4df05b
0x0000007d92ffeea0:   00000212eb0cb150 00000212eb0cb140
0x0000007d92ffeeb0:   fffffffffffffffe 00007ff862093b84
0x0000007d92ffeec0:   00000212eb0cb148 00007ff87b4e42d6
0x0000007d92ffeed0:   00000212eb0cb150 0000021200000000
0x0000007d92ffeee0:   00000212eb0cb168 00000212eb0cb140
0x0000007d92ffeef0:   fffffffffffffffe 0000000000000000
0x0000007d92ffef00:   0000000000000001 00007ff862070000
0x0000007d92ffef10:   0000007d92ffef88 00007ff87b4e41fb
0x0000007d92ffef20:   0000000000000000 0000007d92ffef98
0x0000007d92ffef30:   0000007d92fff250 00007ff87b5c0e40
0x0000007d92ffef40:   0000000000000000 00007ff87b4e41b4
0x0000007d92ffef50:   0000000000000000 0000000000000001
0x0000007d92ffef60:   00007ff80000000d 0000007d92ffef88
0x0000007d92ffef70:   0000000000000000 00007ff862093a12
0x0000007d92ffef80:   00007ff8620ad118 0000007d00000002 

Instructions: (pc=0x00007ff8620966f0)
0x00007ff8620965f0:   8b 4d 60 e8 98 c9 ff ff 48 8b 55 68 48 8b 8d 08
0x00007ff862096600:   01 00 00 e8 49 be ff ff 33 d2 33 c9 e8 49 de ff
0x00007ff862096610:   ff 90 cc cc cc cc cc cc cc cc cc cc cc cc cc cc
0x00007ff862096620:   48 8d 8a 80 00 00 00 e9 14 e9 fe ff 48 89 54 24
0x00007ff862096630:   10 55 48 83 ec 20 48 8b ea 48 8d 05 dd ca ff ff
0x00007ff862096640:   48 83 c4 20 5d c3 cc 40 55 48 8b ea 48 8b 01 33
0x00007ff862096650:   c9 81 38 05 00 00 c0 0f 94 c1 8b c1 5d c3 cc 40
0x00007ff862096660:   55 48 83 ec 20 48 8b ea 8a 4d 40 48 83 c4 20 5d
0x00007ff862096670:   e9 df cd ff ff cc 40 55 48 83 ec 20 48 8b ea e8
0x00007ff862096680:   fc cb ff ff 8a 4d 38 48 83 c4 20 5d e9 c3 cd ff
0x00007ff862096690:   ff cc 40 55 48 83 ec 30 48 8b ea 48 8b 01 8b 10
0x00007ff8620966a0:   48 89 4c 24 28 89 54 24 20 4c 8d 0d a4 d1 ff ff
0x00007ff8620966b0:   4c 8b 45 70 8b 55 68 48 8b 4d 60 e8 30 cb ff ff
0x00007ff8620966c0:   90 48 83 c4 30 5d c3 cc cc cc cc cc cc cc cc cc
0x00007ff8620966d0:   40 53 48 83 ec 30 48 c7 44 24 20 fe ff ff ff 48
0x00007ff8620966e0:   8b 1d 2a 64 01 00 48 85 db 74 16 e8 90 85 ff ff
0x00007ff8620966f0:   4c 8b 00 48 8b d3 48 8b c8 41 ff 90 b0 00 00 00
0x00007ff862096700:   90 48 83 c4 30 5b c3 cc cc cc cc cc cc cc cc cc
0x00007ff862096710:   40 53 48 83 ec 20 48 8b 1d 9b 65 01 00 48 85 db
0x00007ff862096720:   74 57 b8 ff ff ff ff f0 0f c1 43 10 83 f8 01 75
0x00007ff862096730:   3d 48 85 db 74 38 48 8b 0b 48 85 c9 74 0d ff 15
0x00007ff862096740:   64 0b 00 00 48 c7 03 00 00 00 00 48 8b 4b 08 48
0x00007ff862096750:   85 c9 74 0d e8 37 c8 ff ff 48 c7 43 08 00 00 00
0x00007ff862096760:   00 ba 18 00 00 00 48 8b cb e8 22 c8 ff ff 48 c7
0x00007ff862096770:   05 3f 65 01 00 00 00 00 00 48 83 c4 20 5b c3 cc
0x00007ff862096780:   40 53 48 83 ec 20 48 8b 1d 0b 65 01 00 48 85 db
0x00007ff862096790:   74 57 b8 ff ff ff ff f0 0f c1 43 10 83 f8 01 75
0x00007ff8620967a0:   3d 48 85 db 74 38 48 8b 0b 48 85 c9 74 0d ff 15
0x00007ff8620967b0:   f4 0a 00 00 48 c7 03 00 00 00 00 48 8b 4b 08 48
0x00007ff8620967c0:   85 c9 74 0d e8 c7 c7 ff ff 48 c7 43 08 00 00 00
0x00007ff8620967d0:   00 ba 18 00 00 00 48 8b cb e8 b2 c7 ff ff 48 c7
0x00007ff8620967e0:   05 af 64 01 00 00 00 00 00 48 83 c4 20 5b c3 cc 


Stack slot to memory mapping:
stack at sp + 0 slots: 0x0 is NULL
stack at sp + 1 slots: 0x00007ff87b4df05b ucrtbase.dll
stack at sp + 2 slots: 0x00000212eb0cb150 points into unknown readable memory: c1 ff f7 7a 96 d4 00 00
stack at sp + 3 slots: 0x00000212eb0cb140 points into unknown readable memory: 19 93 e5 be 66 2b 00 00
stack at sp + 4 slots: 0xfffffffffffffffe is an unknown value
stack at sp + 5 slots: 0x00007ff862093b84 glass.dll
stack at sp + 6 slots: 0x00000212eb0cb148 points into unknown readable memory: c1 ff f7 7a 96 d4 00 00
stack at sp + 7 slots: 0x00007ff87b4e42d6 ucrtbase.dll

VM_Operation (0x0000007d926fea90): Exit, mode: safepoint, requested by thread 0x00000212ebe99800


---------------  P R O C E S S  ---------------

Threads class SMR info:
_java_thread_list=0x00000212c82cb030, length=19, elements={
0x00000212c83e7800, 0x00000212e92c8800, 0x00000212e92cc000, 0x00000212e92ee000,
0x00000212e92f0000, 0x00000212e92f4000, 0x00000212e92fb000, 0x00000212e92fc800,
0x00000212e92ae000, 0x00000212ea6b8000, 0x00000212eabc0800, 0x00000212eaa58000,
0x00000212ebbae800, 0x00000212eacaa000, 0x00000212eae9d800, 0x00000212ebc3f800,
0x00000212ec3dd000, 0x00000212ec459800, 0x00000212ebe99800
}

Java Threads: ( => current thread )
  0x00000212c83e7800 JavaThread "main" [_thread_blocked, id=15220, stack(0x0000007d92900000,0x0000007d92a00000)]
  0x00000212e92c8800 JavaThread "Reference Handler" daemon [_thread_blocked, id=11280, stack(0x0000007d93000000,0x0000007d93100000)]
  0x00000212e92cc000 JavaThread "Finalizer" daemon [_thread_blocked, id=1660, stack(0x0000007d93100000,0x0000007d93200000)]
  0x00000212e92ee000 JavaThread "Attach Listener" daemon [_thread_blocked, id=12972, stack(0x0000007d93300000,0x0000007d93400000)]
  0x00000212e92f0000 JavaThread "Service Thread" daemon [_thread_blocked, id=588, stack(0x0000007d93400000,0x0000007d93500000)]
  0x00000212e92f4000 JavaThread "C2 CompilerThread0" daemon [_thread_blocked, id=2524, stack(0x0000007d93500000,0x0000007d93600000)]
  0x00000212e92fb000 JavaThread "C1 CompilerThread0" daemon [_thread_blocked, id=2548, stack(0x0000007d93600000,0x0000007d93700000)]
  0x00000212e92fc800 JavaThread "Sweeper thread" daemon [_thread_blocked, id=4232, stack(0x0000007d93700000,0x0000007d93800000)]
  0x00000212e92ae000 JavaThread "Common-Cleaner" daemon [_thread_blocked, id=11380, stack(0x0000007d93800000,0x0000007d93900000)]
  0x00000212ea6b8000 JavaThread "Monitor Ctrl-Break" daemon [_thread_in_native, id=8488, stack(0x0000007d93b00000,0x0000007d93c00000)]
  0x00000212eabc0800 JavaThread "Notification Thread" daemon [_thread_blocked, id=2488, stack(0x0000007d93c00000,0x0000007d93d00000)]
  0x00000212eaa58000 JavaThread "QuantumRenderer-0" daemon [_thread_blocked, id=13028, stack(0x0000007d94000000,0x0000007d94100000)]
  0x00000212ebbae800 JavaThread "InvokeLaterDispatcher" daemon [_thread_blocked, id=14932, stack(0x0000007d93a00000,0x0000007d93b00000)]
  0x00000212eacaa000 JavaThread "JavaFX Application Thread" [_thread_in_native, id=10080, stack(0x0000007d94100000,0x0000007d94200000)]
  0x00000212eae9d800 JavaThread "Thread-1" daemon [_thread_in_native, id=4724, stack(0x0000007d94500000,0x0000007d94600000)]
  0x00000212ebc3f800 JavaThread "JavaFX-Launcher" [_thread_blocked, id=12864, stack(0x0000007d94600000,0x0000007d94700000)]
  0x00000212ec3dd000 JavaThread "Prism Font Disposer" daemon [_thread_blocked, id=9264, stack(0x0000007d94d00000,0x0000007d94e00000)]
  0x00000212ec459800 JavaThread "Cleaner-0" daemon [_thread_blocked, id=3548, stack(0x0000007d94e00000,0x0000007d94f00000)]
  0x00000212ebe99800 JavaThread "SIGINT handler" daemon [_thread_blocked, id=14792, stack(0x0000007d92600000,0x0000007d92700000)]

Other Threads:
=>0x00000212e92c7000 VMThread "VM Thread" [stack: 0x0000007d92f00000,0x0000007d93000000] [id=640]
  0x00000212c842a800 GCTaskThread "GC Thread#0" [stack: 0x0000007d92a00000,0x0000007d92b00000] [id=6624]
  0x00000212eabcd000 GCTaskThread "GC Thread#1" [stack: 0x0000007d93e00000,0x0000007d93f00000] [id=8664]
  0x00000212eaa3c800 GCTaskThread "GC Thread#2" [stack: 0x0000007d93f00000,0x0000007d94000000] [id=360]
  0x00000212ebec6000 GCTaskThread "GC Thread#3" [stack: 0x0000007d94a00000,0x0000007d94b00000] [id=15352]
  0x00000212ebec9000 GCTaskThread "GC Thread#4" [stack: 0x0000007d94b00000,0x0000007d94c00000] [id=11144]
  0x00000212ebec9800 GCTaskThread "GC Thread#5" [stack: 0x0000007d94c00000,0x0000007d94d00000] [id=1172]
  0x00000212c843b800 ConcurrentGCThread "G1 Main Marker" [stack: 0x0000007d92b00000,0x0000007d92c00000] [id=2132]
  0x00000212c843d800 ConcurrentGCThread "G1 Conc#0" [stack: 0x0000007d92c00000,0x0000007d92d00000] [id=12996]
  0x00000212e9142800 ConcurrentGCThread "G1 Refine#0" [stack: 0x0000007d92d00000,0x0000007d92e00000] [id=2396]
  0x00000212c84bb000 ConcurrentGCThread "G1 Young RemSet Sampling" [stack: 0x0000007d92e00000,0x0000007d92f00000] [id=12720]

Threads with active compile tasks:

VM state:at safepoint (shutting down)

VM Mutex/Monitor currently owned by a thread:  ([mutex/lock_event])
[0x00000212c83e3680] Threads_lock - owner thread: 0x00000212e92c7000
[0x00000212c83e3c20] Heap_lock - owner thread: 0x00000212ebe99800

Heap address: 0x0000000083400000, size: 1996 MB, Compressed Oops mode: 32-bit
Narrow klass base: 0x0000000800000000, Narrow klass shift: 3
Compressed class space size: 1073741824 Address: 0x0000000800b30000

Heap:
 garbage-first heap   total 129024K, used 37059K [0x0000000083400000, 0x0000000100000000)
  region size 1024K, 30 young (30720K), 5 survivors (5120K)
 Metaspace       used 17384K, capacity 18236K, committed 18432K, reserved 1064960K
  class space    used 2497K, capacity 2808K, committed 2816K, reserved 1048576K
Heap Regions: E=young(eden), S=young(survivor), O=old, HS=humongous(starts), HC=humongous(continues), CS=collection set, F=free, OA=open archive, CA=closed archive, TAMS=top-at-mark-start (previous, next)
|   0|0x0000000083400000, 0x0000000083500000, 0x0000000083500000|100%|HS|  |TAMS 0x0000000083400000, 0x0000000083400000| Complete 
|   1|0x0000000083500000, 0x0000000083600000, 0x0000000083600000|100%| O|  |TAMS 0x0000000083500000, 0x0000000083500000| Untracked 
|   2|0x0000000083600000, 0x0000000083700000, 0x0000000083700000|100%| O|  |TAMS 0x0000000083600000, 0x0000000083600000| Untracked 
|   3|0x0000000083700000, 0x0000000083800000, 0x0000000083800000|100%| O|  |TAMS 0x0000000083700000, 0x0000000083700000| Untracked 
|   4|0x0000000083800000, 0x0000000083900000, 0x0000000083900000|100%| O|  |TAMS 0x0000000083800000, 0x0000000083800000| Untracked 
|   5|0x0000000083900000, 0x0000000083930e00, 0x0000000083a00000| 19%| O|  |TAMS 0x0000000083900000, 0x0000000083900000| Untracked 
|   6|0x0000000083a00000, 0x0000000083b00000, 0x0000000083b00000|100%|HS|  |TAMS 0x0000000083a00000, 0x0000000083a00000| Complete 
|   7|0x0000000083b00000, 0x0000000083c00000, 0x0000000083c00000|100%|HC|  |TAMS 0x0000000083b00000, 0x0000000083b00000| Complete 
|   8|0x0000000083c00000, 0x0000000083c00000, 0x0000000083d00000|  0%| F|  |TAMS 0x0000000083c00000, 0x0000000083c00000| Untracked 
|   9|0x0000000083d00000, 0x0000000083d00000, 0x0000000083e00000|  0%| F|  |TAMS 0x0000000083d00000, 0x0000000083d00000| Untracked 
|  10|0x0000000083e00000, 0x0000000083e00000, 0x0000000083f00000|  0%| F|  |TAMS 0x0000000083e00000, 0x0000000083e00000| Untracked 
|  11|0x0000000083f00000, 0x0000000083f00000, 0x0000000084000000|  0%| F|  |TAMS 0x0000000083f00000, 0x0000000083f00000| Untracked 
|  12|0x0000000084000000, 0x0000000084000000, 0x0000000084100000|  0%| F|  |TAMS 0x0000000084000000, 0x0000000084000000| Untracked 
|  13|0x0000000084100000, 0x0000000084100000, 0x0000000084200000|  0%| F|  |TAMS 0x0000000084100000, 0x0000000084100000| Untracked 
|  14|0x0000000084200000, 0x0000000084200000, 0x0000000084300000|  0%| F|  |TAMS 0x0000000084200000, 0x0000000084200000| Untracked 
|  15|0x0000000084300000, 0x0000000084300000, 0x0000000084400000|  0%| F|  |TAMS 0x0000000084300000, 0x0000000084300000| Untracked 
|  16|0x0000000084400000, 0x0000000084400000, 0x0000000084500000|  0%| F|  |TAMS 0x0000000084400000, 0x0000000084400000| Untracked 
|  17|0x0000000084500000, 0x0000000084500000, 0x0000000084600000|  0%| F|  |TAMS 0x0000000084500000, 0x0000000084500000| Untracked 
|  18|0x0000000084600000, 0x0000000084600000, 0x0000000084700000|  0%| F|  |TAMS 0x0000000084600000, 0x0000000084600000| Untracked 
|  19|0x0000000084700000, 0x0000000084700000, 0x0000000084800000|  0%| F|  |TAMS 0x0000000084700000, 0x0000000084700000| Untracked 
|  20|0x0000000084800000, 0x0000000084800000, 0x0000000084900000|  0%| F|  |TAMS 0x0000000084800000, 0x0000000084800000| Untracked 
|  21|0x0000000084900000, 0x0000000084900000, 0x0000000084a00000|  0%| F|  |TAMS 0x0000000084900000, 0x0000000084900000| Untracked 
|  22|0x0000000084a00000, 0x0000000084a00000, 0x0000000084b00000|  0%| F|  |TAMS 0x0000000084a00000, 0x0000000084a00000| Untracked 
|  23|0x0000000084b00000, 0x0000000084b00000, 0x0000000084c00000|  0%| F|  |TAMS 0x0000000084b00000, 0x0000000084b00000| Untracked 
|  24|0x0000000084c00000, 0x0000000084c00000, 0x0000000084d00000|  0%| F|  |TAMS 0x0000000084c00000, 0x0000000084c00000| Untracked 
|  25|0x0000000084d00000, 0x0000000084d00000, 0x0000000084e00000|  0%| F|  |TAMS 0x0000000084d00000, 0x0000000084d00000| Untracked 
|  26|0x0000000084e00000, 0x0000000084e00000, 0x0000000084f00000|  0%| F|  |TAMS 0x0000000084e00000, 0x0000000084e00000| Untracked 
|  27|0x0000000084f00000, 0x0000000084f00000, 0x0000000085000000|  0%| F|  |TAMS 0x0000000084f00000, 0x0000000084f00000| Untracked 
|  28|0x0000000085000000, 0x0000000085000000, 0x0000000085100000|  0%| F|  |TAMS 0x0000000085000000, 0x0000000085000000| Untracked 
|  29|0x0000000085100000, 0x0000000085100000, 0x0000000085200000|  0%| F|  |TAMS 0x0000000085100000, 0x0000000085100000| Untracked 
|  30|0x0000000085200000, 0x0000000085200000, 0x0000000085300000|  0%| F|  |TAMS 0x0000000085200000, 0x0000000085200000| Untracked 
|  31|0x0000000085300000, 0x0000000085300000, 0x0000000085400000|  0%| F|  |TAMS 0x0000000085300000, 0x0000000085300000| Untracked 
|  32|0x0000000085400000, 0x0000000085400000, 0x0000000085500000|  0%| F|  |TAMS 0x0000000085400000, 0x0000000085400000| Untracked 
|  33|0x0000000085500000, 0x0000000085500000, 0x0000000085600000|  0%| F|  |TAMS 0x0000000085500000, 0x0000000085500000| Untracked 
|  34|0x0000000085600000, 0x0000000085600000, 0x0000000085700000|  0%| F|  |TAMS 0x0000000085600000, 0x0000000085600000| Untracked 
|  35|0x0000000085700000, 0x0000000085700000, 0x0000000085800000|  0%| F|  |TAMS 0x0000000085700000, 0x0000000085700000| Untracked 
|  36|0x0000000085800000, 0x0000000085800000, 0x0000000085900000|  0%| F|  |TAMS 0x0000000085800000, 0x0000000085800000| Untracked 
|  37|0x0000000085900000, 0x0000000085900000, 0x0000000085a00000|  0%| F|  |TAMS 0x0000000085900000, 0x0000000085900000| Untracked 
|  38|0x0000000085a00000, 0x0000000085a00000, 0x0000000085b00000|  0%| F|  |TAMS 0x0000000085a00000, 0x0000000085a00000| Untracked 
|  39|0x0000000085b00000, 0x0000000085b00000, 0x0000000085c00000|  0%| F|  |TAMS 0x0000000085b00000, 0x0000000085b00000| Untracked 
|  40|0x0000000085c00000, 0x0000000085c00000, 0x0000000085d00000|  0%| F|  |TAMS 0x0000000085c00000, 0x0000000085c00000| Untracked 
|  41|0x0000000085d00000, 0x0000000085d00000, 0x0000000085e00000|  0%| F|  |TAMS 0x0000000085d00000, 0x0000000085d00000| Untracked 
|  42|0x0000000085e00000, 0x0000000085e00000, 0x0000000085f00000|  0%| F|  |TAMS 0x0000000085e00000, 0x0000000085e00000| Untracked 
|  43|0x0000000085f00000, 0x0000000085f00000, 0x0000000086000000|  0%| F|  |TAMS 0x0000000085f00000, 0x0000000085f00000| Untracked 
|  44|0x0000000086000000, 0x0000000086000000, 0x0000000086100000|  0%| F|  |TAMS 0x0000000086000000, 0x0000000086000000| Untracked 
|  45|0x0000000086100000, 0x0000000086100000, 0x0000000086200000|  0%| F|  |TAMS 0x0000000086100000, 0x0000000086100000| Untracked 
|  46|0x0000000086200000, 0x0000000086200000, 0x0000000086300000|  0%| F|  |TAMS 0x0000000086200000, 0x0000000086200000| Untracked 
|  47|0x0000000086300000, 0x0000000086300000, 0x0000000086400000|  0%| F|  |TAMS 0x0000000086300000, 0x0000000086300000| Untracked 
|  48|0x0000000086400000, 0x0000000086400000, 0x0000000086500000|  0%| F|  |TAMS 0x0000000086400000, 0x0000000086400000| Untracked 
|  49|0x0000000086500000, 0x0000000086500000, 0x0000000086600000|  0%| F|  |TAMS 0x0000000086500000, 0x0000000086500000| Untracked 
|  50|0x0000000086600000, 0x0000000086600000, 0x0000000086700000|  0%| F|  |TAMS 0x0000000086600000, 0x0000000086600000| Untracked 
|  51|0x0000000086700000, 0x0000000086700000, 0x0000000086800000|  0%| F|  |TAMS 0x0000000086700000, 0x0000000086700000| Untracked 
|  52|0x0000000086800000, 0x0000000086800000, 0x0000000086900000|  0%| F|  |TAMS 0x0000000086800000, 0x0000000086800000| Untracked 
|  53|0x0000000086900000, 0x0000000086900000, 0x0000000086a00000|  0%| F|  |TAMS 0x0000000086900000, 0x0000000086900000| Untracked 
|  54|0x0000000086a00000, 0x0000000086a00000, 0x0000000086b00000|  0%| F|  |TAMS 0x0000000086a00000, 0x0000000086a00000| Untracked 
|  55|0x0000000086b00000, 0x0000000086b00000, 0x0000000086c00000|  0%| F|  |TAMS 0x0000000086b00000, 0x0000000086b00000| Untracked 
|  56|0x0000000086c00000, 0x0000000086c00000, 0x0000000086d00000|  0%| F|  |TAMS 0x0000000086c00000, 0x0000000086c00000| Untracked 
|  57|0x0000000086d00000, 0x0000000086d00000, 0x0000000086e00000|  0%| F|  |TAMS 0x0000000086d00000, 0x0000000086d00000| Untracked 
|  58|0x0000000086e00000, 0x0000000086e00000, 0x0000000086f00000|  0%| F|  |TAMS 0x0000000086e00000, 0x0000000086e00000| Untracked 
|  59|0x0000000086f00000, 0x0000000086f00000, 0x0000000087000000|  0%| F|  |TAMS 0x0000000086f00000, 0x0000000086f00000| Untracked 
|  60|0x0000000087000000, 0x0000000087000000, 0x0000000087100000|  0%| F|  |TAMS 0x0000000087000000, 0x0000000087000000| Untracked 
|  61|0x0000000087100000, 0x0000000087100000, 0x0000000087200000|  0%| F|  |TAMS 0x0000000087100000, 0x0000000087100000| Untracked 
|  62|0x0000000087200000, 0x0000000087200000, 0x0000000087300000|  0%| F|  |TAMS 0x0000000087200000, 0x0000000087200000| Untracked 
|  63|0x0000000087300000, 0x0000000087300000, 0x0000000087400000|  0%| F|  |TAMS 0x0000000087300000, 0x0000000087300000| Untracked 
|  64|0x0000000087400000, 0x0000000087400000, 0x0000000087500000|  0%| F|  |TAMS 0x0000000087400000, 0x0000000087400000| Untracked 
|  65|0x0000000087500000, 0x0000000087500000, 0x0000000087600000|  0%| F|  |TAMS 0x0000000087500000, 0x0000000087500000| Untracked 
|  66|0x0000000087600000, 0x0000000087600000, 0x0000000087700000|  0%| F|  |TAMS 0x0000000087600000, 0x0000000087600000| Untracked 
|  67|0x0000000087700000, 0x0000000087700000, 0x0000000087800000|  0%| F|  |TAMS 0x0000000087700000, 0x0000000087700000| Untracked 
|  68|0x0000000087800000, 0x0000000087800000, 0x0000000087900000|  0%| F|  |TAMS 0x0000000087800000, 0x0000000087800000| Untracked 
|  69|0x0000000087900000, 0x0000000087900000, 0x0000000087a00000|  0%| F|  |TAMS 0x0000000087900000, 0x0000000087900000| Untracked 
|  70|0x0000000087a00000, 0x0000000087a00000, 0x0000000087b00000|  0%| F|  |TAMS 0x0000000087a00000, 0x0000000087a00000| Untracked 
|  71|0x0000000087b00000, 0x0000000087b00000, 0x0000000087c00000|  0%| F|  |TAMS 0x0000000087b00000, 0x0000000087b00000| Untracked 
|  72|0x0000000087c00000, 0x0000000087c00000, 0x0000000087d00000|  0%| F|  |TAMS 0x0000000087c00000, 0x0000000087c00000| Untracked 
|  73|0x0000000087d00000, 0x0000000087d00000, 0x0000000087e00000|  0%| F|  |TAMS 0x0000000087d00000, 0x0000000087d00000| Untracked 
|  74|0x0000000087e00000, 0x0000000087e00000, 0x0000000087f00000|  0%| F|  |TAMS 0x0000000087e00000, 0x0000000087e00000| Untracked 
|  75|0x0000000087f00000, 0x0000000087f00000, 0x0000000088000000|  0%| F|  |TAMS 0x0000000087f00000, 0x0000000087f00000| Untracked 
|  76|0x0000000088000000, 0x0000000088000000, 0x0000000088100000|  0%| F|  |TAMS 0x0000000088000000, 0x0000000088000000| Untracked 
|  77|0x0000000088100000, 0x0000000088100000, 0x0000000088200000|  0%| F|  |TAMS 0x0000000088100000, 0x0000000088100000| Untracked 
|  78|0x0000000088200000, 0x0000000088200000, 0x0000000088300000|  0%| F|  |TAMS 0x0000000088200000, 0x0000000088200000| Untracked 
|  79|0x0000000088300000, 0x0000000088300000, 0x0000000088400000|  0%| F|  |TAMS 0x0000000088300000, 0x0000000088300000| Untracked 
|  80|0x0000000088400000, 0x0000000088400000, 0x0000000088500000|  0%| F|  |TAMS 0x0000000088400000, 0x0000000088400000| Untracked 
|  81|0x0000000088500000, 0x0000000088500000, 0x0000000088600000|  0%| F|  |TAMS 0x0000000088500000, 0x0000000088500000| Untracked 
|  82|0x0000000088600000, 0x0000000088600000, 0x0000000088700000|  0%| F|  |TAMS 0x0000000088600000, 0x0000000088600000| Untracked 
|  83|0x0000000088700000, 0x0000000088700000, 0x0000000088800000|  0%| F|  |TAMS 0x0000000088700000, 0x0000000088700000| Untracked 
|  84|0x0000000088800000, 0x0000000088800000, 0x0000000088900000|  0%| F|  |TAMS 0x0000000088800000, 0x0000000088800000| Untracked 
|  85|0x0000000088900000, 0x0000000088900000, 0x0000000088a00000|  0%| F|  |TAMS 0x0000000088900000, 0x0000000088900000| Untracked 
|  86|0x0000000088a00000, 0x0000000088a00000, 0x0000000088b00000|  0%| F|  |TAMS 0x0000000088a00000, 0x0000000088a00000| Untracked 
|  87|0x0000000088b00000, 0x0000000088b00000, 0x0000000088c00000|  0%| F|  |TAMS 0x0000000088b00000, 0x0000000088b00000| Untracked 
|  88|0x0000000088c00000, 0x0000000088d00000, 0x0000000088d00000|100%| S|CS|TAMS 0x0000000088c00000, 0x0000000088c00000| Complete 
|  89|0x0000000088d00000, 0x0000000088e00000, 0x0000000088e00000|100%| S|CS|TAMS 0x0000000088d00000, 0x0000000088d00000| Complete 
|  90|0x0000000088e00000, 0x0000000088f00000, 0x0000000088f00000|100%| S|CS|TAMS 0x0000000088e00000, 0x0000000088e00000| Complete 
|  91|0x0000000088f00000, 0x0000000089000000, 0x0000000089000000|100%| S|CS|TAMS 0x0000000088f00000, 0x0000000088f00000| Complete 
|  92|0x0000000089000000, 0x0000000089100000, 0x0000000089100000|100%| S|CS|TAMS 0x0000000089000000, 0x0000000089000000| Complete 
|  93|0x0000000089100000, 0x0000000089100000, 0x0000000089200000|  0%| F|  |TAMS 0x0000000089100000, 0x0000000089100000| Untracked 
|  94|0x0000000089200000, 0x0000000089200000, 0x0000000089300000|  0%| F|  |TAMS 0x0000000089200000, 0x0000000089200000| Untracked 
|  95|0x0000000089300000, 0x0000000089300000, 0x0000000089400000|  0%| F|  |TAMS 0x0000000089300000, 0x0000000089300000| Untracked 
|  96|0x0000000089400000, 0x0000000089400000, 0x0000000089500000|  0%| F|  |TAMS 0x0000000089400000, 0x0000000089400000| Untracked 
|  97|0x0000000089500000, 0x0000000089500000, 0x0000000089600000|  0%| F|  |TAMS 0x0000000089500000, 0x0000000089500000| Untracked 
|  98|0x0000000089600000, 0x0000000089600000, 0x0000000089700000|  0%| F|  |TAMS 0x0000000089600000, 0x0000000089600000| Untracked 
|  99|0x0000000089700000, 0x0000000089700000, 0x0000000089800000|  0%| F|  |TAMS 0x0000000089700000, 0x0000000089700000| Untracked 
| 100|0x0000000089800000, 0x0000000089800000, 0x0000000089900000|  0%| F|  |TAMS 0x0000000089800000, 0x0000000089800000| Untracked 
| 101|0x0000000089900000, 0x000000008998fe10, 0x0000000089a00000| 56%| E|  |TAMS 0x0000000089900000, 0x0000000089900000| Complete 
| 102|0x0000000089a00000, 0x0000000089b00000, 0x0000000089b00000|100%| E|CS|TAMS 0x0000000089a00000, 0x0000000089a00000| Complete 
| 103|0x0000000089b00000, 0x0000000089c00000, 0x0000000089c00000|100%| E|CS|TAMS 0x0000000089b00000, 0x0000000089b00000| Complete 
| 104|0x0000000089c00000, 0x0000000089d00000, 0x0000000089d00000|100%| E|CS|TAMS 0x0000000089c00000, 0x0000000089c00000| Complete 
| 105|0x0000000089d00000, 0x0000000089e00000, 0x0000000089e00000|100%| E|CS|TAMS 0x0000000089d00000, 0x0000000089d00000| Complete 
| 106|0x0000000089e00000, 0x0000000089f00000, 0x0000000089f00000|100%| E|CS|TAMS 0x0000000089e00000, 0x0000000089e00000| Complete 
| 107|0x0000000089f00000, 0x000000008a000000, 0x000000008a000000|100%| E|CS|TAMS 0x0000000089f00000, 0x0000000089f00000| Complete 
| 108|0x000000008a000000, 0x000000008a100000, 0x000000008a100000|100%| E|CS|TAMS 0x000000008a000000, 0x000000008a000000| Complete 
| 109|0x000000008a100000, 0x000000008a200000, 0x000000008a200000|100%| E|CS|TAMS 0x000000008a100000, 0x000000008a100000| Complete 
| 110|0x000000008a200000, 0x000000008a300000, 0x000000008a300000|100%| E|CS|TAMS 0x000000008a200000, 0x000000008a200000| Complete 
| 111|0x000000008a300000, 0x000000008a400000, 0x000000008a400000|100%| E|CS|TAMS 0x000000008a300000, 0x000000008a300000| Complete 
| 112|0x000000008a400000, 0x000000008a500000, 0x000000008a500000|100%| E|CS|TAMS 0x000000008a400000, 0x000000008a400000| Complete 
| 113|0x000000008a500000, 0x000000008a600000, 0x000000008a600000|100%| E|CS|TAMS 0x000000008a500000, 0x000000008a500000| Complete 
| 114|0x000000008a600000, 0x000000008a700000, 0x000000008a700000|100%| E|CS|TAMS 0x000000008a600000, 0x000000008a600000| Complete 
| 115|0x000000008a700000, 0x000000008a800000, 0x000000008a800000|100%| E|CS|TAMS 0x000000008a700000, 0x000000008a700000| Complete 
| 116|0x000000008a800000, 0x000000008a900000, 0x000000008a900000|100%| E|CS|TAMS 0x000000008a800000, 0x000000008a800000| Complete 
| 117|0x000000008a900000, 0x000000008aa00000, 0x000000008aa00000|100%| E|CS|TAMS 0x000000008a900000, 0x000000008a900000| Complete 
| 118|0x000000008aa00000, 0x000000008ab00000, 0x000000008ab00000|100%| E|CS|TAMS 0x000000008aa00000, 0x000000008aa00000| Complete 
| 119|0x000000008ab00000, 0x000000008ac00000, 0x000000008ac00000|100%| E|CS|TAMS 0x000000008ab00000, 0x000000008ab00000| Complete 
| 120|0x000000008ac00000, 0x000000008ad00000, 0x000000008ad00000|100%| E|CS|TAMS 0x000000008ac00000, 0x000000008ac00000| Complete 
| 121|0x000000008ad00000, 0x000000008ae00000, 0x000000008ae00000|100%| E|CS|TAMS 0x000000008ad00000, 0x000000008ad00000| Complete 
| 122|0x000000008ae00000, 0x000000008af00000, 0x000000008af00000|100%| E|CS|TAMS 0x000000008ae00000, 0x000000008ae00000| Complete 
| 123|0x000000008af00000, 0x000000008b000000, 0x000000008b000000|100%| E|CS|TAMS 0x000000008af00000, 0x000000008af00000| Complete 
| 124|0x000000008b000000, 0x000000008b100000, 0x000000008b100000|100%| E|CS|TAMS 0x000000008b000000, 0x000000008b000000| Complete 
| 125|0x000000008b100000, 0x000000008b200000, 0x000000008b200000|100%| E|CS|TAMS 0x000000008b100000, 0x000000008b100000| Complete 

Card table byte_map: [0x00000212e21d0000,0x00000212e25c0000] _byte_map_base: 0x00000212e1db6000

Marking Bits (Prev, Next): (CMBitMap*) 0x00000212c842b148, (CMBitMap*) 0x00000212c842b188
 Prev Bits: [0x00000212e29b0000, 0x00000212e48e0000)
 Next Bits: [0x00000212e48e0000, 0x00000212e6810000)

Polling page: 0x00000212c82a0000

Metaspace:

Usage:
  Non-class:     15.07 MB capacity,    14.54 MB ( 96%) used,   458.13 KB (  3%) free+waste,    82.63 KB ( <1%) overhead. 
      Class:      2.74 MB capacity,     2.44 MB ( 89%) used,   266.45 KB (  9%) free+waste,    44.31 KB (  2%) overhead. 
       Both:     17.81 MB capacity,    16.98 MB ( 95%) used,   724.58 KB (  4%) free+waste,   126.94 KB ( <1%) overhead. 

Virtual space:
  Non-class space:       16.00 MB reserved,      15.25 MB ( 95%) committed 
      Class space:        1.00 GB reserved,       2.75 MB ( <1%) committed 
             Both:        1.02 GB reserved,      18.00 MB (  2%) committed 

Chunk freelists:
   Non-Class:  0 bytes
       Class:  8.00 KB
        Both:  8.00 KB

MaxMetaspaceSize: 17179869184.00 GB
CompressedClassSpaceSize: 1.00 GB

CodeHeap 'non-profiled nmethods': size=120000Kb used=1170Kb max_used=1170Kb free=118829Kb
 bounds [0x00000212d9e40000, 0x00000212da0b0000, 0x00000212e1370000]
CodeHeap 'profiled nmethods': size=120000Kb used=5551Kb max_used=5551Kb free=114448Kb
 bounds [0x00000212d2910000, 0x00000212d2e80000, 0x00000212d9e40000]
CodeHeap 'non-nmethods': size=5760Kb used=1471Kb max_used=1520Kb free=4288Kb
 bounds [0x00000212d2370000, 0x00000212d25e0000, 0x00000212d2910000]
 total_blobs=3685 nmethods=2889 adapters=707
 compilation: enabled
              stopped_count=0, restarted_count=0
 full_count=0

Compilation events (20 events):
Event: 14.562 Thread 0x00000212e92f4000 2883       4       javafx.scene.Node::getLocalBounds (162 bytes)
Event: 14.569 Thread 0x00000212e92f4000 nmethod 2883 0x00000212d9f5e910 code [0x00000212d9f5ec20, 0x00000212d9f5f628]
Event: 16.245 Thread 0x00000212e92fb000 2884       3       java.util.AbstractList::iterator (9 bytes)
Event: 16.245 Thread 0x00000212e92fb000 nmethod 2884 0x00000212d2e7a310 code [0x00000212d2e7a4c0, 0x00000212d2e7a778]
Event: 64.248 Thread 0x00000212e92fb000 2885       3       javafx.scene.Node::updateLocalBounds (67 bytes)
Event: 64.249 Thread 0x00000212e92fb000 nmethod 2885 0x00000212d2e7a890 code [0x00000212d2e7aae0, 0x00000212d2e7b668]
Event: 64.285 Thread 0x00000212e92f4000 2886   !   4       javafx.scene.Node::intersectsBounds (1005 bytes)
Event: 64.297 Thread 0x00000212e92fb000 2887       3       com.sun.javafx.css.PseudoClassState::add (6 bytes)
Event: 64.297 Thread 0x00000212e92fb000 nmethod 2887 0x00000212d2e7b910 code [0x00000212d2e7bac0, 0x00000212d2e7bc08]
Event: 64.306 Thread 0x00000212e92f4000 nmethod 2886 0x00000212d9f5fc90 code [0x00000212d9f60060, 0x00000212d9f60ef0]
Event: 64.307 Thread 0x00000212e92f4000 2888       4       com.sun.glass.ui.Application::checkEventThread (35 bytes)
Event: 64.308 Thread 0x00000212e92f4000 nmethod 2888 0x00000212d9f61f90 code [0x00000212d9f62120, 0x00000212d9f621b8]
Event: 64.333 Thread 0x00000212e92f4000 2889       4       com.sun.javafx.geom.transform.Translate2D::transform (48 bytes)
Event: 64.334 Thread 0x00000212e92f4000 nmethod 2889 0x00000212d9f62290 code [0x00000212d9f62420, 0x00000212d9f62518]
Event: 64.603 Thread 0x00000212e92f4000 2890   !   4       javafx.scene.Node::pickNode (130 bytes)
Event: 64.614 Thread 0x00000212e92f4000 nmethod 2890 0x00000212d9f62610 code [0x00000212d9f62880, 0x00000212d9f62ee8]
Event: 86.586 Thread 0x00000212e92f4000 2891       4       com.sun.javafx.tk.quantum.QuantumToolkit::postPulse (133 bytes)
Event: 86.589 Thread 0x00000212e92f4000 nmethod 2891 0x00000212d9f63590 code [0x00000212d9f637e0, 0x00000212d9f63b78]
Event: 86.970 Thread 0x00000212e92f4000 2892       4       com.sun.javafx.tk.quantum.QuantumToolkit$$Lambda$109/0x0000000800bdf840::run (8 bytes)
Event: 86.976 Thread 0x00000212e92f4000 nmethod 2892 0x00000212d9f63e90 code [0x00000212d9f64100, 0x00000212d9f64528]

GC Heap History (4 events):
Event: 0.792 GC heap before
{Heap before GC invocations=0 (full 0):
 garbage-first heap   total 129024K, used 24576K [0x0000000083400000, 0x0000000100000000)
  region size 1024K, 23 young (23552K), 0 survivors (0K)
 Metaspace       used 2912K, capacity 5335K, committed 5504K, reserved 1056768K
  class space    used 325K, capacity 568K, committed 640K, reserved 1048576K
}
Event: 0.796 GC heap after
{Heap after GC invocations=1 (full 0):
 garbage-first heap   total 129024K, used 4958K [0x0000000083400000, 0x0000000100000000)
  region size 1024K, 3 young (3072K), 3 survivors (3072K)
 Metaspace       used 2912K, capacity 5335K, committed 5504K, reserved 1056768K
  class space    used 325K, capacity 568K, committed 640K, reserved 1048576K
}
Event: 1.410 GC heap before
{Heap before GC invocations=1 (full 0):
 garbage-first heap   total 129024K, used 34654K [0x0000000083400000, 0x0000000100000000)
  region size 1024K, 33 young (33792K), 3 survivors (3072K)
 Metaspace       used 11353K, capacity 11906K, committed 12032K, reserved 1058816K
  class space    used 1498K, capacity 1699K, committed 1792K, reserved 1048576K
}
Event: 1.417 GC heap after
{Heap after GC invocations=2 (full 0):
 garbage-first heap   total 129024K, used 10435K [0x0000000083400000, 0x0000000100000000)
  region size 1024K, 5 young (5120K), 5 survivors (5120K)
 Metaspace       used 11353K, capacity 11906K, committed 12032K, reserved 1058816K
  class space    used 1498K, capacity 1699K, committed 1792K, reserved 1048576K
}

Deoptimization events (20 events):
Event: 7.570 Thread 0x00000212eacaa000 DEOPT PACKING pc=0x00000212d2defa6c sp=0x0000007d941f9bf0
Event: 7.570 Thread 0x00000212eacaa000 DEOPT UNPACKING pc=0x00000212d23b83de sp=0x0000007d941f9098 mode 0
Event: 7.571 Thread 0x00000212eacaa000 DEOPT PACKING pc=0x00000212d2defa6c sp=0x0000007d941f9bf0
Event: 7.571 Thread 0x00000212eacaa000 DEOPT UNPACKING pc=0x00000212d23b83de sp=0x0000007d941f9098 mode 0
Event: 7.685 Thread 0x00000212eaa58000 Uncommon trap: trap_request=0xffffffde fr.pc=0x00000212d9f5ab88 relative=0x0000000000000128
Event: 7.685 Thread 0x00000212eaa58000 Uncommon trap: reason=class_check action=maybe_recompile pc=0x00000212d9f5ab88 method=jdk.internal.misc.Unsafe.allocateUninitializedArray(Ljava/lang/Class;I)Ljava/lang/Object; @ 51 c2
Event: 7.685 Thread 0x00000212eaa58000 DEOPT PACKING pc=0x00000212d9f5ab88 sp=0x0000007d940f9320
Event: 7.685 Thread 0x00000212eaa58000 DEOPT UNPACKING pc=0x00000212d237852f sp=0x0000007d940f92a8 mode 2
Event: 7.686 Thread 0x00000212eaa58000 Uncommon trap: trap_request=0xffffffde fr.pc=0x00000212d9f5ab88 relative=0x0000000000000128
Event: 7.686 Thread 0x00000212eaa58000 Uncommon trap: reason=class_check action=maybe_recompile pc=0x00000212d9f5ab88 method=jdk.internal.misc.Unsafe.allocateUninitializedArray(Ljava/lang/Class;I)Ljava/lang/Object; @ 51 c2
Event: 7.686 Thread 0x00000212eaa58000 DEOPT PACKING pc=0x00000212d9f5ab88 sp=0x0000007d940fde00
Event: 7.686 Thread 0x00000212eaa58000 DEOPT UNPACKING pc=0x00000212d237852f sp=0x0000007d940fdd88 mode 2
Event: 7.686 Thread 0x00000212eaa58000 Uncommon trap: trap_request=0xffffffde fr.pc=0x00000212d9f5ab88 relative=0x0000000000000128
Event: 7.686 Thread 0x00000212eaa58000 Uncommon trap: reason=class_check action=maybe_recompile pc=0x00000212d9f5ab88 method=jdk.internal.misc.Unsafe.allocateUninitializedArray(Ljava/lang/Class;I)Ljava/lang/Object; @ 51 c2
Event: 7.686 Thread 0x00000212eaa58000 DEOPT PACKING pc=0x00000212d9f5ab88 sp=0x0000007d940fd140
Event: 7.686 Thread 0x00000212eaa58000 DEOPT UNPACKING pc=0x00000212d237852f sp=0x0000007d940fd0c8 mode 2
Event: 7.686 Thread 0x00000212eaa58000 Uncommon trap: trap_request=0xffffffde fr.pc=0x00000212d9f5ab88 relative=0x0000000000000128
Event: 7.686 Thread 0x00000212eaa58000 Uncommon trap: reason=class_check action=maybe_recompile pc=0x00000212d9f5ab88 method=jdk.internal.misc.Unsafe.allocateUninitializedArray(Ljava/lang/Class;I)Ljava/lang/Object; @ 51 c2
Event: 7.686 Thread 0x00000212eaa58000 DEOPT PACKING pc=0x00000212d9f5ab88 sp=0x0000007d940fb7c0
Event: 7.686 Thread 0x00000212eaa58000 DEOPT UNPACKING pc=0x00000212d237852f sp=0x0000007d940fb748 mode 2

Classes unloaded (0 events):
No events

Classes redefined (0 events):
No events

Internal exceptions (20 events):
Event: 1.135 Thread 0x00000212eacaa000 Exception <a 'java/lang/ClassNotFoundException'{0x000000008a2776a0}: sun/util/logging/resources/spi/loggingProvider> (0x000000008a2776a0) 
thrown [./open/src/hotspot/share/classfile/systemDictionary.cpp, line 226]
Event: 1.221 Thread 0x00000212eacaa000 Exception <a 'java/lang/NoSuchMethodError'{0x0000000089b80b28}: 'void java.lang.invoke.DirectMethodHandle$Holder.invokeStaticInit(java.lang.Object, java.lang.Object)'> (0x0000000089b80b28) 
thrown [./open/src/hotspot/share/interpreter/linkResolver.cpp, line 766]
Event: 1.250 Thread 0x00000212eacaa000 Exception <a 'sun/nio/fs/WindowsException'{0x00000000897f2458}> (0x00000000897f2458) 
thrown [./open/src/hotspot/share/prims/jni.cpp, line 599]
Event: 1.267 Thread 0x00000212eacaa000 Exception <a 'java/lang/NoSuchMethodError'{0x0000000089660f58}: 'java.lang.Object java.lang.invoke.Invokers$Holder.linkToTargetMethod(java.lang.Object, int, java.lang.Object)'> (0x0000000089660f58) 
thrown [./open/src/hotspot/share/interpreter/linkResolver.cpp, line 766]
Event: 1.317 Thread 0x00000212eacaa000 Implicit null exception at 0x00000212d9ed2045 to 0x00000212d9ed24d0
Event: 1.317 Thread 0x00000212eacaa000 Implicit null exception at 0x00000212d9e81fe8 to 0x00000212d9e8207a
Event: 1.457 Thread 0x00000212eacaa000 Exception <a 'java/lang/NoSuchMethodError'{0x000000008af23728}: 'java.lang.Object java.lang.invoke.DirectMethodHandle$Holder.invokeInterface(java.lang.Object, java.lang.Object, java.lang.Object)'> (0x000000008af23728) 
thrown [./open/src/hotspot/share/interpreter/linkResolver.cpp, line 766]
Event: 1.457 Thread 0x00000212eacaa000 Exception <a 'java/lang/IncompatibleClassChangeError'{0x000000008af26388}: Found class java.lang.Object, but interface was expected> (0x000000008af26388) 
thrown [./open/src/hotspot/share/interpreter/linkResolver.cpp, line 832]
Event: 1.525 Thread 0x00000212eaa58000 Exception <a 'java/lang/NoSuchMethodError'{0x000000008ad73750}: 'int java.lang.invoke.DirectMethodHandle$Holder.invokeStaticInit(java.lang.Object, java.lang.Object)'> (0x000000008ad73750) 
thrown [./open/src/hotspot/share/interpreter/linkResolver.cpp, line 766]
Event: 2.108 Thread 0x00000212eacaa000 Exception <a 'java/lang/NoSuchMethodError'{0x000000008a9659f8}: 'long java.lang.invoke.DirectMethodHandle$Holder.invokeStatic(java.lang.Object, java.lang.Object, java.lang.Object)'> (0x000000008a9659f8) 
thrown [./open/src/hotspot/share/interpreter/linkResolver.cpp, line 766]
Event: 2.109 Thread 0x00000212eacaa000 Exception <a 'java/lang/NoSuchMethodError'{0x000000008a9686a0}: 'long java.lang.invoke.DirectMethodHandle$Holder.invokeStaticInit(java.lang.Object, java.lang.Object, java.lang.Object)'> (0x000000008a9686a0) 
thrown [./open/src/hotspot/share/interpreter/linkResolver.cpp, line 766]
Event: 2.110 Thread 0x00000212eacaa000 Exception <a 'java/lang/NoSuchMethodError'{0x000000008a97c970}: 'java.lang.Object java.lang.invoke.Invokers$Holder.linkToTargetMethod(java.lang.Object, long, java.lang.Object)'> (0x000000008a97c970) 
thrown [./open/src/hotspot/share/interpreter/linkResolver.cpp, line 766]
Event: 2.287 Thread 0x00000212eacaa000 Exception <a 'java/lang/ClassNotFoundException'{0x000000008a7faf60}: com/sun/javafx/scene/control/skin/resources/controls> (0x000000008a7faf60) 
thrown [./open/src/hotspot/share/prims/jni.cpp, line 620]
Event: 2.288 Thread 0x00000212eacaa000 Exception <a 'java/lang/ClassNotFoundException'{0x000000008a609640}: com/sun/javafx/scene/control/skin/resources/controls_ru> (0x000000008a609640) 
thrown [./open/src/hotspot/share/prims/jni.cpp, line 620]
Event: 2.288 Thread 0x00000212eacaa000 Exception <a 'java/lang/ClassNotFoundException'{0x000000008a614b88}: com/sun/javafx/scene/control/skin/resources/controls_ru_RU> (0x000000008a614b88) 
thrown [./open/src/hotspot/share/prims/jni.cpp, line 620]
Event: 2.308 Thread 0x00000212eacaa000 Exception <a 'java/lang/NoSuchMethodError'{0x000000008a584dc8}: 'void java.lang.invoke.DirectMethodHandle$Holder.invokeSpecial(java.lang.Object, java.lang.Object, java.lang.Object, java.lang.Object, java.lang.Object, java.lang.Object)'> (0x000000008a584dc8) 
thrown [./open/src/hotspot/share/interpreter/linkResolver.cpp, line 766]
Event: 5.756 Thread 0x00000212eacaa000 Exception <a 'java/lang/NoSuchMethodError'{0x000000008a00e1d0}: 'java.lang.Object java.lang.invoke.DirectMethodHandle$Holder.invokeStatic(java.lang.Object, java.lang.Object, int, int, int, int, int, java.lang.Object)'> (0x000000008a00e1d0) 
thrown [./open/src/hotspot/share/interpreter/linkResolver.cpp, line 766]
Event: 5.759 Thread 0x00000212eacaa000 Exception <a 'java/lang/NoSuchMethodError'{0x000000008a01dc30}: 'java.lang.Object java.lang.invoke.DirectMethodHandle$Holder.invokeStatic(java.lang.Object, java.lang.Object, java.lang.Object, int, int, int, int, int)'> (0x000000008a01dc30) 
thrown [./open/src/hotspot/share/interpreter/linkResolver.cpp, line 766]
Event: 5.759 Thread 0x00000212eacaa000 Exception <a 'java/lang/NoSuchMethodError'{0x000000008a023ff8}: 'java.lang.Object java.lang.invoke.Invokers$Holder.linkToTargetMethod(java.lang.Object, java.lang.Object, int, int, int, int, int, java.lang.Object)'> (0x000000008a023ff8) 
thrown [./open/src/hotspot/share/interpreter/linkResolver.cpp, line 766]
Event: 7.640 Thread 0x00000212eacaa000 Exception <a 'java/lang/ClassCastException'{0x0000000089cf89c0}: class java.lang.Double cannot be cast to class javafx.scene.paint.Paint (java.lang.Double is in module java.base of loader 'bootstrap'; javafx.scene.paint.Paint is in module javafx.graphics of loader 'app')> (0x0000000089cf89c0) 
thrown [./open/src/hotspot/share/interpreter/interpreterRuntime.cpp, line 474]

Events (20 events):
Event: 202.975 Executing VM operation: HandshakeOneThread
Event: 202.975 Executing VM operation: HandshakeOneThread done
Event: 202.975 Thread 0x00000212ebe9a000 Thread added: 0x00000212ebe9a000
Event: 202.975 Thread 0x00000212ebe9b000 Thread added: 0x00000212ebe9b000
Event: 202.976 Executing VM operation: HandshakeOneThread
Event: 202.976 Executing VM operation: HandshakeOneThread done
Event: 202.976 Executing VM operation: HandshakeOneThread
Event: 202.976 Executing VM operation: HandshakeOneThread done
Event: 202.976 Executing VM operation: HandshakeOneThread
Event: 202.976 Executing VM operation: HandshakeOneThread done
Event: 202.977 Executing VM operation: HandshakeOneThread
Event: 202.977 Executing VM operation: HandshakeOneThread done
Event: 202.977 Executing VM operation: HandshakeOneThread
Event: 202.977 Executing VM operation: HandshakeOneThread done
Event: 202.977 Thread 0x00000212ebe9a000 Thread exited: 0x00000212ebe9a000
Event: 202.977 Executing VM operation: HandshakeOneThread
Event: 202.977 Executing VM operation: HandshakeOneThread done
Event: 202.977 Thread 0x00000212ebe9b000 Thread exited: 0x00000212ebe9b000
Event: 202.977 Thread 0x00000212e92ed000 Thread exited: 0x00000212e92ed000
Event: 202.977 Executing VM operation: Exit


Dynamic libraries:
0x00007ff7fdb80000 - 0x00007ff7fdb8f000 	C:\Program Files\Java\jdk-14.0.2\bin\java.exe
0x00007ff87d570000 - 0x00007ff87d765000 	C:\WINDOWS\SYSTEM32\ntdll.dll
0x00007ff87c750000 - 0x00007ff87c80e000 	C:\WINDOWS\System32\KERNEL32.DLL
0x00007ff87b190000 - 0x00007ff87b458000 	C:\WINDOWS\System32\KERNELBASE.dll
0x00007ff87b4d0000 - 0x00007ff87b5d0000 	C:\WINDOWS\System32\ucrtbase.dll
0x00007ff8740f0000 - 0x00007ff874105000 	C:\Program Files\Java\jdk-14.0.2\bin\VCRUNTIME140.dll
0x00007ff874110000 - 0x00007ff874128000 	C:\Program Files\Java\jdk-14.0.2\bin\jli.dll
0x00007ff87c9d0000 - 0x00007ff87ca7e000 	C:\WINDOWS\System32\ADVAPI32.dll
0x00007ff87b720000 - 0x00007ff87b7be000 	C:\WINDOWS\System32\msvcrt.dll
0x00007ff87b5d0000 - 0x00007ff87b66c000 	C:\WINDOWS\System32\sechost.dll
0x00007ff87b910000 - 0x00007ff87ba35000 	C:\WINDOWS\System32\RPCRT4.dll
0x00007ff87c550000 - 0x00007ff87c6f0000 	C:\WINDOWS\System32\USER32.dll
0x00007ff87af70000 - 0x00007ff87af92000 	C:\WINDOWS\System32\win32u.dll
0x00007ff866f00000 - 0x00007ff86719a000 	C:\WINDOWS\WinSxS\amd64_microsoft.windows.common-controls_6595b64144ccf1df_6.0.19041.1110_none_60b5254171f9507e\COMCTL32.dll
0x00007ff87c710000 - 0x00007ff87c73b000 	C:\WINDOWS\System32\GDI32.dll
0x00007ff87ae60000 - 0x00007ff87af6b000 	C:\WINDOWS\System32\gdi32full.dll
0x00007ff87ac90000 - 0x00007ff87ad2d000 	C:\WINDOWS\System32\msvcp_win.dll
0x00007ff873870000 - 0x00007ff87387a000 	C:\WINDOWS\SYSTEM32\VERSION.dll
0x00007ff87b820000 - 0x00007ff87b850000 	C:\WINDOWS\System32\IMM32.DLL
0x00007ff862270000 - 0x00007ff86230b000 	C:\Program Files\Java\jdk-14.0.2\bin\msvcp140.dll
0x00007ff842600000 - 0x00007ff84311e000 	C:\Program Files\Java\jdk-14.0.2\bin\server\jvm.dll
0x00007ff87c9c0000 - 0x00007ff87c9c8000 	C:\WINDOWS\System32\PSAPI.DLL
0x00007ff860450000 - 0x00007ff860477000 	C:\WINDOWS\SYSTEM32\WINMM.dll
0x00007ff860760000 - 0x00007ff860769000 	C:\WINDOWS\SYSTEM32\WSOCK32.dll
0x00007ff87d4c0000 - 0x00007ff87d52b000 	C:\WINDOWS\System32\WS2_32.dll
0x00007ff878ba0000 - 0x00007ff878bb2000 	C:\WINDOWS\SYSTEM32\kernel.appcore.dll
0x00007ff8740e0000 - 0x00007ff8740ea000 	C:\Program Files\Java\jdk-14.0.2\bin\jimage.dll
0x00007ff866380000 - 0x00007ff866564000 	C:\WINDOWS\SYSTEM32\DBGHELP.DLL
0x00007ff8651c0000 - 0x00007ff8651ec000 	C:\WINDOWS\SYSTEM32\dbgcore.DLL
0x00007ff87b100000 - 0x00007ff87b182000 	C:\WINDOWS\System32\bcryptPrimitives.dll
0x00007ff8767e0000 - 0x00007ff8767ee000 	C:\Program Files\Java\jdk-14.0.2\bin\instrument.dll
0x00007ff8672e0000 - 0x00007ff867305000 	C:\Program Files\Java\jdk-14.0.2\bin\java.dll
0x00007ff8672c0000 - 0x00007ff8672d6000 	C:\Program Files\Java\jdk-14.0.2\bin\zip.dll
0x00007ff87cc30000 - 0x00007ff87d374000 	C:\WINDOWS\System32\SHELL32.dll
0x00007ff878da0000 - 0x00007ff879534000 	C:\WINDOWS\SYSTEM32\windows.storage.dll
0x00007ff87bd80000 - 0x00007ff87c0d4000 	C:\WINDOWS\System32\combase.dll
0x00007ff87a620000 - 0x00007ff87a64c000 	C:\WINDOWS\SYSTEM32\Wldp.dll
0x00007ff87d410000 - 0x00007ff87d4bd000 	C:\WINDOWS\System32\SHCORE.dll
0x00007ff87b7c0000 - 0x00007ff87b815000 	C:\WINDOWS\System32\shlwapi.dll
0x00007ff87abd0000 - 0x00007ff87abef000 	C:\WINDOWS\SYSTEM32\profapi.dll
0x00007ff867270000 - 0x00007ff867289000 	C:\Program Files\Java\jdk-14.0.2\bin\net.dll
0x00007ff868bc0000 - 0x00007ff868cc9000 	C:\WINDOWS\SYSTEM32\WINHTTP.dll
0x00007ff87a380000 - 0x00007ff87a3ea000 	C:\WINDOWS\system32\mswsock.dll
0x00007ff867250000 - 0x00007ff867262000 	C:\Program Files\Java\jdk-14.0.2\bin\nio.dll
0x00007ff876700000 - 0x00007ff87671a000 	C:\Program Files\JetBrains\IntelliJ IDEA 2022.1\bin\breakgen64.dll
0x00000212eba90000 - 0x00000212eba93000 	C:\Users\Andrew\.openjfx\cache\14.0.2.1\api-ms-win-core-console-l1-1-0.dll
0x00000212ebaa0000 - 0x00000212ebaa3000 	C:\Users\Andrew\.openjfx\cache\14.0.2.1\api-ms-win-core-datetime-l1-1-0.dll
0x00000212ebab0000 - 0x00000212ebab3000 	C:\Users\Andrew\.openjfx\cache\14.0.2.1\api-ms-win-core-debug-l1-1-0.dll
0x00000212ebac0000 - 0x00000212ebac3000 	C:\Users\Andrew\.openjfx\cache\14.0.2.1\api-ms-win-core-errorhandling-l1-1-0.dll
0x00000212ebad0000 - 0x00000212ebad4000 	C:\Users\Andrew\.openjfx\cache\14.0.2.1\api-ms-win-core-file-l1-1-0.dll
0x00000212ebae0000 - 0x00000212ebae3000 	C:\Users\Andrew\.openjfx\cache\14.0.2.1\api-ms-win-core-file-l1-2-0.dll
0x00000212ebaf0000 - 0x00000212ebaf3000 	C:\Users\Andrew\.openjfx\cache\14.0.2.1\api-ms-win-core-file-l2-1-0.dll
0x00000212eb800000 - 0x00000212eb803000 	C:\Users\Andrew\.openjfx\cache\14.0.2.1\api-ms-win-core-handle-l1-1-0.dll
0x00000212eb810000 - 0x00000212eb813000 	C:\Users\Andrew\.openjfx\cache\14.0.2.1\api-ms-win-core-heap-l1-1-0.dll
0x00000212eb820000 - 0x00000212eb823000 	C:\Users\Andrew\.openjfx\cache\14.0.2.1\api-ms-win-core-interlocked-l1-1-0.dll
0x00000212eb830000 - 0x00000212eb833000 	C:\Users\Andrew\.openjfx\cache\14.0.2.1\api-ms-win-core-libraryloader-l1-1-0.dll
0x00000212eb840000 - 0x00000212eb843000 	C:\Users\Andrew\.openjfx\cache\14.0.2.1\api-ms-win-core-localization-l1-2-0.dll
0x00000212eb850000 - 0x00000212eb853000 	C:\Users\Andrew\.openjfx\cache\14.0.2.1\api-ms-win-core-memory-l1-1-0.dll
0x00000212eb860000 - 0x00000212eb863000 	C:\Users\Andrew\.openjfx\cache\14.0.2.1\api-ms-win-core-namedpipe-l1-1-0.dll
0x00000212eb870000 - 0x00000212eb873000 	C:\Users\Andrew\.openjfx\cache\14.0.2.1\api-ms-win-core-processenvironment-l1-1-0.dll
0x00000212eb880000 - 0x00000212eb883000 	C:\Users\Andrew\.openjfx\cache\14.0.2.1\api-ms-win-core-processthreads-l1-1-0.dll
0x00000212eb890000 - 0x00000212eb893000 	C:\Users\Andrew\.openjfx\cache\14.0.2.1\api-ms-win-core-processthreads-l1-1-1.dll
0x00000212eb8a0000 - 0x00000212eb8a3000 	C:\Users\Andrew\.openjfx\cache\14.0.2.1\api-ms-win-core-profile-l1-1-0.dll
0x00000212eb8b0000 - 0x00000212eb8b3000 	C:\Users\Andrew\.openjfx\cache\14.0.2.1\api-ms-win-core-rtlsupport-l1-1-0.dll
0x00000212eb8c0000 - 0x00000212eb8c3000 	C:\Users\Andrew\.openjfx\cache\14.0.2.1\api-ms-win-core-string-l1-1-0.dll
0x00000212eb8d0000 - 0x00000212eb8d3000 	C:\Users\Andrew\.openjfx\cache\14.0.2.1\api-ms-win-core-synch-l1-1-0.dll
0x00000212eb8e0000 - 0x00000212eb8e3000 	C:\Users\Andrew\.openjfx\cache\14.0.2.1\api-ms-win-core-synch-l1-2-0.dll
0x00000212eb8f0000 - 0x00000212eb8f3000 	C:\Users\Andrew\.openjfx\cache\14.0.2.1\api-ms-win-core-sysinfo-l1-1-0.dll
0x00000212eb900000 - 0x00000212eb903000 	C:\Users\Andrew\.openjfx\cache\14.0.2.1\api-ms-win-core-timezone-l1-1-0.dll
0x00000212eb910000 - 0x00000212eb913000 	C:\Users\Andrew\.openjfx\cache\14.0.2.1\api-ms-win-core-util-l1-1-0.dll
0x00000212eb920000 - 0x00000212eb923000 	C:\Users\Andrew\.openjfx\cache\14.0.2.1\api-ms-win-crt-conio-l1-1-0.dll
0x00000212eb930000 - 0x00000212eb934000 	C:\Users\Andrew\.openjfx\cache\14.0.2.1\api-ms-win-crt-convert-l1-1-0.dll
0x00000212eb940000 - 0x00000212eb943000 	C:\Users\Andrew\.openjfx\cache\14.0.2.1\api-ms-win-crt-environment-l1-1-0.dll
0x00000212eb950000 - 0x00000212eb953000 	C:\Users\Andrew\.openjfx\cache\14.0.2.1\api-ms-win-crt-filesystem-l1-1-0.dll
0x00000212eb960000 - 0x00000212eb963000 	C:\Users\Andrew\.openjfx\cache\14.0.2.1\api-ms-win-crt-heap-l1-1-0.dll
0x00000212eb970000 - 0x00000212eb973000 	C:\Users\Andrew\.openjfx\cache\14.0.2.1\api-ms-win-crt-locale-l1-1-0.dll
0x00000212eb980000 - 0x00000212eb985000 	C:\Users\Andrew\.openjfx\cache\14.0.2.1\api-ms-win-crt-math-l1-1-0.dll
0x00000212eb990000 - 0x00000212eb995000 	C:\Users\Andrew\.openjfx\cache\14.0.2.1\api-ms-win-crt-multibyte-l1-1-0.dll
0x00000212eb9a0000 - 0x00000212eb9b0000 	C:\Users\Andrew\.openjfx\cache\14.0.2.1\api-ms-win-crt-private-l1-1-0.dll
0x00000212eb9b0000 - 0x00000212eb9b3000 	C:\Users\Andrew\.openjfx\cache\14.0.2.1\api-ms-win-crt-process-l1-1-0.dll
0x00000212eb9c0000 - 0x00000212eb9c4000 	C:\Users\Andrew\.openjfx\cache\14.0.2.1\api-ms-win-crt-runtime-l1-1-0.dll
0x00000212eb9d0000 - 0x00000212eb9d4000 	C:\Users\Andrew\.openjfx\cache\14.0.2.1\api-ms-win-crt-stdio-l1-1-0.dll
0x00000212eb9e0000 - 0x00000212eb9e4000 	C:\Users\Andrew\.openjfx\cache\14.0.2.1\api-ms-win-crt-string-l1-1-0.dll
0x00000212eb9f0000 - 0x00000212eb9f3000 	C:\Users\Andrew\.openjfx\cache\14.0.2.1\api-ms-win-crt-time-l1-1-0.dll
0x00000212eba00000 - 0x00000212eba03000 	C:\Users\Andrew\.openjfx\cache\14.0.2.1\api-ms-win-crt-utility-l1-1-0.dll
0x00007ff859fe0000 - 0x00007ff85a0dc000 	C:\Users\Andrew\.openjfx\cache\14.0.2.1\ucrtbase.dll
0x00007ff874580000 - 0x00007ff874595000 	C:\Users\Andrew\.openjfx\cache\14.0.2.1\vcruntime140.dll
0x00007ff859f40000 - 0x00007ff859fdb000 	C:\Users\Andrew\.openjfx\cache\14.0.2.1\msvcp140.dll
0x00007ff859ee0000 - 0x00007ff859f31000 	C:\Users\Andrew\.openjfx\cache\14.0.2.1\concrt140.dll
0x00007ff8647e0000 - 0x00007ff864803000 	C:\Users\Andrew\.openjfx\cache\14.0.2.1\prism_d3d.dll
0x00007ff842430000 - 0x00007ff8425ff000 	C:\WINDOWS\system32\d3d9.dll
0x00007ff8788b0000 - 0x00007ff8788df000 	C:\WINDOWS\SYSTEM32\dwmapi.dll
0x00007ff8786c0000 - 0x00007ff87875e000 	C:\WINDOWS\system32\uxtheme.dll
0x00007ff87bc50000 - 0x00007ff87bd7a000 	C:\WINDOWS\System32\ole32.dll
0x00007ff87ca80000 - 0x00007ff87cb4d000 	C:\WINDOWS\System32\OLEAUT32.dll
0x00007ff87ad30000 - 0x00007ff87ad7e000 	C:\WINDOWS\System32\cfgmgr32.dll
0x00007ff87ae30000 - 0x00007ff87ae57000 	C:\WINDOWS\System32\bcrypt.dll
0x00007ff862070000 - 0x00007ff8620b5000 	C:\Users\Andrew\.openjfx\cache\14.0.2.1\glass.dll
0x00007ff87cb50000 - 0x00007ff87cc2b000 	C:\WINDOWS\System32\COMDLG32.dll
0x00007ff87c8a0000 - 0x00007ff87c9b6000 	C:\WINDOWS\System32\MSCTF.dll
0x00007ff875720000 - 0x00007ff87575b000 	C:\WINDOWS\SYSTEM32\dxcore.dll
0x00007ff867220000 - 0x00007ff867234000 	C:\Users\Andrew\.openjfx\cache\14.0.2.1\javafx_font.dll
0x00007ff8696a0000 - 0x00007ff86991f000 	C:\WINDOWS\SYSTEM32\dwrite.dll
0x00007ff87b670000 - 0x00007ff87b719000 	C:\WINDOWS\System32\clbcatq.dll
0x00007ff873d80000 - 0x00007ff873f34000 	C:\WINDOWS\SYSTEM32\WindowsCodecs.dll
0x00007ff84ea00000 - 0x00007ff84ea3e000 	C:\WINDOWS\system32\dataexchange.dll
0x00007ff8769c0000 - 0x00007ff876c24000 	C:\WINDOWS\system32\d3d11.dll
0x00007ff8778f0000 - 0x00007ff877ad5000 	C:\WINDOWS\system32\dcomp.dll
0x00007ff8795a0000 - 0x00007ff879693000 	C:\WINDOWS\system32\dxgi.dll
0x00007ff874660000 - 0x00007ff874861000 	C:\WINDOWS\system32\twinapi.appcore.dll
0x00007ff860030000 - 0x00007ff860064000 	C:\Program Files\Common Files\Microsoft Shared\Ink\rtscom.dll
0x00007ff86f870000 - 0x00007ff86f969000 	C:\WINDOWS\SYSTEM32\textinputframework.dll
0x00007ff877e60000 - 0x00007ff8781be000 	C:\WINDOWS\System32\CoreUIComponents.dll
0x00007ff8781c0000 - 0x00007ff8782b2000 	C:\WINDOWS\System32\CoreMessaging.dll
0x00007ff879990000 - 0x00007ff8799c3000 	C:\WINDOWS\SYSTEM32\ntmarta.dll
0x00007ff877790000 - 0x00007ff8778e4000 	C:\WINDOWS\SYSTEM32\wintypes.dll

dbghelp: loaded successfully - version: 4.0.5 - missing functions: none
symbol engine: initialized successfully - sym options: 0x614 - pdb path: .;C:\Program Files\Java\jdk-14.0.2\bin;C:\WINDOWS\SYSTEM32;C:\WINDOWS\WinSxS\amd64_microsoft.windows.common-controls_6595b64144ccf1df_6.0.19041.1110_none_60b5254171f9507e;C:\Program Files\Java\jdk-14.0.2\bin\server;C:\Program Files\JetBrains\IntelliJ IDEA 2022.1\bin;C:\Users\Andrew\.openjfx\cache\14.0.2.1;C:\WINDOWS\System32\DriverStore\FileRepository\iigd_dch.inf_amd64_1405215c1cf67526;C:\Program Files\Common Files\Microsoft Shared\Ink

VM Arguments:
jvm_args: -javaagent:C:\Program Files\JetBrains\IntelliJ IDEA 2022.1\lib\idea_rt.jar=51890:C:\Program Files\JetBrains\IntelliJ IDEA 2022.1\bin -Dfile.encoding=UTF-8 --module-path=C:\Users\Andrew\IdeaProjects\oopKursach\target\classes;C:\Users\Andrew\.m2\repository\com\github\almasb\fxgl-entity\11.17\fxgl-entity-11.17.jar;C:\Users\Andrew\.m2\repository\org\kordamp\ikonli\ikonli-javafx\12.3.0\ikonli-javafx-12.3.0.jar;C:\Users\Andrew\.m2\repository\com\fasterxml\jackson\core\jackson-core\2.12.1\jackson-core-2.12.1.jar;C:\Users\Andrew\.m2\repository\org\kordamp\bootstrapfx\bootstrapfx-core\0.4.0\bootstrapfx-core-0.4.0.jar;C:\Users\Andrew\.m2\repository\com\github\almasb\fxgl-gameplay\11.17\fxgl-gameplay-11.17.jar;C:\Users\Andrew\.m2\repository\org\openjfx\javafx-base\14.0.2.1\javafx-base-14.0.2.1-win.jar;C:\Users\Andrew\.m2\repository\com\github\almasb\fxgl-core\11.17\fxgl-core-11.17.jar;C:\Users\Andrew\.m2\repository\com\github\almasb\fxgl-scene\11.17\fxgl-scene-11.17.jar;C:\Users\Andrew\.m2\repository\com\gluonhq\attach\lifecycle\4.0.9\lifecycle-4.0.9.jar;C:\Users\Andrew\.m2\repository\com\github\almasb\fxgl-io\11.17\fxgl-io-11.17.jar;C:\Users\Andrew\.m2\repository\com\dlsc\formsfx\formsfx-core\11.3.2\formsfx-core-11.3.2.jar;C:\Users\Andrew\.m2\repository\org\openjfx\javafx-web\14.0.2.1\javafx-web-14.0.2.1-win.jar;C:\Users\Andrew\.m2\repository\org\controlsfx\controlsfx\11.1.1\controlsfx-11.1.1.jar;C:\Users\Andrew\.m2\repository\org\openjfx\javafx-graphics\14.0.2.1\javafx-graphics-14.0.2.1-win.jar;C:\Users\Andrew\.m2\repository\org\postgresql\postgresql\42.4.0\postgresql-42.4.0.jar;C:\Users\Andrew\.m2\repository\net\synedra\validatorfx\0.2.1\validatorfx-0.2.1.jar;C:\Users\Andrew\.m2\repository\org\springframework\spring-jdbc\5.3.18\spring-jdbc-5.3.18.jar;C:\Users\Andrew\.m2\repository\org\openjfx\javafx-controls\14.0.2.1\javafx-controls-14.0.2.1-win.jar;C:\Users\Andrew\.m2\repository\org\openjfx\javafx-fxml\14.0.2.1\javafx-fxml-14.0.2.1-win.jar;C:\Users\Andrew\.m2\repository\eu\hansolo\tilesfx\11.48\tilesfx-11.48.jar;C:\Users\Andrew\.m2\repository\org\kordamp\ikonli\ikonli-core\12.3.0\ikonli-core-12.3.0.jar;C:\Users\Andrew\.m2\r-Djdk.module.main=com.example.oopkursach 
java_command: com.example.oopkursach/com.example.oopkursach.HelloApplication
java_class_path (initial): C:\Users\Andrew\.m2\repository\org\openjfx\javafx-controls\14.0.2.1\javafx-controls-14.0.2.1.jar;C:\Users\Andrew\.m2\repository\org\openjfx\javafx-graphics\14.0.2.1\javafx-graphics-14.0.2.1.jar;C:\Users\Andrew\.m2\repository\org\openjfx\javafx-base\14.0.2.1\javafx-base-14.0.2.1.jar;C:\Users\Andrew\.m2\repository\org\openjfx\javafx-fxml\14.0.2.1\javafx-fxml-14.0.2.1.jar;C:\Users\Andrew\.m2\repository\org\openjfx\javafx-web\14.0.2.1\javafx-web-14.0.2.1.jar;C:\Users\Andrew\.m2\repository\org\openjfx\javafx-media\14.0.2.1\javafx-media-14.0.2.1.jar;C:\Users\Andrew\.m2\repository\org\jetbrains\annotations\13.0\annotations-13.0.jar;C:\Users\Andrew\.m2\repository\org\jetbrains\kotlin\kotlin-stdlib-common\1.5.10\kotlin-stdlib-common-1.5.10.jar;C:\Users\Andrew\.m2\repository\org\springframework\spring-core\5.3.18\spring-core-5.3.18.jar;C:\Users\Andrew\.m2\repository\org\springframework\spring-jcl\5.3.18\spring-jcl-5.3.18.jar;C:\Users\Andrew\.m2\repository\org\springframework\spring-context\5.3.18\spring-context-5.3.18.jar;C:\Users\Andrew\.m2\repository\org\springframework\spring-aop\5.3.18\spring-aop-5.3.18.jar;C:\Users\Andrew\.m2\repository\org\springframework\spring-expression\5.3.18\spring-expression-5.3.18.jar;C:\Users\Andrew\.m2\repository\org\springframework\spring-tx\5.3.18\spring-tx-5.3.18.jar;C:\Users\Andrew\.m2\repository\org\springframework\boot\spring-boot-starter-data-jpa\3.0.0\spring-boot-starter-data-jpa-3.0.0.jar;C:\Users\Andrew\.m2\repository\org\springframework\boot\spring-boot-starter-aop\3.0.0\spring-boot-starter-aop-3.0.0.jar;C:\Users\Andrew\.m2\repository\org\springframework\boot\spring-boot-starter\3.0.0\spring-boot-starter-3.0.0.jar;C:\Users\Andrew\.m2\repository\org\springframework\boot\spring-boot\3.0.0\spring-boot-3.0.0.jar;C:\Users\Andrew\.m2\repository\org\springframework\boot\spring-boot-autoconfigure\3.0.0\spring-boot-autoconfigure-3.0.0.jar;C:\Users\Andrew\.m2\repository\org\springframework\boot\spring-boot-starter-
Launcher Type: SUN_STANDARD

[Global flags]
     intx CICompilerCount                          = 4                                         {product} {ergonomic}
     uint ConcGCThreads                            = 2                                         {product} {ergonomic}
     uint G1ConcRefinementThreads                  = 8                                         {product} {ergonomic}
   size_t G1HeapRegionSize                         = 1048576                                   {product} {ergonomic}
    uintx GCDrainStackTargetSize                   = 64                                        {product} {ergonomic}
   size_t InitialHeapSize                          = 132120576                                 {product} {ergonomic}
   size_t MarkStackSize                            = 4194304                                   {product} {ergonomic}
   size_t MaxHeapSize                              = 2092957696                                {product} {ergonomic}
   size_t MaxNewSize                               = 1255145472                                {product} {ergonomic}
   size_t MinHeapDeltaBytes                        = 1048576                                   {product} {ergonomic}
   size_t MinHeapSize                              = 8388608                                   {product} {ergonomic}
    uintx NonNMethodCodeHeapSize                   = 5839372                                {pd product} {ergonomic}
    uintx NonProfiledCodeHeapSize                  = 122909434                              {pd product} {ergonomic}
    uintx ProfiledCodeHeapSize                     = 122909434                              {pd product} {ergonomic}
    uintx ReservedCodeCacheSize                    = 251658240                              {pd product} {ergonomic}
     bool SegmentedCodeCache                       = true                                      {product} {ergonomic}
   size_t SoftMaxHeapSize                          = 2092957696                             {manageable} {ergonomic}
     bool UseCompressedClassPointers               = true                                 {lp64_product} {ergonomic}
     bool UseCompressedOops                        = true                                 {lp64_product} {ergonomic}
     bool UseG1GC                                  = true                                      {product} {ergonomic}
     bool UseLargePagesIndividualAllocation        = false                                  {pd product} {ergonomic}

Logging:
Log output configuration:
 #0: stdout all=off uptime,level,tags
 #1: stderr all=off uptime,level,tags

Environment Variables:
PATH=C:\Program Files\Common Files\Oracle\Java\javapath;C:/Program Files (x86)/Texas Instruments/xdctools_3_20_08_88;C:\Program Files (x86)\Common Files\Oracle\Java\javapath;"C:\MinGW\bin;C:\Users\Андрей\Downloads\openjdk-14.0.2_windows-x64_bin\jdk-14.0.2";C:\WINDOWS\system32;C:\WINDOWS;C:\WINDOWS\System32\Wbem;C:\WINDOWS\System32\WindowsPowerShell\v1.0\;C:\WINDOWS\System32\OpenSSH\;C:\runtime\win64;C:\bin;C:\polyspace\bin;C:\TDM-GCC-64\bin;C:\Users\Андрей\Downloads\minGW\MinGW\bin;C:\Program Files\Git\cmd;C:\ProgramData\chocolatey\bin;C:\Program Files\PuTTY\;C:\Program Files\MySQL\MySQL Shell 8.0\bin\;C:/Program Files (x86)/Texas Instruments/xdctools_3_20_08_88;C:\Users\Andrew\AppData\Local\Microsoft\WindowsApps
USERNAME=Andrew
OS=Windows_NT
PROCESSOR_IDENTIFIER=Intel64 Family 6 Model 126 Stepping 5, GenuineIntel



---------------  S Y S T E M  ---------------

OS: Windows 10 , 64 bit Build 19041 (10.0.19041.1566)
OS uptime: 0 days 22:01 hours

CPU:total 8 (initial active 8) (4 cores per cpu, 2 threads per core) family 6 model 126 stepping 5, cmov, cx8, fxsr, mmx, sse, sse2, sse3, ssse3, sse4.1, sse4.2, popcnt, avx, avx2, aes, clmul, erms, 3dnowpref, lzcnt, ht, tsc, tscinvbit, bmi1, bmi2, adx, evex, sha, fma

Memory: 4k page, system-wide physical 7981M (1048M free)
TotalPageFile size 15962M (AvailPageFile size 5578M)
current process WorkingSet (physical memory assigned to process): 145M, peak: 185M
current process commit charge ("private bytes"): 267M, peak: 306M

vm_info: Java HotSpot(TM) 64-Bit Server VM (14.0.2+12-46) for windows-amd64 JRE (14.0.2+12-46), built on Jul  9 2020 00:35:52 by "mach5one" with MS VC++ 15.9 (VS2017)

END.
