#
# A fatal error has been detected by the Java Runtime Environment:
#
#  EXCEPTION_ACCESS_VIOLATION (0xc0000005) at pc=0x00007ff8620966f0, pid=13168, tid=13280
#
# JRE version: Java(TM) SE Runtime Environment (14.0.2+12) (build 14.0.2+12-46)
# Java VM: Java HotSpot(TM) 64-Bit Server VM (14.0.2+12-46, mixed mode, sharing, tiered, compressed oops, g1 gc, windows-amd64)
# Problematic frame:
# C  [glass.dll+0x266f0]
#
# No core dump will be written. Minidumps are not enabled by default on client versions of Windows
#
# If you would like to submit a bug report, please visit:
#   https://bugreport.java.com/bugreport/crash.jsp
#

---------------  S U M M A R Y ------------

Command Line: -javaagent:C:\Program Files\JetBrains\IntelliJ IDEA 2022.1\lib\idea_rt.jar=51904:C:\Program Files\JetBrains\IntelliJ IDEA 2022.1\bin -Dfile.encoding=UTF-8 --module-path=C:\Users\Andrew\.m2\repository\org\openjfx\javafx-base\14.0.2.1\javafx-base-14.0.2.1-win.jar;C:\Users\Andrew\.m2\repository\org\kordamp\ikonli\ikonli-javafx\12.3.0\ikonli-javafx-12.3.0.jar;C:\Users\Andrew\.m2\repository\org\openjfx\javafx-web\14.0.2.1\javafx-web-14.0.2.1-win.jar;C:\Users\Andrew\.m2\repository\org\kordamp\bootstrapfx\bootstrapfx-core\0.4.0\bootstrapfx-core-0.4.0.jar;C:\Users\Andrew\.m2\repository\com\github\almasb\fxgl-entity\11.17\fxgl-entity-11.17.jar;C:\Users\Andrew\.m2\repository\com\github\almasb\fxgl\11.17\fxgl-11.17.jar;C:\Users\Andrew\.m2\repository\com\fasterxml\jackson\core\jackson-core\2.12.1\jackson-core-2.12.1.jar;C:\Users\Andrew\.m2\repository\com\github\almasb\fxgl-scene\11.17\fxgl-scene-11.17.jar;C:\Users\Andrew\.m2\repository\com\gluonhq\attach\storage\4.0.9\storage-4.0.9.jar;C:\Users\Andrew\.m2\repository\org\postgresql\postgresql\42.4.0\postgresql-42.4.0.jar;C:\Users\Andrew\.m2\repository\net\synedra\validatorfx\0.2.1\validatorfx-0.2.1.jar;C:\Users\Andrew\.m2\repository\eu\hansolo\tilesfx\11.48\tilesfx-11.48.jar;C:\Users\Andrew\.m2\repository\com\gluonhq\attach\util\4.0.9\util-4.0.9.jar;C:\Users\Andrew\.m2\repository\org\jetbrains\kotlin\kotlin-stdlib\1.5.10\kotlin-stdlib-1.5.10-modular.jar;C:\Users\Andrew\.m2\repository\org\springframework\spring-jdbc\5.3.18\spring-jdbc-5.3.18.jar;C:\Users\Andrew\.m2\repository\com\gluonhq\attach\audio\4.0.9\audio-4.0.9.jar;C:\Users\Andrew\.m2\repository\org\openjfx\javafx-controls\14.0.2.1\javafx-controls-14.0.2.1-win.jar;C:\Users\Andrew\.m2\repository\com\fasterxml\jackson\core\jackson-databind\2.12.1\jackson-databind-2.12.1.jar;C:\Users\Andrew\.m2\repository\com\gluonhq\attach\lifecycle\4.0.9\lifecycle-4.0.9.jar;C:\Users\Andrew\.m2\repository\com\github\almasb\fxgl-io\11.17\fxgl-io-11.17.jar;C:\Users\Andrew\.m2\repository\com\github\almasb\fxgl-core\11.17\fxgl-core-11.17.jar;C:\Users\Andrew\.m2\repository\org\controlsfx\controlsfx\11.1.1\controlsfx-11.1.1.jar;C:\Users\Andrew\.m2\-Djdk.module.main=com.example.oopkursach com.example.oopkursach/com.example.oopkursach.HelloApplication

Host: Intel(R) Core(TM) i5-1035G1 CPU @ 1.00GHz, 8 cores, 7G,  Windows 10 , 64 bit Build 19041 (10.0.19041.1566)
Time: Sat Dec 10 16:06:57 2022 RTZ 2 (зима) elapsed time: 16 seconds (0d 0h 0m 16s)

---------------  T H R E A D  ---------------

Current thread (0x000002b15c600800):  VMThread "VM Thread" [stack: 0x000000f9b1900000,0x000000f9b1a00000] [id=13280]

Stack: [0x000000f9b1900000,0x000000f9b1a00000],  sp=0x000000f9b19fec20,  free space=1019k
Native frames: (J=compiled Java code, j=interpreted, Vv=VM code, C=native code)
C  [glass.dll+0x266f0]


siginfo: EXCEPTION_ACCESS_VIOLATION (0xc0000005), reading address 0x0000000000000000


Register to memory mapping:

RIP=0x00007ff8620966f0 glass.dll
RAX=0x0 is NULL
RBX=0x000002b15c60fae8 is a global jni handle
RCX=0x000002b15c600800 points into unknown readable memory: c0 a7 ec 42 f8 7f 00 00
RDX=0x000000f9b19fec20 points into unknown readable memory: 00 00 00 00 00 00 00 00
RSP=0x000000f9b19fec20 points into unknown readable memory: 00 00 00 00 00 00 00 00
RBP=0x000002b15dca0c38 points into unknown readable memory: e9 97 1b d8 ac fd 00 00
RSI=0x000002b15dca0c10 points into unknown readable memory: 2d 67 e4 d8 ac 25 6c 12
RDI=0x0000fdacd81b97e9 is an unknown value
R8 =0x0000000000010002 is an unknown value
R9 =0x0000fdacd81b97e9 is an unknown value
R10=0x0000000000008000 is an unknown value
R11=0x000000f9b19febc0 points into unknown readable memory: 10 0c ca 5d b1 02 00 00
R12=0x00007ff862093b84 glass.dll
R13=0x000002b13d726758 points into unknown readable memory: 00 08 60 5c b1 02 00 00
R14=0x000000f9b19fed28 points into unknown readable memory: 10 ed 9f b1 f9 00 00 00
R15=0x000002b15dca0c10 points into unknown readable memory: 2d 67 e4 d8 ac 25 6c 12


Registers:
RAX=0x0000000000000000, RBX=0x000002b15c60fae8, RCX=0x000002b15c600800, RDX=0x000000f9b19fec20
RSP=0x000000f9b19fec20, RBP=0x000002b15dca0c38, RSI=0x000002b15dca0c10, RDI=0x0000fdacd81b97e9
R8 =0x0000000000010002, R9 =0x0000fdacd81b97e9, R10=0x0000000000008000, R11=0x000000f9b19febc0
R12=0x00007ff862093b84, R13=0x000002b13d726758, R14=0x000000f9b19fed28, R15=0x000002b15dca0c10
RIP=0x00007ff8620966f0, EFLAGS=0x0000000000010206

Top of Stack: (sp=0x000000f9b19fec20)
0x000000f9b19fec20:   0000000000000000 00007ff87b4df05b
0x000000f9b19fec30:   000002b15dca0c20 000002b15dca0c10
0x000000f9b19fec40:   fffffffffffffffe 00007ff862093b84
0x000000f9b19fec50:   000002b15dca0c18 00007ff87b4e42d6
0x000000f9b19fec60:   000002b15dca0c20 000002b100000000
0x000000f9b19fec70:   000002b15dca0c38 000002b15dca0c10
0x000000f9b19fec80:   fffffffffffffffe 0000000000000000
0x000000f9b19fec90:   0000000000000001 00007ff862070000
0x000000f9b19feca0:   000000f9b19fed18 00007ff87b4e41fb
0x000000f9b19fecb0:   0000000000000000 000000f9b19fed28
0x000000f9b19fecc0:   000000f9b19fefe0 00007ff87b5c0e40
0x000000f9b19fecd0:   0000000000000000 00007ff87b4e41b4
0x000000f9b19fece0:   0000000000000000 0000000000000001
0x000000f9b19fecf0:   0000000000000000 000000f9b19fed18
0x000000f9b19fed00:   0000000000000000 00007ff862093a12
0x000000f9b19fed10:   00007ff8620ad118 00007ff800000002 

Instructions: (pc=0x00007ff8620966f0)
0x00007ff8620965f0:   8b 4d 60 e8 98 c9 ff ff 48 8b 55 68 48 8b 8d 08
0x00007ff862096600:   01 00 00 e8 49 be ff ff 33 d2 33 c9 e8 49 de ff
0x00007ff862096610:   ff 90 cc cc cc cc cc cc cc cc cc cc cc cc cc cc
0x00007ff862096620:   48 8d 8a 80 00 00 00 e9 14 e9 fe ff 48 89 54 24
0x00007ff862096630:   10 55 48 83 ec 20 48 8b ea 48 8d 05 dd ca ff ff
0x00007ff862096640:   48 83 c4 20 5d c3 cc 40 55 48 8b ea 48 8b 01 33
0x00007ff862096650:   c9 81 38 05 00 00 c0 0f 94 c1 8b c1 5d c3 cc 40
0x00007ff862096660:   55 48 83 ec 20 48 8b ea 8a 4d 40 48 83 c4 20 5d
0x00007ff862096670:   e9 df cd ff ff cc 40 55 48 83 ec 20 48 8b ea e8
0x00007ff862096680:   fc cb ff ff 8a 4d 38 48 83 c4 20 5d e9 c3 cd ff
0x00007ff862096690:   ff cc 40 55 48 83 ec 30 48 8b ea 48 8b 01 8b 10
0x00007ff8620966a0:   48 89 4c 24 28 89 54 24 20 4c 8d 0d a4 d1 ff ff
0x00007ff8620966b0:   4c 8b 45 70 8b 55 68 48 8b 4d 60 e8 30 cb ff ff
0x00007ff8620966c0:   90 48 83 c4 30 5d c3 cc cc cc cc cc cc cc cc cc
0x00007ff8620966d0:   40 53 48 83 ec 30 48 c7 44 24 20 fe ff ff ff 48
0x00007ff8620966e0:   8b 1d 2a 64 01 00 48 85 db 74 16 e8 90 85 ff ff
0x00007ff8620966f0:   4c 8b 00 48 8b d3 48 8b c8 41 ff 90 b0 00 00 00
0x00007ff862096700:   90 48 83 c4 30 5b c3 cc cc cc cc cc cc cc cc cc
0x00007ff862096710:   40 53 48 83 ec 20 48 8b 1d 9b 65 01 00 48 85 db
0x00007ff862096720:   74 57 b8 ff ff ff ff f0 0f c1 43 10 83 f8 01 75
0x00007ff862096730:   3d 48 85 db 74 38 48 8b 0b 48 85 c9 74 0d ff 15
0x00007ff862096740:   64 0b 00 00 48 c7 03 00 00 00 00 48 8b 4b 08 48
0x00007ff862096750:   85 c9 74 0d e8 37 c8 ff ff 48 c7 43 08 00 00 00
0x00007ff862096760:   00 ba 18 00 00 00 48 8b cb e8 22 c8 ff ff 48 c7
0x00007ff862096770:   05 3f 65 01 00 00 00 00 00 48 83 c4 20 5b c3 cc
0x00007ff862096780:   40 53 48 83 ec 20 48 8b 1d 0b 65 01 00 48 85 db
0x00007ff862096790:   74 57 b8 ff ff ff ff f0 0f c1 43 10 83 f8 01 75
0x00007ff8620967a0:   3d 48 85 db 74 38 48 8b 0b 48 85 c9 74 0d ff 15
0x00007ff8620967b0:   f4 0a 00 00 48 c7 03 00 00 00 00 48 8b 4b 08 48
0x00007ff8620967c0:   85 c9 74 0d e8 c7 c7 ff ff 48 c7 43 08 00 00 00
0x00007ff8620967d0:   00 ba 18 00 00 00 48 8b cb e8 b2 c7 ff ff 48 c7
0x00007ff8620967e0:   05 af 64 01 00 00 00 00 00 48 83 c4 20 5b c3 cc 


Stack slot to memory mapping:
stack at sp + 0 slots: 0x0 is NULL
stack at sp + 1 slots: 0x00007ff87b4df05b ucrtbase.dll
stack at sp + 2 slots: 0x000002b15dca0c20 points into unknown readable memory: e9 97 1b d8 ac fd 00 00
stack at sp + 3 slots: 0x000002b15dca0c10 points into unknown readable memory: 2d 67 e4 d8 ac 25 6c 12
stack at sp + 4 slots: 0xfffffffffffffffe is an unknown value
stack at sp + 5 slots: 0x00007ff862093b84 glass.dll
stack at sp + 6 slots: 0x000002b15dca0c18 points into unknown readable memory: e9 97 1b d8 ac fd 00 00
stack at sp + 7 slots: 0x00007ff87b4e42d6 ucrtbase.dll

VM_Operation (0x000000f9b30ff1c0): Exit, mode: safepoint, requested by thread 0x000002b1655fb000


---------------  P R O C E S S  ---------------

Threads class SMR info:
_java_thread_list=0x000002b1650d7080, length=20, elements={
0x000002b13d688800, 0x000002b15c603800, 0x000002b15c606800, 0x000002b15c620000,
0x000002b15c621800, 0x000002b15c623800, 0x000002b15cf40800, 0x000002b15cf4d000,
0x000002b15cf58800, 0x000002b15d076800, 0x000002b15d074000, 0x000002b15d078000,
0x000002b15d073000, 0x000002b15d077800, 0x000002b15d079000, 0x000002b15d079800,
0x000002b15d075000, 0x000002b15d075800, 0x000002b1655fa000, 0x000002b1655fb000
}

Java Threads: ( => current thread )
  0x000002b13d688800 JavaThread "main" [_thread_blocked, id=1384, stack(0x000000f9b1300000,0x000000f9b1400000)]
  0x000002b15c603800 JavaThread "Reference Handler" daemon [_thread_blocked, id=14612, stack(0x000000f9b1a00000,0x000000f9b1b00000)]
  0x000002b15c606800 JavaThread "Finalizer" daemon [_thread_blocked, id=12144, stack(0x000000f9b1b00000,0x000000f9b1c00000)]
  0x000002b15c620000 JavaThread "Signal Dispatcher" daemon [_thread_blocked, id=15100, stack(0x000000f9b1c00000,0x000000f9b1d00000)]
  0x000002b15c621800 JavaThread "Attach Listener" daemon [_thread_blocked, id=13516, stack(0x000000f9b1d00000,0x000000f9b1e00000)]
  0x000002b15c623800 JavaThread "Service Thread" daemon [_thread_blocked, id=13344, stack(0x000000f9b1e00000,0x000000f9b1f00000)]
  0x000002b15cf40800 JavaThread "C2 CompilerThread0" daemon [_thread_blocked, id=8572, stack(0x000000f9b1f00000,0x000000f9b2000000)]
  0x000002b15cf4d000 JavaThread "C1 CompilerThread0" daemon [_thread_blocked, id=11012, stack(0x000000f9b2000000,0x000000f9b2100000)]
  0x000002b15cf58800 JavaThread "Sweeper thread" daemon [_thread_blocked, id=9316, stack(0x000000f9b2100000,0x000000f9b2200000)]
  0x000002b15d076800 JavaThread "Common-Cleaner" daemon [_thread_blocked, id=14676, stack(0x000000f9b2200000,0x000000f9b2300000)]
  0x000002b15d074000 JavaThread "Monitor Ctrl-Break" daemon [_thread_in_native, id=6148, stack(0x000000f9b2500000,0x000000f9b2600000)]
  0x000002b15d078000 JavaThread "Notification Thread" daemon [_thread_blocked, id=12788, stack(0x000000f9b2600000,0x000000f9b2700000)]
  0x000002b15d073000 JavaThread "QuantumRenderer-0" daemon [_thread_blocked, id=15128, stack(0x000000f9b2a00000,0x000000f9b2b00000)]
  0x000002b15d077800 JavaThread "InvokeLaterDispatcher" daemon [_thread_blocked, id=12216, stack(0x000000f9b2300000,0x000000f9b2400000)]
  0x000002b15d079000 JavaThread "JavaFX Application Thread" [_thread_in_native, id=456, stack(0x000000f9b2400000,0x000000f9b2500000)]
  0x000002b15d079800 JavaThread "JavaFX-Launcher" [_thread_blocked, id=336, stack(0x000000f9b2f00000,0x000000f9b3000000)]
  0x000002b15d075000 JavaThread "Thread-2" daemon [_thread_in_native, id=6252, stack(0x000000f9b2e00000,0x000000f9b2f00000)]
  0x000002b15d075800 JavaThread "Prism Font Disposer" daemon [_thread_blocked, id=3312, stack(0x000000f9b3800000,0x000000f9b3900000)]
  0x000002b1655fa000 JavaThread "Cleaner-0" daemon [_thread_blocked, id=14068, stack(0x000000f9b3900000,0x000000f9b3a00000)]
  0x000002b1655fb000 JavaThread "SIGINT handler" daemon [_thread_blocked, id=15024, stack(0x000000f9b3000000,0x000000f9b3100000)]

Other Threads:
=>0x000002b15c600800 VMThread "VM Thread" [stack: 0x000000f9b1900000,0x000000f9b1a00000] [id=13280]
  0x000002b13d6c9800 GCTaskThread "GC Thread#0" [stack: 0x000000f9b1400000,0x000000f9b1500000] [id=4452]
  0x000002b15d992800 GCTaskThread "GC Thread#1" [stack: 0x000000f9b2800000,0x000000f9b2900000] [id=7416]
  0x000002b15db3e000 GCTaskThread "GC Thread#2" [stack: 0x000000f9b2900000,0x000000f9b2a00000] [id=2260]
  0x000002b15e231000 GCTaskThread "GC Thread#3" [stack: 0x000000f9b3100000,0x000000f9b3200000] [id=10096]
  0x000002b15e5d0000 GCTaskThread "GC Thread#4" [stack: 0x000000f9b3200000,0x000000f9b3300000] [id=9292]
  0x000002b15e5d0800 GCTaskThread "GC Thread#5" [stack: 0x000000f9b3300000,0x000000f9b3400000] [id=12568]
  0x000002b13d6db800 ConcurrentGCThread "G1 Main Marker" [stack: 0x000000f9b1500000,0x000000f9b1600000] [id=2532]
  0x000002b13d6dc800 ConcurrentGCThread "G1 Conc#0" [stack: 0x000000f9b1600000,0x000000f9b1700000] [id=3412]
  0x000002b15c473800 ConcurrentGCThread "G1 Refine#0" [stack: 0x000000f9b1700000,0x000000f9b1800000] [id=8312]
  0x000002b164968800 ConcurrentGCThread "G1 Refine#1" [stack: 0x000000f9b3400000,0x000000f9b3500000] [id=7744]
  0x000002b15c474000 ConcurrentGCThread "G1 Young RemSet Sampling" [stack: 0x000000f9b1800000,0x000000f9b1900000] [id=9228]

Threads with active compile tasks:

VM state:at safepoint (shutting down)

VM Mutex/Monitor currently owned by a thread:  ([mutex/lock_event])
[0x000002b13d684060] Threads_lock - owner thread: 0x000002b15c600800
[0x000002b13d683eb0] Heap_lock - owner thread: 0x000002b1655fb000

Heap address: 0x0000000083400000, size: 1996 MB, Compressed Oops mode: 32-bit
Narrow klass base: 0x0000000800000000, Narrow klass shift: 3
Compressed class space size: 1073741824 Address: 0x0000000800b30000

Heap:
 garbage-first heap   total 129024K, used 36768K [0x0000000083400000, 0x0000000100000000)
  region size 1024K, 29 young (29696K), 4 survivors (4096K)
 Metaspace       used 17303K, capacity 18094K, committed 18176K, reserved 1064960K
  class space    used 2459K, capacity 2762K, committed 2816K, reserved 1048576K
Heap Regions: E=young(eden), S=young(survivor), O=old, HS=humongous(starts), HC=humongous(continues), CS=collection set, F=free, OA=open archive, CA=closed archive, TAMS=top-at-mark-start (previous, next)
|   0|0x0000000083400000, 0x0000000083500000, 0x0000000083500000|100%|HS|  |TAMS 0x0000000083400000, 0x0000000083400000| Complete 
|   1|0x0000000083500000, 0x0000000083600000, 0x0000000083600000|100%| O|  |TAMS 0x0000000083500000, 0x0000000083500000| Untracked 
|   2|0x0000000083600000, 0x0000000083700000, 0x0000000083700000|100%| O|  |TAMS 0x0000000083600000, 0x0000000083600000| Untracked 
|   3|0x0000000083700000, 0x0000000083800000, 0x0000000083800000|100%| O|  |TAMS 0x0000000083700000, 0x0000000083700000| Untracked 
|   4|0x0000000083800000, 0x0000000083900000, 0x0000000083900000|100%| O|  |TAMS 0x0000000083800000, 0x0000000083800000| Untracked 
|   5|0x0000000083900000, 0x0000000083a00000, 0x0000000083a00000|100%| O|  |TAMS 0x0000000083900000, 0x0000000083900000| Untracked 
|   6|0x0000000083a00000, 0x0000000083ae8200, 0x0000000083b00000| 90%| O|  |TAMS 0x0000000083a00000, 0x0000000083a00000| Untracked 
|   7|0x0000000083b00000, 0x0000000083c00000, 0x0000000083c00000|100%|HS|  |TAMS 0x0000000083b00000, 0x0000000083b00000| Complete 
|   8|0x0000000083c00000, 0x0000000083d00000, 0x0000000083d00000|100%|HC|  |TAMS 0x0000000083c00000, 0x0000000083c00000| Complete 
|   9|0x0000000083d00000, 0x0000000083d00000, 0x0000000083e00000|  0%| F|  |TAMS 0x0000000083d00000, 0x0000000083d00000| Untracked 
|  10|0x0000000083e00000, 0x0000000083e00000, 0x0000000083f00000|  0%| F|  |TAMS 0x0000000083e00000, 0x0000000083e00000| Untracked 
|  11|0x0000000083f00000, 0x0000000083f00000, 0x0000000084000000|  0%| F|  |TAMS 0x0000000083f00000, 0x0000000083f00000| Untracked 
|  12|0x0000000084000000, 0x0000000084000000, 0x0000000084100000|  0%| F|  |TAMS 0x0000000084000000, 0x0000000084000000| Untracked 
|  13|0x0000000084100000, 0x0000000084100000, 0x0000000084200000|  0%| F|  |TAMS 0x0000000084100000, 0x0000000084100000| Untracked 
|  14|0x0000000084200000, 0x0000000084200000, 0x0000000084300000|  0%| F|  |TAMS 0x0000000084200000, 0x0000000084200000| Untracked 
|  15|0x0000000084300000, 0x0000000084300000, 0x0000000084400000|  0%| F|  |TAMS 0x0000000084300000, 0x0000000084300000| Untracked 
|  16|0x0000000084400000, 0x0000000084400000, 0x0000000084500000|  0%| F|  |TAMS 0x0000000084400000, 0x0000000084400000| Untracked 
|  17|0x0000000084500000, 0x0000000084500000, 0x0000000084600000|  0%| F|  |TAMS 0x0000000084500000, 0x0000000084500000| Untracked 
|  18|0x0000000084600000, 0x0000000084600000, 0x0000000084700000|  0%| F|  |TAMS 0x0000000084600000, 0x0000000084600000| Untracked 
|  19|0x0000000084700000, 0x0000000084700000, 0x0000000084800000|  0%| F|  |TAMS 0x0000000084700000, 0x0000000084700000| Untracked 
|  20|0x0000000084800000, 0x0000000084800000, 0x0000000084900000|  0%| F|  |TAMS 0x0000000084800000, 0x0000000084800000| Untracked 
|  21|0x0000000084900000, 0x0000000084900000, 0x0000000084a00000|  0%| F|  |TAMS 0x0000000084900000, 0x0000000084900000| Untracked 
|  22|0x0000000084a00000, 0x0000000084a00000, 0x0000000084b00000|  0%| F|  |TAMS 0x0000000084a00000, 0x0000000084a00000| Untracked 
|  23|0x0000000084b00000, 0x0000000084b00000, 0x0000000084c00000|  0%| F|  |TAMS 0x0000000084b00000, 0x0000000084b00000| Untracked 
|  24|0x0000000084c00000, 0x0000000084c00000, 0x0000000084d00000|  0%| F|  |TAMS 0x0000000084c00000, 0x0000000084c00000| Untracked 
|  25|0x0000000084d00000, 0x0000000084d00000, 0x0000000084e00000|  0%| F|  |TAMS 0x0000000084d00000, 0x0000000084d00000| Untracked 
|  26|0x0000000084e00000, 0x0000000084e00000, 0x0000000084f00000|  0%| F|  |TAMS 0x0000000084e00000, 0x0000000084e00000| Untracked 
|  27|0x0000000084f00000, 0x0000000084f00000, 0x0000000085000000|  0%| F|  |TAMS 0x0000000084f00000, 0x0000000084f00000| Untracked 
|  28|0x0000000085000000, 0x0000000085000000, 0x0000000085100000|  0%| F|  |TAMS 0x0000000085000000, 0x0000000085000000| Untracked 
|  29|0x0000000085100000, 0x0000000085100000, 0x0000000085200000|  0%| F|  |TAMS 0x0000000085100000, 0x0000000085100000| Untracked 
|  30|0x0000000085200000, 0x0000000085200000, 0x0000000085300000|  0%| F|  |TAMS 0x0000000085200000, 0x0000000085200000| Untracked 
|  31|0x0000000085300000, 0x0000000085300000, 0x0000000085400000|  0%| F|  |TAMS 0x0000000085300000, 0x0000000085300000| Untracked 
|  32|0x0000000085400000, 0x0000000085400000, 0x0000000085500000|  0%| F|  |TAMS 0x0000000085400000, 0x0000000085400000| Untracked 
|  33|0x0000000085500000, 0x0000000085500000, 0x0000000085600000|  0%| F|  |TAMS 0x0000000085500000, 0x0000000085500000| Untracked 
|  34|0x0000000085600000, 0x0000000085600000, 0x0000000085700000|  0%| F|  |TAMS 0x0000000085600000, 0x0000000085600000| Untracked 
|  35|0x0000000085700000, 0x0000000085700000, 0x0000000085800000|  0%| F|  |TAMS 0x0000000085700000, 0x0000000085700000| Untracked 
|  36|0x0000000085800000, 0x0000000085800000, 0x0000000085900000|  0%| F|  |TAMS 0x0000000085800000, 0x0000000085800000| Untracked 
|  37|0x0000000085900000, 0x0000000085900000, 0x0000000085a00000|  0%| F|  |TAMS 0x0000000085900000, 0x0000000085900000| Untracked 
|  38|0x0000000085a00000, 0x0000000085a00000, 0x0000000085b00000|  0%| F|  |TAMS 0x0000000085a00000, 0x0000000085a00000| Untracked 
|  39|0x0000000085b00000, 0x0000000085b00000, 0x0000000085c00000|  0%| F|  |TAMS 0x0000000085b00000, 0x0000000085b00000| Untracked 
|  40|0x0000000085c00000, 0x0000000085c00000, 0x0000000085d00000|  0%| F|  |TAMS 0x0000000085c00000, 0x0000000085c00000| Untracked 
|  41|0x0000000085d00000, 0x0000000085d00000, 0x0000000085e00000|  0%| F|  |TAMS 0x0000000085d00000, 0x0000000085d00000| Untracked 
|  42|0x0000000085e00000, 0x0000000085e00000, 0x0000000085f00000|  0%| F|  |TAMS 0x0000000085e00000, 0x0000000085e00000| Untracked 
|  43|0x0000000085f00000, 0x0000000085f00000, 0x0000000086000000|  0%| F|  |TAMS 0x0000000085f00000, 0x0000000085f00000| Untracked 
|  44|0x0000000086000000, 0x0000000086000000, 0x0000000086100000|  0%| F|  |TAMS 0x0000000086000000, 0x0000000086000000| Untracked 
|  45|0x0000000086100000, 0x0000000086100000, 0x0000000086200000|  0%| F|  |TAMS 0x0000000086100000, 0x0000000086100000| Untracked 
|  46|0x0000000086200000, 0x0000000086200000, 0x0000000086300000|  0%| F|  |TAMS 0x0000000086200000, 0x0000000086200000| Untracked 
|  47|0x0000000086300000, 0x0000000086300000, 0x0000000086400000|  0%| F|  |TAMS 0x0000000086300000, 0x0000000086300000| Untracked 
|  48|0x0000000086400000, 0x0000000086400000, 0x0000000086500000|  0%| F|  |TAMS 0x0000000086400000, 0x0000000086400000| Untracked 
|  49|0x0000000086500000, 0x0000000086500000, 0x0000000086600000|  0%| F|  |TAMS 0x0000000086500000, 0x0000000086500000| Untracked 
|  50|0x0000000086600000, 0x0000000086600000, 0x0000000086700000|  0%| F|  |TAMS 0x0000000086600000, 0x0000000086600000| Untracked 
|  51|0x0000000086700000, 0x0000000086700000, 0x0000000086800000|  0%| F|  |TAMS 0x0000000086700000, 0x0000000086700000| Untracked 
|  52|0x0000000086800000, 0x0000000086800000, 0x0000000086900000|  0%| F|  |TAMS 0x0000000086800000, 0x0000000086800000| Untracked 
|  53|0x0000000086900000, 0x0000000086900000, 0x0000000086a00000|  0%| F|  |TAMS 0x0000000086900000, 0x0000000086900000| Untracked 
|  54|0x0000000086a00000, 0x0000000086a00000, 0x0000000086b00000|  0%| F|  |TAMS 0x0000000086a00000, 0x0000000086a00000| Untracked 
|  55|0x0000000086b00000, 0x0000000086b00000, 0x0000000086c00000|  0%| F|  |TAMS 0x0000000086b00000, 0x0000000086b00000| Untracked 
|  56|0x0000000086c00000, 0x0000000086c00000, 0x0000000086d00000|  0%| F|  |TAMS 0x0000000086c00000, 0x0000000086c00000| Untracked 
|  57|0x0000000086d00000, 0x0000000086d00000, 0x0000000086e00000|  0%| F|  |TAMS 0x0000000086d00000, 0x0000000086d00000| Untracked 
|  58|0x0000000086e00000, 0x0000000086e00000, 0x0000000086f00000|  0%| F|  |TAMS 0x0000000086e00000, 0x0000000086e00000| Untracked 
|  59|0x0000000086f00000, 0x0000000086f00000, 0x0000000087000000|  0%| F|  |TAMS 0x0000000086f00000, 0x0000000086f00000| Untracked 
|  60|0x0000000087000000, 0x0000000087000000, 0x0000000087100000|  0%| F|  |TAMS 0x0000000087000000, 0x0000000087000000| Untracked 
|  61|0x0000000087100000, 0x0000000087100000, 0x0000000087200000|  0%| F|  |TAMS 0x0000000087100000, 0x0000000087100000| Untracked 
|  62|0x0000000087200000, 0x0000000087200000, 0x0000000087300000|  0%| F|  |TAMS 0x0000000087200000, 0x0000000087200000| Untracked 
|  63|0x0000000087300000, 0x0000000087300000, 0x0000000087400000|  0%| F|  |TAMS 0x0000000087300000, 0x0000000087300000| Untracked 
|  64|0x0000000087400000, 0x0000000087400000, 0x0000000087500000|  0%| F|  |TAMS 0x0000000087400000, 0x0000000087400000| Untracked 
|  65|0x0000000087500000, 0x0000000087500000, 0x0000000087600000|  0%| F|  |TAMS 0x0000000087500000, 0x0000000087500000| Untracked 
|  66|0x0000000087600000, 0x0000000087600000, 0x0000000087700000|  0%| F|  |TAMS 0x0000000087600000, 0x0000000087600000| Untracked 
|  67|0x0000000087700000, 0x0000000087700000, 0x0000000087800000|  0%| F|  |TAMS 0x0000000087700000, 0x0000000087700000| Untracked 
|  68|0x0000000087800000, 0x0000000087800000, 0x0000000087900000|  0%| F|  |TAMS 0x0000000087800000, 0x0000000087800000| Untracked 
|  69|0x0000000087900000, 0x0000000087900000, 0x0000000087a00000|  0%| F|  |TAMS 0x0000000087900000, 0x0000000087900000| Untracked 
|  70|0x0000000087a00000, 0x0000000087a00000, 0x0000000087b00000|  0%| F|  |TAMS 0x0000000087a00000, 0x0000000087a00000| Untracked 
|  71|0x0000000087b00000, 0x0000000087b00000, 0x0000000087c00000|  0%| F|  |TAMS 0x0000000087b00000, 0x0000000087b00000| Untracked 
|  72|0x0000000087c00000, 0x0000000087c00000, 0x0000000087d00000|  0%| F|  |TAMS 0x0000000087c00000, 0x0000000087c00000| Untracked 
|  73|0x0000000087d00000, 0x0000000087d00000, 0x0000000087e00000|  0%| F|  |TAMS 0x0000000087d00000, 0x0000000087d00000| Untracked 
|  74|0x0000000087e00000, 0x0000000087e00000, 0x0000000087f00000|  0%| F|  |TAMS 0x0000000087e00000, 0x0000000087e00000| Untracked 
|  75|0x0000000087f00000, 0x0000000087f00000, 0x0000000088000000|  0%| F|  |TAMS 0x0000000087f00000, 0x0000000087f00000| Untracked 
|  76|0x0000000088000000, 0x0000000088000000, 0x0000000088100000|  0%| F|  |TAMS 0x0000000088000000, 0x0000000088000000| Untracked 
|  77|0x0000000088100000, 0x0000000088100000, 0x0000000088200000|  0%| F|  |TAMS 0x0000000088100000, 0x0000000088100000| Untracked 
|  78|0x0000000088200000, 0x0000000088200000, 0x0000000088300000|  0%| F|  |TAMS 0x0000000088200000, 0x0000000088200000| Untracked 
|  79|0x0000000088300000, 0x0000000088300000, 0x0000000088400000|  0%| F|  |TAMS 0x0000000088300000, 0x0000000088300000| Untracked 
|  80|0x0000000088400000, 0x0000000088400000, 0x0000000088500000|  0%| F|  |TAMS 0x0000000088400000, 0x0000000088400000| Untracked 
|  81|0x0000000088500000, 0x0000000088500000, 0x0000000088600000|  0%| F|  |TAMS 0x0000000088500000, 0x0000000088500000| Untracked 
|  82|0x0000000088600000, 0x0000000088600000, 0x0000000088700000|  0%| F|  |TAMS 0x0000000088600000, 0x0000000088600000| Untracked 
|  83|0x0000000088700000, 0x0000000088700000, 0x0000000088800000|  0%| F|  |TAMS 0x0000000088700000, 0x0000000088700000| Untracked 
|  84|0x0000000088800000, 0x0000000088800000, 0x0000000088900000|  0%| F|  |TAMS 0x0000000088800000, 0x0000000088800000| Untracked 
|  85|0x0000000088900000, 0x0000000088900000, 0x0000000088a00000|  0%| F|  |TAMS 0x0000000088900000, 0x0000000088900000| Untracked 
|  86|0x0000000088a00000, 0x0000000088a00000, 0x0000000088b00000|  0%| F|  |TAMS 0x0000000088a00000, 0x0000000088a00000| Untracked 
|  87|0x0000000088b00000, 0x0000000088b00000, 0x0000000088c00000|  0%| F|  |TAMS 0x0000000088b00000, 0x0000000088b00000| Untracked 
|  88|0x0000000088c00000, 0x0000000088c00000, 0x0000000088d00000|  0%| F|  |TAMS 0x0000000088c00000, 0x0000000088c00000| Untracked 
|  89|0x0000000088d00000, 0x0000000088d00000, 0x0000000088e00000|  0%| F|  |TAMS 0x0000000088d00000, 0x0000000088d00000| Untracked 
|  90|0x0000000088e00000, 0x0000000088e00000, 0x0000000088f00000|  0%| F|  |TAMS 0x0000000088e00000, 0x0000000088e00000| Untracked 
|  91|0x0000000088f00000, 0x0000000089000000, 0x0000000089000000|100%| S|CS|TAMS 0x0000000088f00000, 0x0000000088f00000| Complete 
|  92|0x0000000089000000, 0x0000000089100000, 0x0000000089100000|100%| S|CS|TAMS 0x0000000089000000, 0x0000000089000000| Complete 
|  93|0x0000000089100000, 0x0000000089200000, 0x0000000089200000|100%| S|CS|TAMS 0x0000000089100000, 0x0000000089100000| Complete 
|  94|0x0000000089200000, 0x0000000089300000, 0x0000000089300000|100%| S|CS|TAMS 0x0000000089200000, 0x0000000089200000| Complete 
|  95|0x0000000089300000, 0x0000000089300000, 0x0000000089400000|  0%| F|  |TAMS 0x0000000089300000, 0x0000000089300000| Untracked 
|  96|0x0000000089400000, 0x0000000089400000, 0x0000000089500000|  0%| F|  |TAMS 0x0000000089400000, 0x0000000089400000| Untracked 
|  97|0x0000000089500000, 0x0000000089500000, 0x0000000089600000|  0%| F|  |TAMS 0x0000000089500000, 0x0000000089500000| Untracked 
|  98|0x0000000089600000, 0x0000000089600000, 0x0000000089700000|  0%| F|  |TAMS 0x0000000089600000, 0x0000000089600000| Untracked 
|  99|0x0000000089700000, 0x0000000089700000, 0x0000000089800000|  0%| F|  |TAMS 0x0000000089700000, 0x0000000089700000| Untracked 
| 100|0x0000000089800000, 0x0000000089800000, 0x0000000089900000|  0%| F|  |TAMS 0x0000000089800000, 0x0000000089800000| Untracked 
| 101|0x0000000089900000, 0x0000000089a00000, 0x0000000089a00000|100%| E|  |TAMS 0x0000000089900000, 0x0000000089900000| Complete 
| 102|0x0000000089a00000, 0x0000000089b00000, 0x0000000089b00000|100%| E|CS|TAMS 0x0000000089a00000, 0x0000000089a00000| Complete 
| 103|0x0000000089b00000, 0x0000000089c00000, 0x0000000089c00000|100%| E|CS|TAMS 0x0000000089b00000, 0x0000000089b00000| Complete 
| 104|0x0000000089c00000, 0x0000000089d00000, 0x0000000089d00000|100%| E|CS|TAMS 0x0000000089c00000, 0x0000000089c00000| Complete 
| 105|0x0000000089d00000, 0x0000000089e00000, 0x0000000089e00000|100%| E|CS|TAMS 0x0000000089d00000, 0x0000000089d00000| Complete 
| 106|0x0000000089e00000, 0x0000000089f00000, 0x0000000089f00000|100%| E|CS|TAMS 0x0000000089e00000, 0x0000000089e00000| Complete 
| 107|0x0000000089f00000, 0x000000008a000000, 0x000000008a000000|100%| E|CS|TAMS 0x0000000089f00000, 0x0000000089f00000| Complete 
| 108|0x000000008a000000, 0x000000008a100000, 0x000000008a100000|100%| E|CS|TAMS 0x000000008a000000, 0x000000008a000000| Complete 
| 109|0x000000008a100000, 0x000000008a200000, 0x000000008a200000|100%| E|CS|TAMS 0x000000008a100000, 0x000000008a100000| Complete 
| 110|0x000000008a200000, 0x000000008a300000, 0x000000008a300000|100%| E|CS|TAMS 0x000000008a200000, 0x000000008a200000| Complete 
| 111|0x000000008a300000, 0x000000008a400000, 0x000000008a400000|100%| E|CS|TAMS 0x000000008a300000, 0x000000008a300000| Complete 
| 112|0x000000008a400000, 0x000000008a500000, 0x000000008a500000|100%| E|CS|TAMS 0x000000008a400000, 0x000000008a400000| Complete 
| 113|0x000000008a500000, 0x000000008a600000, 0x000000008a600000|100%| E|CS|TAMS 0x000000008a500000, 0x000000008a500000| Complete 
| 114|0x000000008a600000, 0x000000008a700000, 0x000000008a700000|100%| E|CS|TAMS 0x000000008a600000, 0x000000008a600000| Complete 
| 115|0x000000008a700000, 0x000000008a800000, 0x000000008a800000|100%| E|CS|TAMS 0x000000008a700000, 0x000000008a700000| Complete 
| 116|0x000000008a800000, 0x000000008a900000, 0x000000008a900000|100%| E|CS|TAMS 0x000000008a800000, 0x000000008a800000| Complete 
| 117|0x000000008a900000, 0x000000008aa00000, 0x000000008aa00000|100%| E|CS|TAMS 0x000000008a900000, 0x000000008a900000| Complete 
| 118|0x000000008aa00000, 0x000000008ab00000, 0x000000008ab00000|100%| E|CS|TAMS 0x000000008aa00000, 0x000000008aa00000| Complete 
| 119|0x000000008ab00000, 0x000000008ac00000, 0x000000008ac00000|100%| E|CS|TAMS 0x000000008ab00000, 0x000000008ab00000| Complete 
| 120|0x000000008ac00000, 0x000000008ad00000, 0x000000008ad00000|100%| E|CS|TAMS 0x000000008ac00000, 0x000000008ac00000| Complete 
| 121|0x000000008ad00000, 0x000000008ae00000, 0x000000008ae00000|100%| E|CS|TAMS 0x000000008ad00000, 0x000000008ad00000| Complete 
| 122|0x000000008ae00000, 0x000000008af00000, 0x000000008af00000|100%| E|CS|TAMS 0x000000008ae00000, 0x000000008ae00000| Complete 
| 123|0x000000008af00000, 0x000000008b000000, 0x000000008b000000|100%| E|CS|TAMS 0x000000008af00000, 0x000000008af00000| Complete 
| 124|0x000000008b000000, 0x000000008b100000, 0x000000008b100000|100%| E|CS|TAMS 0x000000008b000000, 0x000000008b000000| Complete 
| 125|0x000000008b100000, 0x000000008b200000, 0x000000008b200000|100%| E|  |TAMS 0x000000008b100000, 0x000000008b100000| Complete 

Card table byte_map: [0x000002b155560000,0x000002b155950000] _byte_map_base: 0x000002b155146000

Marking Bits (Prev, Next): (CMBitMap*) 0x000002b13d6c9ff8, (CMBitMap*) 0x000002b13d6ca038
 Prev Bits: [0x000002b155d40000, 0x000002b157c70000)
 Next Bits: [0x000002b157c70000, 0x000002b159ba0000)

Polling page: 0x000002b13b540000

Metaspace:

Usage:
  Non-class:     14.97 MB capacity,    14.50 MB ( 97%) used,   407.29 KB (  3%) free+waste,    81.13 KB ( <1%) overhead. 
      Class:      2.70 MB capacity,     2.40 MB ( 89%) used,   258.73 KB (  9%) free+waste,    43.38 KB (  2%) overhead. 
       Both:     17.67 MB capacity,    16.90 MB ( 96%) used,   666.02 KB (  4%) free+waste,   124.50 KB ( <1%) overhead. 

Virtual space:
  Non-class space:       16.00 MB reserved,      15.00 MB ( 94%) committed 
      Class space:        1.00 GB reserved,       2.75 MB ( <1%) committed 
             Both:        1.02 GB reserved,      17.75 MB (  2%) committed 

Chunk freelists:
   Non-Class:  28.00 KB
       Class:  0 bytes
        Both:  28.00 KB

MaxMetaspaceSize: 17179869184.00 GB
CompressedClassSpaceSize: 1.00 GB

CodeHeap 'non-profiled nmethods': size=120000Kb used=1182Kb max_used=1182Kb free=118817Kb
 bounds [0x000002b14d900000, 0x000002b14db70000, 0x000002b154e30000]
CodeHeap 'profiled nmethods': size=120000Kb used=5645Kb max_used=5645Kb free=114354Kb
 bounds [0x000002b1463d0000, 0x000002b146960000, 0x000002b14d900000]
CodeHeap 'non-nmethods': size=5760Kb used=1466Kb max_used=1520Kb free=4293Kb
 bounds [0x000002b145e30000, 0x000002b1460a0000, 0x000002b1463d0000]
 total_blobs=3701 nmethods=2912 adapters=701
 compilation: enabled
              stopped_count=0, restarted_count=0
 full_count=0

Compilation events (20 events):
Event: 13.954 Thread 0x000002b15cf4d000 2903       3       javafx.scene.Node::preprocessMouseEvent (114 bytes)
Event: 13.955 Thread 0x000002b15cf4d000 nmethod 2903 0x000002b14694cf10 code [0x000002b14694d2c0, 0x000002b14694f348]
Event: 13.955 Thread 0x000002b15cf4d000 2904       1       java.util.stream.ReduceOps$Box::get (5 bytes)
Event: 13.955 Thread 0x000002b15cf4d000 nmethod 2904 0x000002b14da27290 code [0x000002b14da27420, 0x000002b14da274f8]
Event: 13.956 Thread 0x000002b15cf4d000 2905       3       java.lang.Math::toRadians (6 bytes)
Event: 13.956 Thread 0x000002b15cf4d000 nmethod 2905 0x000002b14694fb90 code [0x000002b14694fd40, 0x000002b14694fe18]
Event: 13.963 Thread 0x000002b15cf40800 2906       4       javafx.scene.input.MouseEvent::getEventType (5 bytes)
Event: 13.964 Thread 0x000002b15cf40800 nmethod 2906 0x000002b14da27590 code [0x000002b14da27700, 0x000002b14da27778]
Event: 14.014 Thread 0x000002b15cf4d000 2907       3       com.sun.javafx.event.CompositeEventHandler$NormalEventHandlerRecord::handleBubblingEvent (11 bytes)
Event: 14.014 Thread 0x000002b15cf4d000 nmethod 2907 0x000002b14694fe90 code [0x000002b146950040, 0x000002b146950228]
Event: 14.020 Thread 0x000002b15cf4d000 2908       3       com.sun.glass.ui.View::notifyMouse (221 bytes)
Event: 14.020 Thread 0x000002b15cf40800 2910       4       javafx.beans.property.BooleanPropertyBase::get (29 bytes)
Event: 14.021 Thread 0x000002b15cf40800 nmethod 2910 0x000002b14da27890 code [0x000002b14da27a00, 0x000002b14da27a98]
Event: 14.022 Thread 0x000002b15cf4d000 nmethod 2908 0x000002b146950310 code [0x000002b146950620, 0x000002b146951c78]
Event: 14.022 Thread 0x000002b15cf4d000 2909       3       com.sun.glass.ui.Window::handleMouseEvent (26 bytes)
Event: 14.022 Thread 0x000002b15cf4d000 nmethod 2909 0x000002b146952290 code [0x000002b146952440, 0x000002b1469525e8]
Event: 14.022 Thread 0x000002b15cf4d000 2911       3       java.util.EnumMap::values (25 bytes)
Event: 14.022 Thread 0x000002b15cf4d000 nmethod 2911 0x000002b146952690 code [0x000002b146952840, 0x000002b146952bd8]
Event: 16.579 Thread 0x000002b15cf4d000 2912       3       java.lang.invoke.MethodHandles$Lookup::restrictReceiver (127 bytes)
Event: 16.580 Thread 0x000002b15cf4d000 nmethod 2912 0x000002b146952d10 code [0x000002b146952f20, 0x000002b146953448]

GC Heap History (4 events):
Event: 0.603 GC heap before
{Heap before GC invocations=0 (full 0):
 garbage-first heap   total 129024K, used 23552K [0x0000000083400000, 0x0000000100000000)
  region size 1024K, 23 young (23552K), 0 survivors (0K)
 Metaspace       used 2922K, capacity 5334K, committed 5504K, reserved 1056768K
  class space    used 327K, capacity 568K, committed 640K, reserved 1048576K
}
Event: 0.607 GC heap after
{Heap after GC invocations=1 (full 0):
 garbage-first heap   total 129024K, used 6129K [0x0000000083400000, 0x0000000100000000)
  region size 1024K, 3 young (3072K), 3 survivors (3072K)
 Metaspace       used 2922K, capacity 5334K, committed 5504K, reserved 1056768K
  class space    used 327K, capacity 568K, committed 640K, reserved 1048576K
}
Event: 1.166 GC heap before
{Heap before GC invocations=1 (full 0):
 garbage-first heap   total 129024K, used 33777K [0x0000000083400000, 0x0000000100000000)
  region size 1024K, 31 young (31744K), 3 survivors (3072K)
 Metaspace       used 10885K, capacity 11499K, committed 11648K, reserved 1058816K
  class space    used 1449K, capacity 1626K, committed 1664K, reserved 1048576K
}
Event: 1.171 GC heap after
{Heap after GC invocations=2 (full 0):
 garbage-first heap   total 129024K, used 11168K [0x0000000083400000, 0x0000000100000000)
  region size 1024K, 4 young (4096K), 4 survivors (4096K)
 Metaspace       used 10885K, capacity 11499K, committed 11648K, reserved 1058816K
  class space    used 1449K, capacity 1626K, committed 1664K, reserved 1048576K
}

Deoptimization events (20 events):
Event: 13.235 Thread 0x000002b15d079000 DEOPT PACKING pc=0x000002b1468db46c sp=0x000000f9b24f9fa0
Event: 13.235 Thread 0x000002b15d079000 DEOPT UNPACKING pc=0x000002b145e783de sp=0x000000f9b24f9448 mode 0
Event: 13.235 Thread 0x000002b15d079000 DEOPT PACKING pc=0x000002b1468db46c sp=0x000000f9b24f9fa0
Event: 13.235 Thread 0x000002b15d079000 DEOPT UNPACKING pc=0x000002b145e783de sp=0x000000f9b24f9448 mode 0
Event: 13.278 Thread 0x000002b15d079000 Uncommon trap: trap_request=0xffffffde fr.pc=0x000002b14da21308 relative=0x0000000000000128
Event: 13.278 Thread 0x000002b15d079000 Uncommon trap: reason=class_check action=maybe_recompile pc=0x000002b14da21308 method=jdk.internal.misc.Unsafe.allocateUninitializedArray(Ljava/lang/Class;I)Ljava/lang/Object; @ 51 c2
Event: 13.278 Thread 0x000002b15d079000 DEOPT PACKING pc=0x000002b14da21308 sp=0x000000f9b24f8ae0
Event: 13.278 Thread 0x000002b15d079000 DEOPT UNPACKING pc=0x000002b145e3852f sp=0x000000f9b24f8a68 mode 2
Event: 13.279 Thread 0x000002b15d079000 Uncommon trap: trap_request=0xffffffde fr.pc=0x000002b14da21308 relative=0x0000000000000128
Event: 13.279 Thread 0x000002b15d079000 Uncommon trap: reason=class_check action=maybe_recompile pc=0x000002b14da21308 method=jdk.internal.misc.Unsafe.allocateUninitializedArray(Ljava/lang/Class;I)Ljava/lang/Object; @ 51 c2
Event: 13.279 Thread 0x000002b15d079000 DEOPT PACKING pc=0x000002b14da21308 sp=0x000000f9b24f8e60
Event: 13.279 Thread 0x000002b15d079000 DEOPT UNPACKING pc=0x000002b145e3852f sp=0x000000f9b24f8de8 mode 2
Event: 13.279 Thread 0x000002b15d079000 Uncommon trap: trap_request=0xffffffde fr.pc=0x000002b14da21308 relative=0x0000000000000128
Event: 13.279 Thread 0x000002b15d079000 Uncommon trap: reason=class_check action=maybe_recompile pc=0x000002b14da21308 method=jdk.internal.misc.Unsafe.allocateUninitializedArray(Ljava/lang/Class;I)Ljava/lang/Object; @ 51 c2
Event: 13.279 Thread 0x000002b15d079000 DEOPT PACKING pc=0x000002b14da21308 sp=0x000000f9b24f74e0
Event: 13.279 Thread 0x000002b15d079000 DEOPT UNPACKING pc=0x000002b145e3852f sp=0x000000f9b24f7468 mode 2
Event: 13.279 Thread 0x000002b15d079000 Uncommon trap: trap_request=0xffffffde fr.pc=0x000002b14da21308 relative=0x0000000000000128
Event: 13.279 Thread 0x000002b15d079000 Uncommon trap: reason=class_check action=maybe_recompile pc=0x000002b14da21308 method=jdk.internal.misc.Unsafe.allocateUninitializedArray(Ljava/lang/Class;I)Ljava/lang/Object; @ 51 c2
Event: 13.279 Thread 0x000002b15d079000 DEOPT PACKING pc=0x000002b14da21308 sp=0x000000f9b24f4bc0
Event: 13.279 Thread 0x000002b15d079000 DEOPT UNPACKING pc=0x000002b145e3852f sp=0x000000f9b24f4b48 mode 2

Classes unloaded (0 events):
No events

Classes redefined (0 events):
No events

Internal exceptions (20 events):
Event: 0.875 Thread 0x000002b15d079000 Exception <a 'java/lang/NullPointerException'{0x000000008a40d3a0}> (0x000000008a40d3a0) 
thrown [./open/src/hotspot/share/interpreter/linkResolver.cpp, line 1348]
Event: 0.882 Thread 0x000002b15d079000 Exception <a 'sun/nio/fs/WindowsException'{0x000000008a476090}> (0x000000008a476090) 
thrown [./open/src/hotspot/share/prims/jni.cpp, line 599]
Event: 0.896 Thread 0x000002b15d079000 Exception <a 'sun/nio/fs/WindowsException'{0x000000008a309f18}> (0x000000008a309f18) 
thrown [./open/src/hotspot/share/prims/jni.cpp, line 599]
Event: 0.900 Thread 0x000002b15d079000 Exception <a 'java/lang/ClassNotFoundException'{0x000000008a326d90}: sun/util/logging/resources/spi/loggingProvider> (0x000000008a326d90) 
thrown [./open/src/hotspot/share/classfile/systemDictionary.cpp, line 226]
Event: 1.004 Thread 0x000002b15d079000 Exception <a 'java/lang/NoSuchMethodError'{0x0000000089c42738}: 'void java.lang.invoke.DirectMethodHandle$Holder.invokeStaticInit(java.lang.Object, java.lang.Object)'> (0x0000000089c42738) 
thrown [./open/src/hotspot/share/interpreter/linkResolver.cpp, line 766]
Event: 1.046 Thread 0x000002b15d079000 Exception <a 'sun/nio/fs/WindowsException'{0x000000008974e350}> (0x000000008974e350) 
thrown [./open/src/hotspot/share/prims/jni.cpp, line 599]
Event: 1.065 Thread 0x000002b15d079000 Exception <a 'java/lang/NoSuchMethodError'{0x00000000897bc978}: 'java.lang.Object java.lang.invoke.Invokers$Holder.linkToTargetMethod(java.lang.Object, int, java.lang.Object)'> (0x00000000897bc978) 
thrown [./open/src/hotspot/share/interpreter/linkResolver.cpp, line 766]
Event: 1.121 Thread 0x000002b15d079000 Implicit null exception at 0x000002b14d99b5a5 to 0x000002b14d99bac4
Event: 1.154 Thread 0x000002b15d079000 Implicit null exception at 0x000002b14d943caf to 0x000002b14d943d2d
Event: 1.261 Thread 0x000002b15d079000 Exception <a 'java/lang/NoSuchMethodError'{0x000000008ae7f880}: 'java.lang.Object java.lang.invoke.DirectMethodHandle$Holder.invokeInterface(java.lang.Object, java.lang.Object, java.lang.Object)'> (0x000000008ae7f880) 
thrown [./open/src/hotspot/share/interpreter/linkResolver.cpp, line 766]
Event: 1.262 Thread 0x000002b15d079000 Exception <a 'java/lang/IncompatibleClassChangeError'{0x000000008ae82720}: Found class java.lang.Object, but interface was expected> (0x000000008ae82720) 
thrown [./open/src/hotspot/share/interpreter/linkResolver.cpp, line 832]
Event: 1.327 Thread 0x000002b15d073000 Exception <a 'java/lang/NoSuchMethodError'{0x000000008ab198f8}: 'int java.lang.invoke.DirectMethodHandle$Holder.invokeStaticInit(java.lang.Object, java.lang.Object)'> (0x000000008ab198f8) 
thrown [./open/src/hotspot/share/interpreter/linkResolver.cpp, line 766]
Event: 2.026 Thread 0x000002b15d079000 Exception <a 'java/lang/NoSuchMethodError'{0x000000008a8aec98}: 'long java.lang.invoke.DirectMethodHandle$Holder.invokeStatic(java.lang.Object, java.lang.Object, java.lang.Object)'> (0x000000008a8aec98) 
thrown [./open/src/hotspot/share/interpreter/linkResolver.cpp, line 766]
Event: 2.026 Thread 0x000002b15d079000 Exception <a 'java/lang/NoSuchMethodError'{0x000000008a8b1940}: 'long java.lang.invoke.DirectMethodHandle$Holder.invokeStaticInit(java.lang.Object, java.lang.Object, java.lang.Object)'> (0x000000008a8b1940) 
thrown [./open/src/hotspot/share/interpreter/linkResolver.cpp, line 766]
Event: 2.028 Thread 0x000002b15d079000 Exception <a 'java/lang/NoSuchMethodError'{0x000000008a8c5c10}: 'java.lang.Object java.lang.invoke.Invokers$Holder.linkToTargetMethod(java.lang.Object, long, java.lang.Object)'> (0x000000008a8c5c10) 
thrown [./open/src/hotspot/share/interpreter/linkResolver.cpp, line 766]
Event: 2.205 Thread 0x000002b15d079000 Exception <a 'java/lang/ClassNotFoundException'{0x000000008a545028}: com/sun/javafx/scene/control/skin/resources/controls> (0x000000008a545028) 
thrown [./open/src/hotspot/share/prims/jni.cpp, line 620]
Event: 2.206 Thread 0x000002b15d079000 Exception <a 'java/lang/ClassNotFoundException'{0x000000008a552df0}: com/sun/javafx/scene/control/skin/resources/controls_ru> (0x000000008a552df0) 
thrown [./open/src/hotspot/share/prims/jni.cpp, line 620]
Event: 2.206 Thread 0x000002b15d079000 Exception <a 'java/lang/ClassNotFoundException'{0x000000008a55e338}: com/sun/javafx/scene/control/skin/resources/controls_ru_RU> (0x000000008a55e338) 
thrown [./open/src/hotspot/share/prims/jni.cpp, line 620]
Event: 2.232 Thread 0x000002b15d079000 Exception <a 'java/lang/NoSuchMethodError'{0x000000008a4d0258}: 'void java.lang.invoke.DirectMethodHandle$Holder.invokeSpecial(java.lang.Object, java.lang.Object, java.lang.Object, java.lang.Object, java.lang.Object, java.lang.Object)'> (0x000000008a4d0258) 
thrown [./open/src/hotspot/share/interpreter/linkResolver.cpp, line 766]
Event: 13.306 Thread 0x000002b15d079000 Exception <a 'java/lang/ClassCastException'{0x0000000089a11fc0}: class java.lang.Double cannot be cast to class javafx.scene.paint.Paint (java.lang.Double is in module java.base of loader 'bootstrap'; javafx.scene.paint.Paint is in module javafx.graphics of loader 'app')> (0x0000000089a11fc0) 
thrown [./open/src/hotspot/share/interpreter/interpreterRuntime.cpp, line 474]

Events (20 events):
Event: 16.578 Thread 0x000002b1655fb000 Thread added: 0x000002b1655fb000
Event: 16.578 Executing VM operation: HandshakeOneThread
Event: 16.578 Executing VM operation: HandshakeOneThread done
Event: 16.578 Thread 0x000002b1655f9800 Thread added: 0x000002b1655f9800
Event: 16.578 Thread 0x000002b1655fc000 Thread added: 0x000002b1655fc000
Event: 16.579 Executing VM operation: HandshakeOneThread
Event: 16.579 Executing VM operation: HandshakeOneThread done
Event: 16.579 Executing VM operation: HandshakeOneThread
Event: 16.579 Executing VM operation: HandshakeOneThread done
Event: 16.580 Executing VM operation: HandshakeOneThread
Event: 16.580 Executing VM operation: HandshakeOneThread done
Event: 16.580 Executing VM operation: HandshakeOneThread
Event: 16.580 Executing VM operation: HandshakeOneThread done
Event: 16.580 Executing VM operation: HandshakeOneThread
Event: 16.580 Executing VM operation: HandshakeOneThread done
Event: 16.580 Executing VM operation: HandshakeOneThread
Event: 16.580 Executing VM operation: HandshakeOneThread done
Event: 16.580 Thread 0x000002b1655f9800 Thread exited: 0x000002b1655f9800
Event: 16.580 Thread 0x000002b1655fc000 Thread exited: 0x000002b1655fc000
Event: 16.580 Executing VM operation: Exit


Dynamic libraries:
0x00007ff7fdb80000 - 0x00007ff7fdb8f000 	C:\Program Files\Java\jdk-14.0.2\bin\java.exe
0x00007ff87d570000 - 0x00007ff87d765000 	C:\WINDOWS\SYSTEM32\ntdll.dll
0x00007ff87c750000 - 0x00007ff87c80e000 	C:\WINDOWS\System32\KERNEL32.DLL
0x00007ff87b190000 - 0x00007ff87b458000 	C:\WINDOWS\System32\KERNELBASE.dll
0x00007ff87b4d0000 - 0x00007ff87b5d0000 	C:\WINDOWS\System32\ucrtbase.dll
0x00007ff874110000 - 0x00007ff874128000 	C:\Program Files\Java\jdk-14.0.2\bin\jli.dll
0x00007ff8740f0000 - 0x00007ff874105000 	C:\Program Files\Java\jdk-14.0.2\bin\VCRUNTIME140.dll
0x00007ff87c9d0000 - 0x00007ff87ca7e000 	C:\WINDOWS\System32\ADVAPI32.dll
0x00007ff87b720000 - 0x00007ff87b7be000 	C:\WINDOWS\System32\msvcrt.dll
0x00007ff87b5d0000 - 0x00007ff87b66c000 	C:\WINDOWS\System32\sechost.dll
0x00007ff87b910000 - 0x00007ff87ba35000 	C:\WINDOWS\System32\RPCRT4.dll
0x00007ff87c550000 - 0x00007ff87c6f0000 	C:\WINDOWS\System32\USER32.dll
0x00007ff87af70000 - 0x00007ff87af92000 	C:\WINDOWS\System32\win32u.dll
0x00007ff866f00000 - 0x00007ff86719a000 	C:\WINDOWS\WinSxS\amd64_microsoft.windows.common-controls_6595b64144ccf1df_6.0.19041.1110_none_60b5254171f9507e\COMCTL32.dll
0x00007ff87c710000 - 0x00007ff87c73b000 	C:\WINDOWS\System32\GDI32.dll
0x00007ff87ae60000 - 0x00007ff87af6b000 	C:\WINDOWS\System32\gdi32full.dll
0x00007ff87ac90000 - 0x00007ff87ad2d000 	C:\WINDOWS\System32\msvcp_win.dll
0x00007ff873870000 - 0x00007ff87387a000 	C:\WINDOWS\SYSTEM32\VERSION.dll
0x00007ff87b820000 - 0x00007ff87b850000 	C:\WINDOWS\System32\IMM32.DLL
0x00007ff862270000 - 0x00007ff86230b000 	C:\Program Files\Java\jdk-14.0.2\bin\msvcp140.dll
0x00007ff842600000 - 0x00007ff84311e000 	C:\Program Files\Java\jdk-14.0.2\bin\server\jvm.dll
0x00007ff87c9c0000 - 0x00007ff87c9c8000 	C:\WINDOWS\System32\PSAPI.DLL
0x00007ff860760000 - 0x00007ff860769000 	C:\WINDOWS\SYSTEM32\WSOCK32.dll
0x00007ff860450000 - 0x00007ff860477000 	C:\WINDOWS\SYSTEM32\WINMM.dll
0x00007ff87d4c0000 - 0x00007ff87d52b000 	C:\WINDOWS\System32\WS2_32.dll
0x00007ff878ba0000 - 0x00007ff878bb2000 	C:\WINDOWS\SYSTEM32\kernel.appcore.dll
0x00007ff8740e0000 - 0x00007ff8740ea000 	C:\Program Files\Java\jdk-14.0.2\bin\jimage.dll
0x00007ff866380000 - 0x00007ff866564000 	C:\WINDOWS\SYSTEM32\DBGHELP.DLL
0x00007ff8651c0000 - 0x00007ff8651ec000 	C:\WINDOWS\SYSTEM32\dbgcore.DLL
0x00007ff87b100000 - 0x00007ff87b182000 	C:\WINDOWS\System32\bcryptPrimitives.dll
0x00007ff8767c0000 - 0x00007ff8767ce000 	C:\Program Files\Java\jdk-14.0.2\bin\instrument.dll
0x00007ff8672e0000 - 0x00007ff867305000 	C:\Program Files\Java\jdk-14.0.2\bin\java.dll
0x00007ff8672c0000 - 0x00007ff8672d6000 	C:\Program Files\Java\jdk-14.0.2\bin\zip.dll
0x00007ff87cc30000 - 0x00007ff87d374000 	C:\WINDOWS\System32\SHELL32.dll
0x00007ff878da0000 - 0x00007ff879534000 	C:\WINDOWS\SYSTEM32\windows.storage.dll
0x00007ff87bd80000 - 0x00007ff87c0d4000 	C:\WINDOWS\System32\combase.dll
0x00007ff87a620000 - 0x00007ff87a64c000 	C:\WINDOWS\SYSTEM32\Wldp.dll
0x00007ff87d410000 - 0x00007ff87d4bd000 	C:\WINDOWS\System32\SHCORE.dll
0x00007ff87b7c0000 - 0x00007ff87b815000 	C:\WINDOWS\System32\shlwapi.dll
0x00007ff87abd0000 - 0x00007ff87abef000 	C:\WINDOWS\SYSTEM32\profapi.dll
0x00007ff867270000 - 0x00007ff867289000 	C:\Program Files\Java\jdk-14.0.2\bin\net.dll
0x00007ff868bc0000 - 0x00007ff868cc9000 	C:\WINDOWS\SYSTEM32\WINHTTP.dll
0x00007ff87a380000 - 0x00007ff87a3ea000 	C:\WINDOWS\system32\mswsock.dll
0x00007ff867250000 - 0x00007ff867262000 	C:\Program Files\Java\jdk-14.0.2\bin\nio.dll
0x00007ff876700000 - 0x00007ff87671a000 	C:\Program Files\JetBrains\IntelliJ IDEA 2022.1\bin\breakgen64.dll
0x000002b13b820000 - 0x000002b13b823000 	C:\Users\Andrew\.openjfx\cache\14.0.2.1\api-ms-win-core-console-l1-1-0.dll
0x000002b13b830000 - 0x000002b13b833000 	C:\Users\Andrew\.openjfx\cache\14.0.2.1\api-ms-win-core-datetime-l1-1-0.dll
0x000002b13d630000 - 0x000002b13d633000 	C:\Users\Andrew\.openjfx\cache\14.0.2.1\api-ms-win-core-debug-l1-1-0.dll
0x000002b13d640000 - 0x000002b13d643000 	C:\Users\Andrew\.openjfx\cache\14.0.2.1\api-ms-win-core-errorhandling-l1-1-0.dll
0x000002b13d650000 - 0x000002b13d654000 	C:\Users\Andrew\.openjfx\cache\14.0.2.1\api-ms-win-core-file-l1-1-0.dll
0x000002b15eb10000 - 0x000002b15eb13000 	C:\Users\Andrew\.openjfx\cache\14.0.2.1\api-ms-win-core-file-l1-2-0.dll
0x000002b15eb20000 - 0x000002b15eb23000 	C:\Users\Andrew\.openjfx\cache\14.0.2.1\api-ms-win-core-file-l2-1-0.dll
0x000002b15eb30000 - 0x000002b15eb33000 	C:\Users\Andrew\.openjfx\cache\14.0.2.1\api-ms-win-core-handle-l1-1-0.dll
0x000002b15eb40000 - 0x000002b15eb43000 	C:\Users\Andrew\.openjfx\cache\14.0.2.1\api-ms-win-core-heap-l1-1-0.dll
0x000002b15eb50000 - 0x000002b15eb53000 	C:\Users\Andrew\.openjfx\cache\14.0.2.1\api-ms-win-core-interlocked-l1-1-0.dll
0x000002b15eb60000 - 0x000002b15eb63000 	C:\Users\Andrew\.openjfx\cache\14.0.2.1\api-ms-win-core-libraryloader-l1-1-0.dll
0x000002b15eb70000 - 0x000002b15eb73000 	C:\Users\Andrew\.openjfx\cache\14.0.2.1\api-ms-win-core-localization-l1-2-0.dll
0x000002b15eb80000 - 0x000002b15eb83000 	C:\Users\Andrew\.openjfx\cache\14.0.2.1\api-ms-win-core-memory-l1-1-0.dll
0x000002b15eb90000 - 0x000002b15eb93000 	C:\Users\Andrew\.openjfx\cache\14.0.2.1\api-ms-win-core-namedpipe-l1-1-0.dll
0x000002b15eba0000 - 0x000002b15eba3000 	C:\Users\Andrew\.openjfx\cache\14.0.2.1\api-ms-win-core-processenvironment-l1-1-0.dll
0x000002b15ebb0000 - 0x000002b15ebb3000 	C:\Users\Andrew\.openjfx\cache\14.0.2.1\api-ms-win-core-processthreads-l1-1-0.dll
0x000002b15ebc0000 - 0x000002b15ebc3000 	C:\Users\Andrew\.openjfx\cache\14.0.2.1\api-ms-win-core-processthreads-l1-1-1.dll
0x000002b15ebd0000 - 0x000002b15ebd3000 	C:\Users\Andrew\.openjfx\cache\14.0.2.1\api-ms-win-core-profile-l1-1-0.dll
0x000002b15ebe0000 - 0x000002b15ebe3000 	C:\Users\Andrew\.openjfx\cache\14.0.2.1\api-ms-win-core-rtlsupport-l1-1-0.dll
0x000002b15ebf0000 - 0x000002b15ebf3000 	C:\Users\Andrew\.openjfx\cache\14.0.2.1\api-ms-win-core-string-l1-1-0.dll
0x000002b15ec00000 - 0x000002b15ec03000 	C:\Users\Andrew\.openjfx\cache\14.0.2.1\api-ms-win-core-synch-l1-1-0.dll
0x000002b15ec10000 - 0x000002b15ec13000 	C:\Users\Andrew\.openjfx\cache\14.0.2.1\api-ms-win-core-synch-l1-2-0.dll
0x000002b15ec20000 - 0x000002b15ec23000 	C:\Users\Andrew\.openjfx\cache\14.0.2.1\api-ms-win-core-sysinfo-l1-1-0.dll
0x000002b15ec30000 - 0x000002b15ec33000 	C:\Users\Andrew\.openjfx\cache\14.0.2.1\api-ms-win-core-timezone-l1-1-0.dll
0x000002b15ec40000 - 0x000002b15ec43000 	C:\Users\Andrew\.openjfx\cache\14.0.2.1\api-ms-win-core-util-l1-1-0.dll
0x000002b15ec50000 - 0x000002b15ec53000 	C:\Users\Andrew\.openjfx\cache\14.0.2.1\api-ms-win-crt-conio-l1-1-0.dll
0x000002b15ec60000 - 0x000002b15ec64000 	C:\Users\Andrew\.openjfx\cache\14.0.2.1\api-ms-win-crt-convert-l1-1-0.dll
0x000002b15ec70000 - 0x000002b15ec73000 	C:\Users\Andrew\.openjfx\cache\14.0.2.1\api-ms-win-crt-environment-l1-1-0.dll
0x000002b15ec80000 - 0x000002b15ec83000 	C:\Users\Andrew\.openjfx\cache\14.0.2.1\api-ms-win-crt-filesystem-l1-1-0.dll
0x000002b15ec90000 - 0x000002b15ec93000 	C:\Users\Andrew\.openjfx\cache\14.0.2.1\api-ms-win-crt-heap-l1-1-0.dll
0x000002b15eca0000 - 0x000002b15eca3000 	C:\Users\Andrew\.openjfx\cache\14.0.2.1\api-ms-win-crt-locale-l1-1-0.dll
0x000002b15ecb0000 - 0x000002b15ecb5000 	C:\Users\Andrew\.openjfx\cache\14.0.2.1\api-ms-win-crt-math-l1-1-0.dll
0x000002b15ecc0000 - 0x000002b15ecc5000 	C:\Users\Andrew\.openjfx\cache\14.0.2.1\api-ms-win-crt-multibyte-l1-1-0.dll
0x000002b15ecd0000 - 0x000002b15ece0000 	C:\Users\Andrew\.openjfx\cache\14.0.2.1\api-ms-win-crt-private-l1-1-0.dll
0x000002b15ece0000 - 0x000002b15ece3000 	C:\Users\Andrew\.openjfx\cache\14.0.2.1\api-ms-win-crt-process-l1-1-0.dll
0x000002b15ecf0000 - 0x000002b15ecf4000 	C:\Users\Andrew\.openjfx\cache\14.0.2.1\api-ms-win-crt-runtime-l1-1-0.dll
0x000002b15ed00000 - 0x000002b15ed04000 	C:\Users\Andrew\.openjfx\cache\14.0.2.1\api-ms-win-crt-stdio-l1-1-0.dll
0x000002b15ed10000 - 0x000002b15ed14000 	C:\Users\Andrew\.openjfx\cache\14.0.2.1\api-ms-win-crt-string-l1-1-0.dll
0x000002b15ed20000 - 0x000002b15ed23000 	C:\Users\Andrew\.openjfx\cache\14.0.2.1\api-ms-win-crt-time-l1-1-0.dll
0x000002b15ed30000 - 0x000002b15ed33000 	C:\Users\Andrew\.openjfx\cache\14.0.2.1\api-ms-win-crt-utility-l1-1-0.dll
0x00007ff859fe0000 - 0x00007ff85a0dc000 	C:\Users\Andrew\.openjfx\cache\14.0.2.1\ucrtbase.dll
0x00007ff8766a0000 - 0x00007ff8766b5000 	C:\Users\Andrew\.openjfx\cache\14.0.2.1\vcruntime140.dll
0x00007ff859f40000 - 0x00007ff859fdb000 	C:\Users\Andrew\.openjfx\cache\14.0.2.1\msvcp140.dll
0x00007ff859ee0000 - 0x00007ff859f31000 	C:\Users\Andrew\.openjfx\cache\14.0.2.1\concrt140.dll
0x00007ff874570000 - 0x00007ff874593000 	C:\Users\Andrew\.openjfx\cache\14.0.2.1\prism_d3d.dll
0x00007ff842430000 - 0x00007ff8425ff000 	C:\WINDOWS\system32\d3d9.dll
0x00007ff8788b0000 - 0x00007ff8788df000 	C:\WINDOWS\SYSTEM32\dwmapi.dll
0x00007ff8786c0000 - 0x00007ff87875e000 	C:\WINDOWS\system32\uxtheme.dll
0x00007ff8550c0000 - 0x00007ff855223000 	C:\WINDOWS\System32\DriverStore\FileRepository\iigd_dch.inf_amd64_1405215c1cf67526\igdumdim64.dll
0x00007ff87bc50000 - 0x00007ff87bd7a000 	C:\WINDOWS\System32\ole32.dll
0x00007ff83bd60000 - 0x00007ff840553000 	C:\WINDOWS\System32\DriverStore\FileRepository\iigd_dch.inf_amd64_1405215c1cf67526\igd9dxva64.dll
0x00007ff87ca80000 - 0x00007ff87cb4d000 	C:\WINDOWS\System32\OLEAUT32.dll
0x00007ff87c0e0000 - 0x00007ff87c550000 	C:\WINDOWS\System32\SETUPAPI.dll
0x00007ff87ad30000 - 0x00007ff87ad7e000 	C:\WINDOWS\System32\cfgmgr32.dll
0x00007ff87ae30000 - 0x00007ff87ae57000 	C:\WINDOWS\System32\bcrypt.dll
0x00007ff86db50000 - 0x00007ff86ddd2000 	C:\WINDOWS\System32\DriverStore\FileRepository\iigd_dch.inf_amd64_1405215c1cf67526\igdgmm64.dll
0x00007ff862070000 - 0x00007ff8620b5000 	C:\Users\Andrew\.openjfx\cache\14.0.2.1\glass.dll
0x00007ff87cb50000 - 0x00007ff87cc2b000 	C:\WINDOWS\System32\COMDLG32.dll
0x00007ff87c8a0000 - 0x00007ff87c9b6000 	C:\WINDOWS\System32\MSCTF.dll
0x00007ff81dd70000 - 0x00007ff81dd97000 	C:\WINDOWS\System32\DriverStore\FileRepository\iigd_dch.inf_amd64_1405215c1cf67526\igdinfo64.dll
0x00007ff869c80000 - 0x00007ff86c7b1000 	C:\WINDOWS\System32\DriverStore\FileRepository\iigd_dch.inf_amd64_1405215c1cf67526\igc64.dll
0x00007ff875720000 - 0x00007ff87575b000 	C:\WINDOWS\SYSTEM32\dxcore.dll
0x00007ff867220000 - 0x00007ff867234000 	C:\Users\Andrew\.openjfx\cache\14.0.2.1\javafx_font.dll
0x00007ff8696a0000 - 0x00007ff86991f000 	C:\WINDOWS\SYSTEM32\dwrite.dll
0x00007ff87b670000 - 0x00007ff87b719000 	C:\WINDOWS\System32\clbcatq.dll
0x00007ff873d80000 - 0x00007ff873f34000 	C:\WINDOWS\SYSTEM32\WindowsCodecs.dll
0x00007ff84ea00000 - 0x00007ff84ea3e000 	C:\WINDOWS\system32\dataexchange.dll
0x00007ff8778f0000 - 0x00007ff877ad5000 	C:\WINDOWS\system32\dcomp.dll
0x00007ff8769c0000 - 0x00007ff876c24000 	C:\WINDOWS\system32\d3d11.dll
0x00007ff8795a0000 - 0x00007ff879693000 	C:\WINDOWS\system32\dxgi.dll
0x00007ff874660000 - 0x00007ff874861000 	C:\WINDOWS\system32\twinapi.appcore.dll
0x00007ff860030000 - 0x00007ff860064000 	C:\Program Files\Common Files\Microsoft Shared\Ink\rtscom.dll
0x00007ff86f870000 - 0x00007ff86f969000 	C:\WINDOWS\SYSTEM32\textinputframework.dll
0x00007ff8781c0000 - 0x00007ff8782b2000 	C:\WINDOWS\System32\CoreMessaging.dll
0x00007ff877e60000 - 0x00007ff8781be000 	C:\WINDOWS\System32\CoreUIComponents.dll
0x00007ff879990000 - 0x00007ff8799c3000 	C:\WINDOWS\SYSTEM32\ntmarta.dll
0x00007ff877790000 - 0x00007ff8778e4000 	C:\WINDOWS\SYSTEM32\wintypes.dll

dbghelp: loaded successfully - version: 4.0.5 - missing functions: none
symbol engine: initialized successfully - sym options: 0x614 - pdb path: .;C:\Program Files\Java\jdk-14.0.2\bin;C:\WINDOWS\SYSTEM32;C:\WINDOWS\WinSxS\amd64_microsoft.windows.common-controls_6595b64144ccf1df_6.0.19041.1110_none_60b5254171f9507e;C:\Program Files\Java\jdk-14.0.2\bin\server;C:\Program Files\JetBrains\IntelliJ IDEA 2022.1\bin;C:\Users\Andrew\.openjfx\cache\14.0.2.1;C:\WINDOWS\System32\DriverStore\FileRepository\iigd_dch.inf_amd64_1405215c1cf67526;C:\Program Files\Common Files\Microsoft Shared\Ink

VM Arguments:
jvm_args: -javaagent:C:\Program Files\JetBrains\IntelliJ IDEA 2022.1\lib\idea_rt.jar=51904:C:\Program Files\JetBrains\IntelliJ IDEA 2022.1\bin -Dfile.encoding=UTF-8 --module-path=C:\Users\Andrew\.m2\repository\org\openjfx\javafx-base\14.0.2.1\javafx-base-14.0.2.1-win.jar;C:\Users\Andrew\.m2\repository\org\kordamp\ikonli\ikonli-javafx\12.3.0\ikonli-javafx-12.3.0.jar;C:\Users\Andrew\.m2\repository\org\openjfx\javafx-web\14.0.2.1\javafx-web-14.0.2.1-win.jar;C:\Users\Andrew\.m2\repository\org\kordamp\bootstrapfx\bootstrapfx-core\0.4.0\bootstrapfx-core-0.4.0.jar;C:\Users\Andrew\.m2\repository\com\github\almasb\fxgl-entity\11.17\fxgl-entity-11.17.jar;C:\Users\Andrew\.m2\repository\com\github\almasb\fxgl\11.17\fxgl-11.17.jar;C:\Users\Andrew\.m2\repository\com\fasterxml\jackson\core\jackson-core\2.12.1\jackson-core-2.12.1.jar;C:\Users\Andrew\.m2\repository\com\github\almasb\fxgl-scene\11.17\fxgl-scene-11.17.jar;C:\Users\Andrew\.m2\repository\com\gluonhq\attach\storage\4.0.9\storage-4.0.9.jar;C:\Users\Andrew\.m2\repository\org\postgresql\postgresql\42.4.0\postgresql-42.4.0.jar;C:\Users\Andrew\.m2\repository\net\synedra\validatorfx\0.2.1\validatorfx-0.2.1.jar;C:\Users\Andrew\.m2\repository\eu\hansolo\tilesfx\11.48\tilesfx-11.48.jar;C:\Users\Andrew\.m2\repository\com\gluonhq\attach\util\4.0.9\util-4.0.9.jar;C:\Users\Andrew\.m2\repository\org\jetbrains\kotlin\kotlin-stdlib\1.5.10\kotlin-stdlib-1.5.10-modular.jar;C:\Users\Andrew\.m2\repository\org\springframework\spring-jdbc\5.3.18\spring-jdbc-5.3.18.jar;C:\Users\Andrew\.m2\repository\com\gluonhq\attach\audio\4.0.9\audio-4.0.9.jar;C:\Users\Andrew\.m2\repository\org\openjfx\javafx-controls\14.0.2.1\javafx-controls-14.0.2.1-win.jar;C:\Users\Andrew\.m2\repository\com\fasterxml\jackson\core\jackson-databind\2.12.1\jackson-databind-2.12.1.jar;C:\Users\Andrew\.m2\repository\com\gluonhq\attach\lifecycle\4.0.9\lifecycle-4.0.9.jar;C:\Users\Andrew\.m2\repository\com\github\almasb\fxgl-io\11.17\fxgl-io-11.17.jar;C:\Users\Andrew\.m2\repository\com\github\almasb\fxgl-core\11.17\fxgl-core-11.17.jar;C:\Users\Andrew\.m2\repository\org\controlsfx\controlsfx\11.1.1\controlsfx-11.1.1.jar;C:\Users\Andrew\.m2\-Djdk.module.main=com.example.oopkursach 
java_command: com.example.oopkursach/com.example.oopkursach.HelloApplication
java_class_path (initial): C:\Users\Andrew\.m2\repository\org\openjfx\javafx-controls\14.0.2.1\javafx-controls-14.0.2.1.jar;C:\Users\Andrew\.m2\repository\org\openjfx\javafx-graphics\14.0.2.1\javafx-graphics-14.0.2.1.jar;C:\Users\Andrew\.m2\repository\org\openjfx\javafx-base\14.0.2.1\javafx-base-14.0.2.1.jar;C:\Users\Andrew\.m2\repository\org\openjfx\javafx-fxml\14.0.2.1\javafx-fxml-14.0.2.1.jar;C:\Users\Andrew\.m2\repository\org\openjfx\javafx-web\14.0.2.1\javafx-web-14.0.2.1.jar;C:\Users\Andrew\.m2\repository\org\openjfx\javafx-media\14.0.2.1\javafx-media-14.0.2.1.jar;C:\Users\Andrew\.m2\repository\org\jetbrains\annotations\13.0\annotations-13.0.jar;C:\Users\Andrew\.m2\repository\org\jetbrains\kotlin\kotlin-stdlib-common\1.5.10\kotlin-stdlib-common-1.5.10.jar;C:\Users\Andrew\.m2\repository\org\springframework\spring-core\5.3.18\spring-core-5.3.18.jar;C:\Users\Andrew\.m2\repository\org\springframework\spring-jcl\5.3.18\spring-jcl-5.3.18.jar;C:\Users\Andrew\.m2\repository\org\springframework\spring-context\5.3.18\spring-context-5.3.18.jar;C:\Users\Andrew\.m2\repository\org\springframework\spring-aop\5.3.18\spring-aop-5.3.18.jar;C:\Users\Andrew\.m2\repository\org\springframework\spring-expression\5.3.18\spring-expression-5.3.18.jar;C:\Users\Andrew\.m2\repository\org\springframework\spring-tx\5.3.18\spring-tx-5.3.18.jar;C:\Users\Andrew\.m2\repository\org\springframework\boot\spring-boot-starter-data-jpa\3.0.0\spring-boot-starter-data-jpa-3.0.0.jar;C:\Users\Andrew\.m2\repository\org\springframework\boot\spring-boot-starter-aop\3.0.0\spring-boot-starter-aop-3.0.0.jar;C:\Users\Andrew\.m2\repository\org\springframework\boot\spring-boot-starter\3.0.0\spring-boot-starter-3.0.0.jar;C:\Users\Andrew\.m2\repository\org\springframework\boot\spring-boot\3.0.0\spring-boot-3.0.0.jar;C:\Users\Andrew\.m2\repository\org\springframework\boot\spring-boot-autoconfigure\3.0.0\spring-boot-autoconfigure-3.0.0.jar;C:\Users\Andrew\.m2\repository\org\springframework\boot\spring-boot-starter-
Launcher Type: SUN_STANDARD

[Global flags]
     intx CICompilerCount                          = 4                                         {product} {ergonomic}
     uint ConcGCThreads                            = 2                                         {product} {ergonomic}
     uint G1ConcRefinementThreads                  = 8                                         {product} {ergonomic}
   size_t G1HeapRegionSize                         = 1048576                                   {product} {ergonomic}
    uintx GCDrainStackTargetSize                   = 64                                        {product} {ergonomic}
   size_t InitialHeapSize                          = 132120576                                 {product} {ergonomic}
   size_t MarkStackSize                            = 4194304                                   {product} {ergonomic}
   size_t MaxHeapSize                              = 2092957696                                {product} {ergonomic}
   size_t MaxNewSize                               = 1255145472                                {product} {ergonomic}
   size_t MinHeapDeltaBytes                        = 1048576                                   {product} {ergonomic}
   size_t MinHeapSize                              = 8388608                                   {product} {ergonomic}
    uintx NonNMethodCodeHeapSize                   = 5839372                                {pd product} {ergonomic}
    uintx NonProfiledCodeHeapSize                  = 122909434                              {pd product} {ergonomic}
    uintx ProfiledCodeHeapSize                     = 122909434                              {pd product} {ergonomic}
    uintx ReservedCodeCacheSize                    = 251658240                              {pd product} {ergonomic}
     bool SegmentedCodeCache                       = true                                      {product} {ergonomic}
   size_t SoftMaxHeapSize                          = 2092957696                             {manageable} {ergonomic}
     bool UseCompressedClassPointers               = true                                 {lp64_product} {ergonomic}
     bool UseCompressedOops                        = true                                 {lp64_product} {ergonomic}
     bool UseG1GC                                  = true                                      {product} {ergonomic}
     bool UseLargePagesIndividualAllocation        = false                                  {pd product} {ergonomic}

Logging:
Log output configuration:
 #0: stdout all=off uptime,level,tags
 #1: stderr all=off uptime,level,tags

Environment Variables:
PATH=C:\Program Files\Common Files\Oracle\Java\javapath;C:/Program Files (x86)/Texas Instruments/xdctools_3_20_08_88;C:\Program Files (x86)\Common Files\Oracle\Java\javapath;"C:\MinGW\bin;C:\Users\Андрей\Downloads\openjdk-14.0.2_windows-x64_bin\jdk-14.0.2";C:\WINDOWS\system32;C:\WINDOWS;C:\WINDOWS\System32\Wbem;C:\WINDOWS\System32\WindowsPowerShell\v1.0\;C:\WINDOWS\System32\OpenSSH\;C:\runtime\win64;C:\bin;C:\polyspace\bin;C:\TDM-GCC-64\bin;C:\Users\Андрей\Downloads\minGW\MinGW\bin;C:\Program Files\Git\cmd;C:\ProgramData\chocolatey\bin;C:\Program Files\PuTTY\;C:\Program Files\MySQL\MySQL Shell 8.0\bin\;C:/Program Files (x86)/Texas Instruments/xdctools_3_20_08_88;C:\Users\Andrew\AppData\Local\Microsoft\WindowsApps
USERNAME=Andrew
OS=Windows_NT
PROCESSOR_IDENTIFIER=Intel64 Family 6 Model 126 Stepping 5, GenuineIntel



---------------  S Y S T E M  ---------------

OS: Windows 10 , 64 bit Build 19041 (10.0.19041.1566)
OS uptime: 0 days 22:01 hours

CPU:total 8 (initial active 8) (4 cores per cpu, 2 threads per core) family 6 model 126 stepping 5, cmov, cx8, fxsr, mmx, sse, sse2, sse3, ssse3, sse4.1, sse4.2, popcnt, avx, avx2, aes, clmul, erms, 3dnowpref, lzcnt, ht, tsc, tscinvbit, bmi1, bmi2, adx, evex, sha, fma

Memory: 4k page, system-wide physical 7981M (1019M free)
TotalPageFile size 15962M (AvailPageFile size 5558M)
current process WorkingSet (physical memory assigned to process): 159M, peak: 187M
current process commit charge ("private bytes"): 280M, peak: 309M

vm_info: Java HotSpot(TM) 64-Bit Server VM (14.0.2+12-46) for windows-amd64 JRE (14.0.2+12-46), built on Jul  9 2020 00:35:52 by "mach5one" with MS VC++ 15.9 (VS2017)

END.
