#
# A fatal error has been detected by the Java Runtime Environment:
#
#  EXCEPTION_ACCESS_VIOLATION (0xc0000005) at pc=0x00007ff8620e66f0, pid=1380, tid=7804
#
# JRE version: Java(TM) SE Runtime Environment (14.0.2+12) (build 14.0.2+12-46)
# Java VM: Java HotSpot(TM) 64-Bit Server VM (14.0.2+12-46, mixed mode, sharing, tiered, compressed oops, g1 gc, windows-amd64)
# Problematic frame:
# C  [glass.dll+0x266f0]
#
# No core dump will be written. Minidumps are not enabled by default on client versions of Windows
#
# If you would like to submit a bug report, please visit:
#   https://bugreport.java.com/bugreport/crash.jsp
#

---------------  S U M M A R Y ------------

Command Line: -javaagent:C:\Program Files\JetBrains\IntelliJ IDEA 2022.1\lib\idea_rt.jar=53581:C:\Program Files\JetBrains\IntelliJ IDEA 2022.1\bin -Dfile.encoding=UTF-8 --module-path=C:\Users\Andrew\IdeaProjects\oopKursach\target\classes;C:\Users\Andrew\.m2\repository\org\openjfx\javafx-web\14.0.2.1\javafx-web-14.0.2.1-win.jar;C:\Users\Andrew\.m2\repository\com\dlsc\formsfx\formsfx-core\11.3.2\formsfx-core-11.3.2.jar;C:\Users\Andrew\.m2\repository\com\github\almasb\fxgl-io\11.17\fxgl-io-11.17.jar;C:\Users\Andrew\.m2\repository\com\gluonhq\attach\audio\4.0.9\audio-4.0.9.jar;C:\Users\Andrew\.m2\repository\com\gluonhq\attach\util\4.0.9\util-4.0.9.jar;C:\Users\Andrew\.m2\repository\org\openjfx\javafx-graphics\14.0.2.1\javafx-graphics-14.0.2.1-win.jar;C:\Users\Andrew\.m2\repository\com\github\almasb\fxgl-scene\11.17\fxgl-scene-11.17.jar;C:\Users\Andrew\.m2\repository\org\openjfx\javafx-media\14.0.2.1\javafx-media-14.0.2.1-win.jar;C:\Users\Andrew\.m2\repository\org\kordamp\ikonli\ikonli-javafx\12.3.0\ikonli-javafx-12.3.0.jar;C:\Users\Andrew\.m2\repository\com\github\almasb\fxgl\11.17\fxgl-11.17.jar;C:\Users\Andrew\.m2\repository\org\postgresql\postgresql\42.4.0\postgresql-42.4.0.jar;C:\Users\Andrew\.m2\repository\com\fasterxml\jackson\core\jackson-core\2.12.1\jackson-core-2.12.1.jar;C:\Users\Andrew\.m2\repository\net\synedra\validatorfx\0.2.1\validatorfx-0.2.1.jar;C:\Users\Andrew\.m2\repository\com\github\almasb\fxgl-gameplay\11.17\fxgl-gameplay-11.17.jar;C:\Users\Andrew\.m2\repository\org\openjfx\javafx-controls\14.0.2.1\javafx-controls-14.0.2.1-win.jar;C:\Users\Andrew\.m2\repository\org\springframework\spring-jdbc\5.3.18\spring-jdbc-5.3.18.jar;C:\Users\Andrew\.m2\repository\org\controlsfx\controlsfx\11.1.1\controlsfx-11.1.1.jar;C:\Users\Andrew\.m2\repository\com\github\almasb\fxgl-core\11.17\fxgl-core-11.17.jar;C:\Users\Andrew\.m2\repository\org\openjfx\javafx-fxml\14.0.2.1\javafx-fxml-14.0.2.1-win.jar;C:\Users\Andrew\.m2\repository\org\kordamp\ikonli\ikonli-core\12.3.0\ikonli-core-12.3.0.jar;C:\Users\Andrew\.m2\repository\org\openjfx\javafx-base\14.0.2.1\javafx-base-14.0.2.1-win.jar;C:\Users\Andrew\.m2\repository\com\github\almasb\fx-Djdk.module.main=com.example.oopkursach com.example.oopkursach/com.example.oopkursach.HelloApplication

Host: Intel(R) Core(TM) i5-1035G1 CPU @ 1.00GHz, 8 cores, 7G,  Windows 10 , 64 bit Build 19041 (10.0.19041.1566)
Time: Sat Dec 10 17:12:00 2022 RTZ 2 (зима) elapsed time: 12 seconds (0d 0h 0m 12s)

---------------  T H R E A D  ---------------

Current thread (0x00000148dc70d000):  VMThread "VM Thread" [stack: 0x00000021f7400000,0x00000021f7500000] [id=7804]

Stack: [0x00000021f7400000,0x00000021f7500000],  sp=0x00000021f74febf0,  free space=1018k
Native frames: (J=compiled Java code, j=interpreted, Vv=VM code, C=native code)
C  [glass.dll+0x266f0]


siginfo: EXCEPTION_ACCESS_VIOLATION (0xc0000005), reading address 0x0000000000000000


Register to memory mapping:

RIP=0x00007ff8620e66f0 glass.dll
RAX=0x0 is NULL
RBX=0x00000148dc71a5b8 is a global jni handle
RCX=0x00000148dc70d000 points into unknown readable memory: c0 a7 ec 42 f8 7f 00 00
RDX=0x00000021f74febf0 points into unknown readable memory: 00 00 00 00 00 00 00 00
RSP=0x00000021f74febf0 points into unknown readable memory: 00 00 00 00 00 00 00 00
RBP=0x00000148ddf07498 points into unknown readable memory: 03 66 4f 8f 6d cb 00 00
RSI=0x00000148ddf07470 points into unknown readable memory: 63 d5 3e 9f ae 34 03 00
RDI=0x0000cb6d8f4f6603 is an unknown value
R8 =0x0000000000010002 is an unknown value
R9 =0x0000cb6d8f4f6603 is an unknown value
R10=0x0000000000008000 is an unknown value
R11=0x00000021f74feb90 points into unknown readable memory: 70 74 f0 dd 48 01 00 00
R12=0x00007ff8620e3b84 glass.dll
R13=0x00000148bd843c68 points into unknown readable memory: 00 d0 70 dc 48 01 00 00
R14=0x00000021f74fecf8 points into unknown readable memory: e0 ec 4f f7 21 00 00 00
R15=0x00000148ddf07470 points into unknown readable memory: 63 d5 3e 9f ae 34 03 00


Registers:
RAX=0x0000000000000000, RBX=0x00000148dc71a5b8, RCX=0x00000148dc70d000, RDX=0x00000021f74febf0
RSP=0x00000021f74febf0, RBP=0x00000148ddf07498, RSI=0x00000148ddf07470, RDI=0x0000cb6d8f4f6603
R8 =0x0000000000010002, R9 =0x0000cb6d8f4f6603, R10=0x0000000000008000, R11=0x00000021f74feb90
R12=0x00007ff8620e3b84, R13=0x00000148bd843c68, R14=0x00000021f74fecf8, R15=0x00000148ddf07470
RIP=0x00007ff8620e66f0, EFLAGS=0x0000000000010206

Top of Stack: (sp=0x00000021f74febf0)
0x00000021f74febf0:   0000000000000000 00007ff87b4df05b
0x00000021f74fec00:   00000148ddf07480 00000148ddf07470
0x00000021f74fec10:   fffffffffffffffe 00007ff8620e3b84
0x00000021f74fec20:   00000148ddf07478 00007ff87b4e42d6
0x00000021f74fec30:   00000148ddf07480 0000014800000000
0x00000021f74fec40:   00000148ddf07498 00000148ddf07470
0x00000021f74fec50:   fffffffffffffffe 0000000000000000
0x00000021f74fec60:   0000000000000001 00007ff8620c0000
0x00000021f74fec70:   00000021f74fece8 00007ff87b4e41fb
0x00000021f74fec80:   0000000000000000 00000021f74fecf8
0x00000021f74fec90:   00000021f74fefb0 00007ff87b5c0e40
0x00000021f74feca0:   0000000000000000 00007ff87b4e41b4
0x00000021f74fecb0:   0000000000000000 0000000000000001
0x00000021f74fecc0:   00007ff80000000d 00000021f74fece8
0x00000021f74fecd0:   0000000000000000 00007ff8620e3a12
0x00000021f74fece0:   00007ff8620fd118 0000002100000002 

Instructions: (pc=0x00007ff8620e66f0)
0x00007ff8620e65f0:   8b 4d 60 e8 98 c9 ff ff 48 8b 55 68 48 8b 8d 08
0x00007ff8620e6600:   01 00 00 e8 49 be ff ff 33 d2 33 c9 e8 49 de ff
0x00007ff8620e6610:   ff 90 cc cc cc cc cc cc cc cc cc cc cc cc cc cc
0x00007ff8620e6620:   48 8d 8a 80 00 00 00 e9 14 e9 fe ff 48 89 54 24
0x00007ff8620e6630:   10 55 48 83 ec 20 48 8b ea 48 8d 05 dd ca ff ff
0x00007ff8620e6640:   48 83 c4 20 5d c3 cc 40 55 48 8b ea 48 8b 01 33
0x00007ff8620e6650:   c9 81 38 05 00 00 c0 0f 94 c1 8b c1 5d c3 cc 40
0x00007ff8620e6660:   55 48 83 ec 20 48 8b ea 8a 4d 40 48 83 c4 20 5d
0x00007ff8620e6670:   e9 df cd ff ff cc 40 55 48 83 ec 20 48 8b ea e8
0x00007ff8620e6680:   fc cb ff ff 8a 4d 38 48 83 c4 20 5d e9 c3 cd ff
0x00007ff8620e6690:   ff cc 40 55 48 83 ec 30 48 8b ea 48 8b 01 8b 10
0x00007ff8620e66a0:   48 89 4c 24 28 89 54 24 20 4c 8d 0d a4 d1 ff ff
0x00007ff8620e66b0:   4c 8b 45 70 8b 55 68 48 8b 4d 60 e8 30 cb ff ff
0x00007ff8620e66c0:   90 48 83 c4 30 5d c3 cc cc cc cc cc cc cc cc cc
0x00007ff8620e66d0:   40 53 48 83 ec 30 48 c7 44 24 20 fe ff ff ff 48
0x00007ff8620e66e0:   8b 1d 2a 64 01 00 48 85 db 74 16 e8 90 85 ff ff
0x00007ff8620e66f0:   4c 8b 00 48 8b d3 48 8b c8 41 ff 90 b0 00 00 00
0x00007ff8620e6700:   90 48 83 c4 30 5b c3 cc cc cc cc cc cc cc cc cc
0x00007ff8620e6710:   40 53 48 83 ec 20 48 8b 1d 9b 65 01 00 48 85 db
0x00007ff8620e6720:   74 57 b8 ff ff ff ff f0 0f c1 43 10 83 f8 01 75
0x00007ff8620e6730:   3d 48 85 db 74 38 48 8b 0b 48 85 c9 74 0d ff 15
0x00007ff8620e6740:   64 0b 00 00 48 c7 03 00 00 00 00 48 8b 4b 08 48
0x00007ff8620e6750:   85 c9 74 0d e8 37 c8 ff ff 48 c7 43 08 00 00 00
0x00007ff8620e6760:   00 ba 18 00 00 00 48 8b cb e8 22 c8 ff ff 48 c7
0x00007ff8620e6770:   05 3f 65 01 00 00 00 00 00 48 83 c4 20 5b c3 cc
0x00007ff8620e6780:   40 53 48 83 ec 20 48 8b 1d 0b 65 01 00 48 85 db
0x00007ff8620e6790:   74 57 b8 ff ff ff ff f0 0f c1 43 10 83 f8 01 75
0x00007ff8620e67a0:   3d 48 85 db 74 38 48 8b 0b 48 85 c9 74 0d ff 15
0x00007ff8620e67b0:   f4 0a 00 00 48 c7 03 00 00 00 00 48 8b 4b 08 48
0x00007ff8620e67c0:   85 c9 74 0d e8 c7 c7 ff ff 48 c7 43 08 00 00 00
0x00007ff8620e67d0:   00 ba 18 00 00 00 48 8b cb e8 b2 c7 ff ff 48 c7
0x00007ff8620e67e0:   05 af 64 01 00 00 00 00 00 48 83 c4 20 5b c3 cc 


Stack slot to memory mapping:
stack at sp + 0 slots: 0x0 is NULL
stack at sp + 1 slots: 0x00007ff87b4df05b ucrtbase.dll
stack at sp + 2 slots: 0x00000148ddf07480 points into unknown readable memory: 03 66 4f 8f 6d cb 00 00
stack at sp + 3 slots: 0x00000148ddf07470 points into unknown readable memory: 63 d5 3e 9f ae 34 03 00
stack at sp + 4 slots: 0xfffffffffffffffe is an unknown value
stack at sp + 5 slots: 0x00007ff8620e3b84 glass.dll
stack at sp + 6 slots: 0x00000148ddf07478 points into unknown readable memory: 03 66 4f 8f 6d cb 00 00
stack at sp + 7 slots: 0x00007ff87b4e42d6 ucrtbase.dll

VM_Operation (0x00000021f8bfeee0): Exit, mode: safepoint, requested by thread 0x00000148e5861000


---------------  P R O C E S S  ---------------

Threads class SMR info:
_java_thread_list=0x00000148de6992b0, length=20, elements={
0x00000148bd7d7000, 0x00000148dc70e000, 0x00000148dc711800, 0x00000148dc72d000,
0x00000148dc72e000, 0x00000148dc730000, 0x00000148dc733000, 0x00000148dc73f000,
0x00000148dc748000, 0x00000148dd18c800, 0x00000148dd18d800, 0x00000148dd18e800,
0x00000148dd18f000, 0x00000148dd190000, 0x00000148dd191000, 0x00000148dd191800,
0x00000148dd18c000, 0x00000148dd192800, 0x00000148e585e000, 0x00000148e5861000
}

Java Threads: ( => current thread )
  0x00000148bd7d7000 JavaThread "main" [_thread_blocked, id=1476, stack(0x00000021f6e00000,0x00000021f6f00000)]
  0x00000148dc70e000 JavaThread "Reference Handler" daemon [_thread_blocked, id=9320, stack(0x00000021f7500000,0x00000021f7600000)]
  0x00000148dc711800 JavaThread "Finalizer" daemon [_thread_blocked, id=12232, stack(0x00000021f7600000,0x00000021f7700000)]
  0x00000148dc72d000 JavaThread "Signal Dispatcher" daemon [_thread_blocked, id=14484, stack(0x00000021f7700000,0x00000021f7800000)]
  0x00000148dc72e000 JavaThread "Attach Listener" daemon [_thread_blocked, id=10904, stack(0x00000021f7800000,0x00000021f7900000)]
  0x00000148dc730000 JavaThread "Service Thread" daemon [_thread_blocked, id=3272, stack(0x00000021f7900000,0x00000021f7a00000)]
  0x00000148dc733000 JavaThread "C2 CompilerThread0" daemon [_thread_blocked, id=7148, stack(0x00000021f7a00000,0x00000021f7b00000)]
  0x00000148dc73f000 JavaThread "C1 CompilerThread0" daemon [_thread_blocked, id=3972, stack(0x00000021f7b00000,0x00000021f7c00000)]
  0x00000148dc748000 JavaThread "Sweeper thread" daemon [_thread_blocked, id=5792, stack(0x00000021f7c00000,0x00000021f7d00000)]
  0x00000148dd18c800 JavaThread "Common-Cleaner" daemon [_thread_blocked, id=400, stack(0x00000021f7d00000,0x00000021f7e00000)]
  0x00000148dd18d800 JavaThread "Monitor Ctrl-Break" daemon [_thread_in_native, id=13460, stack(0x00000021f8000000,0x00000021f8100000)]
  0x00000148dd18e800 JavaThread "Notification Thread" daemon [_thread_blocked, id=6260, stack(0x00000021f8100000,0x00000021f8200000)]
  0x00000148dd18f000 JavaThread "QuantumRenderer-0" daemon [_thread_blocked, id=10540, stack(0x00000021f8400000,0x00000021f8500000)]
  0x00000148dd190000 JavaThread "InvokeLaterDispatcher" daemon [_thread_blocked, id=14880, stack(0x00000021f7e00000,0x00000021f7f00000)]
  0x00000148dd191000 JavaThread "JavaFX Application Thread" [_thread_in_native, id=14784, stack(0x00000021f8500000,0x00000021f8600000)]
  0x00000148dd191800 JavaThread "Thread-1" daemon [_thread_in_native, id=14856, stack(0x00000021f8900000,0x00000021f8a00000)]
  0x00000148dd18c000 JavaThread "JavaFX-Launcher" [_thread_blocked, id=12776, stack(0x00000021f8a00000,0x00000021f8b00000)]
  0x00000148dd192800 JavaThread "Prism Font Disposer" daemon [_thread_blocked, id=11188, stack(0x00000021f9200000,0x00000021f9300000)]
  0x00000148e585e000 JavaThread "Cleaner-0" daemon [_thread_blocked, id=4536, stack(0x00000021f9300000,0x00000021f9400000)]
  0x00000148e5861000 JavaThread "SIGINT handler" daemon [_thread_blocked, id=3816, stack(0x00000021f8b00000,0x00000021f8c00000)]

Other Threads:
=>0x00000148dc70d000 VMThread "VM Thread" [stack: 0x00000021f7400000,0x00000021f7500000] [id=7804]
  0x00000148bd817000 GCTaskThread "GC Thread#0" [stack: 0x00000021f6f00000,0x00000021f7000000] [id=7256]
  0x00000148ddc6e800 GCTaskThread "GC Thread#1" [stack: 0x00000021f7f00000,0x00000021f8000000] [id=14096]
  0x00000148dd498800 GCTaskThread "GC Thread#2" [stack: 0x00000021f8300000,0x00000021f8400000] [id=8928]
  0x00000148de5a7000 GCTaskThread "GC Thread#3" [stack: 0x00000021f8f00000,0x00000021f9000000] [id=1308]
  0x00000148de923800 GCTaskThread "GC Thread#4" [stack: 0x00000021f9000000,0x00000021f9100000] [id=12464]
  0x00000148de924000 GCTaskThread "GC Thread#5" [stack: 0x00000021f9100000,0x00000021f9200000] [id=11820]
  0x00000148bd82a800 ConcurrentGCThread "G1 Main Marker" [stack: 0x00000021f7000000,0x00000021f7100000] [id=15232]
  0x00000148bd82c000 ConcurrentGCThread "G1 Conc#0" [stack: 0x00000021f7100000,0x00000021f7200000] [id=13948]
  0x00000148dc570800 ConcurrentGCThread "G1 Refine#0" [stack: 0x00000021f7200000,0x00000021f7300000] [id=3836]
  0x00000148dc571800 ConcurrentGCThread "G1 Young RemSet Sampling" [stack: 0x00000021f7300000,0x00000021f7400000] [id=6272]

Threads with active compile tasks:

VM state:at safepoint (shutting down)

VM Mutex/Monitor currently owned by a thread:  ([mutex/lock_event])
[0x00000148bd7d3580] Threads_lock - owner thread: 0x00000148dc70d000
[0x00000148bd7d1e70] Heap_lock - owner thread: 0x00000148e5861000

Heap address: 0x0000000083400000, size: 1996 MB, Compressed Oops mode: 32-bit
Narrow klass base: 0x0000000800000000, Narrow klass shift: 3
Compressed class space size: 1073741824 Address: 0x0000000800b30000

Heap:
 garbage-first heap   total 129024K, used 36853K [0x0000000083400000, 0x0000000100000000)
  region size 1024K, 30 young (30720K), 5 survivors (5120K)
 Metaspace       used 17262K, capacity 18069K, committed 18176K, reserved 1064960K
  class space    used 2469K, capacity 2773K, committed 2816K, reserved 1048576K
Heap Regions: E=young(eden), S=young(survivor), O=old, HS=humongous(starts), HC=humongous(continues), CS=collection set, F=free, OA=open archive, CA=closed archive, TAMS=top-at-mark-start (previous, next)
|   0|0x0000000083400000, 0x0000000083500000, 0x0000000083500000|100%|HS|  |TAMS 0x0000000083400000, 0x0000000083400000| Complete 
|   1|0x0000000083500000, 0x0000000083600000, 0x0000000083600000|100%| O|  |TAMS 0x0000000083500000, 0x0000000083500000| Untracked 
|   2|0x0000000083600000, 0x0000000083700000, 0x0000000083700000|100%| O|  |TAMS 0x0000000083600000, 0x0000000083600000| Untracked 
|   3|0x0000000083700000, 0x0000000083800000, 0x0000000083800000|100%| O|  |TAMS 0x0000000083700000, 0x0000000083700000| Untracked 
|   4|0x0000000083800000, 0x00000000838fd600, 0x0000000083900000| 98%| O|  |TAMS 0x0000000083800000, 0x0000000083800000| Untracked 
|   5|0x0000000083900000, 0x0000000083a00000, 0x0000000083a00000|100%|HS|  |TAMS 0x0000000083900000, 0x0000000083900000| Complete 
|   6|0x0000000083a00000, 0x0000000083b00000, 0x0000000083b00000|100%|HC|  |TAMS 0x0000000083a00000, 0x0000000083a00000| Complete 
|   7|0x0000000083b00000, 0x0000000083b00000, 0x0000000083c00000|  0%| F|  |TAMS 0x0000000083b00000, 0x0000000083b00000| Untracked 
|   8|0x0000000083c00000, 0x0000000083c00000, 0x0000000083d00000|  0%| F|  |TAMS 0x0000000083c00000, 0x0000000083c00000| Untracked 
|   9|0x0000000083d00000, 0x0000000083d00000, 0x0000000083e00000|  0%| F|  |TAMS 0x0000000083d00000, 0x0000000083d00000| Untracked 
|  10|0x0000000083e00000, 0x0000000083e00000, 0x0000000083f00000|  0%| F|  |TAMS 0x0000000083e00000, 0x0000000083e00000| Untracked 
|  11|0x0000000083f00000, 0x0000000083f00000, 0x0000000084000000|  0%| F|  |TAMS 0x0000000083f00000, 0x0000000083f00000| Untracked 
|  12|0x0000000084000000, 0x0000000084000000, 0x0000000084100000|  0%| F|  |TAMS 0x0000000084000000, 0x0000000084000000| Untracked 
|  13|0x0000000084100000, 0x0000000084100000, 0x0000000084200000|  0%| F|  |TAMS 0x0000000084100000, 0x0000000084100000| Untracked 
|  14|0x0000000084200000, 0x0000000084200000, 0x0000000084300000|  0%| F|  |TAMS 0x0000000084200000, 0x0000000084200000| Untracked 
|  15|0x0000000084300000, 0x0000000084300000, 0x0000000084400000|  0%| F|  |TAMS 0x0000000084300000, 0x0000000084300000| Untracked 
|  16|0x0000000084400000, 0x0000000084400000, 0x0000000084500000|  0%| F|  |TAMS 0x0000000084400000, 0x0000000084400000| Untracked 
|  17|0x0000000084500000, 0x0000000084500000, 0x0000000084600000|  0%| F|  |TAMS 0x0000000084500000, 0x0000000084500000| Untracked 
|  18|0x0000000084600000, 0x0000000084600000, 0x0000000084700000|  0%| F|  |TAMS 0x0000000084600000, 0x0000000084600000| Untracked 
|  19|0x0000000084700000, 0x0000000084700000, 0x0000000084800000|  0%| F|  |TAMS 0x0000000084700000, 0x0000000084700000| Untracked 
|  20|0x0000000084800000, 0x0000000084800000, 0x0000000084900000|  0%| F|  |TAMS 0x0000000084800000, 0x0000000084800000| Untracked 
|  21|0x0000000084900000, 0x0000000084900000, 0x0000000084a00000|  0%| F|  |TAMS 0x0000000084900000, 0x0000000084900000| Untracked 
|  22|0x0000000084a00000, 0x0000000084a00000, 0x0000000084b00000|  0%| F|  |TAMS 0x0000000084a00000, 0x0000000084a00000| Untracked 
|  23|0x0000000084b00000, 0x0000000084b00000, 0x0000000084c00000|  0%| F|  |TAMS 0x0000000084b00000, 0x0000000084b00000| Untracked 
|  24|0x0000000084c00000, 0x0000000084c00000, 0x0000000084d00000|  0%| F|  |TAMS 0x0000000084c00000, 0x0000000084c00000| Untracked 
|  25|0x0000000084d00000, 0x0000000084d00000, 0x0000000084e00000|  0%| F|  |TAMS 0x0000000084d00000, 0x0000000084d00000| Untracked 
|  26|0x0000000084e00000, 0x0000000084e00000, 0x0000000084f00000|  0%| F|  |TAMS 0x0000000084e00000, 0x0000000084e00000| Untracked 
|  27|0x0000000084f00000, 0x0000000084f00000, 0x0000000085000000|  0%| F|  |TAMS 0x0000000084f00000, 0x0000000084f00000| Untracked 
|  28|0x0000000085000000, 0x0000000085000000, 0x0000000085100000|  0%| F|  |TAMS 0x0000000085000000, 0x0000000085000000| Untracked 
|  29|0x0000000085100000, 0x0000000085100000, 0x0000000085200000|  0%| F|  |TAMS 0x0000000085100000, 0x0000000085100000| Untracked 
|  30|0x0000000085200000, 0x0000000085200000, 0x0000000085300000|  0%| F|  |TAMS 0x0000000085200000, 0x0000000085200000| Untracked 
|  31|0x0000000085300000, 0x0000000085300000, 0x0000000085400000|  0%| F|  |TAMS 0x0000000085300000, 0x0000000085300000| Untracked 
|  32|0x0000000085400000, 0x0000000085400000, 0x0000000085500000|  0%| F|  |TAMS 0x0000000085400000, 0x0000000085400000| Untracked 
|  33|0x0000000085500000, 0x0000000085500000, 0x0000000085600000|  0%| F|  |TAMS 0x0000000085500000, 0x0000000085500000| Untracked 
|  34|0x0000000085600000, 0x0000000085600000, 0x0000000085700000|  0%| F|  |TAMS 0x0000000085600000, 0x0000000085600000| Untracked 
|  35|0x0000000085700000, 0x0000000085700000, 0x0000000085800000|  0%| F|  |TAMS 0x0000000085700000, 0x0000000085700000| Untracked 
|  36|0x0000000085800000, 0x0000000085800000, 0x0000000085900000|  0%| F|  |TAMS 0x0000000085800000, 0x0000000085800000| Untracked 
|  37|0x0000000085900000, 0x0000000085900000, 0x0000000085a00000|  0%| F|  |TAMS 0x0000000085900000, 0x0000000085900000| Untracked 
|  38|0x0000000085a00000, 0x0000000085a00000, 0x0000000085b00000|  0%| F|  |TAMS 0x0000000085a00000, 0x0000000085a00000| Untracked 
|  39|0x0000000085b00000, 0x0000000085b00000, 0x0000000085c00000|  0%| F|  |TAMS 0x0000000085b00000, 0x0000000085b00000| Untracked 
|  40|0x0000000085c00000, 0x0000000085c00000, 0x0000000085d00000|  0%| F|  |TAMS 0x0000000085c00000, 0x0000000085c00000| Untracked 
|  41|0x0000000085d00000, 0x0000000085d00000, 0x0000000085e00000|  0%| F|  |TAMS 0x0000000085d00000, 0x0000000085d00000| Untracked 
|  42|0x0000000085e00000, 0x0000000085e00000, 0x0000000085f00000|  0%| F|  |TAMS 0x0000000085e00000, 0x0000000085e00000| Untracked 
|  43|0x0000000085f00000, 0x0000000085f00000, 0x0000000086000000|  0%| F|  |TAMS 0x0000000085f00000, 0x0000000085f00000| Untracked 
|  44|0x0000000086000000, 0x0000000086000000, 0x0000000086100000|  0%| F|  |TAMS 0x0000000086000000, 0x0000000086000000| Untracked 
|  45|0x0000000086100000, 0x0000000086100000, 0x0000000086200000|  0%| F|  |TAMS 0x0000000086100000, 0x0000000086100000| Untracked 
|  46|0x0000000086200000, 0x0000000086200000, 0x0000000086300000|  0%| F|  |TAMS 0x0000000086200000, 0x0000000086200000| Untracked 
|  47|0x0000000086300000, 0x0000000086300000, 0x0000000086400000|  0%| F|  |TAMS 0x0000000086300000, 0x0000000086300000| Untracked 
|  48|0x0000000086400000, 0x0000000086400000, 0x0000000086500000|  0%| F|  |TAMS 0x0000000086400000, 0x0000000086400000| Untracked 
|  49|0x0000000086500000, 0x0000000086500000, 0x0000000086600000|  0%| F|  |TAMS 0x0000000086500000, 0x0000000086500000| Untracked 
|  50|0x0000000086600000, 0x0000000086600000, 0x0000000086700000|  0%| F|  |TAMS 0x0000000086600000, 0x0000000086600000| Untracked 
|  51|0x0000000086700000, 0x0000000086700000, 0x0000000086800000|  0%| F|  |TAMS 0x0000000086700000, 0x0000000086700000| Untracked 
|  52|0x0000000086800000, 0x0000000086800000, 0x0000000086900000|  0%| F|  |TAMS 0x0000000086800000, 0x0000000086800000| Untracked 
|  53|0x0000000086900000, 0x0000000086900000, 0x0000000086a00000|  0%| F|  |TAMS 0x0000000086900000, 0x0000000086900000| Untracked 
|  54|0x0000000086a00000, 0x0000000086a00000, 0x0000000086b00000|  0%| F|  |TAMS 0x0000000086a00000, 0x0000000086a00000| Untracked 
|  55|0x0000000086b00000, 0x0000000086b00000, 0x0000000086c00000|  0%| F|  |TAMS 0x0000000086b00000, 0x0000000086b00000| Untracked 
|  56|0x0000000086c00000, 0x0000000086c00000, 0x0000000086d00000|  0%| F|  |TAMS 0x0000000086c00000, 0x0000000086c00000| Untracked 
|  57|0x0000000086d00000, 0x0000000086d00000, 0x0000000086e00000|  0%| F|  |TAMS 0x0000000086d00000, 0x0000000086d00000| Untracked 
|  58|0x0000000086e00000, 0x0000000086e00000, 0x0000000086f00000|  0%| F|  |TAMS 0x0000000086e00000, 0x0000000086e00000| Untracked 
|  59|0x0000000086f00000, 0x0000000086f00000, 0x0000000087000000|  0%| F|  |TAMS 0x0000000086f00000, 0x0000000086f00000| Untracked 
|  60|0x0000000087000000, 0x0000000087000000, 0x0000000087100000|  0%| F|  |TAMS 0x0000000087000000, 0x0000000087000000| Untracked 
|  61|0x0000000087100000, 0x0000000087100000, 0x0000000087200000|  0%| F|  |TAMS 0x0000000087100000, 0x0000000087100000| Untracked 
|  62|0x0000000087200000, 0x0000000087200000, 0x0000000087300000|  0%| F|  |TAMS 0x0000000087200000, 0x0000000087200000| Untracked 
|  63|0x0000000087300000, 0x0000000087300000, 0x0000000087400000|  0%| F|  |TAMS 0x0000000087300000, 0x0000000087300000| Untracked 
|  64|0x0000000087400000, 0x0000000087400000, 0x0000000087500000|  0%| F|  |TAMS 0x0000000087400000, 0x0000000087400000| Untracked 
|  65|0x0000000087500000, 0x0000000087500000, 0x0000000087600000|  0%| F|  |TAMS 0x0000000087500000, 0x0000000087500000| Untracked 
|  66|0x0000000087600000, 0x0000000087600000, 0x0000000087700000|  0%| F|  |TAMS 0x0000000087600000, 0x0000000087600000| Untracked 
|  67|0x0000000087700000, 0x0000000087700000, 0x0000000087800000|  0%| F|  |TAMS 0x0000000087700000, 0x0000000087700000| Untracked 
|  68|0x0000000087800000, 0x0000000087800000, 0x0000000087900000|  0%| F|  |TAMS 0x0000000087800000, 0x0000000087800000| Untracked 
|  69|0x0000000087900000, 0x0000000087900000, 0x0000000087a00000|  0%| F|  |TAMS 0x0000000087900000, 0x0000000087900000| Untracked 
|  70|0x0000000087a00000, 0x0000000087a00000, 0x0000000087b00000|  0%| F|  |TAMS 0x0000000087a00000, 0x0000000087a00000| Untracked 
|  71|0x0000000087b00000, 0x0000000087b00000, 0x0000000087c00000|  0%| F|  |TAMS 0x0000000087b00000, 0x0000000087b00000| Untracked 
|  72|0x0000000087c00000, 0x0000000087c00000, 0x0000000087d00000|  0%| F|  |TAMS 0x0000000087c00000, 0x0000000087c00000| Untracked 
|  73|0x0000000087d00000, 0x0000000087d00000, 0x0000000087e00000|  0%| F|  |TAMS 0x0000000087d00000, 0x0000000087d00000| Untracked 
|  74|0x0000000087e00000, 0x0000000087e00000, 0x0000000087f00000|  0%| F|  |TAMS 0x0000000087e00000, 0x0000000087e00000| Untracked 
|  75|0x0000000087f00000, 0x0000000087f00000, 0x0000000088000000|  0%| F|  |TAMS 0x0000000087f00000, 0x0000000087f00000| Untracked 
|  76|0x0000000088000000, 0x0000000088000000, 0x0000000088100000|  0%| F|  |TAMS 0x0000000088000000, 0x0000000088000000| Untracked 
|  77|0x0000000088100000, 0x0000000088100000, 0x0000000088200000|  0%| F|  |TAMS 0x0000000088100000, 0x0000000088100000| Untracked 
|  78|0x0000000088200000, 0x0000000088200000, 0x0000000088300000|  0%| F|  |TAMS 0x0000000088200000, 0x0000000088200000| Untracked 
|  79|0x0000000088300000, 0x0000000088300000, 0x0000000088400000|  0%| F|  |TAMS 0x0000000088300000, 0x0000000088300000| Untracked 
|  80|0x0000000088400000, 0x0000000088400000, 0x0000000088500000|  0%| F|  |TAMS 0x0000000088400000, 0x0000000088400000| Untracked 
|  81|0x0000000088500000, 0x0000000088500000, 0x0000000088600000|  0%| F|  |TAMS 0x0000000088500000, 0x0000000088500000| Untracked 
|  82|0x0000000088600000, 0x0000000088600000, 0x0000000088700000|  0%| F|  |TAMS 0x0000000088600000, 0x0000000088600000| Untracked 
|  83|0x0000000088700000, 0x0000000088700000, 0x0000000088800000|  0%| F|  |TAMS 0x0000000088700000, 0x0000000088700000| Untracked 
|  84|0x0000000088800000, 0x0000000088800000, 0x0000000088900000|  0%| F|  |TAMS 0x0000000088800000, 0x0000000088800000| Untracked 
|  85|0x0000000088900000, 0x0000000088900000, 0x0000000088a00000|  0%| F|  |TAMS 0x0000000088900000, 0x0000000088900000| Untracked 
|  86|0x0000000088a00000, 0x0000000088a00000, 0x0000000088b00000|  0%| F|  |TAMS 0x0000000088a00000, 0x0000000088a00000| Untracked 
|  87|0x0000000088b00000, 0x0000000088b00000, 0x0000000088c00000|  0%| F|  |TAMS 0x0000000088b00000, 0x0000000088b00000| Untracked 
|  88|0x0000000088c00000, 0x0000000088d00000, 0x0000000088d00000|100%| S|CS|TAMS 0x0000000088c00000, 0x0000000088c00000| Complete 
|  89|0x0000000088d00000, 0x0000000088e00000, 0x0000000088e00000|100%| S|CS|TAMS 0x0000000088d00000, 0x0000000088d00000| Complete 
|  90|0x0000000088e00000, 0x0000000088f00000, 0x0000000088f00000|100%| S|CS|TAMS 0x0000000088e00000, 0x0000000088e00000| Complete 
|  91|0x0000000088f00000, 0x0000000089000000, 0x0000000089000000|100%| S|CS|TAMS 0x0000000088f00000, 0x0000000088f00000| Complete 
|  92|0x0000000089000000, 0x0000000089100000, 0x0000000089100000|100%| S|CS|TAMS 0x0000000089000000, 0x0000000089000000| Complete 
|  93|0x0000000089100000, 0x0000000089100000, 0x0000000089200000|  0%| F|  |TAMS 0x0000000089100000, 0x0000000089100000| Untracked 
|  94|0x0000000089200000, 0x0000000089200000, 0x0000000089300000|  0%| F|  |TAMS 0x0000000089200000, 0x0000000089200000| Untracked 
|  95|0x0000000089300000, 0x0000000089300000, 0x0000000089400000|  0%| F|  |TAMS 0x0000000089300000, 0x0000000089300000| Untracked 
|  96|0x0000000089400000, 0x0000000089400000, 0x0000000089500000|  0%| F|  |TAMS 0x0000000089400000, 0x0000000089400000| Untracked 
|  97|0x0000000089500000, 0x0000000089500000, 0x0000000089600000|  0%| F|  |TAMS 0x0000000089500000, 0x0000000089500000| Untracked 
|  98|0x0000000089600000, 0x0000000089600000, 0x0000000089700000|  0%| F|  |TAMS 0x0000000089600000, 0x0000000089600000| Untracked 
|  99|0x0000000089700000, 0x0000000089700000, 0x0000000089800000|  0%| F|  |TAMS 0x0000000089700000, 0x0000000089700000| Untracked 
| 100|0x0000000089800000, 0x0000000089800000, 0x0000000089900000|  0%| F|  |TAMS 0x0000000089800000, 0x0000000089800000| Untracked 
| 101|0x0000000089900000, 0x000000008998fe10, 0x0000000089a00000| 56%| E|  |TAMS 0x0000000089900000, 0x0000000089900000| Complete 
| 102|0x0000000089a00000, 0x0000000089b00000, 0x0000000089b00000|100%| E|CS|TAMS 0x0000000089a00000, 0x0000000089a00000| Complete 
| 103|0x0000000089b00000, 0x0000000089c00000, 0x0000000089c00000|100%| E|CS|TAMS 0x0000000089b00000, 0x0000000089b00000| Complete 
| 104|0x0000000089c00000, 0x0000000089d00000, 0x0000000089d00000|100%| E|CS|TAMS 0x0000000089c00000, 0x0000000089c00000| Complete 
| 105|0x0000000089d00000, 0x0000000089e00000, 0x0000000089e00000|100%| E|CS|TAMS 0x0000000089d00000, 0x0000000089d00000| Complete 
| 106|0x0000000089e00000, 0x0000000089f00000, 0x0000000089f00000|100%| E|CS|TAMS 0x0000000089e00000, 0x0000000089e00000| Complete 
| 107|0x0000000089f00000, 0x000000008a000000, 0x000000008a000000|100%| E|CS|TAMS 0x0000000089f00000, 0x0000000089f00000| Complete 
| 108|0x000000008a000000, 0x000000008a100000, 0x000000008a100000|100%| E|CS|TAMS 0x000000008a000000, 0x000000008a000000| Complete 
| 109|0x000000008a100000, 0x000000008a200000, 0x000000008a200000|100%| E|CS|TAMS 0x000000008a100000, 0x000000008a100000| Complete 
| 110|0x000000008a200000, 0x000000008a300000, 0x000000008a300000|100%| E|CS|TAMS 0x000000008a200000, 0x000000008a200000| Complete 
| 111|0x000000008a300000, 0x000000008a400000, 0x000000008a400000|100%| E|CS|TAMS 0x000000008a300000, 0x000000008a300000| Complete 
| 112|0x000000008a400000, 0x000000008a500000, 0x000000008a500000|100%| E|CS|TAMS 0x000000008a400000, 0x000000008a400000| Complete 
| 113|0x000000008a500000, 0x000000008a600000, 0x000000008a600000|100%| E|CS|TAMS 0x000000008a500000, 0x000000008a500000| Complete 
| 114|0x000000008a600000, 0x000000008a700000, 0x000000008a700000|100%| E|CS|TAMS 0x000000008a600000, 0x000000008a600000| Complete 
| 115|0x000000008a700000, 0x000000008a800000, 0x000000008a800000|100%| E|CS|TAMS 0x000000008a700000, 0x000000008a700000| Complete 
| 116|0x000000008a800000, 0x000000008a900000, 0x000000008a900000|100%| E|CS|TAMS 0x000000008a800000, 0x000000008a800000| Complete 
| 117|0x000000008a900000, 0x000000008aa00000, 0x000000008aa00000|100%| E|CS|TAMS 0x000000008a900000, 0x000000008a900000| Complete 
| 118|0x000000008aa00000, 0x000000008ab00000, 0x000000008ab00000|100%| E|CS|TAMS 0x000000008aa00000, 0x000000008aa00000| Complete 
| 119|0x000000008ab00000, 0x000000008ac00000, 0x000000008ac00000|100%| E|CS|TAMS 0x000000008ab00000, 0x000000008ab00000| Complete 
| 120|0x000000008ac00000, 0x000000008ad00000, 0x000000008ad00000|100%| E|CS|TAMS 0x000000008ac00000, 0x000000008ac00000| Complete 
| 121|0x000000008ad00000, 0x000000008ae00000, 0x000000008ae00000|100%| E|CS|TAMS 0x000000008ad00000, 0x000000008ad00000| Complete 
| 122|0x000000008ae00000, 0x000000008af00000, 0x000000008af00000|100%| E|CS|TAMS 0x000000008ae00000, 0x000000008ae00000| Complete 
| 123|0x000000008af00000, 0x000000008b000000, 0x000000008b000000|100%| E|CS|TAMS 0x000000008af00000, 0x000000008af00000| Complete 
| 124|0x000000008b000000, 0x000000008b100000, 0x000000008b100000|100%| E|CS|TAMS 0x000000008b000000, 0x000000008b000000| Complete 
| 125|0x000000008b100000, 0x000000008b200000, 0x000000008b200000|100%| E|CS|TAMS 0x000000008b100000, 0x000000008b100000| Complete 

Card table byte_map: [0x00000148d56a0000,0x00000148d5a90000] _byte_map_base: 0x00000148d5286000

Marking Bits (Prev, Next): (CMBitMap*) 0x00000148bd819eb8, (CMBitMap*) 0x00000148bd819ef8
 Prev Bits: [0x00000148d5e80000, 0x00000148d7db0000)
 Next Bits: [0x00000148d7db0000, 0x00000148d9ce0000)

Polling page: 0x00000148bcfb0000

Metaspace:

Usage:
  Non-class:     14.94 MB capacity,    14.45 MB ( 97%) used,   420.97 KB (  3%) free+waste,    82.25 KB ( <1%) overhead. 
      Class:      2.71 MB capacity,     2.41 MB ( 89%) used,   259.56 KB (  9%) free+waste,    44.06 KB (  2%) overhead. 
       Both:     17.65 MB capacity,    16.86 MB ( 96%) used,   680.53 KB (  4%) free+waste,   126.31 KB ( <1%) overhead. 

Virtual space:
  Non-class space:       16.00 MB reserved,      15.00 MB ( 94%) committed 
      Class space:        1.00 GB reserved,       2.75 MB ( <1%) committed 
             Both:        1.02 GB reserved,      17.75 MB (  2%) committed 

Chunk freelists:
   Non-Class:  0 bytes
       Class:  0 bytes
        Both:  0 bytes

MaxMetaspaceSize: 17179869184.00 GB
CompressedClassSpaceSize: 1.00 GB

CodeHeap 'non-profiled nmethods': size=120000Kb used=1159Kb max_used=1159Kb free=118840Kb
 bounds [0x00000148cda50000, 0x00000148cdcc0000, 0x00000148d4f80000]
CodeHeap 'profiled nmethods': size=120000Kb used=5672Kb max_used=5672Kb free=114327Kb
 bounds [0x00000148c6520000, 0x00000148c6ab0000, 0x00000148cda50000]
CodeHeap 'non-nmethods': size=5760Kb used=1471Kb max_used=1522Kb free=4288Kb
 bounds [0x00000148c5f80000, 0x00000148c61f0000, 0x00000148c6520000]
 total_blobs=3715 nmethods=2922 adapters=705
 compilation: enabled
              stopped_count=0, restarted_count=0
 full_count=0

Compilation events (20 events):
Event: 9.894 Thread 0x00000148dc73f000 2914       3       javafx.scene.Scene$ScenePeerListener::mouseEvent (54 bytes)
Event: 9.895 Thread 0x00000148dc73f000 nmethod 2914 0x00000148c6aa5b90 code [0x00000148c6aa5d40, 0x00000148c6aa6118]
Event: 9.895 Thread 0x00000148dc73f000 2915       3       javafx.scene.Scene::processMouseEvent (10 bytes)
Event: 9.895 Thread 0x00000148dc73f000 nmethod 2915 0x00000148c6aa6310 code [0x00000148c6aa64c0, 0x00000148c6aa6628]
Event: 9.895 Thread 0x00000148dc73f000 2916       3       java.util.EnumMap::values (25 bytes)
Event: 9.895 Thread 0x00000148dc73f000 nmethod 2916 0x00000148c6aa6710 code [0x00000148c6aa68c0, 0x00000148c6aa6c58]
Event: 9.895 Thread 0x00000148dc73f000 2917       3       java.util.EnumMap$Values::iterator (12 bytes)
Event: 9.895 Thread 0x00000148dc73f000 nmethod 2917 0x00000148c6aa6d90 code [0x00000148c6aa6f40, 0x00000148c6aa72b8]
Event: 9.895 Thread 0x00000148dc73f000 2918       3       java.util.EnumMap$ValueIterator::<init> (11 bytes)
Event: 9.895 Thread 0x00000148dc73f000 nmethod 2918 0x00000148c6aa7410 code [0x00000148c6aa75c0, 0x00000148c6aa7858]
Event: 9.895 Thread 0x00000148dc73f000 2919       3       java.util.EnumMap$EnumMapIterator::<init> (20 bytes)
Event: 9.896 Thread 0x00000148dc73f000 nmethod 2919 0x00000148c6aa7990 code [0x00000148c6aa7b20, 0x00000148c6aa7d18]
Event: 9.904 Thread 0x00000148dc73f000 2920       3       javafx.scene.Parent::computeViewOrderChildren (93 bytes)
Event: 9.905 Thread 0x00000148dc73f000 nmethod 2920 0x00000148c6aa7e10 code [0x00000148c6aa80a0, 0x00000148c6aa8cd8]
Event: 10.162 Thread 0x00000148dc73f000 2921       3       com.sun.javafx.collections.VetoableListDecorator::iterator (27 bytes)
Event: 10.162 Thread 0x00000148dc73f000 nmethod 2921 0x00000148c6aa9090 code [0x00000148c6aa9260, 0x00000148c6aa9698]
Event: 10.162 Thread 0x00000148dc73f000 2922       3       com.sun.javafx.collections.VetoableListDecorator$ModCountAccessorImpl::<init> (10 bytes)
Event: 10.162 Thread 0x00000148dc73f000 nmethod 2922 0x00000148c6aa9810 code [0x00000148c6aa99a0, 0x00000148c6aa9b78]
Event: 10.162 Thread 0x00000148dc73f000 2923       3       com.sun.javafx.collections.VetoableListDecorator$VetoableIteratorDecorator::<init> (36 bytes)
Event: 10.163 Thread 0x00000148dc73f000 nmethod 2923 0x00000148c6aa9c90 code [0x00000148c6aa9e40, 0x00000148c6aaa198]

GC Heap History (4 events):
Event: 0.633 GC heap before
{Heap before GC invocations=0 (full 0):
 garbage-first heap   total 129024K, used 23552K [0x0000000083400000, 0x0000000100000000)
  region size 1024K, 23 young (23552K), 0 survivors (0K)
 Metaspace       used 2915K, capacity 5334K, committed 5504K, reserved 1056768K
  class space    used 325K, capacity 568K, committed 640K, reserved 1048576K
}
Event: 0.636 GC heap after
{Heap after GC invocations=1 (full 0):
 garbage-first heap   total 129024K, used 4888K [0x0000000083400000, 0x0000000100000000)
  region size 1024K, 3 young (3072K), 3 survivors (3072K)
 Metaspace       used 2915K, capacity 5334K, committed 5504K, reserved 1056768K
  class space    used 325K, capacity 568K, committed 640K, reserved 1048576K
}
Event: 1.250 GC heap before
{Heap before GC invocations=1 (full 0):
 garbage-first heap   total 129024K, used 34584K [0x0000000083400000, 0x0000000100000000)
  region size 1024K, 33 young (33792K), 3 survivors (3072K)
 Metaspace       used 11211K, capacity 11743K, committed 12032K, reserved 1058816K
  class space    used 1486K, capacity 1665K, committed 1792K, reserved 1048576K
}
Event: 1.255 GC heap after
{Heap after GC invocations=2 (full 0):
 garbage-first heap   total 129024K, used 10229K [0x0000000083400000, 0x0000000100000000)
  region size 1024K, 5 young (5120K), 5 survivors (5120K)
 Metaspace       used 11211K, capacity 11743K, committed 12032K, reserved 1058816K
  class space    used 1486K, capacity 1665K, committed 1792K, reserved 1048576K
}

Deoptimization events (20 events):
Event: 3.594 Thread 0x00000148dd18f000 DEOPT PACKING pc=0x00000148c69260b7 sp=0x00000021f84fdea0
Event: 3.594 Thread 0x00000148dd18f000 DEOPT UNPACKING pc=0x00000148c5fc83de sp=0x00000021f84fd2f8 mode 0
Event: 3.594 Thread 0x00000148dd18f000 DEOPT PACKING pc=0x00000148c69260b7 sp=0x00000021f84fdea0
Event: 3.594 Thread 0x00000148dd18f000 DEOPT UNPACKING pc=0x00000148c5fc83de sp=0x00000021f84fd2f8 mode 0
Event: 7.152 Thread 0x00000148dd191000 Uncommon trap: trap_request=0xffffff45 fr.pc=0x00000148cdaa01d0 relative=0x00000000000003d0
Event: 7.152 Thread 0x00000148dd191000 Uncommon trap: reason=unstable_if action=reinterpret pc=0x00000148cdaa01d0 method=java.lang.StringLatin1.canEncode(I)Z @ 4 c2
Event: 7.152 Thread 0x00000148dd191000 DEOPT PACKING pc=0x00000148cdaa01d0 sp=0x00000021f85fa8d0
Event: 7.152 Thread 0x00000148dd191000 DEOPT UNPACKING pc=0x00000148c5f8852f sp=0x00000021f85fa7f8 mode 2
Event: 7.321 Thread 0x00000148dd191000 Uncommon trap: trap_request=0xffffff45 fr.pc=0x00000148cdab524c relative=0x00000000000003cc
Event: 7.321 Thread 0x00000148dd191000 Uncommon trap: reason=unstable_if action=reinterpret pc=0x00000148cdab524c method=java.lang.StringLatin1.canEncode(I)Z @ 4 c2
Event: 7.321 Thread 0x00000148dd191000 DEOPT PACKING pc=0x00000148cdab524c sp=0x00000021f85fa860
Event: 7.321 Thread 0x00000148dd191000 DEOPT UNPACKING pc=0x00000148c5f8852f sp=0x00000021f85fa7f0 mode 2
Event: 7.337 Thread 0x00000148dd18f000 DEOPT PACKING pc=0x00000148c69acd5f sp=0x00000021f84fe0a0
Event: 7.337 Thread 0x00000148dd18f000 DEOPT UNPACKING pc=0x00000148c5fc83de sp=0x00000021f84fd4d8 mode 0
Event: 9.198 Thread 0x00000148dd191000 DEOPT PACKING pc=0x00000148c6a4116c sp=0x00000021f85fa3a0
Event: 9.198 Thread 0x00000148dd191000 DEOPT UNPACKING pc=0x00000148c5fc83de sp=0x00000021f85f9848 mode 0
Event: 9.198 Thread 0x00000148dd191000 DEOPT PACKING pc=0x00000148c6a4116c sp=0x00000021f85fa3a0
Event: 9.198 Thread 0x00000148dd191000 DEOPT UNPACKING pc=0x00000148c5fc83de sp=0x00000021f85f9848 mode 0
Event: 9.198 Thread 0x00000148dd191000 DEOPT PACKING pc=0x00000148c6a4116c sp=0x00000021f85fa3a0
Event: 9.198 Thread 0x00000148dd191000 DEOPT UNPACKING pc=0x00000148c5fc83de sp=0x00000021f85f9848 mode 0

Classes unloaded (0 events):
No events

Classes redefined (0 events):
No events

Internal exceptions (20 events):
Event: 0.961 Thread 0x00000148dd191000 Exception <a 'java/lang/ClassNotFoundException'{0x000000008a22f438}: sun/util/logging/resources/spi/loggingProvider> (0x000000008a22f438) 
thrown [./open/src/hotspot/share/classfile/systemDictionary.cpp, line 226]
Event: 1.066 Thread 0x00000148dd191000 Exception <a 'java/lang/NoSuchMethodError'{0x0000000089bfe668}: 'void java.lang.invoke.DirectMethodHandle$Holder.invokeStaticInit(java.lang.Object, java.lang.Object)'> (0x0000000089bfe668) 
thrown [./open/src/hotspot/share/interpreter/linkResolver.cpp, line 766]
Event: 1.097 Thread 0x00000148dd191000 Exception <a 'sun/nio/fs/WindowsException'{0x00000000896575e8}> (0x00000000896575e8) 
thrown [./open/src/hotspot/share/prims/jni.cpp, line 599]
Event: 1.115 Thread 0x00000148dd191000 Exception <a 'java/lang/NoSuchMethodError'{0x00000000896c5c10}: 'java.lang.Object java.lang.invoke.Invokers$Holder.linkToTargetMethod(java.lang.Object, int, java.lang.Object)'> (0x00000000896c5c10) 
thrown [./open/src/hotspot/share/interpreter/linkResolver.cpp, line 766]
Event: 1.165 Thread 0x00000148dd191000 Implicit null exception at 0x00000148cdadf245 to 0x00000148cdadf6d0
Event: 1.165 Thread 0x00000148dd191000 Implicit null exception at 0x00000148cdae3251 to 0x00000148cdae4e14
Event: 1.302 Thread 0x00000148dd191000 Exception <a 'java/lang/NoSuchMethodError'{0x000000008af87e80}: 'java.lang.Object java.lang.invoke.DirectMethodHandle$Holder.invokeInterface(java.lang.Object, java.lang.Object, java.lang.Object)'> (0x000000008af87e80) 
thrown [./open/src/hotspot/share/interpreter/linkResolver.cpp, line 766]
Event: 1.302 Thread 0x00000148dd191000 Exception <a 'java/lang/IncompatibleClassChangeError'{0x000000008af8aae0}: Found class java.lang.Object, but interface was expected> (0x000000008af8aae0) 
thrown [./open/src/hotspot/share/interpreter/linkResolver.cpp, line 832]
Event: 1.366 Thread 0x00000148dd18f000 Exception <a 'java/lang/NoSuchMethodError'{0x000000008ac198f8}: 'int java.lang.invoke.DirectMethodHandle$Holder.invokeStaticInit(java.lang.Object, java.lang.Object)'> (0x000000008ac198f8) 
thrown [./open/src/hotspot/share/interpreter/linkResolver.cpp, line 766]
Event: 2.967 Thread 0x00000148dd191000 Exception <a 'java/lang/NoSuchMethodError'{0x000000008a85d3a8}: 'long java.lang.invoke.DirectMethodHandle$Holder.invokeStatic(java.lang.Object, java.lang.Object, java.lang.Object)'> (0x000000008a85d3a8) 
thrown [./open/src/hotspot/share/interpreter/linkResolver.cpp, line 766]
Event: 2.967 Thread 0x00000148dd191000 Exception <a 'java/lang/NoSuchMethodError'{0x000000008a860050}: 'long java.lang.invoke.DirectMethodHandle$Holder.invokeStaticInit(java.lang.Object, java.lang.Object, java.lang.Object)'> (0x000000008a860050) 
thrown [./open/src/hotspot/share/interpreter/linkResolver.cpp, line 766]
Event: 2.968 Thread 0x00000148dd191000 Exception <a 'java/lang/NoSuchMethodError'{0x000000008a874320}: 'java.lang.Object java.lang.invoke.Invokers$Holder.linkToTargetMethod(java.lang.Object, long, java.lang.Object)'> (0x000000008a874320) 
thrown [./open/src/hotspot/share/interpreter/linkResolver.cpp, line 766]
Event: 3.120 Thread 0x00000148dd191000 Exception <a 'java/lang/ClassNotFoundException'{0x000000008a6f4c78}: com/sun/javafx/scene/control/skin/resources/controls> (0x000000008a6f4c78) 
thrown [./open/src/hotspot/share/prims/jni.cpp, line 620]
Event: 3.121 Thread 0x00000148dd191000 Exception <a 'java/lang/ClassNotFoundException'{0x000000008a502ee0}: com/sun/javafx/scene/control/skin/resources/controls_ru> (0x000000008a502ee0) 
thrown [./open/src/hotspot/share/prims/jni.cpp, line 620]
Event: 3.121 Thread 0x00000148dd191000 Exception <a 'java/lang/ClassNotFoundException'{0x000000008a50e428}: com/sun/javafx/scene/control/skin/resources/controls_ru_RU> (0x000000008a50e428) 
thrown [./open/src/hotspot/share/prims/jni.cpp, line 620]
Event: 3.146 Thread 0x00000148dd191000 Exception <a 'java/lang/NoSuchMethodError'{0x000000008a47e588}: 'void java.lang.invoke.DirectMethodHandle$Holder.invokeSpecial(java.lang.Object, java.lang.Object, java.lang.Object, java.lang.Object, java.lang.Object, java.lang.Object)'> (0x000000008a47e588) 
thrown [./open/src/hotspot/share/interpreter/linkResolver.cpp, line 766]
Event: 3.660 Thread 0x00000148dd191000 Exception <a 'java/lang/NoSuchMethodError'{0x000000008a15d9c0}: 'java.lang.Object java.lang.invoke.DirectMethodHandle$Holder.invokeStatic(java.lang.Object, java.lang.Object, int, int, int, int, int, java.lang.Object)'> (0x000000008a15d9c0) 
thrown [./open/src/hotspot/share/interpreter/linkResolver.cpp, line 766]
Event: 3.662 Thread 0x00000148dd191000 Exception <a 'java/lang/NoSuchMethodError'{0x000000008a16d420}: 'java.lang.Object java.lang.invoke.DirectMethodHandle$Holder.invokeStatic(java.lang.Object, java.lang.Object, java.lang.Object, int, int, int, int, int)'> (0x000000008a16d420) 
thrown [./open/src/hotspot/share/interpreter/linkResolver.cpp, line 766]
Event: 3.663 Thread 0x00000148dd191000 Exception <a 'java/lang/NoSuchMethodError'{0x000000008a1737e8}: 'java.lang.Object java.lang.invoke.Invokers$Holder.linkToTargetMethod(java.lang.Object, java.lang.Object, int, int, int, int, int, java.lang.Object)'> (0x000000008a1737e8) 
thrown [./open/src/hotspot/share/interpreter/linkResolver.cpp, line 766]
Event: 9.269 Thread 0x00000148dd191000 Exception <a 'java/lang/ClassCastException'{0x0000000089b86518}: class java.lang.Double cannot be cast to class javafx.scene.paint.Paint (java.lang.Double is in module java.base of loader 'bootstrap'; javafx.scene.paint.Paint is in module javafx.graphics of loader 'app')> (0x0000000089b86518) 
thrown [./open/src/hotspot/share/interpreter/interpreterRuntime.cpp, line 474]

Events (20 events):
Event: 12.132 Thread 0x00000148e5861000 Thread added: 0x00000148e5861000
Event: 12.133 Executing VM operation: HandshakeOneThread
Event: 12.133 Executing VM operation: HandshakeOneThread done
Event: 12.133 Thread 0x00000148e585c800 Thread added: 0x00000148e585c800
Event: 12.133 Thread 0x00000148e585d000 Thread added: 0x00000148e585d000
Event: 12.133 Executing VM operation: HandshakeOneThread
Event: 12.133 Executing VM operation: HandshakeOneThread done
Event: 12.133 Executing VM operation: HandshakeOneThread
Event: 12.133 Executing VM operation: HandshakeOneThread done
Event: 12.133 Executing VM operation: HandshakeOneThread
Event: 12.134 Executing VM operation: HandshakeOneThread done
Event: 12.134 Executing VM operation: HandshakeOneThread
Event: 12.134 Executing VM operation: HandshakeOneThread done
Event: 12.134 Executing VM operation: HandshakeOneThread
Event: 12.134 Executing VM operation: HandshakeOneThread done
Event: 12.134 Executing VM operation: HandshakeOneThread
Event: 12.134 Executing VM operation: HandshakeOneThread done
Event: 12.134 Thread 0x00000148e585c800 Thread exited: 0x00000148e585c800
Event: 12.134 Thread 0x00000148e585d000 Thread exited: 0x00000148e585d000
Event: 12.134 Executing VM operation: Exit


Dynamic libraries:
0x00007ff7fdb80000 - 0x00007ff7fdb8f000 	C:\Program Files\Java\jdk-14.0.2\bin\java.exe
0x00007ff87d570000 - 0x00007ff87d765000 	C:\WINDOWS\SYSTEM32\ntdll.dll
0x00007ff87c750000 - 0x00007ff87c80e000 	C:\WINDOWS\System32\KERNEL32.DLL
0x00007ff87b190000 - 0x00007ff87b458000 	C:\WINDOWS\System32\KERNELBASE.dll
0x00007ff87b4d0000 - 0x00007ff87b5d0000 	C:\WINDOWS\System32\ucrtbase.dll
0x00007ff874110000 - 0x00007ff874128000 	C:\Program Files\Java\jdk-14.0.2\bin\jli.dll
0x00007ff8740f0000 - 0x00007ff874105000 	C:\Program Files\Java\jdk-14.0.2\bin\VCRUNTIME140.dll
0x00007ff87c9d0000 - 0x00007ff87ca7e000 	C:\WINDOWS\System32\ADVAPI32.dll
0x00007ff87b720000 - 0x00007ff87b7be000 	C:\WINDOWS\System32\msvcrt.dll
0x00007ff87b5d0000 - 0x00007ff87b66c000 	C:\WINDOWS\System32\sechost.dll
0x00007ff87b910000 - 0x00007ff87ba35000 	C:\WINDOWS\System32\RPCRT4.dll
0x00007ff87c550000 - 0x00007ff87c6f0000 	C:\WINDOWS\System32\USER32.dll
0x00007ff87af70000 - 0x00007ff87af92000 	C:\WINDOWS\System32\win32u.dll
0x00007ff866f00000 - 0x00007ff86719a000 	C:\WINDOWS\WinSxS\amd64_microsoft.windows.common-controls_6595b64144ccf1df_6.0.19041.1110_none_60b5254171f9507e\COMCTL32.dll
0x00007ff87c710000 - 0x00007ff87c73b000 	C:\WINDOWS\System32\GDI32.dll
0x00007ff87ae60000 - 0x00007ff87af6b000 	C:\WINDOWS\System32\gdi32full.dll
0x00007ff87ac90000 - 0x00007ff87ad2d000 	C:\WINDOWS\System32\msvcp_win.dll
0x00007ff873870000 - 0x00007ff87387a000 	C:\WINDOWS\SYSTEM32\VERSION.dll
0x00007ff87b820000 - 0x00007ff87b850000 	C:\WINDOWS\System32\IMM32.DLL
0x00007ff862270000 - 0x00007ff86230b000 	C:\Program Files\Java\jdk-14.0.2\bin\msvcp140.dll
0x00007ff842600000 - 0x00007ff84311e000 	C:\Program Files\Java\jdk-14.0.2\bin\server\jvm.dll
0x00007ff87c9c0000 - 0x00007ff87c9c8000 	C:\WINDOWS\System32\PSAPI.DLL
0x00007ff860450000 - 0x00007ff860477000 	C:\WINDOWS\SYSTEM32\WINMM.dll
0x00007ff860760000 - 0x00007ff860769000 	C:\WINDOWS\SYSTEM32\WSOCK32.dll
0x00007ff87d4c0000 - 0x00007ff87d52b000 	C:\WINDOWS\System32\WS2_32.dll
0x00007ff878ba0000 - 0x00007ff878bb2000 	C:\WINDOWS\SYSTEM32\kernel.appcore.dll
0x00007ff8740e0000 - 0x00007ff8740ea000 	C:\Program Files\Java\jdk-14.0.2\bin\jimage.dll
0x00007ff866380000 - 0x00007ff866564000 	C:\WINDOWS\SYSTEM32\DBGHELP.DLL
0x00007ff8651c0000 - 0x00007ff8651ec000 	C:\WINDOWS\SYSTEM32\dbgcore.DLL
0x00007ff87b100000 - 0x00007ff87b182000 	C:\WINDOWS\System32\bcryptPrimitives.dll
0x00007ff8767b0000 - 0x00007ff8767be000 	C:\Program Files\Java\jdk-14.0.2\bin\instrument.dll
0x00007ff8672e0000 - 0x00007ff867305000 	C:\Program Files\Java\jdk-14.0.2\bin\java.dll
0x00007ff8672c0000 - 0x00007ff8672d6000 	C:\Program Files\Java\jdk-14.0.2\bin\zip.dll
0x00007ff87cc30000 - 0x00007ff87d374000 	C:\WINDOWS\System32\SHELL32.dll
0x00007ff878da0000 - 0x00007ff879534000 	C:\WINDOWS\SYSTEM32\windows.storage.dll
0x00007ff87bd80000 - 0x00007ff87c0d4000 	C:\WINDOWS\System32\combase.dll
0x00007ff87a620000 - 0x00007ff87a64c000 	C:\WINDOWS\SYSTEM32\Wldp.dll
0x00007ff87d410000 - 0x00007ff87d4bd000 	C:\WINDOWS\System32\SHCORE.dll
0x00007ff87b7c0000 - 0x00007ff87b815000 	C:\WINDOWS\System32\shlwapi.dll
0x00007ff87abd0000 - 0x00007ff87abef000 	C:\WINDOWS\SYSTEM32\profapi.dll
0x00007ff867270000 - 0x00007ff867289000 	C:\Program Files\Java\jdk-14.0.2\bin\net.dll
0x00007ff868bc0000 - 0x00007ff868cc9000 	C:\WINDOWS\SYSTEM32\WINHTTP.dll
0x00007ff87a380000 - 0x00007ff87a3ea000 	C:\WINDOWS\system32\mswsock.dll
0x00007ff867250000 - 0x00007ff867262000 	C:\Program Files\Java\jdk-14.0.2\bin\nio.dll
0x00007ff876770000 - 0x00007ff87678a000 	C:\Program Files\JetBrains\IntelliJ IDEA 2022.1\bin\breakgen64.dll
0x00000148ddc80000 - 0x00000148ddc83000 	C:\Users\Andrew\.openjfx\cache\14.0.2.1\api-ms-win-core-console-l1-1-0.dll
0x00000148ddc90000 - 0x00000148ddc93000 	C:\Users\Andrew\.openjfx\cache\14.0.2.1\api-ms-win-core-datetime-l1-1-0.dll
0x00000148ddca0000 - 0x00000148ddca3000 	C:\Users\Andrew\.openjfx\cache\14.0.2.1\api-ms-win-core-debug-l1-1-0.dll
0x00000148ddcb0000 - 0x00000148ddcb3000 	C:\Users\Andrew\.openjfx\cache\14.0.2.1\api-ms-win-core-errorhandling-l1-1-0.dll
0x00000148ddcc0000 - 0x00000148ddcc4000 	C:\Users\Andrew\.openjfx\cache\14.0.2.1\api-ms-win-core-file-l1-1-0.dll
0x00000148ddcd0000 - 0x00000148ddcd3000 	C:\Users\Andrew\.openjfx\cache\14.0.2.1\api-ms-win-core-file-l1-2-0.dll
0x00000148ddce0000 - 0x00000148ddce3000 	C:\Users\Andrew\.openjfx\cache\14.0.2.1\api-ms-win-core-file-l2-1-0.dll
0x00000148ddcf0000 - 0x00000148ddcf3000 	C:\Users\Andrew\.openjfx\cache\14.0.2.1\api-ms-win-core-handle-l1-1-0.dll
0x00000148ddd00000 - 0x00000148ddd03000 	C:\Users\Andrew\.openjfx\cache\14.0.2.1\api-ms-win-core-heap-l1-1-0.dll
0x00000148ddd10000 - 0x00000148ddd13000 	C:\Users\Andrew\.openjfx\cache\14.0.2.1\api-ms-win-core-interlocked-l1-1-0.dll
0x00000148ddd20000 - 0x00000148ddd23000 	C:\Users\Andrew\.openjfx\cache\14.0.2.1\api-ms-win-core-libraryloader-l1-1-0.dll
0x00000148ddd30000 - 0x00000148ddd33000 	C:\Users\Andrew\.openjfx\cache\14.0.2.1\api-ms-win-core-localization-l1-2-0.dll
0x00000148ddd40000 - 0x00000148ddd43000 	C:\Users\Andrew\.openjfx\cache\14.0.2.1\api-ms-win-core-memory-l1-1-0.dll
0x00000148ddd50000 - 0x00000148ddd53000 	C:\Users\Andrew\.openjfx\cache\14.0.2.1\api-ms-win-core-namedpipe-l1-1-0.dll
0x00000148ddd60000 - 0x00000148ddd63000 	C:\Users\Andrew\.openjfx\cache\14.0.2.1\api-ms-win-core-processenvironment-l1-1-0.dll
0x00000148ddd70000 - 0x00000148ddd73000 	C:\Users\Andrew\.openjfx\cache\14.0.2.1\api-ms-win-core-processthreads-l1-1-0.dll
0x00000148ddd80000 - 0x00000148ddd83000 	C:\Users\Andrew\.openjfx\cache\14.0.2.1\api-ms-win-core-processthreads-l1-1-1.dll
0x00000148ddd90000 - 0x00000148ddd93000 	C:\Users\Andrew\.openjfx\cache\14.0.2.1\api-ms-win-core-profile-l1-1-0.dll
0x00000148ddda0000 - 0x00000148ddda3000 	C:\Users\Andrew\.openjfx\cache\14.0.2.1\api-ms-win-core-rtlsupport-l1-1-0.dll
0x00000148dddb0000 - 0x00000148dddb3000 	C:\Users\Andrew\.openjfx\cache\14.0.2.1\api-ms-win-core-string-l1-1-0.dll
0x00000148dddc0000 - 0x00000148dddc3000 	C:\Users\Andrew\.openjfx\cache\14.0.2.1\api-ms-win-core-synch-l1-1-0.dll
0x00000148dddd0000 - 0x00000148dddd3000 	C:\Users\Andrew\.openjfx\cache\14.0.2.1\api-ms-win-core-synch-l1-2-0.dll
0x00000148ddde0000 - 0x00000148ddde3000 	C:\Users\Andrew\.openjfx\cache\14.0.2.1\api-ms-win-core-sysinfo-l1-1-0.dll
0x00000148dddf0000 - 0x00000148dddf3000 	C:\Users\Andrew\.openjfx\cache\14.0.2.1\api-ms-win-core-timezone-l1-1-0.dll
0x00000148dde00000 - 0x00000148dde03000 	C:\Users\Andrew\.openjfx\cache\14.0.2.1\api-ms-win-core-util-l1-1-0.dll
0x00000148dde10000 - 0x00000148dde13000 	C:\Users\Andrew\.openjfx\cache\14.0.2.1\api-ms-win-crt-conio-l1-1-0.dll
0x00000148dde20000 - 0x00000148dde24000 	C:\Users\Andrew\.openjfx\cache\14.0.2.1\api-ms-win-crt-convert-l1-1-0.dll
0x00000148dde30000 - 0x00000148dde33000 	C:\Users\Andrew\.openjfx\cache\14.0.2.1\api-ms-win-crt-environment-l1-1-0.dll
0x00000148dde40000 - 0x00000148dde43000 	C:\Users\Andrew\.openjfx\cache\14.0.2.1\api-ms-win-crt-filesystem-l1-1-0.dll
0x00000148dde50000 - 0x00000148dde53000 	C:\Users\Andrew\.openjfx\cache\14.0.2.1\api-ms-win-crt-heap-l1-1-0.dll
0x00000148dee30000 - 0x00000148dee33000 	C:\Users\Andrew\.openjfx\cache\14.0.2.1\api-ms-win-crt-locale-l1-1-0.dll
0x00000148dee40000 - 0x00000148dee45000 	C:\Users\Andrew\.openjfx\cache\14.0.2.1\api-ms-win-crt-math-l1-1-0.dll
0x00000148dee50000 - 0x00000148dee55000 	C:\Users\Andrew\.openjfx\cache\14.0.2.1\api-ms-win-crt-multibyte-l1-1-0.dll
0x00000148dee60000 - 0x00000148dee70000 	C:\Users\Andrew\.openjfx\cache\14.0.2.1\api-ms-win-crt-private-l1-1-0.dll
0x00000148dee70000 - 0x00000148dee73000 	C:\Users\Andrew\.openjfx\cache\14.0.2.1\api-ms-win-crt-process-l1-1-0.dll
0x00000148dee80000 - 0x00000148dee84000 	C:\Users\Andrew\.openjfx\cache\14.0.2.1\api-ms-win-crt-runtime-l1-1-0.dll
0x00000148dee90000 - 0x00000148dee94000 	C:\Users\Andrew\.openjfx\cache\14.0.2.1\api-ms-win-crt-stdio-l1-1-0.dll
0x00000148deea0000 - 0x00000148deea4000 	C:\Users\Andrew\.openjfx\cache\14.0.2.1\api-ms-win-crt-string-l1-1-0.dll
0x00000148deeb0000 - 0x00000148deeb3000 	C:\Users\Andrew\.openjfx\cache\14.0.2.1\api-ms-win-crt-time-l1-1-0.dll
0x00000148deec0000 - 0x00000148deec3000 	C:\Users\Andrew\.openjfx\cache\14.0.2.1\api-ms-win-crt-utility-l1-1-0.dll
0x00007ff8554c0000 - 0x00007ff8555bc000 	C:\Users\Andrew\.openjfx\cache\14.0.2.1\ucrtbase.dll
0x00007ff874180000 - 0x00007ff874195000 	C:\Users\Andrew\.openjfx\cache\14.0.2.1\vcruntime140.dll
0x00007ff859d90000 - 0x00007ff859e2b000 	C:\Users\Andrew\.openjfx\cache\14.0.2.1\msvcp140.dll
0x00007ff8607b0000 - 0x00007ff860801000 	C:\Users\Andrew\.openjfx\cache\14.0.2.1\concrt140.dll
0x00007ff8651f0000 - 0x00007ff865213000 	C:\Users\Andrew\.openjfx\cache\14.0.2.1\prism_d3d.dll
0x00007ff842430000 - 0x00007ff8425ff000 	C:\WINDOWS\system32\d3d9.dll
0x00007ff8788b0000 - 0x00007ff8788df000 	C:\WINDOWS\SYSTEM32\dwmapi.dll
0x00007ff8786c0000 - 0x00007ff87875e000 	C:\WINDOWS\system32\uxtheme.dll
0x00007ff87bc50000 - 0x00007ff87bd7a000 	C:\WINDOWS\System32\ole32.dll
0x00007ff87ca80000 - 0x00007ff87cb4d000 	C:\WINDOWS\System32\OLEAUT32.dll
0x00007ff87ad30000 - 0x00007ff87ad7e000 	C:\WINDOWS\System32\cfgmgr32.dll
0x00007ff87ae30000 - 0x00007ff87ae57000 	C:\WINDOWS\System32\bcrypt.dll
0x00007ff8620c0000 - 0x00007ff862105000 	C:\Users\Andrew\.openjfx\cache\14.0.2.1\glass.dll
0x00007ff87cb50000 - 0x00007ff87cc2b000 	C:\WINDOWS\System32\COMDLG32.dll
0x00007ff87c8a0000 - 0x00007ff87c9b6000 	C:\WINDOWS\System32\MSCTF.dll
0x00007ff875720000 - 0x00007ff87575b000 	C:\WINDOWS\SYSTEM32\dxcore.dll
0x00007ff867220000 - 0x00007ff867234000 	C:\Users\Andrew\.openjfx\cache\14.0.2.1\javafx_font.dll
0x00007ff8696a0000 - 0x00007ff86991f000 	C:\WINDOWS\SYSTEM32\dwrite.dll
0x00007ff87b670000 - 0x00007ff87b719000 	C:\WINDOWS\System32\clbcatq.dll
0x00007ff873d80000 - 0x00007ff873f34000 	C:\WINDOWS\SYSTEM32\WindowsCodecs.dll
0x00007ff84ea00000 - 0x00007ff84ea3e000 	C:\WINDOWS\system32\dataexchange.dll
0x00007ff8778f0000 - 0x00007ff877ad5000 	C:\WINDOWS\system32\dcomp.dll
0x00007ff8769c0000 - 0x00007ff876c24000 	C:\WINDOWS\system32\d3d11.dll
0x00007ff8795a0000 - 0x00007ff879693000 	C:\WINDOWS\system32\dxgi.dll
0x00007ff874660000 - 0x00007ff874861000 	C:\WINDOWS\system32\twinapi.appcore.dll
0x00007ff860030000 - 0x00007ff860064000 	C:\Program Files\Common Files\Microsoft Shared\Ink\rtscom.dll
0x00007ff86f870000 - 0x00007ff86f969000 	C:\WINDOWS\SYSTEM32\textinputframework.dll
0x00007ff877e60000 - 0x00007ff8781be000 	C:\WINDOWS\System32\CoreUIComponents.dll
0x00007ff8781c0000 - 0x00007ff8782b2000 	C:\WINDOWS\System32\CoreMessaging.dll
0x00007ff877790000 - 0x00007ff8778e4000 	C:\WINDOWS\SYSTEM32\wintypes.dll
0x00007ff879990000 - 0x00007ff8799c3000 	C:\WINDOWS\SYSTEM32\ntmarta.dll

dbghelp: loaded successfully - version: 4.0.5 - missing functions: none
symbol engine: initialized successfully - sym options: 0x614 - pdb path: .;C:\Program Files\Java\jdk-14.0.2\bin;C:\WINDOWS\SYSTEM32;C:\WINDOWS\WinSxS\amd64_microsoft.windows.common-controls_6595b64144ccf1df_6.0.19041.1110_none_60b5254171f9507e;C:\Program Files\Java\jdk-14.0.2\bin\server;C:\Program Files\JetBrains\IntelliJ IDEA 2022.1\bin;C:\Users\Andrew\.openjfx\cache\14.0.2.1;C:\WINDOWS\System32\DriverStore\FileRepository\iigd_dch.inf_amd64_1405215c1cf67526;C:\Program Files\Common Files\Microsoft Shared\Ink

VM Arguments:
jvm_args: -javaagent:C:\Program Files\JetBrains\IntelliJ IDEA 2022.1\lib\idea_rt.jar=53581:C:\Program Files\JetBrains\IntelliJ IDEA 2022.1\bin -Dfile.encoding=UTF-8 --module-path=C:\Users\Andrew\IdeaProjects\oopKursach\target\classes;C:\Users\Andrew\.m2\repository\org\openjfx\javafx-web\14.0.2.1\javafx-web-14.0.2.1-win.jar;C:\Users\Andrew\.m2\repository\com\dlsc\formsfx\formsfx-core\11.3.2\formsfx-core-11.3.2.jar;C:\Users\Andrew\.m2\repository\com\github\almasb\fxgl-io\11.17\fxgl-io-11.17.jar;C:\Users\Andrew\.m2\repository\com\gluonhq\attach\audio\4.0.9\audio-4.0.9.jar;C:\Users\Andrew\.m2\repository\com\gluonhq\attach\util\4.0.9\util-4.0.9.jar;C:\Users\Andrew\.m2\repository\org\openjfx\javafx-graphics\14.0.2.1\javafx-graphics-14.0.2.1-win.jar;C:\Users\Andrew\.m2\repository\com\github\almasb\fxgl-scene\11.17\fxgl-scene-11.17.jar;C:\Users\Andrew\.m2\repository\org\openjfx\javafx-media\14.0.2.1\javafx-media-14.0.2.1-win.jar;C:\Users\Andrew\.m2\repository\org\kordamp\ikonli\ikonli-javafx\12.3.0\ikonli-javafx-12.3.0.jar;C:\Users\Andrew\.m2\repository\com\github\almasb\fxgl\11.17\fxgl-11.17.jar;C:\Users\Andrew\.m2\repository\org\postgresql\postgresql\42.4.0\postgresql-42.4.0.jar;C:\Users\Andrew\.m2\repository\com\fasterxml\jackson\core\jackson-core\2.12.1\jackson-core-2.12.1.jar;C:\Users\Andrew\.m2\repository\net\synedra\validatorfx\0.2.1\validatorfx-0.2.1.jar;C:\Users\Andrew\.m2\repository\com\github\almasb\fxgl-gameplay\11.17\fxgl-gameplay-11.17.jar;C:\Users\Andrew\.m2\repository\org\openjfx\javafx-controls\14.0.2.1\javafx-controls-14.0.2.1-win.jar;C:\Users\Andrew\.m2\repository\org\springframework\spring-jdbc\5.3.18\spring-jdbc-5.3.18.jar;C:\Users\Andrew\.m2\repository\org\controlsfx\controlsfx\11.1.1\controlsfx-11.1.1.jar;C:\Users\Andrew\.m2\repository\com\github\almasb\fxgl-core\11.17\fxgl-core-11.17.jar;C:\Users\Andrew\.m2\repository\org\openjfx\javafx-fxml\14.0.2.1\javafx-fxml-14.0.2.1-win.jar;C:\Users\Andrew\.m2\repository\org\kordamp\ikonli\ikonli-core\12.3.0\ikonli-core-12.3.0.jar;C:\Users\Andrew\.m2\repository\org\openjfx\javafx-base\14.0.2.1\javafx-base-14.0.2.1-win.jar;C:\Users\Andrew\.m2\repository\com\github\almasb\fx-Djdk.module.main=com.example.oopkursach 
java_command: com.example.oopkursach/com.example.oopkursach.HelloApplication
java_class_path (initial): C:\Users\Andrew\.m2\repository\org\openjfx\javafx-controls\14.0.2.1\javafx-controls-14.0.2.1.jar;C:\Users\Andrew\.m2\repository\org\openjfx\javafx-graphics\14.0.2.1\javafx-graphics-14.0.2.1.jar;C:\Users\Andrew\.m2\repository\org\openjfx\javafx-base\14.0.2.1\javafx-base-14.0.2.1.jar;C:\Users\Andrew\.m2\repository\org\openjfx\javafx-fxml\14.0.2.1\javafx-fxml-14.0.2.1.jar;C:\Users\Andrew\.m2\repository\org\openjfx\javafx-web\14.0.2.1\javafx-web-14.0.2.1.jar;C:\Users\Andrew\.m2\repository\org\openjfx\javafx-media\14.0.2.1\javafx-media-14.0.2.1.jar;C:\Users\Andrew\.m2\repository\org\jetbrains\annotations\13.0\annotations-13.0.jar;C:\Users\Andrew\.m2\repository\org\jetbrains\kotlin\kotlin-stdlib-common\1.5.10\kotlin-stdlib-common-1.5.10.jar;C:\Users\Andrew\.m2\repository\org\springframework\spring-core\5.3.18\spring-core-5.3.18.jar;C:\Users\Andrew\.m2\repository\org\springframework\spring-jcl\5.3.18\spring-jcl-5.3.18.jar;C:\Users\Andrew\.m2\repository\org\springframework\spring-context\5.3.18\spring-context-5.3.18.jar;C:\Users\Andrew\.m2\repository\org\springframework\spring-aop\5.3.18\spring-aop-5.3.18.jar;C:\Users\Andrew\.m2\repository\org\springframework\spring-expression\5.3.18\spring-expression-5.3.18.jar;C:\Users\Andrew\.m2\repository\org\springframework\spring-tx\5.3.18\spring-tx-5.3.18.jar;C:\Users\Andrew\.m2\repository\org\springframework\boot\spring-boot-starter-data-jpa\3.0.0\spring-boot-starter-data-jpa-3.0.0.jar;C:\Users\Andrew\.m2\repository\org\springframework\boot\spring-boot-starter-aop\3.0.0\spring-boot-starter-aop-3.0.0.jar;C:\Users\Andrew\.m2\repository\org\springframework\boot\spring-boot-starter\3.0.0\spring-boot-starter-3.0.0.jar;C:\Users\Andrew\.m2\repository\org\springframework\boot\spring-boot\3.0.0\spring-boot-3.0.0.jar;C:\Users\Andrew\.m2\repository\org\springframework\boot\spring-boot-autoconfigure\3.0.0\spring-boot-autoconfigure-3.0.0.jar;C:\Users\Andrew\.m2\repository\org\springframework\boot\spring-boot-starter-
Launcher Type: SUN_STANDARD

[Global flags]
     intx CICompilerCount                          = 4                                         {product} {ergonomic}
     uint ConcGCThreads                            = 2                                         {product} {ergonomic}
     uint G1ConcRefinementThreads                  = 8                                         {product} {ergonomic}
   size_t G1HeapRegionSize                         = 1048576                                   {product} {ergonomic}
    uintx GCDrainStackTargetSize                   = 64                                        {product} {ergonomic}
   size_t InitialHeapSize                          = 132120576                                 {product} {ergonomic}
   size_t MarkStackSize                            = 4194304                                   {product} {ergonomic}
   size_t MaxHeapSize                              = 2092957696                                {product} {ergonomic}
   size_t MaxNewSize                               = 1255145472                                {product} {ergonomic}
   size_t MinHeapDeltaBytes                        = 1048576                                   {product} {ergonomic}
   size_t MinHeapSize                              = 8388608                                   {product} {ergonomic}
    uintx NonNMethodCodeHeapSize                   = 5839372                                {pd product} {ergonomic}
    uintx NonProfiledCodeHeapSize                  = 122909434                              {pd product} {ergonomic}
    uintx ProfiledCodeHeapSize                     = 122909434                              {pd product} {ergonomic}
    uintx ReservedCodeCacheSize                    = 251658240                              {pd product} {ergonomic}
     bool SegmentedCodeCache                       = true                                      {product} {ergonomic}
   size_t SoftMaxHeapSize                          = 2092957696                             {manageable} {ergonomic}
     bool UseCompressedClassPointers               = true                                 {lp64_product} {ergonomic}
     bool UseCompressedOops                        = true                                 {lp64_product} {ergonomic}
     bool UseG1GC                                  = true                                      {product} {ergonomic}
     bool UseLargePagesIndividualAllocation        = false                                  {pd product} {ergonomic}

Logging:
Log output configuration:
 #0: stdout all=off uptime,level,tags
 #1: stderr all=off uptime,level,tags

Environment Variables:
PATH=C:\Program Files\Common Files\Oracle\Java\javapath;C:/Program Files (x86)/Texas Instruments/xdctools_3_20_08_88;C:\Program Files (x86)\Common Files\Oracle\Java\javapath;"C:\MinGW\bin;C:\Users\Андрей\Downloads\openjdk-14.0.2_windows-x64_bin\jdk-14.0.2";C:\WINDOWS\system32;C:\WINDOWS;C:\WINDOWS\System32\Wbem;C:\WINDOWS\System32\WindowsPowerShell\v1.0\;C:\WINDOWS\System32\OpenSSH\;C:\runtime\win64;C:\bin;C:\polyspace\bin;C:\TDM-GCC-64\bin;C:\Users\Андрей\Downloads\minGW\MinGW\bin;C:\Program Files\Git\cmd;C:\ProgramData\chocolatey\bin;C:\Program Files\PuTTY\;C:\Program Files\MySQL\MySQL Shell 8.0\bin\;C:/Program Files (x86)/Texas Instruments/xdctools_3_20_08_88;C:\Users\Andrew\AppData\Local\Microsoft\WindowsApps
USERNAME=Andrew
OS=Windows_NT
PROCESSOR_IDENTIFIER=Intel64 Family 6 Model 126 Stepping 5, GenuineIntel



---------------  S Y S T E M  ---------------

OS: Windows 10 , 64 bit Build 19041 (10.0.19041.1566)
OS uptime: 0 days 23:07 hours

CPU:total 8 (initial active 8) (4 cores per cpu, 2 threads per core) family 6 model 126 stepping 5, cmov, cx8, fxsr, mmx, sse, sse2, sse3, ssse3, sse4.1, sse4.2, popcnt, avx, avx2, aes, clmul, erms, 3dnowpref, lzcnt, ht, tsc, tscinvbit, bmi1, bmi2, adx, evex, sha, fma

Memory: 4k page, system-wide physical 7981M (615M free)
TotalPageFile size 15962M (AvailPageFile size 4694M)
current process WorkingSet (physical memory assigned to process): 145M, peak: 188M
current process commit charge ("private bytes"): 268M, peak: 309M

vm_info: Java HotSpot(TM) 64-Bit Server VM (14.0.2+12-46) for windows-amd64 JRE (14.0.2+12-46), built on Jul  9 2020 00:35:52 by "mach5one" with MS VC++ 15.9 (VS2017)

END.
